NAME : sample.in
TYPE : TPP
DIMENSION : 8
EDGE_WEIGHT_TYPE : EXPLICIT
EDGE_WEIGHT_FORMAT : UPPER_ROW
EDGE_WEIGHT_SECTION :
0 999999999 999999999 999999999 999999999 999999999 999999999
666 999999999 666 999999999 999999999 666
999999999 666 999999999 999999999 999999999
666 999999999 999999999 999999999
666 666 666
999999999 999999999
999999999
DEMAND_SECTION :
4
1 1
2 1
3 1
4 1
OFFER_SECTION :
1 0
2 4 1 2000 1 2 1000 1 3 2000 1 4 2000 1
3 4 1 2000 1 2 1000 1 3 2000 1 4 2000 1
4 4 1 0 1 2 1000 1 3 2000 1 4 2000 1
5 4 1 1000 1 2 0 1 3 1000 1 4 1000 1
6 4 1 2000 1 2 1000 1 3 0 1 4 2000 1
7 4 1 2000 1 2 1000 1 3 2000 1 4 0 1
8 4 1 2000 1 2 1000 1 3 2000 1 4 2000 1
EOF
