129 137 16 25 46 2 55 2 4 157 110 154 193 154 196 37 160 74 127 175 192 121 192 103 98 48 97 101 170 73 136 73 170 58 170 101 52 101 148 5 28 10 100 10 22 45 118 166 118 13 92 124 92 179 76 49 162 119 163 119 64 71 90 152 91 152 90 3 40 165 27 94 139 19 7 96 70 96 11 95 68 89 172 145 32 187 32 181 169 181 8 142 122 69 167 130 167 69 61 112 79 72 43 72 21 151 21 67 21 182 190 47 178 106 133 85 184 109 34 51 197 107 82 107 197 115 88 1 88 31 99 129 
66
1 1
4 4
7 7
10 10
13 13
16 16
19 19
22 22
25 25
28 28
31 31
34 34
37 37
40 40
43 43
46 46
49 49
52 52
55 55
58 58
61 61
64 64
67 67
70 70
73 73
76 76
79 79
82 82
85 85
88 88
91 91
94 94
97 97
100 100
103 103
106 106
109 109
112 112
115 115
118 118
121 121
124 124
127 127
130 130
133 133
136 136
139 139
142 142
145 145
148 148
151 151
154 154
157 157
160 160
163 163
166 166
169 169
172 172
175 175
178 178
181 181
184 184
187 187
190 190
193 193
196 196
