1 15 131 56 72 41 67 167 83 167 101 179 39 71 9 93 61 38 61 2 32 87 107 23 104 73 104 91 111 157 10 157 60 85 33 29 33 59 44 40 45 20 80 70 80 36 27 55 53 95 42 64 42 95 53 21 16 166 98 166 46 89 48 26 130 75 65 54 6 100 58 161 19 161 17 50 86 164 94 52 82 11 88 34 12 51 35 57 78 3 78 149 74 99 8 79 76 68 69 30 69 13 66 43 66 90 63 22 14 49 77 25 4 81 5 96 176 18 114 37 24 97 92 62 172 84 28 186 47 187 159 31 7 1 
100
2 2
3 3
4 4
5 5
6 6
7 7
8 8
9 9
10 10
11 11
12 12
13 13
14 14
15 15
16 16
17 17
18 18
19 19
20 20
21 21
22 22
23 23
24 24
25 25
26 26
27 27
28 28
29 29
30 30
31 31
32 32
33 33
34 34
35 35
36 36
37 37
38 38
39 39
40 40
41 41
42 42
43 43
44 44
45 45
46 46
47 47
48 48
49 49
50 50
51 51
52 52
53 53
54 54
55 55
56 56
57 57
58 58
59 59
60 60
61 61
62 62
63 63
64 64
65 65
66 66
67 67
68 68
69 69
70 70
71 71
72 72
73 73
74 74
75 75
76 76
77 77
78 78
79 79
80 80
81 81
82 82
83 83
84 84
85 85
86 86
87 87
88 88
89 89
90 90
91 91
92 92
93 93
94 94
95 95
96 96
97 97
98 98
99 99
100 100
101 101
