159 164 43 164 6 52 156 31 9 28 81 30 11 104 20 41 20 87 20 24 193 180 122 180 109 127 146 127 61 188 85 137 53 163 132 101 137 76 184 165 65 98 65 26 65 51 148 47 182 48 117 7 72 45 25 138 69 155 69 171 10 200 46 192 46 37 75 108 38 108 50 29 88 160 79 3 79 32 141 36 17 133 173 27 145 27 169 27 166 121 63 13 106 197 114 35 114 92 116 92 189 59 147 40 147 157 71 139 100 199 100 181 23 194 21 194 23 149 4 44 60 44 107 134 120 134 107 130 64 177 174 177 111 128 111 34 111 177 5 102 82 102 123 102 158 99 158 74 185 74 129 15 167 8 178 16 179 154 2 154 93 56 96 162 191 162 67 119 86 119 172 126 97 14 140 77 190 77 159 22 159 
100
122 122
43 43
157 157
169 169
100 100
128 128
36 36
134 134
15 15
32 32
86 86
146 146
101 101
107 107
76 76
93 93
35 35
77 77
72 72
126 126
193 193
132 132
185 185
63 63
47 47
52 52
116 116
71 71
46 46
65 65
172 172
45 45
138 138
158 158
2 2
97 97
79 79
137 137
174 174
98 98
31 31
17 17
51 51
85 85
64 64
106 106
10 10
120 120
199 199
53 53
21 21
191 191
41 41
38 38
180 180
114 114
37 37
96 96
190 190
74 74
61 61
26 26
133 133
121 121
155 155
99 99
4 4
13 13
87 87
3 3
111 111
24 24
82 82
181 181
145 145
28 28
34 34
178 178
48 48
140 140
156 156
165 165
148 148
154 154
102 102
7 7
14 14
11 11
40 40
59 59
139 139
123 123
109 109
167 167
22 22
200 200
192 192
60 60
6 6
88 88
