36 80 36 59 36 37 36 98 36 61 36 78 36 44 36 81 36 55 36 10 36 19 36 25 36 16 36 51 36 66 36 88 36 15 36 29 36 42 36 91 36 18 36 11 36 17 36 7 36 41 36 50 36 6 36 43 36 0 36 73 36 58 36 89 36 77 36 45 36 92 36 34 36 65 36 4 36 48 36 30 36 35 36 40 36 56 36 32 60 32 39 32 36 21 36 5 36 76 36 71 36 74 36 
50
0 0
4 4
5 5
6 6
7 7
10 10
11 11
15 15
16 16
17 17
18 18
19 19
21 21
25 25
29 29
30 30
34 34
35 35
37 37
39 39
40 40
41 41
42 42
43 43
44 44
45 45
48 48
50 50
51 51
55 55
56 56
58 58
59 59
60 60
61 61
65 65
66 66
71 71
73 73
74 74
76 76
77 77
78 78
80 80
81 81
88 88
89 89
91 91
92 92
98 98
