50 112 50 117 50 0 50 143 50 101 50 177 50 92 50 197 50 7 50 51 50 27 50 99 50 57 50 30 50 164 50 111 50 44 50 82 50 54 50 169 50 76 50 56 50 182 50 18 50 153 50 4 50 49 50 14 50 142 50 41 50 144 50 170 50 141 50 31 50 88 50 126 50 127 50 147 50 133 50 47 50 139 50 176 50 121 50 134 50 36 50 162 50 181 50 124 50 107 50 128 50 25 50 172 50 61 50 89 50 161 50 115 50 55 50 187 50 85 50 78 50 83 50 138 50 9 50 136 50 120 50 13 50 40 50 118 50 77 50 185 50 96 50 23 50 38 50 157 50 29 50 69 50 108 50 125 50 123 50 71 50 86 50 129 50 179 50 180 50 110 50 195 50 186 50 146 50 102 50 53 50 81 50 109 84 109 62 109 50 113 50 198 50 80 50 156 50 10 50 148 50 1 50 
100
0 0
1 1
4 4
7 7
9 9
10 10
13 13
14 14
18 18
23 23
25 25
27 27
29 29
30 30
31 31
36 36
38 38
40 40
41 41
44 44
47 47
49 49
51 51
53 53
54 54
55 55
56 56
57 57
61 61
62 62
69 69
71 71
76 76
77 77
78 78
80 80
81 81
82 82
83 83
84 84
85 85
86 86
88 88
89 89
92 92
96 96
99 99
101 101
102 102
107 107
108 108
110 110
111 111
112 112
113 113
115 115
117 117
118 118
120 120
121 121
123 123
124 124
125 125
126 126
127 127
128 128
129 129
133 133
134 134
136 136
138 138
139 139
141 141
142 142
143 143
144 144
146 146
147 147
148 148
153 153
156 156
157 157
161 161
162 162
164 164
169 169
170 170
172 172
176 176
177 177
179 179
180 180
181 181
182 182
185 185
186 186
187 187
195 195
197 197
198 198
