0 26 0 20 0 38 0 11 44 37 29 98 32 98 37 9 43 9 18 78 25 6 25 78 18 33 18 35 57 4 40 45 13 19 2 3 5 7 56 21 41 15 41 1 71 30 14 34 47 27 47 34 69 17 69 48 63 10 77 16 23 42 51 12 28 96 31 96 8 86 39 54 97 46 24 97 36 74 0 49 22 49 0 
50
0 0
1 1
2 2
3 3
4 4
5 5
6 6
7 7
8 8
9 9
10 10
11 11
12 12
13 13
14 14
15 15
16 16
17 17
18 18
19 19
20 20
21 21
22 22
23 23
24 24
25 25
26 26
27 27
28 28
29 29
30 30
31 31
32 32
33 33
34 34
35 35
36 36
37 37
38 38
39 39
40 40
41 41
42 42
43 43
44 44
45 45
46 46
47 47
48 48
49 49
