AA DT CX DS CX DU CX AN CY DW CY DV CY AN AD AL AD DN CT AM CW DQ CW DP CW AM CV DR CV AM CT DN AD AK AD AA AB AF AB AE AO AQ AO AP AO AE AB AH BM BP CE BW AI BW CE BP BM AH BN BS FF BS BN AH AB AG BA BG BA BF BA BE BA AG AZ BD AZ AG BB BI BB BH BB AG BC BJ BC BK FE DZ EC EB EA EI FB EI EA FC EA EB EC EE ED EP ED EE EF EL EW EX EY EX EW EL EF EN EQ EO EQ EN EF EH EJ EZ EJ EH FA EH EF EE EC DX DY DX EC DZ FE BK BC AG AB AA AC AJ AC AA 
46
AA AA
AB AB
AC AC
AD AD
AE AE
AF AF
AG AG
AH AH
AI AI
AJ AJ
AK AK
AL AL
AM AM
AN AN
AO AO
AP AP
AQ AQ
BD BD
BE BE
BF BF
BG BG
BH BH
BI BI
BJ BJ
BK BK
DP DP
DQ DQ
DR DR
DS DS
DT DT
DU DU
DV DV
DW DW
DX DX
DY DY
DZ DZ
EN EN
EO EO
EP EP
EX EX
EY EY
EZ EZ
FA FA
FB FB
FC FC
FF FF
