48 73 186 72 108 72 136 129 9 42 158 177 92 149 74 66 191 96 29 152 85 39 128 56 124 2 23 2 141 196 46 10 115 154 53 154 110 102 179 174 125 143 167 143 137 43 101 98 103 57 151 57 60 84 8 190 185 78 7 175 165 34 50 67 98 16 40 176 138 199 155 3 170 106 64 83 55 36 163 171 25 90 87 107 133 93 119 126 94 182 113 69 113 181 135 147 38 117 189 162 123 114 157 194 193 52 156 180 51 5 65 197 159 120 121 19 77 164 58 118 145 173 88 173 35 81 148 21 79 11 6 109 168 20 48 
100
199 199
73 73
143 143
20 20
93 93
154 154
141 141
151 151
56 56
109 109
135 135
107 107
118 118
126 126
133 133
157 157
149 149
115 115
66 66
175 175
167 167
60 60
11 11
85 85
197 197
191 191
58 58
123 123
177 177
196 196
38 38
110 110
34 34
5 5
148 148
136 136
163 163
158 158
147 147
190 190
186 186
46 46
182 182
19 19
176 176
48 48
90 90
152 152
21 21
10 10
23 23
25 25
164 164
181 181
36 36
78 78
84 84
79 79
64 64
108 108
145 145
9 9
103 103
193 193
185 185
117 117
29 29
194 194
42 42
113 113
16 16
119 119
180 180
179 179
101 101
3 3
170 170
88 88
138 138
171 171
40 40
7 7
39 39
165 165
87 87
137 137
35 35
156 156
52 52
98 98
125 125
69 69
155 155
129 129
74 74
53 53
2 2
55 55
67 67
120 120
