gucdicwxmb epdwcjuvdr vugkhjygfe qzdrdcxoib wtyqwjwskq gwnccktgki seeyrseflx gwnccktgki ztplgyvqhm gwnccktgki yiwwdwbzth oggftsricu kdujdjjwot tgbmxdmvwe xtvbrolacp psiebvskfb zumetrybth psiebvskfb xtvbrolacp chjuuxuacs jedsthbmzo lkvobxyfca lbuiysostx tvuprbwofb siatqqydwf wtlzrefwav rnpokwoqgt iwdghbmiai rnpokwoqgt jqtguzxxsl evdoyagqfp gkcfktyute zjbarjhmau xawkqmfmmx smwxdupkdv unihwwnyqz koawdpgqdx zpjhxyylhb vkrlpmybdj vugkhjygfe ahqdrcepub vugkhjygfe epdwcjuvdr gucdicwxmb 
21
rnpokwoqgt rnpokwoqgt
ahqdrcepub ahqdrcepub
xawkqmfmmx xawkqmfmmx
lkvobxyfca lkvobxyfca
iwdghbmiai iwdghbmiai
psiebvskfb psiebvskfb
vkrlpmybdj vkrlpmybdj
yiwwdwbzth yiwwdwbzth
zjbarjhmau zjbarjhmau
seeyrseflx seeyrseflx
ztplgyvqhm ztplgyvqhm
oggftsricu oggftsricu
tvuprbwofb tvuprbwofb
gkcfktyute gkcfktyute
zumetrybth zumetrybth
zpjhxyylhb zpjhxyylhb
koawdpgqdx koawdpgqdx
evdoyagqfp evdoyagqfp
vugkhjygfe vugkhjygfe
wtyqwjwskq wtyqwjwskq
epdwcjuvdr epdwcjuvdr
