evdoyagqfp xawkqmfmmx xftptyrlvl fluzhooehk xftptyrlvl mysadifwma robpunozly bnmegnfgii robpunozly mysadifwma xftptyrlvl uooysjrxsb xftptyrlvl qbiylslccb kvxwqiryyu sjtuxgdwms hsjqtjkukk bbczvyonym mdyuzxshey ouxenssqdu kvfpaspidv wtyqwjwskq kijbyyuzhd unihwwnyqz pbefrggyje xwrvhrxnqy xifuopshzj xwrvhrxnqy ebqxbaqnmm oegfbrwyrp xqwyvbvueh tvcolajnao smwxdupkdv jqtguzxxsl wynbxuuxru tmrnpjqnxx wynbxuuxru qzdrdcxoib voaumgrcuj qzdrdcxoib wynbxuuxru epdwcjuvdr kgktiatgjn epdwcjuvdr eooyfwmxln fczruomdab uhalgukdzb yriqtwavfx rkyixxpcbx yriqtwavfx gucdicwxmb yriqtwavfx qgfchcatzi cmdqzmgvfi pdljcbluhp koawdpgqdx psiebvskfb koawdpgqdx wkwwcqjtxf lkvtxfwozs wkwwcqjtxf bulywvvpni xychpimpzb lnicnhmajr aruwdskzta vugkhjygfe xywdziunpr oggftsricu xeigbnzhbj seeyrseflx hkempoemlv seeyrseflx jrmlkfexfk scesbtewjx jrmlkfexfk osdeymjeil qiqnnrlapz qpxtrjvxpe tmatbexcil byyqgjwsrp qxfgqgbbdn byyqgjwsrp cttlxdtaiw zmfuudfatm afortwurqt ahqdrcepub gbdejcnknd vnzypgtlkj dnmgxnhbgi eaozvwjoso ldnozwuuuq frfueiglva ymvlfsdhbu aokbiptbzc ymvlfsdhbu xsjzeyxnpw bswhowadhl tgkujfknod jfccyptuug cpwyxulkjm nbjyrygtdh yqwistxtxc hofbtczdgp pwgublhwxg afrdrejwtp wtlzrefwav bimtbhwsby ijbfzrqwct bbwcqzwyoz nwlccbonas itbfnxnauh nwlccbonas xguvjomcdt phknwbtipl fdgcygwgjf rnpokwoqgt oownpsyviv oavtmpaqji ichabbvkhm jrusiskazm vkrlpmybdj lndsfxewdc kyrhqthnvz lndsfxewdc eqdxeqvtsb xnppuesbrr gllungmori qxuqrfzzob opmnfgpclg tgbmxdmvwe lcrihrmoqu xkasbvrrxd gkcfktyute phknwbtipl zivwgfcxqi euqbrkzdsw jedsthbmzo wwqchwdmtx pcilmgdrgc ivgbjyugdu pcilmgdrgc qepegujmaa etdxtwotzh qepegujmaa ixyurvbpvu qfbvncxldf ixyurvbpvu yiwwdwbzth uddkspyqjc owusjcmdkp stdiixwrjc guuudgvhny ivugtsvtqb optviwhmbr vfdsalrajq optviwhmbr jqtguzxxsl xftptyrlvl evdoyagqfp 
99
oavtmpaqji oavtmpaqji
tmrnpjqnxx tmrnpjqnxx
vugkhjygfe vugkhjygfe
qxfgqgbbdn qxfgqgbbdn
jrmlkfexfk jrmlkfexfk
lnicnhmajr lnicnhmajr
kgktiatgjn kgktiatgjn
jrusiskazm jrusiskazm
qgfchcatzi qgfchcatzi
itbfnxnauh itbfnxnauh
kvxwqiryyu kvxwqiryyu
tmatbexcil tmatbexcil
xguvjomcdt xguvjomcdt
bbczvyonym bbczvyonym
xawkqmfmmx xawkqmfmmx
uhalgukdzb uhalgukdzb
wkwwcqjtxf wkwwcqjtxf
fluzhooehk fluzhooehk
qiqnnrlapz qiqnnrlapz
yiwwdwbzth yiwwdwbzth
ldnozwuuuq ldnozwuuuq
bbwcqzwyoz bbwcqzwyoz
wwqchwdmtx wwqchwdmtx
hofbtczdgp hofbtczdgp
gucdicwxmb gucdicwxmb
smwxdupkdv smwxdupkdv
qfbvncxldf qfbvncxldf
xwrvhrxnqy xwrvhrxnqy
wtlzrefwav wtlzrefwav
hsjqtjkukk hsjqtjkukk
euqbrkzdsw euqbrkzdsw
mysadifwma mysadifwma
afortwurqt afortwurqt
oggftsricu oggftsricu
kyrhqthnvz kyrhqthnvz
xnppuesbrr xnppuesbrr
mdyuzxshey mdyuzxshey
ouxenssqdu ouxenssqdu
guuudgvhny guuudgvhny
qpxtrjvxpe qpxtrjvxpe
ichabbvkhm ichabbvkhm
hkempoemlv hkempoemlv
fdgcygwgjf fdgcygwgjf
vkrlpmybdj vkrlpmybdj
vfdsalrajq vfdsalrajq
lcrihrmoqu lcrihrmoqu
uooysjrxsb uooysjrxsb
rnpokwoqgt rnpokwoqgt
evdoyagqfp evdoyagqfp
tvcolajnao tvcolajnao
cttlxdtaiw cttlxdtaiw
etdxtwotzh etdxtwotzh
tgkujfknod tgkujfknod
zivwgfcxqi zivwgfcxqi
rkyixxpcbx rkyixxpcbx
qepegujmaa qepegujmaa
seeyrseflx seeyrseflx
voaumgrcuj voaumgrcuj
qxuqrfzzob qxuqrfzzob
pbefrggyje pbefrggyje
optviwhmbr optviwhmbr
aruwdskzta aruwdskzta
stdiixwrjc stdiixwrjc
cpwyxulkjm cpwyxulkjm
gbdejcnknd gbdejcnknd
pdljcbluhp pdljcbluhp
oegfbrwyrp oegfbrwyrp
xychpimpzb xychpimpzb
xkasbvrrxd xkasbvrrxd
bimtbhwsby bimtbhwsby
psiebvskfb psiebvskfb
scesbtewjx scesbtewjx
ahqdrcepub ahqdrcepub
eooyfwmxln eooyfwmxln
vnzypgtlkj vnzypgtlkj
bswhowadhl bswhowadhl
bnmegnfgii bnmegnfgii
kijbyyuzhd kijbyyuzhd
xqwyvbvueh xqwyvbvueh
byyqgjwsrp byyqgjwsrp
wynbxuuxru wynbxuuxru
zmfuudfatm zmfuudfatm
afrdrejwtp afrdrejwtp
ymvlfsdhbu ymvlfsdhbu
lndsfxewdc lndsfxewdc
lkvtxfwozs lkvtxfwozs
osdeymjeil osdeymjeil
tgbmxdmvwe tgbmxdmvwe
nwlccbonas nwlccbonas
xywdziunpr xywdziunpr
pcilmgdrgc pcilmgdrgc
xifuopshzj xifuopshzj
bulywvvpni bulywvvpni
ivugtsvtqb ivugtsvtqb
aokbiptbzc aokbiptbzc
ivgbjyugdu ivgbjyugdu
nbjyrygtdh nbjyrygtdh
kvfpaspidv kvfpaspidv
eqdxeqvtsb eqdxeqvtsb
