AwxIeucriHjf27FhspG yWzqUasT3R6D74kKJru NWGQdEXnhM5gUqcJ13T yWzqUasT3R6D74kKJru wJPGQIr4Njpk7Re6sbX yWzqUasT3R6D74kKJru LKpfxPqdJvaI8C0We3z 2oDxBYX4AFTcdsuyjS7 ZyajO0zqmgFGd4PUlik 2oDxBYX4AFTcdsuyjS7 ORVoYgr9pvTkjDEn3z1 SgEu94o85QKaBwRnUqk iYI8LowClq2xG0XWSdZ v8rJpjBE2GMRcaD7w4V PyJKts960QpjhTLD2OE 8CRHxDVKFZsYB6tMpik dLzEgnCZKowbF2kJImP qR1w8vWKJ9GTMoIVHEe N4xuWFlCoSegmctI20M ZDtoyidIR6aqQwg1rfL r7atW26zvHYEAjxZB5I 9k3KERBOiDm5tSLWTuV p39vLN8ZTmldOHc7FQq OFnyj64xurghSV8Cz13 p39vLN8ZTmldOHc7FQq FhQNEw3VjK7YeUgT8rm p39vLN8ZTmldOHc7FQq RZydCPMgeNYjxh8sAGI ZiPlEIqjAW0gpVoJsT6 tW8U5JQYoGLH1fxkDly XfrmtaWRUdFACN809yS 1pEvPaYSub2mW8eItUO JX3fUkTlirV92nytHdI IxZGeW9SUK2QcXf7aJs 81enwCUSxbBZOYdyVNm sOhbeTrPJkB5zIDlpEx 81enwCUSxbBZOYdyVNm oXD0mSLKMYy5gjbW7s3 gkIdtam3XO0GhSfHMn2 oqS8bChDzaEOsTV2FZp Z67LKcAUNbXP0xGtue2 4LxtbrVK16vaZhMqPTf sP8cQuHBaxI7wkL0VTS p80UhzCbyXmZiGjNTVY SBXYtjvfK32xzIsAgbu p80UhzCbyXmZiGjNTVY JOjfABw83oFCiaXDvMs SILZWArv6k7FcGhyeb5 3WN1qBmcvAExjdM6Gr7 0l5Q4wHKrGTtYmko6uB 3WN1qBmcvAExjdM6Gr7 SWcTa048zDXHmAk67vq UhV08bJKBApcNP4O7xl TwZjBSskDY4E9OdRuXv kC0UP5yi37XTohZLezu TwZjBSskDY4E9OdRuXv 32iUhWwbaRQdpGN6CP9 JcQAO3uxterl9IUwhKB sho45SEzbYFQpR1CwZm 4WPDhRB2vq5G1CNxpiz 8XdiGJQuvDq0O45cAa3 TD1lnWQY5GcdEjtfVzs Nji35abpK0CTUSlWGuA OzSVlAJPB8pD7McueaG IlfLurGFiMO9W3wUAXR M7vKqQH6U3sGneYpBmr IlfLurGFiMO9W3wUAXR bXmHFcCtVZPv4oxBweM 8aKYx2SdqPRjFvi6yr4 KJwAq0SmfUlOGo8Pbeh 5Hz2glV7fhLTxX0iEyu KJwAq0SmfUlOGo8Pbeh BMxnoGrf91mOZwU8P3C KJwAq0SmfUlOGo8Pbeh GpTdeJ4jlQkvCMFtiU8 KJwAq0SmfUlOGo8Pbeh EyCHsSP5XZrQR0L23jf KJwAq0SmfUlOGo8Pbeh wdEaysuC74BJzk6lPtZ KJwAq0SmfUlOGo8Pbeh vBQ8qjbgmCfZIxY2zJP KJwAq0SmfUlOGo8Pbeh XMuchaoDbgs8v65ECIF KJwAq0SmfUlOGo8Pbeh CN1OwEHxoMR8mP7VXyj KJwAq0SmfUlOGo8Pbeh uFkwq6pWAKVEXdDRGQb KJwAq0SmfUlOGo8Pbeh srXSIvPOWTzJ7opbjGc KJwAq0SmfUlOGo8Pbeh ciYOlIwSpvHz3ybj2mV KJwAq0SmfUlOGo8Pbeh Ou5bfz3rmJwxCBhTatL KJwAq0SmfUlOGo8Pbeh BS8iY9aPlgh1QqrIpVd KJwAq0SmfUlOGo8Pbeh J6ComdZW9qLG5V7D2Qb KJwAq0SmfUlOGo8Pbeh XBQSWe7pwDs2Ik8lnAv KJwAq0SmfUlOGo8Pbeh 2SbQ735yxpaYRJGdLNt KJwAq0SmfUlOGo8Pbeh LgX3GoqbTpRCdhOElKA KJwAq0SmfUlOGo8Pbeh uhaSszxK8v16PtwWV50 KJwAq0SmfUlOGo8Pbeh J1VXRSak3EBr6AGsmz7 KJwAq0SmfUlOGo8Pbeh Jlkixpd2cLWGKCrVSmf KJwAq0SmfUlOGo8Pbeh EwF5nLVG0tZTx9dWU1D KJwAq0SmfUlOGo8Pbeh 4RPkH7Dc2lSytIEjdvZ KJwAq0SmfUlOGo8Pbeh 8XNwOR4jem9hBP3VKuk KJwAq0SmfUlOGo8Pbeh VmTt9Ek3YP0ioL4huqK KJwAq0SmfUlOGo8Pbeh ou7YpydAjD9Tzn0MSEv KJwAq0SmfUlOGo8Pbeh mqAocERyYrzi36U5pTt KJwAq0SmfUlOGo8Pbeh 5Sgq2KH8U61EC0W3VNR KJwAq0SmfUlOGo8Pbeh VMPr01qNctRo2GspAdh KJwAq0SmfUlOGo8Pbeh KtuJ8324zFfxhcgNUO0 KJwAq0SmfUlOGo8Pbeh jIi2sVXxaTR5vQNo6uH KJwAq0SmfUlOGo8Pbeh pdb3WuP0IFN8hwBkH69 KJwAq0SmfUlOGo8Pbeh C7gXPVA3YZ2QWdsUkGx KJwAq0SmfUlOGo8Pbeh eqi0fKTM2RdD6zkSAEr KJwAq0SmfUlOGo8Pbeh 8aKYx2SdqPRjFvi6yr4 bXmHFcCtVZPv4oxBweM IlfLurGFiMO9W3wUAXR OzSVlAJPB8pD7McueaG Nji35abpK0CTUSlWGuA TD1lnWQY5GcdEjtfVzs NXV1D2dbScZ4y9pUtqW TD1lnWQY5GcdEjtfVzs 8XdiGJQuvDq0O45cAa3 4WPDhRB2vq5G1CNxpiz sho45SEzbYFQpR1CwZm JcQAO3uxterl9IUwhKB 32iUhWwbaRQdpGN6CP9 TwZjBSskDY4E9OdRuXv UhV08bJKBApcNP4O7xl SWcTa048zDXHmAk67vq 3WN1qBmcvAExjdM6Gr7 SILZWArv6k7FcGhyeb5 JOjfABw83oFCiaXDvMs EtZy03uSNxdF1kcjeG7 JOjfABw83oFCiaXDvMs p80UhzCbyXmZiGjNTVY mxbN18fatelypn20FLZ p80UhzCbyXmZiGjNTVY sP8cQuHBaxI7wkL0VTS 4LxtbrVK16vaZhMqPTf Z67LKcAUNbXP0xGtue2 DZKQ08WnbkSIqz2rAm6 Z67LKcAUNbXP0xGtue2 oqS8bChDzaEOsTV2FZp gkIdtam3XO0GhSfHMn2 oXD0mSLKMYy5gjbW7s3 81enwCUSxbBZOYdyVNm IxZGeW9SUK2QcXf7aJs JX3fUkTlirV92nytHdI 1pEvPaYSub2mW8eItUO XHfCu7qLi0aIveTUmlM 1pEvPaYSub2mW8eItUO XfrmtaWRUdFACN809yS tW8U5JQYoGLH1fxkDly LdUAKJjGy23PM8pSE0H tW8U5JQYoGLH1fxkDly ZiPlEIqjAW0gpVoJsT6 RZydCPMgeNYjxh8sAGI p39vLN8ZTmldOHc7FQq 9k3KERBOiDm5tSLWTuV r7atW26zvHYEAjxZB5I ZDtoyidIR6aqQwg1rfL N4xuWFlCoSegmctI20M qR1w8vWKJ9GTMoIVHEe dLzEgnCZKowbF2kJImP weiO89Us3SIvoaPtrB0 dLzEgnCZKowbF2kJImP 8CRHxDVKFZsYB6tMpik PyJKts960QpjhTLD2OE v8rJpjBE2GMRcaD7w4V iYI8LowClq2xG0XWSdZ SgEu94o85QKaBwRnUqk ORVoYgr9pvTkjDEn3z1 2oDxBYX4AFTcdsuyjS7 LKpfxPqdJvaI8C0We3z yWzqUasT3R6D74kKJru AwxIeucriHjf27FhspG 
100
AwxIeucriHjf27FhspG AwxIeucriHjf27FhspG
yWzqUasT3R6D74kKJru yWzqUasT3R6D74kKJru
LKpfxPqdJvaI8C0We3z LKpfxPqdJvaI8C0We3z
2oDxBYX4AFTcdsuyjS7 2oDxBYX4AFTcdsuyjS7
ORVoYgr9pvTkjDEn3z1 ORVoYgr9pvTkjDEn3z1
SgEu94o85QKaBwRnUqk SgEu94o85QKaBwRnUqk
iYI8LowClq2xG0XWSdZ iYI8LowClq2xG0XWSdZ
v8rJpjBE2GMRcaD7w4V v8rJpjBE2GMRcaD7w4V
PyJKts960QpjhTLD2OE PyJKts960QpjhTLD2OE
8CRHxDVKFZsYB6tMpik 8CRHxDVKFZsYB6tMpik
dLzEgnCZKowbF2kJImP dLzEgnCZKowbF2kJImP
qR1w8vWKJ9GTMoIVHEe qR1w8vWKJ9GTMoIVHEe
N4xuWFlCoSegmctI20M N4xuWFlCoSegmctI20M
ZDtoyidIR6aqQwg1rfL ZDtoyidIR6aqQwg1rfL
r7atW26zvHYEAjxZB5I r7atW26zvHYEAjxZB5I
9k3KERBOiDm5tSLWTuV 9k3KERBOiDm5tSLWTuV
p39vLN8ZTmldOHc7FQq p39vLN8ZTmldOHc7FQq
RZydCPMgeNYjxh8sAGI RZydCPMgeNYjxh8sAGI
ZiPlEIqjAW0gpVoJsT6 ZiPlEIqjAW0gpVoJsT6
tW8U5JQYoGLH1fxkDly tW8U5JQYoGLH1fxkDly
XfrmtaWRUdFACN809yS XfrmtaWRUdFACN809yS
1pEvPaYSub2mW8eItUO 1pEvPaYSub2mW8eItUO
JX3fUkTlirV92nytHdI JX3fUkTlirV92nytHdI
IxZGeW9SUK2QcXf7aJs IxZGeW9SUK2QcXf7aJs
81enwCUSxbBZOYdyVNm 81enwCUSxbBZOYdyVNm
oXD0mSLKMYy5gjbW7s3 oXD0mSLKMYy5gjbW7s3
gkIdtam3XO0GhSfHMn2 gkIdtam3XO0GhSfHMn2
oqS8bChDzaEOsTV2FZp oqS8bChDzaEOsTV2FZp
Z67LKcAUNbXP0xGtue2 Z67LKcAUNbXP0xGtue2
4LxtbrVK16vaZhMqPTf 4LxtbrVK16vaZhMqPTf
sP8cQuHBaxI7wkL0VTS sP8cQuHBaxI7wkL0VTS
p80UhzCbyXmZiGjNTVY p80UhzCbyXmZiGjNTVY
JOjfABw83oFCiaXDvMs JOjfABw83oFCiaXDvMs
SILZWArv6k7FcGhyeb5 SILZWArv6k7FcGhyeb5
3WN1qBmcvAExjdM6Gr7 3WN1qBmcvAExjdM6Gr7
SWcTa048zDXHmAk67vq SWcTa048zDXHmAk67vq
UhV08bJKBApcNP4O7xl UhV08bJKBApcNP4O7xl
TwZjBSskDY4E9OdRuXv TwZjBSskDY4E9OdRuXv
32iUhWwbaRQdpGN6CP9 32iUhWwbaRQdpGN6CP9
JcQAO3uxterl9IUwhKB JcQAO3uxterl9IUwhKB
sho45SEzbYFQpR1CwZm sho45SEzbYFQpR1CwZm
4WPDhRB2vq5G1CNxpiz 4WPDhRB2vq5G1CNxpiz
8XdiGJQuvDq0O45cAa3 8XdiGJQuvDq0O45cAa3
TD1lnWQY5GcdEjtfVzs TD1lnWQY5GcdEjtfVzs
Nji35abpK0CTUSlWGuA Nji35abpK0CTUSlWGuA
OzSVlAJPB8pD7McueaG OzSVlAJPB8pD7McueaG
IlfLurGFiMO9W3wUAXR IlfLurGFiMO9W3wUAXR
bXmHFcCtVZPv4oxBweM bXmHFcCtVZPv4oxBweM
8aKYx2SdqPRjFvi6yr4 8aKYx2SdqPRjFvi6yr4
KJwAq0SmfUlOGo8Pbeh KJwAq0SmfUlOGo8Pbeh
M7vKqQH6U3sGneYpBmr M7vKqQH6U3sGneYpBmr
FhQNEw3VjK7YeUgT8rm FhQNEw3VjK7YeUgT8rm
NWGQdEXnhM5gUqcJ13T NWGQdEXnhM5gUqcJ13T
LdUAKJjGy23PM8pSE0H LdUAKJjGy23PM8pSE0H
sOhbeTrPJkB5zIDlpEx sOhbeTrPJkB5zIDlpEx
wJPGQIr4Njpk7Re6sbX wJPGQIr4Njpk7Re6sbX
0l5Q4wHKrGTtYmko6uB 0l5Q4wHKrGTtYmko6uB
weiO89Us3SIvoaPtrB0 weiO89Us3SIvoaPtrB0
ZyajO0zqmgFGd4PUlik ZyajO0zqmgFGd4PUlik
kC0UP5yi37XTohZLezu kC0UP5yi37XTohZLezu
mxbN18fatelypn20FLZ mxbN18fatelypn20FLZ
DZKQ08WnbkSIqz2rAm6 DZKQ08WnbkSIqz2rAm6
NXV1D2dbScZ4y9pUtqW NXV1D2dbScZ4y9pUtqW
SBXYtjvfK32xzIsAgbu SBXYtjvfK32xzIsAgbu
EtZy03uSNxdF1kcjeG7 EtZy03uSNxdF1kcjeG7
XHfCu7qLi0aIveTUmlM XHfCu7qLi0aIveTUmlM
OFnyj64xurghSV8Cz13 OFnyj64xurghSV8Cz13
EyCHsSP5XZrQR0L23jf EyCHsSP5XZrQR0L23jf
EwF5nLVG0tZTx9dWU1D EwF5nLVG0tZTx9dWU1D
uhaSszxK8v16PtwWV50 uhaSszxK8v16PtwWV50
VMPr01qNctRo2GspAdh VMPr01qNctRo2GspAdh
5Sgq2KH8U61EC0W3VNR 5Sgq2KH8U61EC0W3VNR
ciYOlIwSpvHz3ybj2mV ciYOlIwSpvHz3ybj2mV
eqi0fKTM2RdD6zkSAEr eqi0fKTM2RdD6zkSAEr
J6ComdZW9qLG5V7D2Qb J6ComdZW9qLG5V7D2Qb
pdb3WuP0IFN8hwBkH69 pdb3WuP0IFN8hwBkH69
vBQ8qjbgmCfZIxY2zJP vBQ8qjbgmCfZIxY2zJP
srXSIvPOWTzJ7opbjGc srXSIvPOWTzJ7opbjGc
LgX3GoqbTpRCdhOElKA LgX3GoqbTpRCdhOElKA
VmTt9Ek3YP0ioL4huqK VmTt9Ek3YP0ioL4huqK
jIi2sVXxaTR5vQNo6uH jIi2sVXxaTR5vQNo6uH
GpTdeJ4jlQkvCMFtiU8 GpTdeJ4jlQkvCMFtiU8
Jlkixpd2cLWGKCrVSmf Jlkixpd2cLWGKCrVSmf
mqAocERyYrzi36U5pTt mqAocERyYrzi36U5pTt
5Hz2glV7fhLTxX0iEyu 5Hz2glV7fhLTxX0iEyu
2SbQ735yxpaYRJGdLNt 2SbQ735yxpaYRJGdLNt
4RPkH7Dc2lSytIEjdvZ 4RPkH7Dc2lSytIEjdvZ
C7gXPVA3YZ2QWdsUkGx C7gXPVA3YZ2QWdsUkGx
8XNwOR4jem9hBP3VKuk 8XNwOR4jem9hBP3VKuk
ou7YpydAjD9Tzn0MSEv ou7YpydAjD9Tzn0MSEv
KtuJ8324zFfxhcgNUO0 KtuJ8324zFfxhcgNUO0
J1VXRSak3EBr6AGsmz7 J1VXRSak3EBr6AGsmz7
uFkwq6pWAKVEXdDRGQb uFkwq6pWAKVEXdDRGQb
XBQSWe7pwDs2Ik8lnAv XBQSWe7pwDs2Ik8lnAv
BMxnoGrf91mOZwU8P3C BMxnoGrf91mOZwU8P3C
Ou5bfz3rmJwxCBhTatL Ou5bfz3rmJwxCBhTatL
XMuchaoDbgs8v65ECIF XMuchaoDbgs8v65ECIF
wdEaysuC74BJzk6lPtZ wdEaysuC74BJzk6lPtZ
BS8iY9aPlgh1QqrIpVd BS8iY9aPlgh1QqrIpVd
CN1OwEHxoMR8mP7VXyj CN1OwEHxoMR8mP7VXyj
