0 42 51 50 42 32 53 52 32 19 54 55 19 5 91 92 93 5 49 85 86 87 49 40 90 89 88 40 48 99 98 97 48 11 69 68 11 10 67 66 10 40 65 64 40 23 63 62 23 12 96 95 94 12 1 60 61 1 16 58 59 16 6 56 57 6 2 73 74 75 2 14 70 71 72 14 21 76 77 78 21 19 84 83 82 19 48 81 80 79 48 0 
40
51 50 51
53 52 53
54 54 55
56 56 57
58 58 59
60 60 61
63 62 63
65 64 65
67 66 67
69 68 69
70 70
71 71
72 72
73 73
74 74
75 75
76 76
77 77
78 78
79 79
80 80
81 81
82 82
83 83
84 84
85 85
86 86
87 87
88 88
89 89
90 90
91 91
92 92
93 93
94 94
95 95
96 96
97 97
98 98
99 99
