0 11 181 180 179 11 38 148 147 146 38 84 145 144 143 84 94 127 126 94 21 142 141 140 21 57 137 136 57 12 138 139 12 83 167 168 169 83 47 164 165 166 47 60 109 108 60 39 107 106 39 90 184 183 182 90 45 175 174 173 45 53 178 177 176 53 54 191 192 193 54 49 196 195 194 49 10 197 198 199 10 40 134 135 40 84 133 132 84 9 163 162 161 9 87 149 150 151 87 78 185 186 187 78 57 188 189 190 57 41 113 112 41 69 110 111 69 58 101 100 58 18 102 103 18 44 104 105 44 46 172 171 170 46 26 158 159 160 26 1 155 156 157 1 25 124 125 25 41 123 122 41 34 121 120 34 31 119 118 31 5 117 116 5 10 114 115 10 47 152 153 154 47 60 129 128 60 11 131 130 11 0 
80
101 100 101
102 102 103
104 104 105
107 106 107
109 108 109
110 110 111
113 112 113
114 114 115
117 116 117
119 118 119
121 120 121
123 122 123
124 124 125
127 126 127
129 128 129
131 130 131
133 132 133
134 134 135
137 136 137
138 138 139
140 140
141 141
142 142
143 143
144 144
145 145
146 146
147 147
148 148
149 149
150 150
151 151
152 152
153 153
154 154
155 155
156 156
157 157
158 158
159 159
160 160
161 161
162 162
163 163
164 164
165 165
166 166
167 167
168 168
169 169
170 170
171 171
172 172
173 173
174 174
175 175
176 176
177 177
178 178
179 179
180 180
181 181
182 182
183 183
184 184
185 185
186 186
187 187
188 188
189 189
190 190
191 191
192 192
193 193
194 194
195 195
196 196
197 197
198 198
199 199
