0 10 13 10 12 11 12 81 82 80 83 80 39 84 44 89 49 17 16 17 15 18 15 20 23 20 65 25 28 25 29 94 99 52 51 52 98 42 58 55 57 55 35 37 88 47 46 47 45 48 45 60 63 60 54 79 90 92 90 87 86 87 85 77 76 77 95 97 96 67 68 32 31 32 30 33 30 4 40 5 8 5 7 71 72 70 0 
50
84 84
82 82
86 86
80 80
63 63
88 88
8 8
60 60
44 44
5 5
23 23
31 31
97 97
51 51
33 33
29 29
54 54
40 40
20 20
65 65
99 99
48 48
46 46
79 79
55 55
58 58
81 81
13 13
11 11
32 32
83 83
89 89
16 16
90 90
85 85
71 71
18 18
39 39
67 67
92 92
42 42
52 52
76 76
57 57
28 28
37 37
68 68
4 4
49 49
94 94
