81 154 27 24 59 93 127 191 159 1 41 178 86 196 123 182 8 179 200 125 152 52 85 48 34 78 124 130 156 45 158 74 197 162 87 199 164 135 17 76 46 84 90 145 89 165 70 109 71 14 58 53 195 18 88 161 115 141 108 16 36 189 97 132 65 42 95 153 56 167 126 170 107 9 43 166 183 35 57 184 49 138 80 12 198 20 121 100 180 103 77 33 23 64 69 92 96 117 188 150 81 
100
92 92
153 153
35 35
76 76
86 86
135 135
195 195
199 199
183 183
161 161
180 180
107 107
124 124
85 85
87 87
9 9
191 191
77 77
8 8
57 57
42 42
167 167
70 70
109 109
188 188
52 52
49 49
71 71
130 130
196 196
36 36
93 93
90 90
34 34
166 166
184 184
97 97
56 56
121 121
20 20
88 88
108 108
132 132
58 58
154 154
95 95
81 81
18 18
23 23
14 14
78 78
115 115
179 179
89 89
103 103
53 53
80 80
12 12
48 48
182 182
1 1
127 127
45 45
84 84
33 33
123 123
164 164
17 17
162 162
138 138
64 64
59 59
198 198
170 170
165 165
141 141
125 125
158 158
46 46
178 178
156 156
100 100
65 65
117 117
126 126
96 96
74 74
150 150
69 69
197 197
189 189
200 200
41 41
152 152
27 27
16 16
145 145
24 24
159 159
43 43
