0 30 19 48 100 3 58 57 53 68 49 27 9 78 99 86 39 65 23 60 189 51 92 104 24 63 82 135 113 12 90 79 75 197 16 85 96 6 15 25 67 64 73 52 144 14 29 72 181 155 38 46 87 5 62 17 89 17 70 94 178 93 71 13 21 71 2 10 83 10 43 74 37 47 95 66 4 32 80 34 11 1 11 59 40 69 26 50 22 172 77 36 41 42 28 76 33 76 55 31 97 176 44 176 45 7 54 149 18 8 88 61 88 98 158 84 81 20 35 56 91 0 
100
1 1
2 2
3 3
4 4
5 5
6 6
7 7
8 8
9 9
10 10
11 11
12 12
13 13
14 14
15 15
16 16
17 17
18 18
19 19
20 20
21 21
22 22
23 23
24 24
25 25
26 26
27 27
28 28
29 29
30 30
31 31
32 32
33 33
34 34
35 35
36 36
37 37
38 38
39 39
40 40
41 41
42 42
43 43
44 44
45 45
46 46
47 47
48 48
49 49
50 50
51 51
52 52
53 53
54 54
55 55
56 56
57 57
58 58
59 59
60 60
61 61
62 62
63 63
64 64
65 65
66 66
67 67
68 68
69 69
70 70
71 71
72 72
73 73
74 74
75 75
76 76
77 77
78 78
79 79
80 80
81 81
82 82
83 83
84 84
85 85
86 86
87 87
88 88
89 89
90 90
91 91
92 92
93 93
94 94
95 95
96 96
97 97
98 98
99 99
100 100
