Soda DD Soda BD Soda F Soda FA Soda FD Soda GI GJ GK Soda AD Soda O Soda FJ Soda BT BU Soda AZ AY AX AW AV AU AT Soda AA Soda BX Soda GC Soda U Soda AO Soda AG Soda FR Soda DZ DY DX DW DV DU DT Soda X Soda I J K Soda C B GO Soda BJ Soda DA Soda DJ Soda GF Soda R Soda AJ Soda FG Soda BQ BP BO Soda FU Soda DQ DP DO Soda CA Soda FX Soda 
47
C C
F F
I I
K K
O O
R R
U U
X X
AA AA
AD AD
AG AG
AJ AJ
AO AO
AT AT
AW AW
AX AX
AZ AZ
BD BD
BJ BJ
BO BO
BQ BQ
BT BT
BU BU
BX BX
CA CA
GC GC
GF GF
GI GI
GK GK
GO GO
FR FR
FU FU
FX FX
FA FA
FD FD
FG FG
FJ FJ
DO DO
DT DT
DW DW
DX DX
DZ DZ
DD DD
DJ DJ
DQ DQ
DU DU
DA DA
