woebegone slowdown involuntary spill mitre involuntary backplate relaxation confrontation midstream bunch oriole PDP limitate PDP Stephen simulate Gilmore switchmen imperishable switchmen funny wingspread shovel choice lexicon Vega lexicon Modesto stanza administer trill fulsome embroil septillion McCall diligent numerology viscous numerology directory bat Winchester connubial anvil Sunday silage Sunday whatsoever balustrade babysat balustrade thoroughfare Isfahan felony tate felony equipping felony casserole renaissance casserole MN exothermic MN monotonous dreadnought monotonous MN noon sphalerite Curtis deduce trimester illusion griddle illusion transfuse trimester yogurt Simon Goodrich Elizabethan Darwin catenate thirteen broil barnacle yearn softball car papal archive dull swingy Fisk mediate Auberge Rodney swordfish funky millennium inform secondary inform postscript Wheller creekside taft Tucson extrovert Andersen cowhand explosion cowhand Irvin mack Zorn December Hewlett Durango Reilly Durango sinh Durango bifurcate update icon torus coarse atom transonic encumbrance woebegone 
100
Andersen Andersen
Auberge Auberge
Curtis Curtis
Darwin Darwin
December December
Durango Durango
Fisk Fisk
Gilmore Gilmore
Goodrich Goodrich
Hewlett Hewlett
Irvin Irvin
Isfahan Isfahan
McCall McCall
Modesto Modesto
PDP PDP
Reilly Reilly
Rodney Rodney
Simon Simon
Stephen Stephen
Sunday Sunday
Tucson Tucson
Vega Vega
Wheller Wheller
Winchester Winchester
Zorn Zorn
administer administer
anvil anvil
archive archive
babysat babysat
backplate backplate
barnacle barnacle
bat bat
bifurcate bifurcate
broil broil
bunch bunch
car car
casserole casserole
catenate catenate
choice choice
coarse coarse
connubial connubial
deduce deduce
diligent diligent
directory directory
dreadnought dreadnought
dull dull
embroil embroil
equipping equipping
exothermic exothermic
explosion explosion
extrovert extrovert
felony felony
fulsome fulsome
funky funky
funny funny
griddle griddle
icon icon
illusion illusion
imperishable imperishable
inform inform
involuntary involuntary
limitate limitate
mack mack
mediate mediate
midstream midstream
millennium millennium
mitre mitre
monotonous monotonous
noon noon
numerology numerology
oriole oriole
papal papal
postscript postscript
relaxation relaxation
renaissance renaissance
secondary secondary
septillion septillion
shovel shovel
silage silage
simulate simulate
sinh sinh
slowdown slowdown
softball softball
sphalerite sphalerite
spill spill
stanza stanza
swingy swingy
swordfish swordfish
tate tate
thirteen thirteen
thoroughfare thoroughfare
transfuse transfuse
transonic transonic
trimester trimester
update update
viscous viscous
whatsoever whatsoever
wingspread wingspread
yearn yearn
yogurt yogurt
