exothermic swordfish wafer swordfish yogurt Dominican namesake McCall Andersen McCall sacrifice extrovert Sicilian Halstead lordosis intangible Tucson Bernini Curtis Injun amateur midget coarse FPC Iowa combine trill shovel decor Irvin felony exothermic 
25
Andersen Andersen
Bernini Bernini
Curtis Curtis
FPC FPC
Halstead Halstead
Injun Injun
Iowa Iowa
Irvin Irvin
McCall McCall
Tucson Tucson
amateur amateur
coarse coarse
combine combine
decor decor
extrovert extrovert
felony felony
lordosis lordosis
midget midget
namesake namesake
sacrifice sacrifice
shovel shovel
swordfish swordfish
trill trill
wafer wafer
yogurt yogurt
