1 9 72 9 73 9 40 117 40 87 40 15 85 15 103 15 12 116 12 59 12 11 65 11 142 11 13 109 13 79 13 25 80 25 86 25 14 75 14 105 14 23 55 23 108 23 3 97 3 112 3 22 71 22 94 22 16 91 16 133 16 41 106 41 137 41 34 77 34 50 34 29 129 29 96 29 2 62 2 81 2 26 100 26 121 26 4 51 4 118 4 35 84 35 92 35 45 122 45 74 45 10 132 10 76 10 24 88 24 134 24 42 89 42 104 42 5 93 5 90 5 48 68 48 58 48 39 57 39 52 39 32 135 32 139 32 21 82 21 138 21 47 113 47 141 47 20 124 20 115 20 33 67 33 127 33 46 144 46 54 46 36 130 36 110 36 30 101 30 95 30 43 64 43 136 43 17 60 17 66 17 27 78 27 140 27 19 98 19 53 19 37 125 37 99 37 6 126 6 119 6 28 83 28 131 28 7 120 7 107 7 18 63 18 69 18 44 102 44 114 44 31 70 31 143 31 38 61 38 111 38 8 56 8 123 8 1 128 1 49 1 
96
49 49
50 50
51 51
52 52
53 53
54 54
55 55
56 56
57 57
58 58
59 59
60 60
61 61
62 62
63 63
64 64
65 65
66 66
67 67
68 68
69 69
70 70
71 71
72 72
73 73
74 74
75 75
76 76
77 77
78 78
79 79
80 80
81 81
82 82
83 83
84 84
85 85
86 86
87 87
88 88
89 89
90 90
91 91
92 92
93 93
94 94
95 95
96 96
97 97
98 98
99 99
100 100
101 101
102 102
103 103
104 104
105 105
106 106
107 107
108 108
109 109
110 110
111 111
112 112
113 113
114 114
115 115
116 116
117 117
118 118
119 119
120 120
121 121
122 122
123 123
124 124
125 125
126 126
127 127
128 128
129 129
130 130
131 131
132 132
133 133
134 134
135 135
136 136
137 137
138 138
139 139
140 140
141 141
142 142
143 143
144 144
