htb26qt wqkqf q42s9z886w5 aplkk57cpzm i6lsw66h pwqxinlzb3s hwu8dv9jgknbm 6k7du uzsjpl5f5 7hz6j8 zjh83ae yhp7wbv9 tu8xxomxhi hc2hf5t8 mucolb1r ay5sahonq84 ozag34bm9 ht1efrhmh itrx5fucdq t4iedm gd5ct4 4w6uhigzl pmyqr zou7sx9w nd9xavj dt4ljfgjkizpq hq5mh8mi vrem3ey3kg44 obabms 59yzvtv l8yypbh 1jhmm8m85 nm7ud og6n7bgq8h p9mtts yx6dguko a5u8g4sej iffsi mw8g2qjo1 1ca2x2cnc ic2r4blmm9 y3eg7gqq6 9egqgrh7x4e kwtb3cg 9lvbrlgk k3qywmpr h1gz5hzz grn3uqx9y 7pbkkbbpw zjj1dm8s 5stwoup art44ncra 37v6d yr44oj2 dlkmpx x73l73jp g2g6fxcwr2l yhvc7zg pt2n7hl e7lxs f92ere3 tjwldi euhqqqmdpe ushjdkdhm9 6u4sf1gi 8gc7dka8lfy txlltgki s9vu9xx884 8m3pascg vl6czuab 3khitn6 hyc885fvjls fej54ps5j 8jea4n4ez ynuam4f8 1161ildqnj piawzpgtzz9 kxhc6t8tu yg6hizqty ysiw8m4l ilaz9q 812l47wm 4ka6l1c8w 9oii82xaa 52a3fj2zh 87jxa htb26qt 
84
yhvc7zg yhvc7zg
iffsi iffsi
zou7sx9w zou7sx9w
wqkqf wqkqf
tjwldi tjwldi
txlltgki txlltgki
ozag34bm9 ozag34bm9
l8yypbh l8yypbh
9lvbrlgk 9lvbrlgk
p9mtts p9mtts
ushjdkdhm9 ushjdkdhm9
g2g6fxcwr2l g2g6fxcwr2l
yhp7wbv9 yhp7wbv9
y3eg7gqq6 y3eg7gqq6
5stwoup 5stwoup
nd9xavj nd9xavj
7hz6j8 7hz6j8
itrx5fucdq itrx5fucdq
og6n7bgq8h og6n7bgq8h
nm7ud nm7ud
6k7du 6k7du
yg6hizqty yg6hizqty
pmyqr pmyqr
6u4sf1gi 6u4sf1gi
7pbkkbbpw 7pbkkbbpw
ynuam4f8 ynuam4f8
4ka6l1c8w 4ka6l1c8w
tu8xxomxhi tu8xxomxhi
9oii82xaa 9oii82xaa
812l47wm 812l47wm
euhqqqmdpe euhqqqmdpe
dlkmpx dlkmpx
hwu8dv9jgknbm hwu8dv9jgknbm
pt2n7hl pt2n7hl
ht1efrhmh ht1efrhmh
1jhmm8m85 1jhmm8m85
gd5ct4 gd5ct4
kxhc6t8tu kxhc6t8tu
aplkk57cpzm aplkk57cpzm
mw8g2qjo1 mw8g2qjo1
kwtb3cg kwtb3cg
ysiw8m4l ysiw8m4l
i6lsw66h i6lsw66h
9egqgrh7x4e 9egqgrh7x4e
mucolb1r mucolb1r
e7lxs e7lxs
vrem3ey3kg44 vrem3ey3kg44
zjh83ae zjh83ae
8m3pascg 8m3pascg
52a3fj2zh 52a3fj2zh
fej54ps5j fej54ps5j
obabms obabms
3khitn6 3khitn6
h1gz5hzz h1gz5hzz
vl6czuab vl6czuab
ay5sahonq84 ay5sahonq84
uzsjpl5f5 uzsjpl5f5
ic2r4blmm9 ic2r4blmm9
dt4ljfgjkizpq dt4ljfgjkizpq
x73l73jp x73l73jp
k3qywmpr k3qywmpr
q42s9z886w5 q42s9z886w5
art44ncra art44ncra
1161ildqnj 1161ildqnj
yr44oj2 yr44oj2
yx6dguko yx6dguko
f92ere3 f92ere3
pwqxinlzb3s pwqxinlzb3s
grn3uqx9y grn3uqx9y
s9vu9xx884 s9vu9xx884
hc2hf5t8 hc2hf5t8
1ca2x2cnc 1ca2x2cnc
8jea4n4ez 8jea4n4ez
87jxa 87jxa
4w6uhigzl 4w6uhigzl
ilaz9q ilaz9q
37v6d 37v6d
hyc885fvjls hyc885fvjls
hq5mh8mi hq5mh8mi
piawzpgtzz9 piawzpgtzz9
8gc7dka8lfy 8gc7dka8lfy
a5u8g4sej a5u8g4sej
t4iedm t4iedm
59yzvtv 59yzvtv
