Jacksonville Atlanta SanFrancisco Atlanta Fresno Atlanta Louisville Arlington Portland Seattle LasVegas LongBeach Omaha Austin Raleigh Memphis Raleigh Indianapolis LosAngeles ElPaso Nashville VirginiaBeach ColoradoSprings Chicago Minneapolis Tulsa Albuquerque Oakland Philadelphia Oakland Phoenix OklahomaCity FortWorth SanJose Boston SanAntonio Detroit Columbus Tucson Milwaukee Jacksonville 
25
Philadelphia Philadelphia
LasVegas LasVegas
FortWorth FortWorth
Portland Portland
Memphis Memphis
Tulsa Tulsa
Fresno Fresno
SanFrancisco SanFrancisco
Columbus Columbus
Atlanta Atlanta
Seattle Seattle
SanJose SanJose
Phoenix Phoenix
ElPaso ElPaso
Tucson Tucson
LongBeach LongBeach
VirginiaBeach VirginiaBeach
Albuquerque Albuquerque
Indianapolis Indianapolis
Austin Austin
Minneapolis Minneapolis
Jacksonville Jacksonville
Louisville Louisville
Boston Boston
LosAngeles LosAngeles
