Chattanooga ElPaso CorpusChristi Worcester Fresno GrandRapids Fresno Plano Yonkers Durham Roseville FortWorth VirginiaBeach Glendale SanJose Jacksonville Killeen SantaAna OklahomaCity Lincoln Madison Joliet Madison Denton Gilbert KansasCity Frisco Orange Henderson Toledo Atlanta Chicago Naperville Orlando Albuquerque LosAngeles Albuquerque Waco LongBeach GrandPrairie LongBeach Cincinnati Paterson Oceanside Fontana Tucson SanBernardino Boise Sunnyvale SanDiego Arlington ChulaVista Anaheim MorenoValley Tallahassee Buffalo Pomona FortCollins Salem Ontario TianamenSquare RanchoCucamonga Newark RanchoCucamonga Akron Hayward SantaClarita NewYork Syracuse Irvine Norfolk Raleigh Norfolk SaintPaul Washington Chandler PortStLucie Vancouver Austin DesMoines NewportNews Alexandria HuntingtonBeach Jackson Brownsville Boston Hollywood Louisville Lubbock Corona Olathe Mobile Midland Anchorage Phoenix LittleRock Shreveport LittleRock CapeCoral BatonRouge Bakersfield Salinas Murfreesboro Charlotte Murfreesboro Salinas GardenGrove Knoxville Berkeley Springfield Spokane Oxnard Tacoma Huntsville Fremont Honolulu SanFrancisco ElkGrove McAllen ElkGrove Savannah FortLauderdale Indianapolis Riverside Scottsdale Tempe Aurora Baltimore Lexington Aurora Fayetteville Richmond Stockton Surprise Carrollton Wichita Memphis SanAntonio Cleveland Chattanooga 
100
Yonkers Yonkers
Alexandria Alexandria
Joliet Joliet
Orlando Orlando
Lincoln Lincoln
Worcester Worcester
LittleRock LittleRock
GardenGrove GardenGrove
Aurora Aurora
DesMoines DesMoines
Surprise Surprise
Phoenix Phoenix
Knoxville Knoxville
Jacksonville Jacksonville
Oceanside Oceanside
Baltimore Baltimore
Henderson Henderson
Fremont Fremont
Riverside Riverside
Memphis Memphis
SanBernardino SanBernardino
Tacoma Tacoma
Wichita Wichita
Paterson Paterson
Washington Washington
Ontario Ontario
Bakersfield Bakersfield
SantaClarita SantaClarita
Cleveland Cleveland
Brownsville Brownsville
McAllen McAllen
Charlotte Charlotte
Corona Corona
Honolulu Honolulu
Springfield Springfield
Denton Denton
Tempe Tempe
Spokane Spokane
Glendale Glendale
Shreveport Shreveport
GrandPrairie GrandPrairie
Irvine Irvine
NewportNews NewportNews
Lexington Lexington
Olathe Olathe
SanFrancisco SanFrancisco
Scottsdale Scottsdale
Vancouver Vancouver
Indianapolis Indianapolis
Murfreesboro Murfreesboro
Anchorage Anchorage
FortWorth FortWorth
Austin Austin
Raleigh Raleigh
Anaheim Anaheim
SanJose SanJose
Fayetteville Fayetteville
Cincinnati Cincinnati
Oxnard Oxnard
Durham Durham
ChulaVista ChulaVista
SantaAna SantaAna
SaintPaul SaintPaul
FortLauderdale FortLauderdale
ElPaso ElPaso
Syracuse Syracuse
Madison Madison
GrandRapids GrandRapids
NewYork NewYork
Savannah Savannah
CapeCoral CapeCoral
Louisville Louisville
Hayward Hayward
Buffalo Buffalo
BatonRouge BatonRouge
Boston Boston
Boise Boise
Waco Waco
Chicago Chicago
SanAntonio SanAntonio
KansasCity KansasCity
Richmond Richmond
Tallahassee Tallahassee
Salem Salem
Midland Midland
LosAngeles LosAngeles
Fontana Fontana
Berkeley Berkeley
PortStLucie PortStLucie
Plano Plano
Orange Orange
Newark Newark
Toledo Toledo
Naperville Naperville
Jackson Jackson
Akron Akron
Pomona Pomona
Lubbock Lubbock
Frisco Frisco
SanDiego SanDiego
