SaintPaul Indianapolis Mesa Baltimore Albuquerque BatonRouge FortWorth LongBeach Dallas Tucson Raleigh Tucson Detroit Denver Norfolk KansasCity NewOrleans Chandler Plano LosAngeles ElPaso Austin SanAntonio Austin Aurora FortWayne Anchorage Cleveland Columbus Glendale Hialeah OklahomaCity Bakersfield Minneapolis Lincoln JerseyCity Laredo JerseyCity Lexington Fresno Spokane Fresno Chesapeake Lubbock StPetersburg Henderson StPetersburg Milwaukee Stockton Houston Tampa Toledo Atlanta Oakland WinstonSalem Durham SantaAna Pittsburgh SantaAna Durham Phoenix Charlotte ChulaVista Cincinnati ChulaVista SanDiego SanJose Madison Louisville Memphis Honolulu Scottsdale Newark Garland SaintPaul 
50
Newark Newark
Plano Plano
Scottsdale Scottsdale
Denver Denver
Honolulu Honolulu
SanAntonio SanAntonio
Durham Durham
Lexington Lexington
FortWorth FortWorth
Henderson Henderson
Austin Austin
FortWayne FortWayne
Baltimore Baltimore
Houston Houston
Glendale Glendale
Pittsburgh Pittsburgh
SanDiego SanDiego
Tucson Tucson
WinstonSalem WinstonSalem
SanJose SanJose
SantaAna SantaAna
Hialeah Hialeah
Lincoln Lincoln
LongBeach LongBeach
Charlotte Charlotte
Spokane Spokane
Milwaukee Milwaukee
Atlanta Atlanta
Laredo Laredo
Chesapeake Chesapeake
Dallas Dallas
Stockton Stockton
Columbus Columbus
Memphis Memphis
JerseyCity JerseyCity
Phoenix Phoenix
StPetersburg StPetersburg
Chandler Chandler
Indianapolis Indianapolis
Lubbock Lubbock
Bakersfield Bakersfield
Tampa Tampa
Anchorage Anchorage
Raleigh Raleigh
NewOrleans NewOrleans
OklahomaCity OklahomaCity
ElPaso ElPaso
Aurora Aurora
Madison Madison
Cincinnati Cincinnati
