Porterton Wallton Derekmouth Jeffreyfort Garytown Audreyfort Patriciaside Audreyfort Garytown Jeffreyfort Johnsonchester Nealfurt Johnsonchester Susanfort Johnsonchester Jeffreyfort Derekmouth Geraldside Joseport Gabrielburgh Hodgesstad Gabrielburgh Joseport Hallborough Kylieview Hallborough Joseport Geraldside Michellehaven Cranemouth Joneschester Cranemouth Michellehaven Ramosborough Fordhaven Ramosborough Michellehaven Geraldside Derekmouth Charlesberg Kevinberg Adamside Bradberg Adamside Andrewschester Adamside Kevinberg Patriciabury Thomasmouth Patriciabury Troyfort Patriciabury Kevinberg Charlesberg Weberbury Clarkport Weberbury Kimberlyburgh Candiceland Kimberlyburgh Weberbury Charlesberg Sethland Ellisstad Osbornemouth Ellisstad Sethland Tannerhaven Sethland Charlesberg Derekmouth Wallton Danielleport Cooperton Lopezborough Waltersmouth Adkinsberg Waltersmouth Adamport Waltersmouth Lopezborough Cooperton Danielleport Melissaview Cheyennefurt Thompsonshire Cheyennefurt Watsonville Christyland Watsonville Robertomouth Watsonville Cheyennefurt Melissaview Campbellhaven Annberg Houstonchester Annberg Dyerport Annberg Campbellhaven Melissaview Danielleport Scottburgh Laurenbury Haleview Hallstad Haleview Laurenbury Scottburgh Danielleport Wallton Davisstad Leechester Castanedachester Suttonville Castanedachester Leechester Pettyton Jonesfurt Pettyton Bondmouth Taylorton Bondmouth Mercedesmouth Bondmouth Pettyton Leechester Davisstad Jacksonton Singletonton Clarkbury Jermaineton Clarkbury Singletonton Jacksonton Davisstad Newmanburgh Gallowaymouth Rioshaven Josephstad Rioshaven Gallowaymouth Newmanburgh Davisstad Wallton Porterton Dianashire Burgessview Marcusburgh Fletcherland Willisfurt Ortizberg Willisfurt Fletcherland Kingview Williamschester Mirandaview Williamschester Kingview Fletcherland Marcusburgh Matthewburgh Bondfort Shawnmouth Buckleyside Shawnmouth Priceville Shawnmouth Bondfort Adamview Harrisborough Adamview Bondfort Matthewburgh Virginiastad Johnsonberg Virginiastad Robinsonmouth Horneside Robinsonmouth Virginiastad Matthewburgh Marcusburgh Tylerbury Paultown Hansonbury Paultown Tylerbury Jamestown Wilsonstad Jamestown Tylerbury Marcusburgh Burgessview Williamfort Moodyburgh Heatherberg Thomasborough Ortegaberg Thomasborough Masseyside Thomasborough Heatherberg Moodyburgh Gregoryberg Smithfort Millerborough Smithfort Gregoryberg Moodyburgh Williamfort Williamport Ashleystad Holthaven Vickiville Holthaven Ashleystad Codyton Ryanside Codyton Mindyview Codyton Ashleystad Williamport Williamfort Thomasville Lopezburgh Byrdfurt Loweryborough Byrdfurt Garciamouth Byrdfurt Lopezburgh Leahmouth Lopezburgh Thomasville Williamfort Burgessview Billton Banksburgh Yvonneborough Parkermouth Shawnfort Parkermouth Yvonneborough Banksburgh Simmonsburgh Michaelville Williamland Michaelville Simmonsburgh Banksburgh Billton Burgessview Dianashire Ashleyborough Paulburgh Robertsstad Toddtown Swansonshire Abigailhaven Swansonshire Toddtown Robertsstad Paulburgh Walltown Scotttown Jacksonview Danielville Jacksonview Scotttown Walltown Callahantown Maryport Reynoldsview Maryport Combsville Maryport Callahantown Walltown Johnberg Williamshire Johnberg Walltown Paulburgh Ashleyborough Osborneville Payneview Teresafort Smithtown Abigailville Smithtown Jacksonland Smithtown Teresafort Calvinton Teresafort Payneview Barnesmouth Harrisport Brendaview Harrisport Barnesmouth Clarkborough Barnesmouth Payneview Jacksonville Jennifertown Feliciaville Jennifertown Jacksonville Christopherhaven Jacksonville Payneview Osborneville Christophermouth Shawnhaven Dannyside Shawnhaven Candaceborough Shawnhaven Christophermouth Osborneville Ashleyborough Clarkberg Reevestown Judithview Michaelview Clarenceview Michaelview Judithview Reevestown Clarkberg Burtonview Murphyside Bakertown Jameston Bakertown Derekville Bakertown Murphyside Burtonview Clarkberg Ashleyborough Dianashire Porterton 
100
Johnsonberg Johnsonberg
Adamview Adamview
Feliciaville Feliciaville
Buckleyside Buckleyside
Combsville Combsville
Thompsonshire Thompsonshire
Mirandaview Mirandaview
Derekville Derekville
Wilsonstad Wilsonstad
Susanfort Susanfort
Haleview Haleview
Hallstad Hallstad
Adamport Adamport
Dannyside Dannyside
Jermaineton Jermaineton
Parkermouth Parkermouth
Jameston Jameston
Hansonbury Hansonbury
Kylieview Kylieview
Brendaview Brendaview
Mercedesmouth Mercedesmouth
Kimberlyburgh Kimberlyburgh
Leahmouth Leahmouth
Candiceland Candiceland
Houstonchester Houstonchester
Michaelview Michaelview
Dyerport Dyerport
Troyfort Troyfort
Cranemouth Cranemouth
Audreyfort Audreyfort
Reynoldsview Reynoldsview
Ellisstad Ellisstad
Byrdfurt Byrdfurt
Andrewschester Andrewschester
Tannerhaven Tannerhaven
Christyland Christyland
Patriciaside Patriciaside
Garciamouth Garciamouth
Robinsonmouth Robinsonmouth
Adamside Adamside
Bakertown Bakertown
Williamland Williamland
Patriciabury Patriciabury
Horneside Horneside
Jacksonland Jacksonland
Loweryborough Loweryborough
Bradberg Bradberg
Christopherhaven Christopherhaven
Harrisport Harrisport
Rioshaven Rioshaven
Jonesfurt Jonesfurt
Taylorton Taylorton
Williamschester Williamschester
Candaceborough Candaceborough
Hodgesstad Hodgesstad
Gabrielburgh Gabrielburgh
Clarkport Clarkport
Bondmouth Bondmouth
Fordhaven Fordhaven
Clarkborough Clarkborough
Holthaven Holthaven
Osbornemouth Osbornemouth
Ortegaberg Ortegaberg
Danielville Danielville
Shawnmouth Shawnmouth
Ryanside Ryanside
Smithtown Smithtown
Jacksonview Jacksonview
Ramosborough Ramosborough
Swansonshire Swansonshire
Thomasmouth Thomasmouth
Suttonville Suttonville
Annberg Annberg
Maryport Maryport
Ortizberg Ortizberg
Calvinton Calvinton
Williamshire Williamshire
Codyton Codyton
Vickiville Vickiville
Mindyview Mindyview
Abigailville Abigailville
Clarenceview Clarenceview
Masseyside Masseyside
Robertomouth Robertomouth
Michaelville Michaelville
Jennifertown Jennifertown
Nealfurt Nealfurt
Harrisborough Harrisborough
Adkinsberg Adkinsberg
Millerborough Millerborough
Shawnfort Shawnfort
Watsonville Watsonville
Abigailhaven Abigailhaven
Smithfort Smithfort
Josephstad Josephstad
Clarkbury Clarkbury
Priceville Priceville
Joneschester Joneschester
Hallborough Hallborough
Thomasborough Thomasborough
