Taylorville Weberside Jonesbury Lloydton Smithborough Lloydton Stephensonburgh Lloydton Jonesbury Jamestown Nicholefurt Jamestown Glasston Jamestown Jonesbury Weberside Eduardotown Sullivanmouth Michaelville Sullivanmouth Underwoodborough Sullivanmouth Eduardotown Weberside Taylorville Alejandroport Ashleyland Kathyfort Hawkinsland Camposstad Hawkinsland Ayalabury Hawkinsland Kathyfort Ashleyland Alejandroport Deborahfurt Anthonyburgh Martinezfort Ericksonmouth Martinezfort Anthonyburgh Deborahfurt Jacobberg Foleyhaven Jacobberg Deborahfurt Alejandroport Shawnport Mariaview Kristenmouth Alexmouth Kristenmouth Stevenshire Kristenmouth Mariaview Saraport Underwoodmouth Saraport Lewisburgh Saraport Mariaview Shawnport Alejandroport Taylorville Valerietown Johnmouth Kempshire Grahambury Johnsonside Grahambury Kempshire Michaelfort Kempshire Johnmouth Valerietown Stewartberg Tinaville Steventown Tinaville Nicholasshire Tinaville Stewartberg Valerietown Taylorville 
25
Jamestown Jamestown
Lloydton Lloydton
Lewisburgh Lewisburgh
Alexmouth Alexmouth
Saraport Saraport
Michaelfort Michaelfort
Kristenmouth Kristenmouth
Steventown Steventown
Johnsonside Johnsonside
Grahambury Grahambury
Hawkinsland Hawkinsland
Nicholefurt Nicholefurt
Underwoodmouth Underwoodmouth
Ericksonmouth Ericksonmouth
Foleyhaven Foleyhaven
Martinezfort Martinezfort
Camposstad Camposstad
Glasston Glasston
Nicholasshire Nicholasshire
Underwoodborough Underwoodborough
Stephensonburgh Stephensonburgh
Smithborough Smithborough
Stevenshire Stevenshire
Ayalabury Ayalabury
Michaelville Michaelville
