Hernandezville Joelview Farmerside Gabriellabury Murphyberg Hendersonchester Murphyberg Gabriellabury Courtneyfurt Morrisbury Courtneyfurt Contrerasland Courtneyfurt Gabriellabury Farmerside Ryanton Williamsmouth Johnstonmouth Williamsmouth Mcdonaldmouth Adkinsfurt Mcdonaldmouth Williamsmouth Ryanton Farmerside Ralphtown Stricklandbury Tylermouth Deanstad Tylermouth Stricklandbury Ralphtown Garciaport Charlesburgh Angelaview Charlesburgh Garciaport Ralphtown Farmerside Joelview Downsville Richardhaven Tammychester Rebeccaton Tammychester Richardhaven Downsville Williammouth Haasville Williammouth Downsville Joelview Mitchellchester Sheabury Maysfort Huynhton Maysfort Sheabury Mitchellchester Lopezmouth Heathermouth Emilymouth Heathermouth Lopezview Robertsfort Lopezview Heathermouth Lopezmouth Dixonton Keithton Andrewland Keithton Aprilstad Keithton Dixonton Francesmouth Richardville Francesmouth Dixonton Lopezmouth Mitchellchester Joelview Hernandezville Beckyshire Derekton Thomaschester Mcfarlandville Belindamouth Mcfarlandville Thomaschester Derekton Wallaceville Morenoside Johnport Morenoside Amberfurt Morenoside Wallaceville Derekton Beckyshire Ponceville Garymouth Christophertown Crystaltown Johnsontown Crystaltown Christophertown Garymouth Camposstad Williamsville Camposstad Donaldstad Thomastown Donaldstad Camposstad Garymouth Ponceville Bridgesville Riveramouth Martinton Brianland Martinton Deborahfort Martinton Riveramouth Bradshawside Wandaside Bradshawside Riveramouth Bridgesville Dennisstad Wilsonburgh Josephton Wilsonburgh Harristown Wilsonburgh Dennisstad Bridgesville Esparzaberg Thomasburgh Johnsonmouth Thomasburgh Sanchezland Thomasburgh Esparzaberg Kristinbury Allenberg Kristinbury Esparzaberg Bridgesville Ponceville Mcculloughchester Jonestown Barbarachester Jonesberg Barbarachester Jonestown Kellyfort Pittsland Kellyfort Tinatown Kellyfort Jonestown Mcculloughchester Crystalchester Smithmouth Robertborough Smithmouth Crystalchester Mcculloughchester Ponceville Beckyshire Hernandezville 
50
Haasville Haasville
Johnsonmouth Johnsonmouth
Johnstonmouth Johnstonmouth
Allenberg Allenberg
Barbarachester Barbarachester
Pittsland Pittsland
Smithmouth Smithmouth
Tylermouth Tylermouth
Francesmouth Francesmouth
Tinatown Tinatown
Hendersonchester Hendersonchester
Thomasburgh Thomasburgh
Keithton Keithton
Contrerasland Contrerasland
Wilsonburgh Wilsonburgh
Angelaview Angelaview
Deborahfort Deborahfort
Kristinbury Kristinbury
Andrewland Andrewland
Wandaside Wandaside
Morrisbury Morrisbury
Martinton Martinton
Johnport Johnport
Williamsville Williamsville
Mcdonaldmouth Mcdonaldmouth
Robertsfort Robertsfort
Amberfurt Amberfurt
Huynhton Huynhton
Kellyfort Kellyfort
Adkinsfurt Adkinsfurt
Robertborough Robertborough
Crystaltown Crystaltown
Deanstad Deanstad
Harristown Harristown
Josephton Josephton
Sanchezland Sanchezland
Emilymouth Emilymouth
Jonesberg Jonesberg
Johnsontown Johnsontown
Bradshawside Bradshawside
Charlesburgh Charlesburgh
Belindamouth Belindamouth
Aprilstad Aprilstad
Donaldstad Donaldstad
Rebeccaton Rebeccaton
Thomastown Thomastown
Lopezview Lopezview
Richardville Richardville
Tammychester Tammychester
Brianland Brianland
