89 69 183 109 112 130 156 51 189 75 59 124 37 99 44 25 33 121 195 132 28 32 96 38 81 41 94 151 45 135 70 192 136 3 18 64 6 107 31 140 111 49 144 160 20 11 83 88 127 4 127 80 149 190 39 85 146 148 13 58 1 118 16 179 98 182 48 9 27 78 101 169 5 172 188 21 197 36 79 194 141 133 73 193 97 191 65 82 147 128 23 128 199 100 87 61 122 114 125 143 102 178 155 56 86 173 86 29 187 12 89 
100
100 100
96 96
179 179
178 178
101 101
132 132
86 86
197 197
172 172
127 127
79 79
94 94
3 3
88 88
190 190
122 122
33 33
18 18
151 151
51 51
97 97
169 169
99 99
78 78
102 102
124 124
36 36
183 183
44 44
199 199
125 125
128 128
109 109
135 135
29 29
173 173
81 81
114 114
59 59
37 37
146 146
107 107
148 148
16 16
75 75
136 136
69 69
194 194
21 21
195 195
11 11
149 149
5 5
130 130
83 83
27 27
25 25
98 98
189 189
12 12
13 13
41 41
4 4
191 191
111 111
39 39
64 64
193 193
73 73
156 156
23 23
85 85
160 160
65 65
133 133
80 80
155 155
38 38
61 61
56 56
6 6
192 192
112 112
58 58
140 140
32 32
48 48
187 187
144 144
118 118
31 31
121 121
1 1
147 147
141 141
188 188
49 49
82 82
70 70
9 9
