fmdhlepsteinstdnkill nhmkilllsftepsteindd ddepsteinhltfkillsmn nmlfshtdkillepsteind depsteinnlsfmhtkilld fkillepsteinmldnhstd epsteinkillnmsdhtdlf nepsteinlmdkilldhfts ntlepsteindmfdshkill killmlepsteindthnfsd fepsteinhsntddkilllm ddlmnftepsteinhskill hnsdkilllftdmepstein epsteinfsddmthkillnl dhepsteindsnlkillfmt epsteinfsddmthkillnl tlsfdmdepsteinnhkill fhndskillepsteintldm lhsepsteindtdnmkillf lnsmkilltfdepsteindh dfdkillepsteinslmhnt dlnsthfmepsteinkilld epsteindfhlmdnskillt fmsepsteindntldhkill tlmsdhdnkillfepstein lsdepsteinfmkillndth tlmsdhdnkillfepstein tmlepsteinsdnfkillhd epsteinskilldlndhmtf fdshnmkillepsteinltd killnsfmhdepsteindtl nfdhkilllsmtepsteind dfkilllmtepsteinhdsn tdfepsteinnlhdkillsm epsteinmhndfkilltdls hsdlepsteinmnkilldft hsndepsteindlmtkillf lndsdkilltmepsteinhf nkilltdhlmdepsteinsf hepsteinsddnfkillmlt ddtmkillepsteinflsnh fddsepsteinhnlkilltm msfltdkillnepsteinhd hnfdtmlepsteinkillds hdepsteinskillldtnfm tmsdnfdlkillhepstein lhepsteinkilldtnmfsd tmsdnfdlkillhepstein mftkillepsteinndlhsd dnkillepsteinlshdtfm lmhdtfdepsteinnkills ndkillftdsmepsteinlh dhkilllsepsteinmntdf killepsteinlhtfdsmdn epsteinlshkilldnfdmt flepsteindndhmtkills killdmnsfhldepsteint epsteintdkilllnfdhms dfslntkillmepsteindh ftmnsldepsteinkillhd hsdfepsteintlnkilldm fshtdepsteinmldnkill dmepsteinfnhltkillsd epsteinkillmsftnddlh fkillepsteindlhdnsmt nltdmsfepsteinkilldh fkillepsteindlhdnsmt stepsteinhkillfmnldd epsteindlsfdntmkillh fmdhlepsteinstdnkill 
50
msfltdkillnepsteinhd msfltdkillnepsteinhd
nfdhkilllsmtepsteind nfdhkilllsmtepsteind
epsteindlsfdntmkillh epsteindlsfdntmkillh
epsteinkillmsftnddlh epsteinkillmsftnddlh
dmepsteinfnhltkillsd dmepsteinfnhltkillsd
fdshnmkillepsteinltd fdshnmkillepsteinltd
fmsepsteindntldhkill fmsepsteindntldhkill
tmlepsteinsdnfkillhd tmlepsteinsdnfkillhd
killdmnsfhldepsteint killdmnsfhldepsteint
lnsmkilltfdepsteindh lnsmkilltfdepsteindh
hdepsteinskillldtnfm hdepsteinskillldtnfm
dnkillepsteinlshdtfm dnkillepsteinlshdtfm
killnsfmhdepsteindtl killnsfmhdepsteindtl
tlsfdmdepsteinnhkill tlsfdmdepsteinnhkill
killepsteinlhtfdsmdn killepsteinlhtfdsmdn
epsteintdkilllnfdhms epsteintdkilllnfdhms
ntlepsteindmfdshkill ntlepsteindmfdshkill
epsteindfhlmdnskillt epsteindfhlmdnskillt
depsteinnlsfmhtkilld depsteinnlsfmhtkilld
dhkilllsepsteinmntdf dhkilllsepsteinmntdf
nhmkilllsftepsteindd nhmkilllsftepsteindd
lsdepsteinfmkillndth lsdepsteinfmkillndth
fshtdepsteinmldnkill fshtdepsteinmldnkill
flepsteindndhmtkills flepsteindndhmtkills
ddtmkillepsteinflsnh ddtmkillepsteinflsnh
lndsdkilltmepsteinhf lndsdkilltmepsteinhf
nepsteinlmdkilldhfts nepsteinlmdkilldhfts
ndkillftdsmepsteinlh ndkillftdsmepsteinlh
hsndepsteindlmtkillf hsndepsteindlmtkillf
nltdmsfepsteinkilldh nltdmsfepsteinkilldh
mftkillepsteinndlhsd mftkillepsteinndlhsd
lmhdtfdepsteinnkills lmhdtfdepsteinnkills
dhepsteindsnlkillfmt dhepsteindsnlkillfmt
fepsteinhsntddkilllm fepsteinhsntddkilllm
lhepsteinkilldtnmfsd lhepsteinkilldtnmfsd
hsdfepsteintlnkilldm hsdfepsteintlnkilldm
dlnsthfmepsteinkilld dlnsthfmepsteinkilld
stepsteinhkillfmnldd stepsteinhkillfmnldd
epsteinskilldlndhmtf epsteinskilldlndhmtf
hnfdtmlepsteinkillds hnfdtmlepsteinkillds
nkilltdhlmdepsteinsf nkilltdhlmdepsteinsf
fhndskillepsteintldm fhndskillepsteintldm
tlmsdhdnkillfepstein tlmsdhdnkillfepstein
dfkilllmtepsteinhdsn dfkilllmtepsteinhdsn
epsteinlshkilldnfdmt epsteinlshkilldnfdmt
hepsteinsddnfkillmlt hepsteinsddnfkillmlt
killmlepsteindthnfsd killmlepsteindthnfsd
ddlmnftepsteinhskill ddlmnftepsteinhskill
epsteinmhndfkilltdls epsteinmhndfkilltdls
hnsdkilllftdmepstein hnsdkilllftdmepstein
