BatonRouge Bellevue Bradenton Cambridge Abilene Bremerton Arvada Baltimore Barnstable Baltimore Atlanta Berkeley Amarillo BonitaSprings Bethlehem Albany Augusta Aurora Aberdeen BoiseCity Boston Albuquerque Beaumont AnnArbor Bryan Birmingham Boulder AtlanticCity Buffalo Burbank Anchorage Bellevue BatonRouge 
25
Aberdeen Aberdeen
Abilene Abilene
Albany Albany
Albuquerque Albuquerque
Amarillo Amarillo
Anchorage Anchorage
AnnArbor AnnArbor
Arvada Arvada
Atlanta Atlanta
AtlanticCity AtlanticCity
Aurora Aurora
Barnstable Barnstable
BatonRouge BatonRouge
Beaumont Beaumont
Berkeley Berkeley
Bethlehem Bethlehem
Birmingham Birmingham
BoiseCity BoiseCity
Boston Boston
Boulder Boulder
Bradenton Bradenton
Bryan Bryan
Buffalo Buffalo
Burbank Burbank
Cambridge Cambridge
