FortCollins Harlingen Knoxville Hemet ElPaso Boise CollegeStation Lakeland Bellevue Independence Anaheim Kennewick LasVegas Austin Cleveland LasVegas Layton Denver Layton ColoradoSprings Bloomington DesMoines Chandler LittleRock Greensboro Abilene Dallas Clarksville Lorain CedarRapids Bryan Aberdeen Barnstable Brownsville Fayetteville Appleton Jefferson Burbank Indianapolis Garland GrandRapids Kailua CapeCoral Berkeley ElMonte Berkeley DavidsonCounty Irvine Harrisburg Fontana AppleValley Corona Detroit Allentown Bremerton Grayslake Hollywood Bradenton Bridgeport McAllen Chicago Clearwater Evansville Danbury Atlanta Manchester Henderson BoiseCity Eugene Bethlehem Beaumont Houston DalyCity Fresno Kalamazoo Charlotte Jacksonville Gilbert Augusta Joliet LasCruces Fairfield Lancaster Anchorage Lancaster Lubbock Louisville Lubbock Inglewood Hickory Albuquerque Leominster Arvada Erie Arvada Fargo BonitaSprings Baltimore AnnArbor Bakersfield Cincinnati Fremont Cary Irving Lacey Brighton Elkhart Champaign Lafayette Lakewood Lafayette Hampton Frederick Carrollton Alexandria Amarillo FortWaltonBeach Akron Elizabeth FortCollins 
100
Aberdeen Aberdeen
Abilene Abilene
Akron Akron
Albuquerque Albuquerque
Alexandria Alexandria
Allentown Allentown
Amarillo Amarillo
Anaheim Anaheim
Anchorage Anchorage
AnnArbor AnnArbor
AppleValley AppleValley
Appleton Appleton
Arvada Arvada
Atlanta Atlanta
Augusta Augusta
Austin Austin
Bakersfield Bakersfield
Baltimore Baltimore
Barnstable Barnstable
Beaumont Beaumont
Bellevue Bellevue
Berkeley Berkeley
Bethlehem Bethlehem
Boise Boise
BoiseCity BoiseCity
BonitaSprings BonitaSprings
Bradenton Bradenton
Bremerton Bremerton
Brighton Brighton
Brownsville Brownsville
Burbank Burbank
CapeCoral CapeCoral
Carrollton Carrollton
Cary Cary
CedarRapids CedarRapids
Champaign Champaign
Chandler Chandler
Chicago Chicago
Cleveland Cleveland
CollegeStation CollegeStation
ColoradoSprings ColoradoSprings
Dallas Dallas
DalyCity DalyCity
Danbury Danbury
DavidsonCounty DavidsonCounty
Denver Denver
DesMoines DesMoines
Detroit Detroit
ElMonte ElMonte
ElPaso ElPaso
Elizabeth Elizabeth
Elkhart Elkhart
Erie Erie
Eugene Eugene
Evansville Evansville
Fairfield Fairfield
Fargo Fargo
Fayetteville Fayetteville
Fontana Fontana
FortCollins FortCollins
FortWaltonBeach FortWaltonBeach
Frederick Frederick
Fremont Fremont
Fresno Fresno
Garland Garland
Gilbert Gilbert
GrandRapids GrandRapids
Grayslake Grayslake
Hampton Hampton
Harlingen Harlingen
Harrisburg Harrisburg
Hemet Hemet
Henderson Henderson
Hickory Hickory
Hollywood Hollywood
Houston Houston
Independence Independence
Indianapolis Indianapolis
Inglewood Inglewood
Irvine Irvine
Irving Irving
Jacksonville Jacksonville
Jefferson Jefferson
Joliet Joliet
Kalamazoo Kalamazoo
Kennewick Kennewick
Knoxville Knoxville
Lacey Lacey
Lafayette Lafayette
Lakeland Lakeland
Lakewood Lakewood
Lancaster Lancaster
LasCruces LasCruces
Layton Layton
Leominster Leominster
LittleRock LittleRock
Lorain Lorain
Louisville Louisville
Lubbock Lubbock
Manchester Manchester
