152 75 153 50 183 9 81 166 35 95 0 179 184 7 96 85 61 45 160 175 160 157 162 97 27 79 92 21 73 168 111 31 112 22 129 170 123 78 2 51 172 130 180 66 171 87 142 28 42 13 38 6 144 65 139 101 37 126 41 90 116 165 134 169 140 105 94 151 143 24 163 91 150 149 56 161 4 113 5 182 5 125 181 102 82 53 59 115 54 115 129 58 155 121 104 12 186 136 8 108 89 60 145 62 75 152 
73
31 31
142 142
28 28
97 97
116 116
89 89
105 105
79 79
169 169
157 157
170 170
45 45
112 112
56 56
134 134
172 172
37 37
9 9
175 175
163 163
41 41
35 35
95 95
171 171
111 111
139 139
78 78
165 165
143 143
73 73
81 81
12 12
58 58
50 50
92 92
87 87
166 166
85 85
149 149
5 5
130 130
182 182
121 121
168 168
60 60
27 27
183 183
90 90
65 65
96 96
145 145
126 126
113 113
13 13
42 42
94 94
136 136
184 184
180 180
144 144
53 53
181 181
151 151
2 2
153 153
51 51
101 101
54 54
8 8
0 0
38 38
75 75
66 66
