WNYCV UUOP5 18R1B F5YBY XRQ65 EQWAL OE5TB HR8IA GXYLV BO3AW 1XUNX 1NBGE XDKMD 2PD2W GAXPM CHXFM URMBF 2FT0Z 77EY5 KRLTG ZA57Z BMC9X 9HVLF XPFOM WH9QK HHCET 65TK9 XD7IR 1ACIU B8UZ8 KR27P 42QVU QTZLJ EYREL PQ40E 91RFG TG5ZG X2AM4 KB443 YMTTJ 7CXN0 ULCTZ H8ZPW CUG55 HZ80H XBRKQ H212X 1BUOS V11OW 5I6U4 2KYXC F07YB QSI1X 1UWW5 UGOIO XTUSM K1ZSD WNYCV 
50
XRQ65 XRQ65
1ACIU 1ACIU
H8ZPW H8ZPW
GXYLV GXYLV
TG5ZG TG5ZG
EQWAL EQWAL
91RFG 91RFG
OE5TB OE5TB
KB443 KB443
QSI1X QSI1X
F5YBY F5YBY
QTZLJ QTZLJ
HR8IA HR8IA
ULCTZ ULCTZ
V11OW V11OW
XPFOM XPFOM
77EY5 77EY5
K1ZSD K1ZSD
5I6U4 5I6U4
XTUSM XTUSM
KRLTG KRLTG
UGOIO UGOIO
XBRKQ XBRKQ
UUOP5 UUOP5
ZA57Z ZA57Z
1BUOS 1BUOS
2FT0Z 2FT0Z
X2AM4 X2AM4
42QVU 42QVU
URMBF URMBF
1UWW5 1UWW5
GAXPM GAXPM
EYREL EYREL
B8UZ8 B8UZ8
1NBGE 1NBGE
XDKMD XDKMD
CUG55 CUG55
XD7IR XD7IR
HHCET HHCET
65TK9 65TK9
7CXN0 7CXN0
BMC9X BMC9X
BO3AW BO3AW
9HVLF 9HVLF
YMTTJ YMTTJ
HZ80H HZ80H
H212X H212X
F07YB F07YB
2KYXC 2KYXC
18R1B 18R1B
