0 92 157 92 159 92 158 29 140 190 140 96 141 96 139 189 30 166 165 103 59 105 59 104 30 136 187 188 137 85 138 85 67 17 111 17 109 110 170 169 36 150 88 148 195 148 149 196 23 93 156 93 155 93 154 21 173 115 25 117 25 116 174 116 14 175 118 50 120 50 119 176 2 123 94 121 177 121 94 122 178 12 43 102 43 101 43 100 163 164 15 144 60 143 192 191 142 60 64 35 114 35 113 172 113 112 171 112 27 197 198 152 151 51 153 26 182 181 127 77 128 77 129 41 184 131 95 132 95 130 183 38 126 97 124 125 180 179 33 185 133 185 33 186 134 91 135 91 78 31 106 167 168 107 31 108 7 146 194 193 145 80 147 18 161 160 0 162 0 
99
100 100
101 101
102 102
103 103
104 104
105 105
106 106
107 107
108 108
109 109
110 110
111 111
112 112
113 113
114 114
115 115
116 116
117 117
118 118
119 119
120 120
121 121
122 122
123 123
124 124
125 125
126 126
127 127
128 128
129 129
130 130
131 131
132 132
133 133
134 134
135 135
136 136
137 137
138 138
139 139
140 140
141 141
142 142
143 143
144 144
145 145
146 146
147 147
148 148
149 149
150 150
151 151
152 152
153 153
154 154
155 155
156 156
157 157
158 158
159 159
160 160
161 161
162 162
163 163
164 164
165 165
166 166
167 167
168 168
169 169
170 170
171 171
172 172
173 173
174 174
175 175
176 176
177 177
178 178
179 179
180 180
181 181
182 182
183 183
184 184
185 185
186 186
187 187
188 188
189 189
190 190
191 191
192 192
193 193
194 194
195 195
196 196
197 197
198 198
