0 2 6 13 28 57 115 57 28 58 118 58 117 58 28 57 116 57 28 13 27 56 114 56 113 56 27 55 111 55 112 55 27 13 6 14 29 59 119 59 29 60 122 60 121 60 29 59 120 59 29 14 30 62 125 62 126 62 30 61 124 61 123 61 30 14 6 2 5 12 26 54 110 54 109 54 26 53 108 53 107 53 26 12 5 11 23 47 95 191 95 192 95 47 96 194 96 193 96 47 23 11 5 12 25 51 104 51 103 51 25 12 5 11 24 49 99 199 99 49 100 49 24 11 23 48 97 195 97 48 98 198 98 48 97 196 97 48 98 197 98 48 23 11 5 12 25 52 106 52 25 12 5 11 24 50 102 50 24 11 5 12 25 52 105 52 25 12 5 11 24 50 101 50 24 11 5 2 0 1 3 7 16 34 69 139 69 140 69 34 70 142 70 141 70 34 16 33 68 138 68 137 68 33 67 135 67 136 67 33 16 7 15 32 65 131 65 32 15 31 64 129 64 31 63 127 63 31 15 32 66 133 66 134 66 32 15 31 63 128 63 31 15 32 65 132 65 32 15 31 64 130 64 31 15 7 3 8 17 36 74 150 74 36 73 147 73 148 73 36 17 35 71 143 71 35 72 145 72 35 71 144 71 35 72 146 72 35 17 36 74 149 74 36 17 8 18 38 77 156 77 155 77 38 78 157 78 158 78 38 18 37 75 152 75 37 76 154 76 153 76 37 75 151 75 37 18 8 3 1 4 10 22 46 93 188 93 46 22 45 91 183 91 45 22 46 94 190 94 189 94 46 22 45 91 184 91 45 22 46 93 187 93 46 22 10 4 9 19 40 82 166 82 165 82 40 81 163 81 40 19 39 79 160 79 159 79 39 80 161 80 162 80 39 19 40 81 164 81 40 19 9 4 10 21 43 88 177 88 43 87 176 87 175 87 43 21 44 89 179 89 180 89 44 90 182 90 181 90 44 21 43 88 178 88 43 21 10 4 9 20 41 83 167 83 168 83 41 20 42 85 172 85 171 85 42 20 41 84 169 84 41 20 42 86 174 86 173 86 42 20 41 84 170 84 41 20 9 4 10 22 45 92 186 92 185 92 45 22 10 4 1 0 
85
100 100
101 101
102 102
103 103
51 104
5 105 106
107 107
53 108
54 109 110
111 111
55 112
56 113
114 114
115 115
116 116
117 117
118 118
119 119
29 120 122
121 121
30 123
124 124
125 125
126 126
15 127 128 130 131
129 129
132 132
66 133
134 134
67 135
136 136
137 137
33 138
139 139
69 140
141 141
142 142
143 143
8 144 145 149 150
146 146
73 147
148 148
37 151 152
153 153
154 154
155 155
156 156
18 157
158 158
159 159
160 160
80 161 162
163 163
19 164
82 165
166 166
83 167
168 168
20 169 173
170 170
85 171 172
174 174
175 175
176 176
21 177
178 178
179 179
89 180
181 181
90 182
1 183 187
184 184
92 185
186 186
188 188
94 189
190 190
95 191
192 192
96 193 194
195 195
48 196
197 197
198 198
49 199
