0 1 3 8 18 37 76 37 75 37 18 8 3 7 16 34 70 34 69 34 16 33 67 33 68 33 16 7 15 32 65 32 66 32 15 31 63 31 64 31 15 7 3 8 17 36 74 36 73 36 17 35 72 35 17 8 3 1 4 10 21 43 88 43 21 44 89 44 90 44 21 43 87 43 21 10 22 45 91 45 92 45 22 46 93 46 94 46 22 10 4 9 20 42 85 42 86 42 20 41 84 41 83 41 20 9 19 40 81 40 19 39 80 39 79 39 19 40 82 40 19 9 4 1 0 2 5 11 23 48 97 48 98 48 23 11 24 49 99 49 24 50 24 11 23 47 95 47 96 47 23 11 5 2 6 14 29 60 29 14 30 62 30 61 30 14 29 59 29 14 6 2 5 12 26 53 26 12 25 51 25 52 25 12 5 2 6 13 27 56 27 55 27 13 28 57 28 58 28 13 6 2 5 12 26 54 26 12 5 2 0 1 3 8 17 35 71 35 17 8 18 38 77 38 78 38 18 8 3 1 0 
47
50 50
25 51 52
53 53
54 54
55 55
56 56
57 57
28 58
59 59
60 60
61 61
30 62
31 63
64 64
32 65
66 66
67 67
68 68
34 69
70 70
0 71
72 72
36 73
74 74
75 75
37 76
38 77 78
39 79
80 80
81 81
82 82
41 83 84
85 85
86 86
21 87
88 88
89 89
90 90
45 91
92 92
93 93
46 94
47 95
96 96
97 97
48 98
24 99
