55 71 87 106 112 104 108 110 90 45 51 107 102 80 75 62 49 42 21 18 2 12 6 3 85 72 81 32 48 46 67 61 31 39 58 70 60 63 23 9 25 11 20 27 99 93 100 77 92 103 94 54 57 37 16 41 36 15 44 52 73 96 79 65 13 34 29 35 7 4 98 89 83 69 55 
74
2 2
3 3
4 4
6 6
7 7
9 9
11 11
12 12
13 13
15 15
16 16
18 18
20 20
21 21
23 23
25 25
27 27
29 29
31 31
32 32
34 34
35 35
36 36
37 37
39 39
41 41
42 42
44 44
45 45
46 46
48 48
49 49
51 51
52 52
54 54
55 55
57 57
58 58
60 60
61 61
62 62
63 63
65 65
67 67
69 69
70 70
71 71
72 72
73 73
75 75
77 77
79 79
80 80
81 81
83 83
85 85
87 87
89 89
90 90
92 92
93 93
94 94
96 96
98 98
99 99
100 100
102 102
103 103
104 104
106 106
107 107
108 108
110 110
112 112
