Soda Sproul Unit2 MemorialStadium Wellman Morgan GoldenStatePark Unit1 Blackwell TheRoof Mulford Wheeler Haas MLK Barrows Stephans ClarkKerr Unit3 LakeMerrit BC Foothill BWW Hertz MainStacks RSF GBC Doe Soda 
26
Doe Doe
Wheeler Wheeler
Stephans Stephans
Haas Haas
Hertz Hertz
Barrows Barrows
RSF RSF
Sproul Sproul
GBC GBC
MLK MLK
BWW BWW
MemorialStadium MemorialStadium
MainStacks MainStacks
Morgan Morgan
Mulford Mulford
Wellman Wellman
Unit1 Unit1
Unit2 Unit2
Unit3 Unit3
Blackwell Blackwell
BC BC
Foothill Foothill
ClarkKerr ClarkKerr
LakeMerrit LakeMerrit
GoldenStatePark GoldenStatePark
TheRoof TheRoof
