5 94 20 11 36 62 123 40 155 96 175 22 175 96 155 168 84 109 58 152 58 38 193 29 164 140 2 90 159 90 149 28 180 65 178 65 30 25 105 17 66 75 39 92 39 157 121 52 162 103 189 77 143 77 196 184 85 86 44 86 135 10 112 82 129 146 129 82 171 104 83 117 136 170 74 31 74 187 154 46 48 199 166 122 166 32 179 78 100 192 18 190 16 190 18 177 37 64 130 150 91 191 194 51 183 69 153 69 138 34 9 34 133 68 195 56 118 113 61 138 55 102 158 80 158 45 14 45 139 67 41 67 119 71 134 50 134 116 95 23 99 1 101 174 27 0 53 110 188 35 26 63 165 173 165 42 137 156 76 81 19 151 19 81 47 43 33 4 5 
100
10 10
194 194
1 1
100 100
47 47
28 28
178 178
133 133
171 171
14 14
85 85
2 2
91 91
48 48
33 33
122 122
76 76
32 32
187 187
146 146
138 138
37 37
96 96
199 199
135 135
174 174
39 39
140 140
53 53
67 67
25 25
103 103
177 177
9 9
69 69
153 153
193 193
104 104
105 105
31 31
168 168
26 26
162 162
50 50
16 16
116 116
75 75
46 46
164 164
34 34
137 137
20 20
157 157
63 63
152 152
180 180
123 123
196 196
52 52
192 192
43 43
143 143
71 71
102 102
61 61
44 44
189 189
158 158
11 11
170 170
81 81
92 92
83 83
101 101
55 55
188 188
51 51
156 156
151 151
80 80
64 64
110 110
99 99
183 183
159 159
42 42
173 173
18 18
184 184
17 17
154 154
41 41
179 179
77 77
58 58
149 149
68 68
56 56
22 22
78 78
