DZA ALB ARG ALB AND ESP FIN FLK FIN AFG ABW AFG FIN ERI GGY BVT CAF COG GTM HMD GUM GRD GNQ GUY CUB GUY GRC BRA BLM BES BLM BFA BGD CYM CXR CZE CYP ASM ATF ATA DMA DJI DNK ARE DNK CUW DOM AUS DOM BHS BRB CAN CIV CHE COD BRN BEL BDI BEN BLR CCK CMR HKG GRL GLP GNB HND GEO GHA FSM ECU FRA FRO GBR DZA 
50
COD COD
FLK FLK
BRN BRN
DJI DJI
AND AND
FRO FRO
CAF CAF
HMD HMD
ARG ARG
GRD GRD
BHS BHS
HND HND
ALB ALB
BLM BLM
CCK CCK
GNQ GNQ
GLP GLP
CHE CHE
BGD BGD
GRC GRC
ATA ATA
FSM FSM
ARE ARE
BES BES
DOM DOM
FIN FIN
CUB CUB
COG COG
GHA GHA
GEO GEO
ABW ABW
CYM CYM
DNK DNK
BDI BDI
GBR GBR
BVT BVT
ATF ATF
ECU ECU
BRB BRB
CUW CUW
ERI ERI
FRA FRA
AUS AUS
CXR CXR
BFA BFA
BEN BEN
HKG HKG
CAN CAN
CZE CZE
BLR BLR
