COM NER MTQ NER MYT MUS DJI DMA RWA LUX LAO KNA CRI MLT PSE NRU CAF CIV BVT LKA KWT LTU LIE CPV MLI MEX SDN REU AFG REU GLP MDA HKG KAZ HKG GUM HTI CAN COK HND GRC HND MAR MAC MHL PAN JEY NFK ALA NFK NGA GMB NGA FSM FIN GAB FIN FSM GIN GBR FRA ESH ECU ESP GEO GHA GIB EGY MYS DZA MYS IRN IOT IRL NIC ABW NIC AUS ATG MWI ITA MWI CXR DEU CYP CZE NIU PLW PNG POL ARE ARM AND ALB QAT SGP RUS BLZ BLM BEN BMU BOL BHR BDI AZE BIH BHS BIH PRY MOZ PRY NPL MMR HMD HRV LCA KOR LBN JPN HUN PAK GNQ COD COG CHN SHN SGS NZL SGS LBR SGS KHM IDN COL COM 
100
CIV CIV
CAN CAN
HND HND
MOZ MOZ
ITA ITA
KOR KOR
NER NER
MYT MYT
REU REU
GRC GRC
LUX LUX
CXR CXR
LIE LIE
EGY EGY
MMR MMR
GNQ GNQ
PAN PAN
NPL NPL
SHN SHN
FRA FRA
ESP ESP
LKA LKA
BLM BLM
COG COG
GIB GIB
MAC MAC
MAR MAR
LBR LBR
KHM KHM
MEX MEX
ATG ATG
MDA MDA
IDN IDN
ARM ARM
DZA DZA
PRY PRY
SDN SDN
NRU NRU
GBR GBR
LBN LBN
MTQ MTQ
BDI BDI
DMA DMA
BHS BHS
NZL NZL
KNA KNA
GUM GUM
RUS RUS
COL COL
IRL IRL
AFG AFG
BEN BEN
COK COK
HKG HKG
NFK NFK
ESH ESH
ALB ALB
HRV HRV
HTI HTI
AZE AZE
HMD HMD
PNG PNG
SGS SGS
MLI MLI
PAK PAK
LAO LAO
GIN GIN
GEO GEO
KAZ KAZ
CYP CYP
FSM FSM
DEU DEU
POL POL
JEY JEY
CHN CHN
KWT KWT
ALA ALA
FIN FIN
CPV CPV
IRN IRN
HUN HUN
DJI DJI
AUS AUS
LTU LTU
ARE ARE
PSE PSE
ABW ABW
NIU NIU
BHR BHR
ECU ECU
IOT IOT
NIC NIC
GAB GAB
GMB GMB
JPN JPN
COD COD
BMU BMU
RWA RWA
CAF CAF
GHA GHA
