Donner Haste Wurster Providence Haas Phoenix Life Tallahassee Gilman Recreational Gayley Foothill Iowa Old Minnesota Ishi Illinois Topeka North McCone Optometry Helena Cyclotron Juneau Santa Donner 
25
Old Old
North North
Topeka Topeka
Foothill Foothill
Haas Haas
Cyclotron Cyclotron
Helena Helena
Providence Providence
Optometry Optometry
Life Life
Santa Santa
Minnesota Minnesota
Iowa Iowa
Juneau Juneau
Ishi Ishi
Illinois Illinois
Phoenix Phoenix
Gilman Gilman
Gayley Gayley
Recreational Recreational
McCone McCone
Wurster Wurster
Donner Donner
Haste Haste
Tallahassee Tallahassee
