LeonieHill TuasBay TanglinHalt Guilin GreenwoodPark Trafalgar Sentosa PasirRisPark SembawangSprings KampongGlam FarrerPark Frankel Semakau SungeiRoad KallangWay AnchorvaleBuangkok YioChuKang Boulevard YioChuKang MandaiWest BukitBatokCentral NorthCoast Springleaf PasirPanjang2 TanjongRhu GeylangBahru AirportRoad ChangiWest ClementiCentral YishunCentral Woodgrove PunggolTownCentre Townsville ChoaChuKangCentral LoyangEast YuhuaWestBoonLay TampinesWest Novena SingaporePolytechnic Novena Clementi Victoria SerangoonGarden Phillip Yishun BishanEast Ridout Changi CompassvaleTrafalgar ConeyIsland Gombak MonksHill Outram Sennett Kranji JurongWestCentral NeeSoon OrangeGrove DefuIndustrialPark Tyersall NeeSoon Shipyard KampongUbi SungeiKadut ChangiPoint LeonieHill 
50
Guilin Guilin
Trafalgar Trafalgar
Townsville Townsville
SerangoonGarden SerangoonGarden
Springleaf Springleaf
ClementiCentral ClementiCentral
Novena Novena
FarrerPark FarrerPark
SungeiKadut SungeiKadut
Boulevard Boulevard
MonksHill MonksHill
AirportRoad AirportRoad
KallangWay KallangWay
Shipyard Shipyard
YuhuaWestBoonLay YuhuaWestBoonLay
YioChuKang YioChuKang
SungeiRoad SungeiRoad
TuasBay TuasBay
Phillip Phillip
TampinesWest TampinesWest
Sennett Sennett
SembawangSprings SembawangSprings
Kranji Kranji
Victoria Victoria
Ridout Ridout
BishanEast BishanEast
Yishun Yishun
MandaiWest MandaiWest
PasirPanjang2 PasirPanjang2
NorthCoast NorthCoast
Semakau Semakau
PunggolTownCentre PunggolTownCentre
Outram Outram
Sentosa Sentosa
OrangeGrove OrangeGrove
TanglinHalt TanglinHalt
NeeSoon NeeSoon
BukitBatokCentral BukitBatokCentral
ChoaChuKangCentral ChoaChuKangCentral
ConeyIsland ConeyIsland
AnchorvaleBuangkok AnchorvaleBuangkok
JurongWestCentral JurongWestCentral
Tyersall Tyersall
KampongGlam KampongGlam
GreenwoodPark GreenwoodPark
SingaporePolytechnic SingaporePolytechnic
Woodgrove Woodgrove
DefuIndustrialPark DefuIndustrialPark
ChangiWest ChangiWest
LoyangEast LoyangEast
