BukitBatokEast LeonieHill RiverValley Hillcrest Bayshore ChoaChuKang NeeSoon AirportRoad Tyersall JooKoon Sembawang GhimMoh SimpangNorth TanjongPagar CityHall Springleaf SwissClub Frankel Tengeh Safti GaliBatuMandai LowerSeletar DowntownCore Gombak Redhill PearlsHill Sudong SungeiRoad Simei TiongBahruStation BukitBatokEast 
25
Frankel Frankel
SungeiRoad SungeiRoad
Simei Simei
Redhill Redhill
GaliBatuMandai GaliBatuMandai
Tengeh Tengeh
RiverValley RiverValley
SimpangNorth SimpangNorth
NeeSoon NeeSoon
JooKoon JooKoon
DowntownCore DowntownCore
SwissClub SwissClub
ChoaChuKang ChoaChuKang
GhimMoh GhimMoh
Hillcrest Hillcrest
LowerSeletar LowerSeletar
LeonieHill LeonieHill
Sudong Sudong
PearlsHill PearlsHill
Safti Safti
TanjongPagar TanjongPagar
Tyersall Tyersall
TiongBahruStation TiongBahruStation
CityHall CityHall
Sembawang Sembawang
