YuhuaEast Sennett SerangoonGarden SingaporeRiver ChinaSquare SerangoonNorth TagoreSindo Sembawang EastCoast Sentosa TelokBlangahRise KampongUbi Brickworks Serangoon Trafalgar OrangeGrove PeoplesPark BayfrontSubzone SungeiKadut HougangCentral DefuIndustrialPark ChoaChuKang JurongRiver Saujana BoatQuay Aljunied YioChuKang WaterwayEast SungeiRoad Commonwealth KentRidge Commonwealth Chatsworth InstitutionHill LoyangEast Kembangan LoyangEast TuasNorthPioneer WestCoast SouthernIslands HongKahNorth KeatHong Dunearn SembawangHills Dunearn UluPandan YioChuKangEast PulauPunggolTimor ReservoirView EvertonPark ClementiNorth Mountbatten Northland WoodlandsWest BukitBatokSouth PasirPanjang2 SerangoonCentral Khatib SimpangNorth Paterson SimpangNorth AlexandraNorth Port BukitTimah AngMoKioTownCentre ChangiPoint Cairnhill DhobyGhaut BukitBatokWest PengSiang Tampines KebunBahru PasirPanjang1 RochorCanal Boulevard MandaiEast PearlsHill LowerSeletar BoonLayPlace OneNorth JurongWestCentral PasirRisDrive TohGuan PayaLebarEast Museum Moulmein GeylangEast PunggolField TuasBay TiongBahru TuasPromenade Tanglin JooSengPayaLebar JurongPort PeiChun DairyFarm PangSua Kranji MandaiWest NatureReserve ChangiWest NatureReserve TampinesNorth HougangEast IstanaNegara BedokNorth UpperThomson HongKah OneTreeHill SembawangStraits Shipyard PasirRisPark BedokSouth RafflesPlace BenoiSector Punggol Matilda Geylang Mandai PasirRis CityHall TelokBlangahDrive YuhuaEast 
100
Northland Northland
HongKah HongKah
AngMoKioTownCentre AngMoKioTownCentre
SerangoonNorth SerangoonNorth
Paterson Paterson
Punggol Punggol
YioChuKang YioChuKang
KentRidge KentRidge
Commonwealth Commonwealth
KeatHong KeatHong
HongKahNorth HongKahNorth
BedokNorth BedokNorth
Serangoon Serangoon
OneTreeHill OneTreeHill
EastCoast EastCoast
Sennett Sennett
WaterwayEast WaterwayEast
SungeiKadut SungeiKadut
TuasPromenade TuasPromenade
Museum Museum
Mountbatten Mountbatten
PayaLebarEast PayaLebarEast
LowerSeletar LowerSeletar
BedokSouth BedokSouth
SembawangStraits SembawangStraits
TuasNorthPioneer TuasNorthPioneer
CityHall CityHall
TelokBlangahRise TelokBlangahRise
SungeiRoad SungeiRoad
SimpangNorth SimpangNorth
IstanaNegara IstanaNegara
HougangCentral HougangCentral
PasirRisDrive PasirRisDrive
PangSua PangSua
Trafalgar Trafalgar
Tampines Tampines
BenoiSector BenoiSector
ChoaChuKang ChoaChuKang
Moulmein Moulmein
TiongBahru TiongBahru
BukitBatokSouth BukitBatokSouth
PasirRis PasirRis
TagoreSindo TagoreSindo
Shipyard Shipyard
JurongPort JurongPort
ClementiNorth ClementiNorth
GeylangEast GeylangEast
Khatib Khatib
Matilda Matilda
Brickworks Brickworks
BukitBatokWest BukitBatokWest
Aljunied Aljunied
SerangoonGarden SerangoonGarden
SerangoonCentral SerangoonCentral
PearlsHill PearlsHill
SembawangHills SembawangHills
SingaporeRiver SingaporeRiver
PasirRisPark PasirRisPark
BoatQuay BoatQuay
BoonLayPlace BoonLayPlace
EvertonPark EvertonPark
AlexandraNorth AlexandraNorth
PeiChun PeiChun
PunggolField PunggolField
Sentosa Sentosa
InstitutionHill InstitutionHill
TohGuan TohGuan
DhobyGhaut DhobyGhaut
ReservoirView ReservoirView
JooSengPayaLebar JooSengPayaLebar
DairyFarm DairyFarm
PulauPunggolTimor PulauPunggolTimor
Tanglin Tanglin
Saujana Saujana
UluPandan UluPandan
TampinesNorth TampinesNorth
TuasBay TuasBay
Geylang Geylang
Cairnhill Cairnhill
Sembawang Sembawang
WoodlandsWest WoodlandsWest
OneNorth OneNorth
Mandai Mandai
YioChuKangEast YioChuKangEast
Port Port
DefuIndustrialPark DefuIndustrialPark
UpperThomson UpperThomson
ChinaSquare ChinaSquare
JurongWestCentral JurongWestCentral
PeoplesPark PeoplesPark
MandaiEast MandaiEast
ChangiWest ChangiWest
BayfrontSubzone BayfrontSubzone
KebunBahru KebunBahru
Kembangan Kembangan
OrangeGrove OrangeGrove
ChangiPoint ChangiPoint
SouthernIslands SouthernIslands
RochorCanal RochorCanal
Chatsworth Chatsworth
