0 50 83 17 83 50 0 61 94 28 94 61 0 46 79 13 79 46 0 43 76 10 76 43 0 35 68 2 68 35 0 58 91 25 91 58 0 57 90 24 90 57 0 47 80 14 80 47 0 55 88 22 88 55 0 63 96 30 96 63 0 56 89 23 89 56 0 39 72 6 72 39 0 51 84 18 84 51 0 60 93 27 93 60 0 37 70 4 70 37 0 49 82 16 82 49 0 64 97 31 97 64 0 40 73 7 73 40 0 53 86 20 86 53 0 59 92 26 92 59 0 36 69 3 69 36 0 54 87 21 87 54 0 34 67 1 67 34 0 41 74 8 74 41 0 45 78 12 78 45 0 48 81 15 81 48 0 62 95 29 95 62 0 65 98 32 98 65 0 66 99 33 99 66 0 52 85 19 85 52 0 42 75 9 75 42 0 38 71 5 71 38 0 44 77 11 77 44 0 
33
1 1
2 2
3 3
4 4
5 5
6 6
7 7
8 8
9 9
10 10
11 11
12 12
13 13
14 14
15 15
16 16
17 17
18 18
19 19
20 20
21 21
22 22
23 23
24 24
25 25
26 26
27 27
28 28
29 29
30 30
31 31
32 32
33 33
