Qwilfish Drampa Gengar Munna Swadloon Tauros Amoonguss Dewpider Froakie Bounsweet Yungoos Magnemite Skorupi Skiddo Phanpy Lotad Metang Slurpuff Inkay Vespiquen Weezing Metapod Jumpluff Plusle Wailord Xerneas Shellos Magmar Volcarona Steenee Wartortle Zekrom Conkeldurr Stufful Whismur Bastiodon Shellder Tsareena Paras Taillow Drapion Vullaby Porygon2 Crawdaunt Woobat Escavalier Weepinbell Lumineon Comfey Nincada Seaking Treecko Kakuna Honedge Noibat Tornadus Politoed Terrakion Scatterbug Meloetta Sandile Simisear Slowbro Tropius Qwilfish 
64
Qwilfish Qwilfish
Simisear Simisear
Phanpy Phanpy
Terrakion Terrakion
Drapion Drapion
Meloetta Meloetta
Volcarona Volcarona
Slurpuff Slurpuff
Skiddo Skiddo
Politoed Politoed
Tropius Tropius
Sandile Sandile
Magmar Magmar
Metang Metang
Taillow Taillow
Porygon2 Porygon2
Slowbro Slowbro
Drampa Drampa
Noibat Noibat
Lotad Lotad
Scatterbug Scatterbug
Vullaby Vullaby
Inkay Inkay
Steenee Steenee
Tornadus Tornadus
Skorupi Skorupi
Dewpider Dewpider
Shellos Shellos
Metapod Metapod
Wartortle Wartortle
Crawdaunt Crawdaunt
Paras Paras
Froakie Froakie
Nincada Nincada
Gengar Gengar
Honedge Honedge
Amoonguss Amoonguss
Tsareena Tsareena
Jumpluff Jumpluff
Vespiquen Vespiquen
Munna Munna
Kakuna Kakuna
Magnemite Magnemite
Whismur Whismur
Xerneas Xerneas
Weezing Weezing
Zekrom Zekrom
Woobat Woobat
Comfey Comfey
Bounsweet Bounsweet
Seaking Seaking
Tauros Tauros
Weepinbell Weepinbell
Stufful Stufful
Shellder Shellder
Plusle Plusle
Treecko Treecko
Swadloon Swadloon
Lumineon Lumineon
Yungoos Yungoos
Bastiodon Bastiodon
Wailord Wailord
Escavalier Escavalier
Conkeldurr Conkeldurr
