Qwilfish Drampa Gengar Bounsweet Froakie Magnemite Comfey Nincada Shellos Magmar Volcarona Vullaby Porygon2 Meloetta Scatterbug Taillow Drapion Lotad Amoonguss Crawdaunt Weezing Plusle Wailord Tauros Swadloon Munna Seaking Treecko Kakuna Honedge Weepinbell Escavalier Woobat Stufful Conkeldurr Stufful Whismur Bastiodon Shellder Vespiquen Inkay Slurpuff Metang Steenee Jumpluff Metapod Sandile Simisear Noibat Skiddo Skorupi Tropius Qwilfish 
50
Volcarona Volcarona
Meloetta Meloetta
Gengar Gengar
Whismur Whismur
Qwilfish Qwilfish
Simisear Simisear
Metapod Metapod
Woobat Woobat
Sandile Sandile
Steenee Steenee
Nincada Nincada
Swadloon Swadloon
Tauros Tauros
Drapion Drapion
Scatterbug Scatterbug
Vullaby Vullaby
Porygon2 Porygon2
Escavalier Escavalier
Vespiquen Vespiquen
Crawdaunt Crawdaunt
Seaking Seaking
Magnemite Magnemite
Magmar Magmar
Munna Munna
Skorupi Skorupi
Stufful Stufful
Bastiodon Bastiodon
Noibat Noibat
Weezing Weezing
Froakie Froakie
Taillow Taillow
Metang Metang
Weepinbell Weepinbell
Drampa Drampa
Bounsweet Bounsweet
Slurpuff Slurpuff
Honedge Honedge
Plusle Plusle
Treecko Treecko
Shellder Shellder
Inkay Inkay
Lotad Lotad
Conkeldurr Conkeldurr
Shellos Shellos
Skiddo Skiddo
Amoonguss Amoonguss
Wailord Wailord
Comfey Comfey
Jumpluff Jumpluff
Kakuna Kakuna
