Myrtle Albany Albuquerque Kissimmee Miramar Chicago Lansing Lorain Harlingen Houma Leominster Appleton Nashua Moreno Merced Bradenton Hemet Dallas Chandler Cathedral Bridgeport GreenBay Corpus Cedar Hollywood Davidson Hartford Abilene Aribel Grays Erie Huntsville Cary Champaign Kansas Medford Bloomington Muskegon Huntington Plen Montgomery Baltimore Brownsville Mobile Barnstable Macon Lexington Minneapolis Alexandria Deltona Joliet Myrtle 
50
Hartford Hartford
Joliet Joliet
Barnstable Barnstable
Dallas Dallas
Grays Grays
Muskegon Muskegon
Merced Merced
Erie Erie
Chicago Chicago
Hollywood Hollywood
Hemet Hemet
Cary Cary
Bridgeport Bridgeport
Harlingen Harlingen
Macon Macon
Cedar Cedar
Plen Plen
Bradenton Bradenton
Bloomington Bloomington
Brownsville Brownsville
Albuquerque Albuquerque
Lorain Lorain
Nashua Nashua
Miramar Miramar
Kissimmee Kissimmee
Montgomery Montgomery
Davidson Davidson
Leominster Leominster
Minneapolis Minneapolis
Lexington Lexington
GreenBay GreenBay
Aribel Aribel
Baltimore Baltimore
Albany Albany
Abilene Abilene
Kansas Kansas
Chandler Chandler
Mobile Mobile
Champaign Champaign
Appleton Appleton
Cathedral Cathedral
Lansing Lansing
Corpus Corpus
Deltona Deltona
Huntsville Huntsville
Houma Houma
Medford Medford
Huntington Huntington
Alexandria Alexandria
Moreno Moreno
