Soda EtcheverryHall WicksonNaturalArea Emeryville SproulPlaza AnthonyHall HertzHall Unit1 BancroftLibrary EastGate Belmont ChouHall StadiumRimWay HearstMiningCircle WursterHall Fairfield SanRafael Albany Unit3 Hayward Saratoga BlumHall Cory WestCircle KroeberHall WheelerHall GoldmanField GilmanHall HearstGreekTheatre CalvinLaboratory PimentelHall BarkerHall Piedmont NorthGateHall HargroveMusicLibrary DonnerLab LewisHall WestGate FrankSchlessingerWay Brisbane Oakley Orinda GiauqueHall Alameda Pittsburg SatherTower KleebergerFieldHouse StHelena MinorHallAddition FoundersRock EvansHall SanRamon Hillsborough Pacifica LowerSproulPlaza WellmanHall SternHall WomenFacultyClub Healdsburg ZellerbachHall MulfordHall ZellerbachPlayhouse Benicia SanPablo IshiCourt ClarkKerrCampus Campanile Insectary ClearyHall Pinole MartinezCommons Soda 
70
Campanile Campanile
GiauqueHall GiauqueHall
ClearyHall ClearyHall
IshiCourt IshiCourt
Fairfield Fairfield
StadiumRimWay StadiumRimWay
LowerSproulPlaza LowerSproulPlaza
ZellerbachPlayhouse ZellerbachPlayhouse
SatherTower SatherTower
ZellerbachHall ZellerbachHall
AnthonyHall AnthonyHall
ClarkKerrCampus ClarkKerrCampus
Healdsburg Healdsburg
Pinole Pinole
DonnerLab DonnerLab
SanPablo SanPablo
Saratoga Saratoga
EtcheverryHall EtcheverryHall
NorthGateHall NorthGateHall
Brisbane Brisbane
Belmont Belmont
HearstMiningCircle HearstMiningCircle
PimentelHall PimentelHall
BancroftLibrary BancroftLibrary
KroeberHall KroeberHall
KleebergerFieldHouse KleebergerFieldHouse
Oakley Oakley
GilmanHall GilmanHall
SternHall SternHall
WheelerHall WheelerHall
WestCircle WestCircle
ChouHall ChouHall
HargroveMusicLibrary HargroveMusicLibrary
HertzHall HertzHall
LewisHall LewisHall
GoldmanField GoldmanField
EvansHall EvansHall
MartinezCommons MartinezCommons
Insectary Insectary
Unit1 Unit1
HearstGreekTheatre HearstGreekTheatre
Pittsburg Pittsburg
FoundersRock FoundersRock
EastGate EastGate
Pacifica Pacifica
Benicia Benicia
Piedmont Piedmont
Cory Cory
MinorHallAddition MinorHallAddition
Orinda Orinda
Alameda Alameda
Hayward Hayward
Albany Albany
SanRamon SanRamon
WursterHall WursterHall
BlumHall BlumHall
Emeryville Emeryville
WellmanHall WellmanHall
BarkerHall BarkerHall
WicksonNaturalArea WicksonNaturalArea
StHelena StHelena
SanRafael SanRafael
Hillsborough Hillsborough
SproulPlaza SproulPlaza
WomenFacultyClub WomenFacultyClub
FrankSchlessingerWay FrankSchlessingerWay
WestGate WestGate
CalvinLaboratory CalvinLaboratory
Unit3 Unit3
MulfordHall MulfordHall
