Soda Jacobs HaasPavilion GreekTheatre EshlemanHall EyeCenter LeConteHall MLK Lawrence MLK MemorialGlade LowerSproul Soda SeniorHall WursterHall TangCenter SproulPlaza SutardjaDaiHall Unit1 SutardjaDaiHall TangCenter SeniorHall Soda SatherTower SatherRd RSF MorganHall MorrisonHall MosesHall MulfordHall NorthField SatherGate SatherTower Soda Campanile BarrowLane Dwinelle BarkerHall BanwayBldg AlumniHouse BarrowsHall CampbellHall CareerCenter CampbellHall BarrowsHall AlumniHouse Soda 
18
Campanile Campanile
CareerCenter CareerCenter
BarkerHall BarkerHall
Dwinelle Dwinelle
EyeCenter EyeCenter
Jacobs Jacobs
LeConteHall LeConteHall
MemorialGlade MemorialGlade
MLK MLK
Lawrence Lawrence
MorrisonHall MorrisonHall
MorganHall MorganHall
MulfordHall MulfordHall
SatherRd SatherRd
SproulPlaza SproulPlaza
SutardjaDaiHall SutardjaDaiHall
Unit1 Unit1
WursterHall WursterHall
