BerkeleyArtMuseumand LawSchool BancroftLibrary SatherTower FallProgramforFreshm SpiekerAquaticsCompl MulfordHall LawrenceHallofScienc UniversityHouse IRLE EvansDiamond Demography Library AlumniHouse PublicAffairsOfficeo MorrisonHall McLaughlinHall FacultyGlade Sebastians SutardjaDaiHall GolbousPlace UniversityHealthServ StanleyHall GraduateTheologicalU EllsworthParkingStru LawrenceBerkeleyNati KoretVisitorCenter MathematicalSciences MartinezCommons GoldmanField EnergyBiosciencesBui BowlesHall ManvilleHall CaliforniaHall BanwayBuilding AHammock WellmanHall EastAsianStudiesInst FoxCottage2350Bowdit LowerHearstParkingSt InternationalHouse Unit1ResidentHall SimonHall MaxwellFamilyFieldan MagnesCollectionofJe NaturalResourcesLabo ZellerbachHall InvestigativeReporti EdwardsTrackStadiumG GianniniHall CesarEChavezStudentC HenryHWheelerBrainIm FacultyClub ClarkKerrCampus LeConteHall HearstMemorialMining CheitHall UpperHearstParkingSt MosesHall EvansHall CoryHall ObservatoryHill PacificFilmArchiveBe LatinAmericanStudies SimpsonCenterforStud InsectaryGreenhouse AcademicInnovationSt MariesHouse NorthField KoshlandHall HavilandHall BancroftDanceStudio LiKaShingCenter BarrowsHall AnthonyHall McConeHall HaasSchoolofBusiness ChancellorsEsplanade WarrenHall CareerCenter ArchitectsEngineersA LegendsAquaticCenter BerkeleyArtMuseumand 
82
FoxCottage2350Bowdit FoxCottage2350Bowdit
MartinezCommons MartinezCommons
FallProgramforFreshm FallProgramforFreshm
AnthonyHall AnthonyHall
GoldmanField GoldmanField
SimpsonCenterforStud SimpsonCenterforStud
PublicAffairsOfficeo PublicAffairsOfficeo
BowlesHall BowlesHall
BancroftLibrary BancroftLibrary
McConeHall McConeHall
CesarEChavezStudentC CesarEChavezStudentC
LeConteHall LeConteHall
MaxwellFamilyFieldan MaxwellFamilyFieldan
KoshlandHall KoshlandHall
GianniniHall GianniniHall
BancroftDanceStudio BancroftDanceStudio
CareerCenter CareerCenter
HavilandHall HavilandHall
MariesHouse MariesHouse
SutardjaDaiHall SutardjaDaiHall
ObservatoryHill ObservatoryHill
KoretVisitorCenter KoretVisitorCenter
StanleyHall StanleyHall
Demography Demography
HearstMemorialMining HearstMemorialMining
AlumniHouse AlumniHouse
EnergyBiosciencesBui EnergyBiosciencesBui
PacificFilmArchiveBe PacificFilmArchiveBe
NorthField NorthField
ArchitectsEngineersA ArchitectsEngineersA
InsectaryGreenhouse InsectaryGreenhouse
BanwayBuilding BanwayBuilding
MulfordHall MulfordHall
MagnesCollectionofJe MagnesCollectionofJe
FacultyGlade FacultyGlade
WarrenHall WarrenHall
GraduateTheologicalU GraduateTheologicalU
SpiekerAquaticsCompl SpiekerAquaticsCompl
MosesHall MosesHall
EvansHall EvansHall
ManvilleHall ManvilleHall
BarrowsHall BarrowsHall
EvansDiamond EvansDiamond
HaasSchoolofBusiness HaasSchoolofBusiness
EdwardsTrackStadiumG EdwardsTrackStadiumG
LegendsAquaticCenter LegendsAquaticCenter
FacultyClub FacultyClub
InternationalHouse InternationalHouse
MathematicalSciences MathematicalSciences
GolbousPlace GolbousPlace
LawSchool LawSchool
LatinAmericanStudies LatinAmericanStudies
IRLE IRLE
EastAsianStudiesInst EastAsianStudiesInst
Unit1ResidentHall Unit1ResidentHall
UniversityHouse UniversityHouse
CaliforniaHall CaliforniaHall
SimonHall SimonHall
ClarkKerrCampus ClarkKerrCampus
MorrisonHall MorrisonHall
EllsworthParkingStru EllsworthParkingStru
NaturalResourcesLabo NaturalResourcesLabo
BerkeleyArtMuseumand BerkeleyArtMuseumand
Sebastians Sebastians
CheitHall CheitHall
LawrenceHallofScienc LawrenceHallofScienc
LawrenceBerkeleyNati LawrenceBerkeleyNati
McLaughlinHall McLaughlinHall
Library Library
LiKaShingCenter LiKaShingCenter
WellmanHall WellmanHall
CoryHall CoryHall
SatherTower SatherTower
ZellerbachHall ZellerbachHall
AHammock AHammock
UpperHearstParkingSt UpperHearstParkingSt
InvestigativeReporti InvestigativeReporti
LowerHearstParkingSt LowerHearstParkingSt
AcademicInnovationSt AcademicInnovationSt
ChancellorsEsplanade ChancellorsEsplanade
HenryHWheelerBrainIm HenryHWheelerBrainIm
UniversityHealthServ UniversityHealthServ
