a fz ev c ab df ak ey em bz bc br cb ee o w cq bf dv p eg h fd bv ck by ci cl bl bi bm ep j eq fb gh gb ex cv al u aj ar cu fl dg fn e ew fa b ap ct fv fr dj fs ga et ea ah ae ed gn ec l er dq t du an cs az bb aw do y de ag aa dm cd ch ff cp bd eu dx m dt k en dn fg gl fh gp fu gm fy a 
100
aj aj
fl fl
et et
aw aw
ci ci
fy fy
fn fn
w w
ec ec
eu eu
ae ae
ey ey
cv cv
ep ep
aa aa
de de
em em
m m
bl bl
gn gn
dq dq
az az
ex ex
u u
en en
df df
ee ee
dm dm
y y
du du
dt dt
ff ff
cl cl
e e
bi bi
fb fb
dx dx
bd bd
ct ct
bc bc
ga ga
eq eq
eg eg
dg dg
p p
ag ag
bm bm
gl gl
b b
ck ck
fh fh
ap ap
fa fa
cs cs
fz fz
l l
do do
cu cu
fv fv
ev ev
ar ar
er er
ea ea
a a
fd fd
t t
h h
fr fr
ew ew
c c
cq cq
ak ak
al al
fg fg
j j
fu fu
gp gp
bv bv
gh gh
dn dn
o o
ah ah
dj dj
gb gb
br br
cd cd
k k
gm gm
ch ch
fs fs
by by
bf bf
ed ed
an an
cp cp
cb cb
bz bz
ab ab
bb bb
dv dv
