Fizz Viktor Nasus Yorick Slark Vi Kayn Irelia Ryze Visage Chen Lucian Morphling Ziggs Fiddlesticks BountyHunter Venomancer Syndra Nunu Jinx Rengar Leona Trundle ShadowDemon CentaurWarrunner Magnus Kassadin LoneDruid Oracle Sniper Annie Heimerdinger Azir Xayah Kled Orianna Sona Jayce Karma LeBlanc ShadowFiend Brewmaster Tristana Puck SpiritBreaker Cassiopeia TahmKench TrollWarlord Huskar Warlock Undying Janna JarvanIV Pantheon DeathProphet Timbersaw Singed Techies Zilean StormSpirit Amumu Gragas Katarina Nidalee Kennen Vladimir Rubick Rumble Zed FacelessVoid Beastmaster Tiny Talon Terrorblade Omniknight WinterWyvern Ekko Thresh Weaver Sven Slardar Medusa ShadowShaman NightStalker Quinn KhaZix Mirana VelKoz Bane Fizz 
89
Thresh Thresh
Heimerdinger Heimerdinger
Huskar Huskar
Sven Sven
Nasus Nasus
Medusa Medusa
Tiny Tiny
Katarina Katarina
Terrorblade Terrorblade
KhaZix KhaZix
Slardar Slardar
Kassadin Kassadin
Gragas Gragas
Kennen Kennen
CentaurWarrunner CentaurWarrunner
Sniper Sniper
WinterWyvern WinterWyvern
Nidalee Nidalee
NightStalker NightStalker
Annie Annie
Singed Singed
Quinn Quinn
Ekko Ekko
Venomancer Venomancer
Karma Karma
Omniknight Omniknight
StormSpirit StormSpirit
BountyHunter BountyHunter
Warlock Warlock
Weaver Weaver
ShadowFiend ShadowFiend
DeathProphet DeathProphet
Fiddlesticks Fiddlesticks
Janna Janna
Undying Undying
Rengar Rengar
Fizz Fizz
Magnus Magnus
Visage Visage
TrollWarlord TrollWarlord
Kled Kled
Jinx Jinx
Syndra Syndra
Sona Sona
Azir Azir
LoneDruid LoneDruid
Zed Zed
Rubick Rubick
Morphling Morphling
Irelia Irelia
Techies Techies
Beastmaster Beastmaster
FacelessVoid FacelessVoid
VelKoz VelKoz
LeBlanc LeBlanc
Amumu Amumu
Pantheon Pantheon
ShadowDemon ShadowDemon
Puck Puck
SpiritBreaker SpiritBreaker
Bane Bane
Yorick Yorick
Vladimir Vladimir
Ryze Ryze
Mirana Mirana
Slark Slark
Orianna Orianna
Trundle Trundle
JarvanIV JarvanIV
Timbersaw Timbersaw
Jayce Jayce
Ziggs Ziggs
Tristana Tristana
Xayah Xayah
Cassiopeia Cassiopeia
Chen Chen
Viktor Viktor
Leona Leona
Oracle Oracle
Lucian Lucian
Vi Vi
Nunu Nunu
Brewmaster Brewmaster
ShadowShaman ShadowShaman
Talon Talon
Rumble Rumble
Zilean Zilean
TahmKench TahmKench
Kayn Kayn
