0 7 8 10 26 28 30 31 14 47 46 91 43 80 88 80 43 91 46 47 14 13 12 73 69 65 69 73 12 28 29 34 38 34 29 30 31 14 47 45 42 45 47 14 31 30 29 35 39 37 84 37 39 35 29 28 26 10 9 24 9 10 26 28 26 10 9 24 23 24 9 10 26 28 30 31 14 15 16 15 14 31 30 28 26 10 8 74 66 62 58 56 52 55 52 56 58 62 66 74 8 10 72 67 63 59 57 59 63 67 72 10 26 28 29 28 26 10 72 67 63 67 72 10 8 74 66 62 66 74 8 10 26 28 12 73 69 65 61 65 69 73 12 28 26 10 8 74 66 62 58 56 52 55 54 55 52 56 58 62 66 74 8 10 26 28 30 33 36 33 30 31 14 15 16 99 16 15 14 31 30 29 34 38 75 95 75 38 34 29 28 26 10 9 7 0 21 0 7 9 10 26 28 29 34 38 75 95 96 97 98 97 96 95 75 38 34 29 30 31 14 15 16 99 85 99 16 15 14 31 30 28 26 10 72 67 72 10 11 71 11 10 26 28 30 31 14 47 48 49 50 93 89 93 50 49 48 47 14 31 30 29 34 38 75 95 96 97 96 95 75 38 34 29 30 31 14 47 46 91 43 80 88 94 88 80 43 91 46 47 14 31 30 28 26 10 11 71 68 64 68 71 11 10 26 28 30 31 14 47 46 91 46 47 14 31 30 29 34 38 75 95 96 95 75 38 34 29 30 31 14 13 14 47 46 91 43 44 43 91 46 47 14 31 30 28 26 10 11 71 68 71 11 12 73 69 65 70 65 69 73 12 13 14 47 48 49 92 49 48 47 14 13 12 73 12 30 33 41 81 79 81 41 33 36 35 39 37 84 87 82 87 84 37 39 35 29 30 31 14 15 16 99 78 99 16 15 14 31 30 28 27 77 27 28 26 10 9 7 0 1 0 7 9 10 26 28 30 31 14 15 76 15 14 31 30 28 26 10 9 10 26 28 30 31 14 47 48 49 92 90 92 49 48 47 14 31 30 28 26 10 8 74 8 10 26 28 29 35 39 35 36 33 41 33 30 31 14 47 45 47 48 49 48 47 14 31 30 28 26 10 8 74 66 62 58 56 52 55 54 53 54 55 52 56 58 62 66 74 8 10 26 28 30 31 14 47 48 49 50 49 48 47 14 31 30 28 26 10 8 74 66 62 58 56 52 56 58 62 66 74 8 10 26 28 29 35 39 37 39 35 29 28 26 10 11 71 68 64 60 64 68 71 11 10 26 28 30 31 40 31 30 28 26 10 9 7 0 2 3 4 5 6 5 4 3 2 0 7 25 7 9 10 26 28 30 31 14 47 46 91 43 80 43 91 46 47 14 31 30 28 26 10 9 7 0 22 0 7 9 10 26 28 30 31 14 17 14 31 32 31 14 47 45 42 86 42 45 47 48 49 92 90 44 43 91 46 91 43 91 46 47 14 31 30 33 41 81 41 33 30 31 14 17 18 19 20 19 18 17 14 31 30 29 34 29 30 28 27 28 30 31 14 15 14 13 12 73 69 73 12 28 29 34 38 75 95 96 97 98 83 82 87 84 37 39 35 29 28 26 10 11 71 68 64 60 51 57 59 63 67 72 10 8 74 66 62 58 56 58 62 66 74 8 7 0 2 0 7 0 
20
0 0 1 2 7 8 9 10 11 12 13 14 15 16 17 24 25 26 27 28 29 30 31 32 33 34 35 36 37 38 39 40 41 45 47 48 49 50 51 52 54 55 56 57 58 59 60 61 62 63 64 65 66 67 68 69 70 71 72 73 74 75 77 82 84 87 89 90 92 93 95 96 97 98 99
3 3
4 4
5 5
6 6
18 18
19 19
20 20
21 21
22 22
23 23
45 42 86
46 43 44 80 88 94
10 46 81
53 53
15 76
78 78
30 79 91
37 83
85 85
