6 199 196 191 190 194 197 198 199 189 180 185 186 184 181 187 182 189 172 177 178 170 179 176 172 168 164 168 163 167 166 168 158 150 157 150 153 154 152 159 158 143 146 147 144 149 145 148 143 133 132 138 137 130 134 139 133 124 125 120 128 129 123 126 124 111 113 118 115 112 114 111 103 105 106 109 107 102 101 105 103 96 90 95 97 98 94 96 80 88 85 80 87 81 80 73 77 75 79 72 78 74 73 67 62 63 60 65 69 67 55 57 58 51 50 59 51 55 42 40 41 46 48 44 42 30 31 30 38 36 38 39 30 24 26 23 20 21 20 24 11 18 10 19 16 14 13 15 11 6 2 7 8 0 4 1 6 
92
8 8
4 4
1 1
7 7
0 0
10 10
15 15
18 18
19 19
14 14
23 23
20 20
21 21
26 26
39 39
36 36
31 31
38 38
46 46
41 41
40 40
48 48
50 50
57 57
51 51
59 59
62 62
63 63
65 65
69 69
60 60
77 77
78 78
75 75
79 79
74 74
87 87
88 88
85 85
81 81
97 97
90 90
98 98
95 95
106 106
109 109
105 105
101 101
107 107
112 112
118 118
113 113
115 115
114 114
120 120
126 126
125 125
129 129
128 128
137 137
139 139
132 132
130 130
134 134
148 148
146 146
145 145
149 149
144 144
153 153
150 150
152 152
157 157
167 167
164 164
163 163
166 166
176 176
170 170
178 178
177 177
179 179
182 182
181 181
186 186
187 187
185 185
191 191
194 194
198 198
190 190
196 196
