0 97 0 47 0 51 0 89 0 5 0 41 0 25 0 95 0 49 0 59 0 37 0 31 0 15 0 21 0 65 0 75 0 69 0 33 0 9 0 39 0 27 0 29 0 91 0 17 0 81 0 11 0 85 0 19 0 55 0 35 0 87 0 7 0 99 0 3 0 61 0 63 0 57 0 1 0 67 0 73 0 53 0 71 0 77 0 13 0 79 0 45 0 43 0 93 0 23 0 83 0 
50
1 1
3 3
5 5
7 7
9 9
11 11
13 13
15 15
17 17
19 19
21 21
23 23
25 25
27 27
29 29
31 31
33 33
35 35
37 37
39 39
41 41
43 43
45 45
47 47
49 49
51 51
53 53
55 55
57 57
59 59
61 61
63 63
65 65
67 67
69 69
71 71
73 73
75 75
77 77
79 79
81 81
83 83
85 85
87 87
89 89
91 91
93 93
95 95
97 97
99 99
