0 143 135 138 131 142 148 146 145 4 12 7 76 104 110 105 113 114 118 40 34 39 36 44 49 55 62 67 70 69 75 68 73 77 78 85 83 84 86 81 82 80 119 123 125 120 122 127 15 22 16 23 141 137 64 56 60 65 66 31 33 27 35 43 42 45 53 51 47 109 24 25 28 30 29 32 26 19 18 11 10 13 5 8 9 133 132 128 134 93 95 97 89 94 98 96 101 117 111 108 0 
100
73 73
18 18
118 118
78 78
76 76
31 31
64 64
141 141
68 68
82 82
110 110
12 12
36 36
9 9
19 19
56 56
104 104
69 69
55 55
132 132
29 29
127 127
26 26
128 128
131 131
145 145
108 108
143 143
45 45
30 30
22 22
15 15
65 65
11 11
42 42
146 146
51 51
27 27
4 4
32 32
142 142
85 85
86 86
16 16
10 10
81 81
133 133
137 137
75 75
109 109
96 96
105 105
66 66
0 0
122 122
67 67
28 28
40 40
44 44
60 60
123 123
24 24
25 25
23 23
94 94
39 39
95 95
117 117
47 47
97 97
113 113
33 33
138 138
101 101
62 62
84 84
148 148
53 53
5 5
93 93
111 111
49 49
35 35
80 80
77 77
34 34
114 114
7 7
43 43
70 70
98 98
120 120
83 83
134 134
135 135
89 89
8 8
13 13
119 119
125 125
