Liam Evan Jude Zachary Hunter Thomas Hunter Isaiah Andrew Oliver Andrew Logan Nolan Elijah Adrian Elijah Nolan Ryan Xavier Steven James Isaac James Steven Sawyer Eli Tyler Marcus Parker Marcus Dawson Alejandro Ian Alejandro Dawson Gael Wyatt Edward Sebastian Bryce Oscar Levi Oscar Xander Maddox Ezekiel Jeremiah Ezekiel Ezra Jose Ezra Jackson Braxton Silas Nicholas Daniel Jameson Hudson Ivan Juan Ethan Brantley Kai Carson Kai Christopher Kai Justin Josiah Julian Matteo Jameson Benjamin Jaxon King Matthew John Messiah Eric Samuel Eric Greyson Chase Aaron Michael Aaron David Brody Elliot Grayson Alexander Leo Bryson Malachi Henry Malachi Adam Colton Tucker Charles Mason Charles Tucker Aiden Mateo Aiden Richard Easton Richard Preston Jonathan Brayden Asher Brayden Ayden Giovanni Robert Joseph Jude Jace Jude Theodore Rowan Austin Hayden Christian Hayden Bennett Landon William Beau Dean Kingston Luke Finn Jacob Finn Kevin Nathan Connor Nathan Kevin Weston Jaxson Angel Anthony Maverick Noah Maverick Camden Bentley Jayden Max Lincoln Dylan Joel Dominic Victor Gabriel Cameron Caleb Elliott Carter Santiago Kaleb Elias Kaleb Antonio Owen Antonio Grant Cooper Joshua Lucas Joshua Jack Jordan Liam 
90
Liam Liam
Noah Noah
William William
James James
Logan Logan
Benjamin Benjamin
Mason Mason
Elijah Elijah
Oliver Oliver
Jacob Jacob
Lucas Lucas
Michael Michael
Alexander Alexander
Ethan Ethan
Daniel Daniel
Matthew Matthew
Aiden Aiden
Henry Henry
Joseph Joseph
Jackson Jackson
Samuel Samuel
Sebastian Sebastian
David David
Carter Carter
Wyatt Wyatt
Jayden Jayden
John John
Owen Owen
Dylan Dylan
Luke Luke
Gabriel Gabriel
Anthony Anthony
Isaac Isaac
Grayson Grayson
Jack Jack
Julian Julian
Levi Levi
Christopher Christopher
Joshua Joshua
Andrew Andrew
Lincoln Lincoln
Mateo Mateo
Ryan Ryan
Jaxon Jaxon
Nathan Nathan
Aaron Aaron
Isaiah Isaiah
Thomas Thomas
Charles Charles
Caleb Caleb
Josiah Josiah
Christian Christian
Hunter Hunter
Eli Eli
Jonathan Jonathan
Connor Connor
Landon Landon
Adrian Adrian
Asher Asher
Cameron Cameron
Leo Leo
Theodore Theodore
Jeremiah Jeremiah
Hudson Hudson
Robert Robert
Easton Easton
Nolan Nolan
Nicholas Nicholas
Ezra Ezra
Colton Colton
Angel Angel
Brayden Brayden
Jordan Jordan
Dominic Dominic
Austin Austin
Ian Ian
Adam Adam
Elias Elias
Jaxson Jaxson
Greyson Greyson
Jose Jose
Ezekiel Ezekiel
Carson Carson
Evan Evan
Maverick Maverick
Bryson Bryson
Jace Jace
Cooper Cooper
Xavier Xavier
Parker Parker
