Liam Isaiah Daniel Robert Ian Henry Ian Adam Jayden Cooper Matthew Cooper Maverick Roman Jacob Jordan Asher Luke Noah Lucas Eli Jackson Eli Wyatt Eli Dominic Oliver Dominic Carter Benjamin Sawyer John Sawyer Jose Owen Dylan Thomas James Thomas Ezra Michael Jaxson Brayden Ethan Brayden Samuel Brayden Jaxson Logan William Aiden Elijah Mason Alexander Mateo Sebastian David Sebastian Mateo Joseph Isaiah Liam 
30
Liam Liam
Noah Noah
William William
James James
Logan Logan
Benjamin Benjamin
Mason Mason
Elijah Elijah
Oliver Oliver
Jacob Jacob
Lucas Lucas
Michael Michael
Alexander Alexander
Ethan Ethan
Daniel Daniel
Matthew Matthew
Aiden Aiden
Henry Henry
Joseph Joseph
Jackson Jackson
Samuel Samuel
Sebastian Sebastian
David David
Carter Carter
Wyatt Wyatt
Jayden Jayden
John John
Owen Owen
Dylan Dylan
Luke Luke
