Liam Jaxon David James Samuel Alexander Henry Alexander Oliver Charles Andrew Lucas Jackson Ethan Logan Noah Mason William Carter William Elijah Mason Sebastian Jaxon Aiden Jaxon Matthew Joseph Jacob Joseph Michael Lincoln Daniel Wyatt Benjamin Liam 
25
Liam Liam
Noah Noah
William William
James James
Logan Logan
Benjamin Benjamin
Mason Mason
Elijah Elijah
Oliver Oliver
Jacob Jacob
Lucas Lucas
Michael Michael
Alexander Alexander
Ethan Ethan
Daniel Daniel
Matthew Matthew
Aiden Aiden
Henry Henry
Joseph Joseph
Jackson Jackson
Samuel Samuel
Sebastian Sebastian
David David
Carter Carter
Wyatt Wyatt
