zero two three four five twelve eleven ten seventeen twentyfour twentyfive twentyfour twentythree thirty twentynine thirtysix thirtyseven thirtyeight fortyfive fortyfour fiftyone fifty fiftyseven fiftyeight sixtyfive sixtysix sixtyseven sixtyeight seventyfive seventyfour eightyone eightytwo eightynine eightyeight ninetyfive eightyeight eightyseven eightysix seventynine seventyeight eightyfour seventyeight seventyone seventyseven seventy sixtynine sixtytwo sixtyone sixty fiftythree fiftyfour fiftyfive fortyeight fortyseven fortysix thirtynine forty thirtythree thirtyfour thirtyfive twentynine twentytwo fifteen twentyone twenty twentyone fourteen thirteen six zero 
50
two two
three three
four four
five five
six six
ten ten
twelve twelve
fourteen fourteen
fifteen fifteen
twenty twenty
twentytwo twentytwo
twentyfour twentyfour
twentyfive twentyfive
twentynine twentynine
thirty thirty
thirtythree thirtythree
thirtyfour thirtyfour
thirtyfive thirtyfive
thirtysix thirtysix
thirtyseven thirtyseven
thirtynine thirtynine
fortyfour fortyfour
fortyfive fortyfive
fortyseven fortyseven
fortyeight fortyeight
fifty fifty
fiftyone fiftyone
fiftythree fiftythree
fiftyfive fiftyfive
fiftyseven fiftyseven
sixty sixty
sixtyone sixtyone
sixtytwo sixtytwo
sixtyfive sixtyfive
sixtysix sixtysix
sixtyseven sixtyseven
sixtyeight sixtyeight
seventy seventy
seventyone seventyone
seventyfive seventyfive
seventyseven seventyseven
seventyeight seventyeight
seventynine seventynine
eightyone eightyone
eightytwo eightytwo
eightyfour eightyfour
eightyseven eightyseven
eightyeight eightyeight
eightynine eightynine
ninetyfive ninetyfive
