Djibouti Barbados Bavaria Barbados Belgium Barbados Belarus Barbados Belize Barbados Djibouti Austrian Bangladesh Austrian Bahrain Austrian Baden Austrian Azerbaijan Austrian Djibouti Afghanistan Andorra Afghanistan Albania Afghanistan Algeria Afghanistan Angola Afghanistan Djibouti Antigu Armenia Antigu Argentina Antigu Austria Antigu Australia Antigu Djibouti Benin Botswana Benin Bolivia Benin Brazil Benin Bosnia Benin Djibouti 
25
Afghanistan Afghanistan
Albania Albania
Algeria Algeria
Andorra Andorra
Angola Angola
Antigu Antigu
Argentina Argentina
Armenia Armenia
Australia Australia
Austria Austria
Austrian Austrian
Azerbaijan Azerbaijan
Baden Baden
Bahrain Bahrain
Bangladesh Bangladesh
Barbados Barbados
Bavaria Bavaria
Belarus Belarus
Belgium Belgium
Belize Belize
Benin Benin
Bolivia Bolivia
Bosnia Bosnia
Botswana Botswana
Brazil Brazil
