equinox band clothes explicit referee secretary photograph hiccup union fibre disposition lamb corpse mastermind tropical muggy method novel prejudice wilderness farewell dollar remark brick fish bark twitch dry presidential chain funeral glove uncertainty jurisdiction essential paint seller houseplant aisle flow slice orange analyst equinox 
43
houseplant houseplant
lamb lamb
fibre fibre
presidential presidential
chain chain
union union
essential essential
brick brick
mastermind mastermind
aisle aisle
novel novel
bark bark
disposition disposition
paint paint
secretary secretary
uncertainty uncertainty
photograph photograph
explicit explicit
slice slice
band band
farewell farewell
seller seller
fish fish
orange orange
clothes clothes
prejudice prejudice
muggy muggy
flow flow
wilderness wilderness
equinox equinox
analyst analyst
dry dry
twitch twitch
funeral funeral
method method
jurisdiction jurisdiction
dollar dollar
corpse corpse
remark remark
referee referee
hiccup hiccup
glove glove
tropical tropical
