paint slam route finish indicate ambiguous learning complain determine glamorous ray desire inherit rake blade ice same floor thumb imported diligent measure nutty stink wooden paint 
25
ambiguous ambiguous
rake rake
blade blade
inherit inherit
paint paint
desire desire
nutty nutty
ice ice
floor floor
thumb thumb
finish finish
measure measure
indicate indicate
ray ray
diligent diligent
same same
determine determine
glamorous glamorous
slam slam
route route
imported imported
complain complain
learning learning
stink stink
wooden wooden
