F1E81B 47FACD 82A1F6 E0BEFC 28F6D1 E0BEFC EC4D08 B7F75A 6CAF46 685D1A 6CAF46 6B644E 813B05 396D53 462226 79BC3D B69F55 2CCB19 B69F55 1F842B 7E78F3 0C73D8 E81014 0C73D8 86493E 4B3F8A 230A7C 85D6DB 63361A 85D6DB 7D997B E51A66 7D997B 596CF6 EB8E2E 14994D 4B97F1 EE2A22 59843B DE6899 BDE94D 239994 8EBF8A 1D21D3 8BFCAC 612FAA 124C90 D4A75D 1111F7 6966D7 AE4A01 6B340B A9F1B8 52C88C A9F1B8 24743A 5C7062 4CAD30 7E1C6C 1B337D C45E71 4A28BA C45E71 6B622D 5F4E43 A014A0 D8AAF4 8F17C0 151BC9 825EC5 CEAC59 90451D 5BB557 1EC224 293D59 1EC224 C4303B 1EC224 4099A6 55BAD2 06C557 93EBE3 8015E0 29D5D7 2FEDFB 91A0DC C3B3E7 002274 D337F2 002274 0F5860 A1F104 CC9C14 6B4619 191510 305D33 191510 9A8DF4 61199E 086D53 4A5708 086D53 F33196 086D53 10520F C3EF62 10520F 2BF7B5 5D0E2E 6E313C B47658 D6CC7A 846159 6D51F4 846159 20EAE7 ABD8FE 783751 D2BE39 490F1E 77A0B5 94A561 112AE7 BB4908 C18C9B BB4908 E5E6C0 C9AF85 9096DB 36590B 66048A 04439C BB40E6 205E5C DCE144 AEFF96 36C862 7829D7 CF668A 614224 FFEEBD 2595F1 8B6C2F 2595F1 8B519F C953A6 14B430 E80628 13A782 8F495E 0CBC31 E3C2C9 3B4B53 D1967A 851F90 2334E8 573788 FFFD4B 17779E 770D1A CDC6D4 8417C8 6C010A 1E1095 DD07FF F1E81B 
100
573788 573788
29D5D7 29D5D7
8015E0 8015E0
17779E 17779E
D337F2 D337F2
CEAC59 CEAC59
AE4A01 AE4A01
D1967A D1967A
B47658 B47658
230A7C 230A7C
1F842B 1F842B
47FACD 47FACD
C3EF62 C3EF62
E81014 E81014
A1F104 A1F104
52C88C 52C88C
E5E6C0 E5E6C0
6B340B 6B340B
2CCB19 2CCB19
AEFF96 AEFF96
851F90 851F90
8BFCAC 8BFCAC
E51A66 E51A66
396D53 396D53
9096DB 9096DB
596CF6 596CF6
8F495E 8F495E
4099A6 4099A6
F33196 F33196
FFEEBD FFEEBD
614224 614224
94A561 94A561
305D33 305D33
C18C9B C18C9B
151BC9 151BC9
36C862 36C862
93EBE3 93EBE3
C9AF85 C9AF85
6B622D 6B622D
783751 783751
CC9C14 CC9C14
66048A 66048A
770D1A 770D1A
20EAE7 20EAE7
6E313C 6E313C
E80628 E80628
4B97F1 4B97F1
0CBC31 0CBC31
8B6C2F 8B6C2F
0F5860 0F5860
685D1A 685D1A
61199E 61199E
1E1095 1E1095
2BF7B5 2BF7B5
59843B 59843B
4A28BA 4A28BA
5BB557 5BB557
90451D 90451D
5F4E43 5F4E43
5C7062 5C7062
C4303B C4303B
8B519F 8B519F
7829D7 7829D7
B7F75A B7F75A
14994D 14994D
6D51F4 6D51F4
239994 239994
2FEDFB 2FEDFB
813B05 813B05
8417C8 8417C8
DCE144 DCE144
D4A75D D4A75D
7E78F3 7E78F3
4CAD30 4CAD30
28F6D1 28F6D1
6966D7 6966D7
7E1C6C 7E1C6C
8EBF8A 8EBF8A
B69F55 B69F55
F1E81B F1E81B
C3B3E7 C3B3E7
3B4B53 3B4B53
D6CC7A D6CC7A
86493E 86493E
85D6DB 85D6DB
4A5708 4A5708
490F1E 490F1E
FFFD4B FFFD4B
BB40E6 BB40E6
DE6899 DE6899
293D59 293D59
14B430 14B430
8F17C0 8F17C0
E3C2C9 E3C2C9
BB4908 BB4908
77A0B5 77A0B5
124C90 124C90
ABD8FE ABD8FE
63361A 63361A
36590B 36590B
