S BK X R CS AW Z AY Y Q BI Q BA AN CW AN BT Q AX B BD B W AI T BR AE Q AS AN BC Q BJ AN CH AN CP Q BX AN AH AN BH AN BO AN BM AW CJ CB CI AN AK Q BL AN CO AN CR C BV Q CE Q BS Q BQ AN BY N BE AN BW J AQ AN BU AN CV L AT P CF O AF AN AG AN AD H CK AC CC AW BN AN AR K CL AN BP AN AV AN AL A AP AN AO Q CQ Q CA AW BZ AB AA CT AJ AN BB AN AM D U E AZ I BG C AU Q CN M CM F CD G CU AW BF V S 
100
A A
B B
C C
D D
E E
F F
G G
H H
I I
J J
K K
L L
M M
N N
O O
P P
Q Q
R R
S S
T T
U U
V V
W W
X X
Y Y
Z Z
AA AA
AB AB
AC AC
AD AD
AE AE
AF AF
AG AG
AH AH
AI AI
AJ AJ
AK AK
AL AL
AM AM
AN AN
AO AO
AP AP
AQ AQ
AR AR
AS AS
AT AT
AU AU
AV AV
AW AW
AX AX
AY AY
AZ AZ
BA BA
BB BB
BC BC
BD BD
BE BE
BF BF
BG BG
BH BH
BI BI
BJ BJ
BK BK
BL BL
BM BM
BN BN
BO BO
BP BP
BQ BQ
BR BR
BS BS
BT BT
BU BU
BV BV
BW BW
BX BX
BY BY
BZ BZ
CA CA
CB CB
CC CC
CD CD
CE CE
CF CF
CH CH
CI CI
CJ CJ
CK CK
CL CL
CM CM
CN CN
CO CO
CP CP
CQ CQ
CR CR
CS CS
CT CT
CU CU
CV CV
CW CW
