Wheeler Sproul Wheeler Evans Morrison Greek Cory Jacobs Bechtel Greek Lewis Kroeber Wurster Boalt Wurster Kroeber Hertz Morrison Evans Latimer Stanley Foothill Stanley Latimer Etcheverry VLSB Moffitt Soda Sather Unit3 Sather Barker Sather OCF Sather Martinez Sather Soda Cheit Normandy Kresge Davis Hearst Cafe3 Cloyne WayWest Warren WayWest Ippuku Metropolitan Ippuku WayWest GBC Anthony HearstAnnex Stephens Moses Stephens South McLaughlin Memorial IHouse Memorial Minor Maxwell MemorialStadium Hargrove MemorialStadium Maxwell Minor Haas Faculty FSM Baker CZ Fiji CZ Baker McCone CKerr McCone BigC Pavilion PeoplePark Pavilion Simons Koja TriDelta Koja Legends Koja LaNote Unit2 LaNote Simons Pavilion BigC McCone Baker FSM Faculty Haas Stonefire Koshland RSF Koshland Haviland Campbell Birge LeConte Dwinelle Wheeler 
36
Martinez Martinez
Barker Barker
Unit3 Unit3
OCF OCF
Hearst Hearst
Stonefire Stonefire
Unit2 Unit2
Legends Legends
TriDelta TriDelta
Metropolitan Metropolitan
Anthony Anthony
Moffitt Moffitt
Hargrove Hargrove
Sproul Sproul
Birge Birge
Dwinelle Dwinelle
Bechtel Bechtel
Jacobs Jacobs
Boalt Boalt
Kroeber Kroeber
Morrison Morrison
Haas Haas
Baker Baker
Fiji Fiji
CKerr CKerr
PeoplePark PeoplePark
RSF RSF
Cheit Cheit
Davis Davis
Cloyne Cloyne
Warren Warren
Etcheverry Etcheverry
Foothill Foothill
IHouse IHouse
McLaughlin McLaughlin
Moses Moses
