Bowles Birge Bechtel Cory Extension Cory Bechtel Minor Memorial Maxwell Barrows Maxwell Memorial TacoBell Memorial AlphaSigmaPhi Memorial Minor Bechtel Baker Strada RoseGarden Strada Baker Daiso Baker Simons Baker Bechtel Wilde StrawberryCreek Wolf Unit2 Milano IndianRock Milano Unit2 Greek Stebbins Safeway Stebbins Greek Moses Pimentel Stacks Sherman Stacks Pimentel Moses RareTea Gypsys RareTea Moses Wellman Sutardja Kah Gregoire Kresge Castro Kresge PeoplesPark Kresge Boalt VLSB Chez NorthGate Chez VLSB LeConte ALS LeConte Campanile Bongo ShengKee Bongo Artichokes Cheeseboard Artichokes Bongo Campanile Wurster Zellerbach Wurster McCone Spats Stonefire PiLambda PiAlphaPhi PiLambda Stonefire Spats McCone Wurster Campanile LeConte RSF LeConte Stanley Campbell Koshland Campbell Doe Campbell MemorialStadium Hargrove BearFoodCourt SigmaPhiOmega Evan Blackwell McLaughlin GenPlantBio McLaughlin Blackwell Evan Moffitt Cloyne Moffitt Evan Jacob Hertz CVStarr Unit3 CKerr Ridge CKerr WayWest CKerr Unit3 CVStarr Hertz Jacob TopDog Starbucks Chipotle MFoundry Chipotle Starbucks TopDog GammaPhiBeta TopDog Fenwick Barker Fenwick TopDog Jacob Foothill Dwinelle Haas Pavilion Haas Crossroads Lawrence UCTheatre NCEM UCTheatre Lawrence Crossroads Haas Dwinelle HearstAnnex Lothlorien HearstAnnex Dwinelle Foothill Davis Browns Davis Hildebrand YogurtPark Hildebrand Davis Foothill Unit1 Foothill Haviland Morgan Martinez Morgan Haviland Foothill Jacob Hearst MLK Rochdale MLK Latimer Edwards Easterly Edwards Latimer Mulford Crescent Mulford Bowles LaVals Bowles Calvin Etcheverry Calvin Graduate Calvin Bowles 
80
Evan Evan
Foothill Foothill
Campbell Campbell
Doe Doe
Birge Birge
Campanile Campanile
Moses Moses
VLSB VLSB
Wellman Wellman
Koshland Koshland
Mulford Mulford
HearstAnnex HearstAnnex
RSF RSF
Haas Haas
Boalt Boalt
Wurster Wurster
Unit1 Unit1
Blackwell Blackwell
Zellerbach Zellerbach
Greek Greek
Maxwell Maxwell
Calvin Calvin
Etcheverry Etcheverry
Sutardja Sutardja
Kresge Kresge
Hildebrand Hildebrand
Morgan Morgan
Baker Baker
Barrows Barrows
Unit2 Unit2
Unit3 Unit3
CKerr CKerr
Martinez Martinez
WayWest WayWest
Pavilion Pavilion
Stacks Stacks
Simons Simons
PeoplesPark PeoplesPark
LaVals LaVals
Bongo Bongo
TacoBell TacoBell
Strada Strada
Edwards Edwards
Crossroads Crossroads
Browns Browns
Safeway Safeway
Gypsys Gypsys
Graduate Graduate
Daiso Daiso
YogurtPark YogurtPark
ShengKee ShengKee
Rochdale Rochdale
Cloyne Cloyne
Ridge Ridge
Lothlorien Lothlorien
Wilde Wilde
Castro Castro
Sherman Sherman
Wolf Wolf
Spats Spats
Crescent Crescent
Chipotle Chipotle
IndianRock IndianRock
NorthGate NorthGate
Extension Extension
UCTheatre UCTheatre
Cheeseboard Cheeseboard
RoseGarden RoseGarden
StrawberryCreek StrawberryCreek
GenPlantBio GenPlantBio
Barker Barker
Easterly Easterly
BearFoodCourt BearFoodCourt
AlphaSigmaPhi AlphaSigmaPhi
GammaPhiBeta GammaPhiBeta
PiLambda PiLambda
PiAlphaPhi PiAlphaPhi
MFoundry MFoundry
NCEM NCEM
ALS ALS
