3 87 48 8 48 49 48 50 4 43 91 52 44 46 80 73 80 19 80 29 80 33 69 53 69 96 69 100 48 90 38 70 79 68 55 85 93 88 61 25 61 88 93 85 55 41 83 58 83 22 83 31 84 45 84 15 18 23 3 32 89 56 89 36 2 24 2 40 2 27 72 94 64 71 64 98 35 57 97 60 26 66 4 75 74 42 79 1 78 9 69 14 48 7 77 12 54 76 34 63 69 6 10 17 10 21 3 67 3 
50
1 1
6 6
7 7
8 8
9 9
12 12
14 14
15 15
17 17
19 19
21 21
22 22
23 23
24 24
25 25
27 27
29 29
31 31
32 32
33 33
36 36
40 40
41 41
42 42
43 43
45 45
46 46
49 49
50 50
52 52
53 53
56 56
57 57
58 58
60 60
63 63
66 66
67 67
68 68
70 70
71 71
73 73
75 75
76 76
87 87
90 90
94 94
96 96
98 98
100 100
