86 120 186 139 47 41 47 188 149 108 44 108 94 118 129 111 121 55 66 60 87 161 163 7 101 133 152 133 116 133 92 182 96 174 96 182 100 68 90 68 159 32 157 81 1 180 26 83 38 20 82 20 36 70 57 95 72 95 148 98 91 98 173 98 107 104 24 168 189 168 24 104 98 126 131 160 131 196 186 73 147 45 180 106 180 53 115 89 62 84 37 11 3 54 3 19 166 175 166 154 142 4 179 4 183 25 158 25 150 95 156 39 177 165 97 58 28 58 93 114 105 114 52 135 76 78 14 78 8 79 21 79 137 79 30 61 69 61 51 43 185 23 169 147 184 151 80 194 80 151 17 151 192 67 198 188 199 88 27 88 181 9 110 9 13 109 5 103 10 131 172 56 172 128 22 68 35 187 2 63 74 63 75 63 145 167 132 167 65 146 65 167 71 103 117 143 6 143 48 12 123 12 138 147 113 147 140 25 153 25 64 40 122 49 125 86 
100
1 1
2 2
5 5
6 6
8 8
10 10
11 11
13 13
14 14
17 17
19 19
21 21
22 22
26 26
27 27
28 28
30 30
35 35
36 36
38 38
41 41
44 44
45 45
48 48
51 51
52 52
53 53
54 54
56 56
57 57
64 64
66 66
69 69
71 71
72 72
73 73
74 74
75 75
76 76
82 82
84 84
87 87
89 89
90 90
91 91
92 92
93 93
94 94
97 97
100 100
101 101
105 105
106 106
107 107
110 110
113 113
116 116
117 117
120 120
121 121
122 122
123 123
125 125
126 126
129 129
132 132
137 137
138 138
139 139
140 140
145 145
146 146
148 148
149 149
150 150
152 152
153 153
154 154
156 156
157 157
158 158
159 159
160 160
163 163
169 169
173 173
174 174
175 175
177 177
179 179
181 181
183 183
184 184
185 185
189 189
192 192
194 194
196 196
198 198
199 199
