31 107 112 146 127 77 42 148 83 80 143 90 47 121 114 48 99 156 140 21 45 94 149 82 152 88 9 28 4 160 67 108 93 147 78 49 27 106 123 117 103 22 86 7 68 66 14 115 81 13 131 119 141 20 34 30 6 58 32 134 138 110 60 69 38 64 35 125 151 89 57 29 105 33 120 12 137 186 199 179 180 191 197 171 169 195 184 170 198 173 164 188 168 175 196 167 46 52 128 65 74 31 
100
175 175
127 127
78 78
93 93
58 58
66 66
167 167
69 69
160 160
195 195
13 13
65 65
32 32
198 198
197 197
173 173
77 77
20 20
38 38
80 80
81 81
147 147
82 82
120 120
125 125
196 196
22 22
180 180
105 105
108 108
46 46
119 119
117 117
49 49
114 114
143 143
21 21
94 94
106 106
74 74
90 90
60 60
88 88
48 48
14 14
169 169
148 148
184 184
151 151
112 112
179 179
110 110
27 27
86 86
140 140
34 34
138 138
7 7
134 134
107 107
123 123
128 128
30 30
168 168
103 103
188 188
35 35
99 99
137 137
4 4
156 156
164 164
47 47
28 28
170 170
64 64
12 12
6 6
186 186
67 67
89 89
146 146
9 9
33 33
141 141
57 57
115 115
191 191
42 42
152 152
149 149
29 29
68 68
45 45
131 131
83 83
121 121
52 52
171 171
199 199
