cure coralberry marquess salary roost periphery item St Brillouin St Negroid St indignity St logjam Verdi swoop awash latch St Delphi St lint periphery obfuscate awash upheld coralberry ineducable coralberry greet coralberry Muscat coralberry reflectance awash belch loop Moe bear Vichy coralberry hypotonic Verdi stupor St Blackman coralberry Bridgeport bear seem Verdi cure 
25
Delphi Delphi
hypotonic hypotonic
swoop swoop
marquess marquess
roost roost
reflectance reflectance
Negroid Negroid
Bridgeport Bridgeport
Muscat Muscat
Brillouin Brillouin
logjam logjam
indignity indignity
upheld upheld
item item
obfuscate obfuscate
ineducable ineducable
greet greet
belch belch
Moe Moe
lint lint
seem seem
Blackman Blackman
stupor stupor
latch latch
Vichy Vichy
