state purple omicron McDonald firebug McDonald hallelujah McDonald joke mortgagor cocaine kitty serge voltmeter hungry catnip curbside catnip hyphen purple athletic Jennifer Augean catnip backgammon crewcut Yaounde mortgagor texture catnip Ridgway catnip uptown catnip Zellerbach catnip scaup catnip supremum catnip bibliophile catnip eggplant catnip lobby catnip complacent catnip anatomy McDonald charcoal McDonald Arden Jennifer retardation slake heifer McDonald sepulchral McDonald eidetic purple grade catnip debenture servile his voltmeter dame catnip value McDonald Cinderella McDonald watery mortgagor Della purple stereography McDonald scriptwriter McDonald border peacock registrant mortgagor harrow mortgagor controversial purple rent purple clasp purple Darwin McDonald fireplace McDonald gun catnip Evans McDonald gavotte McDonald Eva catnip dumpling catnip wrack mortgagor knurl mortgagor infuse mortgagor circumstantial catnip Adler catnip opossum catnip ash McDonald Steiner versatec octane catnip Adamson catnip foursome servile cache servile sanatoria McDonald fleawort catnip Lizzie catnip trivium voltmeter regal voltmeter Calkins voltmeter whirligig McDonald driveway mortgagor shrugging voltmeter hypothetic Jennifer compunction McDonald bald Jennifer flexural catnip Whelan catnip presto limbic jackass voltmeter cohere voltmeter Albert mortgagor knick McDonald motet McDonald stingy insight exhortation voltmeter monk catnip huge catnip Protista peacock begot servile rocky catnip turnout purple freehold purple pairwise purple whatsoever mortgagor Edmonds mortgagor bloc actinic Waterbury voltmeter lonesome purple state 
100
controversial controversial
begot begot
knick knick
wrack wrack
Cinderella Cinderella
watery watery
scriptwriter scriptwriter
border border
eidetic eidetic
driveway driveway
Calkins Calkins
motet motet
Zellerbach Zellerbach
dumpling dumpling
jackass jackass
scaup scaup
serge serge
value value
whirligig whirligig
octane octane
rocky rocky
joke joke
texture texture
bloc bloc
Evans Evans
infuse infuse
anatomy anatomy
Waterbury Waterbury
stingy stingy
Albert Albert
lonesome lonesome
his his
Adler Adler
Darwin Darwin
cocaine cocaine
knurl knurl
hyphen hyphen
sanatoria sanatoria
sepulchral sepulchral
lobby lobby
gun gun
omicron omicron
stereography stereography
Arden Arden
complacent complacent
pairwise pairwise
supremum supremum
rent rent
registrant registrant
Protista Protista
heifer heifer
cache cache
bald bald
uptown uptown
grade grade
hypothetic hypothetic
ash ash
fireplace fireplace
gavotte gavotte
whatsoever whatsoever
dame dame
Eva Eva
backgammon backgammon
shrugging shrugging
charcoal charcoal
Augean Augean
hallelujah hallelujah
Yaounde Yaounde
athletic athletic
curbside curbside
cohere cohere
foursome foursome
regal regal
flexural flexural
trivium trivium
turnout turnout
Steiner Steiner
opossum opossum
clasp clasp
Lizzie Lizzie
monk monk
compunction compunction
Edmonds Edmonds
Whelan Whelan
Della Della
circumstantial circumstantial
firebug firebug
eggplant eggplant
retardation retardation
harrow harrow
debenture debenture
Ridgway Ridgway
Adamson Adamson
hungry hungry
freehold freehold
fleawort fleawort
huge huge
presto presto
bibliophile bibliophile
exhortation exhortation
