clod phonic Brooklyn palladium pole scrounge callus blackberry Hyde formula ferrite presto Illinois blackberry walrus blackberry sign phonic abridge phonic bauble agronomy shriek mortgagee bowline phonic salmon phonic axon lever behalf lever furlough presto servicemen presto post presto disseminate presto Dunlap presto sneaky presto twirly sting pundit formula Spaulding presto cur presto spit lever onomatopoeia lever Stratton sagittal anchor Yankton vicious Yankton decrease Yankton coincide presto perennial phonic Barnet phonic Saskatchewan phonic resurrect Yankton Kingsbury Yankton linger sting foxglove presto stateroom presto Gloria Yankton aide Yankton Levitt Yankton syllogistic Yankton ambiguity Yankton officious sagittal objector phonic collateral Yankton Dunbar presto Lethe agronomy clod 
50
callus callus
stateroom stateroom
sign sign
Kingsbury Kingsbury
decrease decrease
vicious vicious
bauble bauble
Barnet Barnet
onomatopoeia onomatopoeia
officious officious
resurrect resurrect
Dunbar Dunbar
shriek shriek
axon axon
linger linger
spit spit
Spaulding Spaulding
disseminate disseminate
bowline bowline
furlough furlough
pundit pundit
perennial perennial
behalf behalf
Brooklyn Brooklyn
abridge abridge
post post
Gloria Gloria
cur cur
syllogistic syllogistic
pole pole
Dunlap Dunlap
Lethe Lethe
sneaky sneaky
Illinois Illinois
Stratton Stratton
anchor anchor
aide aide
Levitt Levitt
ferrite ferrite
coincide coincide
twirly twirly
objector objector
servicemen servicemen
foxglove foxglove
collateral collateral
Saskatchewan Saskatchewan
walrus walrus
ambiguity ambiguity
salmon salmon
Hyde Hyde
