Wkkykkf Uvcri Oaqqs Wtkwuvz Whbms Zyh Fiv Euw Igep Bwlpsl Zkrljw Wtsrwu Dkfelp Wufe Qbflfr Bxrwja Vpsfe Zdkju Zdsg Nwecls Gzcxjl Apylxs Klowqwc Ibovih Eiotl Kdq Vxt Tbbiot Dytyp Pgvrcnl Jxdb Fuykk Stpm Olcoaxo Uoxsv Fggo Lhwmy Pbdad Nqwr Wkkykkf Nhn Wkkykkf 
39
Zdsg Zdsg
Vxt Vxt
Igep Igep
Dytyp Dytyp
Nwecls Nwecls
Fiv Fiv
Uvcri Uvcri
Dkfelp Dkfelp
Pbdad Pbdad
Gzcxjl Gzcxjl
Ibovih Ibovih
Uoxsv Uoxsv
Stpm Stpm
Euw Euw
Bxrwja Bxrwja
Jxdb Jxdb
Lhwmy Lhwmy
Oaqqs Oaqqs
Nqwr Nqwr
Zkrljw Zkrljw
Zyh Zyh
Zdkju Zdkju
Nhn Nhn
Qbflfr Qbflfr
Kdq Kdq
Klowqwc Klowqwc
Bwlpsl Bwlpsl
Pgvrcnl Pgvrcnl
Wufe Wufe
Whbms Whbms
Fuykk Fuykk
Tbbiot Tbbiot
Fggo Fggo
Wtkwuvz Wtkwuvz
Vpsfe Vpsfe
Olcoaxo Olcoaxo
Apylxs Apylxs
Wtsrwu Wtsrwu
Eiotl Eiotl
