A0 D7 M5 N2 R4 G1 X6 B4 R5 E3 C4 V6 I3 P2 J0 C6 W2 Z3 V2 P5 S6 A5 J1 T3 W6 L5 Q0 O5 M3 H6 F6 R6 A7 Y6 O4 E5 C3 M1 Z5 F0 Q6 A4 J5 T6 I5 A1 K1 S2 Y4 Z6 X1 P6 G6 T2 W5 Y0 D0 C0 W4 K4 D2 G3 Q5 M6 A6 T5 F3 R3 B5 M4 L0 I1 C7 O3 X2 N1 B2 U6 U2 Z1 A2 X0 P0 S1 Y3 D3 H0 M0 E1 X3 F4 G0 J6 Z4 G4 Q4 I0 E4 K2 X4 A0 
100
A0 A0
C0 C0
D0 D0
F0 F0
G0 G0
H0 H0
I0 I0
J0 J0
L0 L0
M0 M0
P0 P0
Q0 Q0
X0 X0
Y0 Y0
A1 A1
E1 E1
G1 G1
I1 I1
J1 J1
K1 K1
M1 M1
N1 N1
S1 S1
X1 X1
Z1 Z1
A2 A2
B2 B2
D2 D2
K2 K2
N2 N2
P2 P2
S2 S2
T2 T2
U2 U2
V2 V2
W2 W2
X2 X2
C3 C3
D3 D3
E3 E3
F3 F3
G3 G3
I3 I3
M3 M3
O3 O3
R3 R3
T3 T3
X3 X3
Y3 Y3
Z3 Z3
A4 A4
B4 B4
C4 C4
E4 E4
F4 F4
G4 G4
K4 K4
M4 M4
O4 O4
Q4 Q4
R4 R4
W4 W4
X4 X4
Y4 Y4
Z4 Z4
A5 A5
B5 B5
E5 E5
I5 I5
J5 J5
L5 L5
M5 M5
O5 O5
P5 P5
Q5 Q5
R5 R5
T5 T5
W5 W5
Z5 Z5
A6 A6
C6 C6
F6 F6
G6 G6
H6 H6
J6 J6
M6 M6
P6 P6
Q6 Q6
R6 R6
S6 S6
T6 T6
U6 U6
V6 V6
W6 W6
X6 X6
Y6 Y6
Z6 Z6
A7 A7
C7 C7
D7 D7
