142 167 151 144 151 93 151 159 45 8 31 8 163 100 34 175 130 58 147 27 72 145 139 30 139 153 23 153 181 18 103 85 89 85 187 132 39 115 5 185 22 149 26 0 183 190 118 38 197 12 126 177 16 193 60 124 60 78 186 55 186 78 86 157 21 150 99 141 99 54 14 134 52 178 195 158 69 64 122 128 68 152 41 133 33 9 136 47 7 47 136 9 92 70 18 181 91 3 174 4 46 148 108 160 77 143 90 111 106 127 106 66 44 66 137 48 76 24 53 131 35 131 63 171 140 129 140 171 135 97 135 137 121 142 
60
150 150
144 144
31 31
129 129
158 158
90 90
133 133
178 178
14 14
181 181
141 141
30 30
174 174
70 70
183 183
46 46
106 106
21 21
186 186
159 159
124 124
34 34
41 41
108 108
7 7
121 121
177 177
89 89
22 22
23 23
127 127
63 63
151 151
157 157
76 76
145 145
60 60
195 195
3 3
197 197
167 167
115 115
48 48
35 35
38 38
55 55
140 140
16 16
77 77
69 69
91 91
137 137
93 93
58 58
97 97
39 39
4 4
33 33
64 64
44 44
