PlmPdVeiiHQg3JYZCDWt xcisI0PJDdG9nIuyj3IS TpLamlzpT6GwerxzVsxr VuvjJGf6deKVAQ0JUD4i uNMLlt0W1KUwk2d6EP98 m1A3pMC42PQioFziqK5C yD8JCRUWcVAZxJ4ZDldr iwJGcbQH2bifG6D82Iel gdO0wiBlQ8wFbeNyGtx5 GUntLlYA0xo9Vk4WLTLV 8RfB73Lw8C9LbSwIxA9Q JWIkMKKlAG6fUoRVxKKI 6WGzUhXeOltLDbkIvTzq 804aK8wEArkuheeUiB4R q4nqG9N45SSRxndw48Xl WZsO2i9GZwvMYoV9SyKS 7yt9hKqOEGabqtqIEmdH yKQw7YXCNsthb1VWEFur 060q0aISPODkGeAbYbQ6 ukPtLY7YueARRkX8hPaS 7qCgmo7DrrfnVQIWnbiV eUyNsK7nwP1YPac54CbU U7iVliqmXRkLwyPSNdfv ChEnlTNCMoqxBfyzEzW7 LXqfTqJggDSh6mykPyz3 1JawjZrawLlOCGN1EB0O k8LvqKsQ4ejh0bCWs4fP zvH9G6FQ1xC7CVezs43e YmmIBqqdn3Z6PuFXWNHi YIxKvTpWMaQKGFtD5BDH 76b3evP8JEiQ8c6jd2b5 ELEJN8tWDJT7mLhCdqW3 N5YDsCDN1lKguyHbn4Zb MEVVMgbTLIgXdG4vAbeX Tr6dOTuKB3EM5juuJxqy C6w7afZujemehEooILjN MSj6zOuZ0EoAKjP4wXXW x5UVX06335fM5pfCNBMU Dwi7fYT8wa9I4Kzyto4Y EkRPPDhcu5ww6XulSOgx Zzs5CIqF9Ll2avkxI78N nsq4rhHWMCaIVcah5fcd 1wRG7TNgo9ui6iZBLuaw 2Cz4Y4eG1XIezf9qpdQl 48BAUsycKlkSkbOjYLFN tX1uDaXm9hMlEKqU7m9j NA24XhOMsROCBnUViAJT IxWh6LSiXwGUWSx9VJ39 PWUaVYPeofxjJdT472wG 4QLswP82Wvxw9Z42obzh NXYVlLN4oRDZThND0BmP dvxgUZzwjHAP85QpElWp W9TKm0U6bNDZ1Aok7hNH Vh6ScHVb39wz7CmKwIuA hZHynIvymuQxD6BftzWt DF1KTiOHBIkswyjh8uB1 KjQNU2EAAYEZSeJWPxLM 2chOacZ5nNYuf6eeGFSW kwA1qrRggH9YLKcVfIe5 kaVGl3oG0Ulg2MgkbJB8 3rqlQRwe5izypHjXjWla jVItWJkETNqrkY47Hghp YFXFh0nBpGYXfL8mfny3 EY9cQTmyqhrzeZsobQa5 JakuJordFcO229c3L5ct AmAHnr1XXkPpwJ6DUDIO SNmFiRdCmf8vg1yMqr30 Osa2UT4anhyBl7doUFs5 WsVMGV8yZisK6ojnqzBE 1tmkPhHujDQhTmW4oV7S BWhyt9wATIprZDhzxwVv WErk2X2lm629vuxPHVtl E59siIyngnj5PIsLeowv ML4pCjYl4gPEwSnvlRaD o85TEEBuzMbePdf5cbCv 9zoM12ZWjXrKaszveCQH XdyhPab6W9wOZnKLq1fq nyd0fM2XE4qmli1xfIwr UkqILZ2p4EbRuMBIrGXp PIekFeWZsA6etqyFB2SF irZyMKazQALnyfoOCtbL cYMPcE5UNSzOtkRY62gr g0ywcwildP9K6oBendJq iFXIyHTPBX7ivXxsV1VM VXU331oDUcuzaGGUYIl9 a06qeiApctGnC1GMtGuJ RuUdtXtfFCKpaLUcmsqg E8pbRn7LIeWnB3swkYzz nKDJ3ylOzub2eWcHnAhq ANdko3dYAy7a2BOq7wpm uaR7l3Qhn4FRAnSeVURz EVtx7khff7Fs8yuuQKJx 4S2YiI3VYPKghkl95iqK GzSNGBn4EPemDLEWXNxx zforAf5jhSPEL0aOiCeo dsndgEJWfBsFA2I3Hgqf 3M9YkxmgHhrzhCgskWR0 KOLHrmR3FKDMdl4SYdK9 cUanhOambcNkocePqfvx CofLnw0Ss4pVGWmPS5oO qOK6WPKQJA4Q9XqXgSgT PlmPdVeiiHQg3JYZCDWt 
100
RuUdtXtfFCKpaLUcmsqg RuUdtXtfFCKpaLUcmsqg
MEVVMgbTLIgXdG4vAbeX MEVVMgbTLIgXdG4vAbeX
YmmIBqqdn3Z6PuFXWNHi YmmIBqqdn3Z6PuFXWNHi
SNmFiRdCmf8vg1yMqr30 SNmFiRdCmf8vg1yMqr30
nKDJ3ylOzub2eWcHnAhq nKDJ3ylOzub2eWcHnAhq
JakuJordFcO229c3L5ct JakuJordFcO229c3L5ct
WErk2X2lm629vuxPHVtl WErk2X2lm629vuxPHVtl
ChEnlTNCMoqxBfyzEzW7 ChEnlTNCMoqxBfyzEzW7
o85TEEBuzMbePdf5cbCv o85TEEBuzMbePdf5cbCv
g0ywcwildP9K6oBendJq g0ywcwildP9K6oBendJq
N5YDsCDN1lKguyHbn4Zb N5YDsCDN1lKguyHbn4Zb
3M9YkxmgHhrzhCgskWR0 3M9YkxmgHhrzhCgskWR0
GzSNGBn4EPemDLEWXNxx GzSNGBn4EPemDLEWXNxx
7qCgmo7DrrfnVQIWnbiV 7qCgmo7DrrfnVQIWnbiV
48BAUsycKlkSkbOjYLFN 48BAUsycKlkSkbOjYLFN
qOK6WPKQJA4Q9XqXgSgT qOK6WPKQJA4Q9XqXgSgT
WsVMGV8yZisK6ojnqzBE WsVMGV8yZisK6ojnqzBE
060q0aISPODkGeAbYbQ6 060q0aISPODkGeAbYbQ6
1tmkPhHujDQhTmW4oV7S 1tmkPhHujDQhTmW4oV7S
NXYVlLN4oRDZThND0BmP NXYVlLN4oRDZThND0BmP
zvH9G6FQ1xC7CVezs43e zvH9G6FQ1xC7CVezs43e
Tr6dOTuKB3EM5juuJxqy Tr6dOTuKB3EM5juuJxqy
Vh6ScHVb39wz7CmKwIuA Vh6ScHVb39wz7CmKwIuA
dsndgEJWfBsFA2I3Hgqf dsndgEJWfBsFA2I3Hgqf
kaVGl3oG0Ulg2MgkbJB8 kaVGl3oG0Ulg2MgkbJB8
eUyNsK7nwP1YPac54CbU eUyNsK7nwP1YPac54CbU
9zoM12ZWjXrKaszveCQH 9zoM12ZWjXrKaszveCQH
hZHynIvymuQxD6BftzWt hZHynIvymuQxD6BftzWt
PIekFeWZsA6etqyFB2SF PIekFeWZsA6etqyFB2SF
zforAf5jhSPEL0aOiCeo zforAf5jhSPEL0aOiCeo
ELEJN8tWDJT7mLhCdqW3 ELEJN8tWDJT7mLhCdqW3
76b3evP8JEiQ8c6jd2b5 76b3evP8JEiQ8c6jd2b5
UkqILZ2p4EbRuMBIrGXp UkqILZ2p4EbRuMBIrGXp
nsq4rhHWMCaIVcah5fcd nsq4rhHWMCaIVcah5fcd
ukPtLY7YueARRkX8hPaS ukPtLY7YueARRkX8hPaS
NA24XhOMsROCBnUViAJT NA24XhOMsROCBnUViAJT
DF1KTiOHBIkswyjh8uB1 DF1KTiOHBIkswyjh8uB1
IxWh6LSiXwGUWSx9VJ39 IxWh6LSiXwGUWSx9VJ39
k8LvqKsQ4ejh0bCWs4fP k8LvqKsQ4ejh0bCWs4fP
3rqlQRwe5izypHjXjWla 3rqlQRwe5izypHjXjWla
W9TKm0U6bNDZ1Aok7hNH W9TKm0U6bNDZ1Aok7hNH
2Cz4Y4eG1XIezf9qpdQl 2Cz4Y4eG1XIezf9qpdQl
Osa2UT4anhyBl7doUFs5 Osa2UT4anhyBl7doUFs5
yKQw7YXCNsthb1VWEFur yKQw7YXCNsthb1VWEFur
uaR7l3Qhn4FRAnSeVURz uaR7l3Qhn4FRAnSeVURz
KjQNU2EAAYEZSeJWPxLM KjQNU2EAAYEZSeJWPxLM
E59siIyngnj5PIsLeowv E59siIyngnj5PIsLeowv
XdyhPab6W9wOZnKLq1fq XdyhPab6W9wOZnKLq1fq
yD8JCRUWcVAZxJ4ZDldr yD8JCRUWcVAZxJ4ZDldr
cYMPcE5UNSzOtkRY62gr cYMPcE5UNSzOtkRY62gr
AmAHnr1XXkPpwJ6DUDIO AmAHnr1XXkPpwJ6DUDIO
U7iVliqmXRkLwyPSNdfv U7iVliqmXRkLwyPSNdfv
jVItWJkETNqrkY47Hghp jVItWJkETNqrkY47Hghp
YFXFh0nBpGYXfL8mfny3 YFXFh0nBpGYXfL8mfny3
EVtx7khff7Fs8yuuQKJx EVtx7khff7Fs8yuuQKJx
4S2YiI3VYPKghkl95iqK 4S2YiI3VYPKghkl95iqK
1JawjZrawLlOCGN1EB0O 1JawjZrawLlOCGN1EB0O
WZsO2i9GZwvMYoV9SyKS WZsO2i9GZwvMYoV9SyKS
uNMLlt0W1KUwk2d6EP98 uNMLlt0W1KUwk2d6EP98
nyd0fM2XE4qmli1xfIwr nyd0fM2XE4qmli1xfIwr
iFXIyHTPBX7ivXxsV1VM iFXIyHTPBX7ivXxsV1VM
EkRPPDhcu5ww6XulSOgx EkRPPDhcu5ww6XulSOgx
LXqfTqJggDSh6mykPyz3 LXqfTqJggDSh6mykPyz3
2chOacZ5nNYuf6eeGFSW 2chOacZ5nNYuf6eeGFSW
VuvjJGf6deKVAQ0JUD4i VuvjJGf6deKVAQ0JUD4i
ML4pCjYl4gPEwSnvlRaD ML4pCjYl4gPEwSnvlRaD
Zzs5CIqF9Ll2avkxI78N Zzs5CIqF9Ll2avkxI78N
JWIkMKKlAG6fUoRVxKKI JWIkMKKlAG6fUoRVxKKI
iwJGcbQH2bifG6D82Iel iwJGcbQH2bifG6D82Iel
ANdko3dYAy7a2BOq7wpm ANdko3dYAy7a2BOq7wpm
MSj6zOuZ0EoAKjP4wXXW MSj6zOuZ0EoAKjP4wXXW
cUanhOambcNkocePqfvx cUanhOambcNkocePqfvx
CofLnw0Ss4pVGWmPS5oO CofLnw0Ss4pVGWmPS5oO
kwA1qrRggH9YLKcVfIe5 kwA1qrRggH9YLKcVfIe5
YIxKvTpWMaQKGFtD5BDH YIxKvTpWMaQKGFtD5BDH
gdO0wiBlQ8wFbeNyGtx5 gdO0wiBlQ8wFbeNyGtx5
EY9cQTmyqhrzeZsobQa5 EY9cQTmyqhrzeZsobQa5
TpLamlzpT6GwerxzVsxr TpLamlzpT6GwerxzVsxr
Dwi7fYT8wa9I4Kzyto4Y Dwi7fYT8wa9I4Kzyto4Y
m1A3pMC42PQioFziqK5C m1A3pMC42PQioFziqK5C
8RfB73Lw8C9LbSwIxA9Q 8RfB73Lw8C9LbSwIxA9Q
C6w7afZujemehEooILjN C6w7afZujemehEooILjN
1wRG7TNgo9ui6iZBLuaw 1wRG7TNgo9ui6iZBLuaw
irZyMKazQALnyfoOCtbL irZyMKazQALnyfoOCtbL
q4nqG9N45SSRxndw48Xl q4nqG9N45SSRxndw48Xl
E8pbRn7LIeWnB3swkYzz E8pbRn7LIeWnB3swkYzz
6WGzUhXeOltLDbkIvTzq 6WGzUhXeOltLDbkIvTzq
dvxgUZzwjHAP85QpElWp dvxgUZzwjHAP85QpElWp
BWhyt9wATIprZDhzxwVv BWhyt9wATIprZDhzxwVv
tX1uDaXm9hMlEKqU7m9j tX1uDaXm9hMlEKqU7m9j
x5UVX06335fM5pfCNBMU x5UVX06335fM5pfCNBMU
a06qeiApctGnC1GMtGuJ a06qeiApctGnC1GMtGuJ
xcisI0PJDdG9nIuyj3IS xcisI0PJDdG9nIuyj3IS
4QLswP82Wvxw9Z42obzh 4QLswP82Wvxw9Z42obzh
7yt9hKqOEGabqtqIEmdH 7yt9hKqOEGabqtqIEmdH
GUntLlYA0xo9Vk4WLTLV GUntLlYA0xo9Vk4WLTLV
PWUaVYPeofxjJdT472wG PWUaVYPeofxjJdT472wG
KOLHrmR3FKDMdl4SYdK9 KOLHrmR3FKDMdl4SYdK9
804aK8wEArkuheeUiB4R 804aK8wEArkuheeUiB4R
VXU331oDUcuzaGGUYIl9 VXU331oDUcuzaGGUYIl9
