xse rsg dkp nsw hcr ils jfh miy uwo qjf tko ogh bod krr uau svk bda ttw ptu byu ruo qxs zkt qdw qkp yug qkp nvz lvm fia nmf fhv khu xnr nwc vwg xme ikb pvs fzi lwk nfr lrj txq rtc bdh aii igs qwk hpx wbg njg ocp wyg pjf gex ljd cma tso tdu nii ukv idv rjv hmi vtd aeg xeh kpp fjy vmv fbk nko bnl agh nry cun nhi fyc vzr jgt mti vvn nwn uuw vmt emz wiy qbf rir ksg tlh ceo xjt fgp vlb mok kxn adx dgl fin ego cen aeu kfu ckx loj zdb ask zud phg jam ybr uok xse 
99
cma cma
adx adx
ocp ocp
pvs pvs
fbk fbk
vtd vtd
cen cen
bda bda
aii aii
lrj lrj
uwo uwo
nii nii
mti mti
ybr ybr
ikb ikb
wyg wyg
xeh xeh
khu khu
vvn vvn
bdh bdh
mok mok
fin fin
vmv vmv
lvm lvm
nwc nwc
loj loj
fzi fzi
uau uau
miy miy
tdu tdu
fia fia
byu byu
hmi hmi
fhv fhv
uok uok
nfr nfr
qbf qbf
hcr hcr
phg phg
zud zud
hpx hpx
pjf pjf
wiy wiy
ttw ttw
cun cun
rtc rtc
nry nry
yug yug
ptu ptu
jgt jgt
lwk lwk
aeg aeg
nmf nmf
ckx ckx
zkt zkt
uuw uuw
nhi nhi
ogh ogh
krr krr
nko nko
qdw qdw
tso tso
kxn kxn
bod bod
xjt xjt
tko tko
vzr vzr
vwg vwg
dgl dgl
zdb zdb
ruo ruo
nsw nsw
rsg rsg
rjv rjv
fgp fgp
xme xme
ego ego
bnl bnl
gex gex
ukv ukv
emz emz
txq txq
kpp kpp
jam jam
fyc fyc
wbg wbg
qjf qjf
vmt vmt
jfh jfh
ksg ksg
kfu kfu
svk svk
ljd ljd
tlh tlh
qxs qxs
nvz nvz
idv idv
fjy fjy
ils ils
