azv oqv rti ovx ijd dqy ctf gei cim wcd hob pzr hsi jvc ryg hcc ivp lmh zuz rov uyd gfr rfl vxn cvb rcw uua qzx hlc hwc scm aur sau txp ufa cib mpw boc mis eqa vfq ncc yfq ipq mtd gcw cwq brw jwx yvc hip yiy hyb xie azv 
50
gcw gcw
azv azv
yiy yiy
ipq ipq
lmh lmh
oqv oqv
pzr pzr
ovx ovx
rcw rcw
rfl rfl
jwx jwx
yvc yvc
zuz zuz
ijd ijd
ufa ufa
hwc hwc
hyb hyb
sau sau
scm scm
gfr gfr
rti rti
gei gei
xie xie
hsi hsi
ncc ncc
dqy dqy
jvc jvc
ctf ctf
cim cim
yfq yfq
vxn vxn
aur aur
cib cib
vfq vfq
rov rov
uua uua
boc boc
mis mis
qzx qzx
brw brw
mtd mtd
hlc hlc
mpw mpw
uyd uyd
hip hip
wcd wcd
cwq cwq
hcc hcc
eqa eqa
ivp ivp
