Encanto Sherman Beach Ramona Vista Ames Alpaugh Two Delta Vernon Garden Homestead Quail Santa Green Shafter Presidio Forest Cypress Elmira Granite Yurok Welden Banning Kern Richvale Bonita Cherokee Kentfield Pumpkin Laguna Woffard Jane Los Riverside Foothills Willow Woodbridge Clayton City Moccasin Cabbage Warner Mount Smoke Costa Glencoe McAuley Chinese All Encanto 
50
Cherokee Cherokee
Kentfield Kentfield
Banning Banning
Vernon Vernon
Bonita Bonita
Forest Forest
Vista Vista
Laguna Laguna
Homestead Homestead
Willow Willow
Foothills Foothills
Moccasin Moccasin
Two Two
Beach Beach
Presidio Presidio
Sherman Sherman
All All
Richvale Richvale
Kern Kern
Woodbridge Woodbridge
Yurok Yurok
Cabbage Cabbage
Glencoe Glencoe
Jane Jane
Welden Welden
Mount Mount
Elmira Elmira
Warner Warner
Shafter Shafter
Los Los
Ames Ames
City City
Quail Quail
Santa Santa
Granite Granite
Clayton Clayton
Garden Garden
Chinese Chinese
Woffard Woffard
Alpaugh Alpaugh
Pumpkin Pumpkin
Delta Delta
Costa Costa
Encanto Encanto
Ramona Ramona
Riverside Riverside
Smoke Smoke
Cypress Cypress
McAuley McAuley
Green Green
