Evans Artichokes Foothill HAAS BAMPFA HAAS Unit1 StrawberryCreek MemorialGlade Kresge MemorialGlade Milkbomb SouthHall HesseHall SouthHall Milkbomb Unit3 Spats Boalt Spats Unit3 Bowles HilgardHall Bowles ZellerbachHall Bowles KroeberHall Etcheverry KroeberHall Barrows Unit2 Stern Unit2 DurantHall Firewings CaliforniaHall InternationalHouse CaliforniaHall Firewings RSF Underhill Blackwell ImmThai AlumniHouse BerkeleyWayWest Yifang Raretea Wheeler UniversityVillage HortonHall MemorialStadium HortonHall LeConte Moffit HappyLemon LawrenceHall BancroftLibrary HavilandHall VLSB HearstMining StrawberryCreek GreekTheatre CanyonPool GreekTheatre SatherGate GiauqueHall SatherGate Doe Plentea Soda Plentea SutardjaDai Plentea LatimerHall MLK HildebrandHall MLK Dwinelle ThaiNoodle ClarkKerr DavisHall ClarkKerr BotanicalGardens Gilman Marugame Campanile Marugame Eshelman Campbell WursterHall Evans Cory Evans 
50
ThaiNoodle ThaiNoodle
Doe Doe
HearstMining HearstMining
Wheeler Wheeler
Campanile Campanile
LeConte LeConte
Moffit Moffit
Dwinelle Dwinelle
SouthHall SouthHall
Gilman Gilman
CaliforniaHall CaliforniaHall
Bowles Bowles
BancroftLibrary BancroftLibrary
DurantHall DurantHall
Stern Stern
Campbell Campbell
GreekTheatre GreekTheatre
BAMPFA BAMPFA
BerkeleyWayWest BerkeleyWayWest
LawrenceHall LawrenceHall
InternationalHouse InternationalHouse
Unit1 Unit1
Unit2 Unit2
Unit3 Unit3
Foothill Foothill
VLSB VLSB
RSF RSF
Blackwell Blackwell
ZellerbachHall ZellerbachHall
MLK MLK
Eshelman Eshelman
Soda Soda
Cory Cory
Barrows Barrows
HAAS HAAS
AlumniHouse AlumniHouse
Boalt Boalt
BotanicalGardens BotanicalGardens
MemorialStadium MemorialStadium
CanyonPool CanyonPool
DavisHall DavisHall
Kresge Kresge
SutardjaDai SutardjaDai
Etcheverry Etcheverry
GiauqueHall GiauqueHall
UniversityVillage UniversityVillage
HavilandHall HavilandHall
HesseHall HesseHall
HildebrandHall HildebrandHall
HilgardHall HilgardHall
