Soda BerkeleyWayWest Campanile Evans BAMPFA Evans BotanicalGardens HearstMining Dwinelle HavilandHall Foothill LeConte Wheeler DavisHall Stern DavisHall Moffit SouthHall Unit1 Blackwell BancroftLibrary Unit2 DurantHall Blackwell Cory Gilman HildebrandHall CaliforniaHall Barrows Unit3 Campbell GiauqueHall AlumniHouse InternationalHouse MemorialStadium LawrenceHall GreekTheatre Doe UniversityVillage Bowles UniversityVillage Doe Soda 
25
Evans Evans
Doe Doe
HearstMining HearstMining
Wheeler Wheeler
Campanile Campanile
LeConte LeConte
Moffit Moffit
Dwinelle Dwinelle
SouthHall SouthHall
Gilman Gilman
CaliforniaHall CaliforniaHall
Bowles Bowles
BancroftLibrary BancroftLibrary
DurantHall DurantHall
Stern Stern
Campbell Campbell
GreekTheatre GreekTheatre
BAMPFA BAMPFA
BerkeleyWayWest BerkeleyWayWest
LawrenceHall LawrenceHall
InternationalHouse InternationalHouse
Unit1 Unit1
Unit2 Unit2
Unit3 Unit3
Foothill Foothill
