Shelf0 Toolbox153 Toilet13 Drugs184 Monster73 Toolbox146 Light30 Comics28 Book171 Solar130 Toolbox72 Nuclear18 System156 Soap53 Leash77 Poop150 Robot93 Crab83 Soap64 Clock139 Websites4 Allergies88 YouTube33 Soda119 Solar192 Cat15 Drugs195 System79 Drugs39 Hnads116 Water90 Allergies176 Dislike143 Towel154 Boat67 Shoe174 Elevator115 Dog181 Toilet191 Soap58 Shoes8 Dislike12 Shoe17 Laptop125 Water29 Laptop125 Kitty98 Rollers95 Water135 Website190 Ice9 Solar162 Kitty194 Soda197 Shelf40 Ice41 Laptop19 Ice41 YouTube44 Robot51 Book24 Dislike27 Flowers178 Settings75 Ice50 Urine97 Plus78 Hnads182 Plants118 Poop80 Websites94 Fusion34 Fusion104 Breakfast85 Solar71 BBQ36 Urine20 Rollers14 Nuclear35 Crab81 System183 Kitty89 Horse148 Clock2 Puppy117 Ice165 Water38 Ice165 Body55 Mail6 Poop76 Book99 Whale126 Post158 Clock61 Printer188 Cat187 Whale31 Shower57 Sink109 Shower47 Monster175 Towel92 Dog168 Android196 Ring82 Whale114 Robot164 Comics107 Urine124 Male149 Mail22 Allergies103 Mail22 Puppy140 Ring169 Whale137 Shelf0 
100
Crab83 Crab83
Boat67 Boat67
Horse148 Horse148
Post158 Post158
Robot93 Robot93
Kitty194 Kitty194
Drugs39 Drugs39
Sink109 Sink109
Shelf40 Shelf40
Leash77 Leash77
Laptop125 Laptop125
Allergies88 Allergies88
Toolbox146 Toolbox146
Ice9 Ice9
Light30 Light30
Soap58 Soap58
Towel154 Towel154
Plants118 Plants118
Settings75 Settings75
Kitty89 Kitty89
Body55 Body55
Monster175 Monster175
Water135 Water135
Shower47 Shower47
Dislike12 Dislike12
Dog168 Dog168
BBQ36 BBQ36
Shoe174 Shoe174
Urine124 Urine124
Nuclear35 Nuclear35
Mail22 Mail22
Allergies103 Allergies103
Dislike143 Dislike143
Ice41 Ice41
Monster73 Monster73
Puppy117 Puppy117
Whale126 Whale126
Solar130 Solar130
Soda119 Soda119
Printer188 Printer188
Rollers95 Rollers95
Water29 Water29
Robot51 Robot51
Poop150 Poop150
Drugs195 Drugs195
Laptop19 Laptop19
Toolbox72 Toolbox72
Clock2 Clock2
Hnads116 Hnads116
Nuclear18 Nuclear18
Soap64 Soap64
Robot164 Robot164
Soda197 Soda197
Dog181 Dog181
Clock139 Clock139
Toolbox153 Toolbox153
Water38 Water38
Dislike27 Dislike27
System156 System156
Puppy140 Puppy140
Poop80 Poop80
Solar162 Solar162
Allergies176 Allergies176
Plus78 Plus78
Ice165 Ice165
Solar192 Solar192
Mail6 Mail6
Whale137 Whale137
Rollers14 Rollers14
Book24 Book24
Urine97 Urine97
Fusion104 Fusion104
Flowers178 Flowers178
Shoe17 Shoe17
Urine20 Urine20
Cat15 Cat15
Book171 Book171
Solar71 Solar71
System183 System183
Ring82 Ring82
Poop76 Poop76
Clock61 Clock61
Shoes8 Shoes8
Ring169 Ring169
Male149 Male149
Cat187 Cat187
Android196 Android196
Hnads182 Hnads182
Shelf0 Shelf0
Fusion34 Fusion34
Whale114 Whale114
Towel92 Towel92
Toilet13 Toilet13
Website190 Website190
Breakfast85 Breakfast85
Websites4 Websites4
Shower57 Shower57
Comics107 Comics107
System79 System79
Kitty98 Kitty98
