S A E J O W G 7 12 17 Q Q3 127 E3 J3 O3 77 G3 91 H3 96 L3 91 76 70 K3 F3 P3 64 M3 N3 U3 N3 V3 85 86 W3 C3 107 105 R3 T3 104 I3 D3 X3 Y3 82 68 62 57 A2 53 B3 A3 U2 O2 J2 E2 F2 K2 P2 V2 U2 T2 N2 I2 D2 C2 H2 M2 R2 Z2 Z3 Z2 Y2 Q2 L2 G2 B2 I 11 16 R X2 W2 20 15 Y 5 Z 6 M 6 V N U D C B P 8 T 10 H 9 L 3 X 2 K F S 
75
A A
B B
C C
D D
E E
F F
G G
H H
I I
J J
K K
L L
M M
N N
O O
P P
Q Q
R R
T T
U U
V V
W W
X X
Y Y
Z Z
A2 A2
B2 B2
C2 C2
D2 D2
E2 E2
F2 F2
G2 G2
H2 H2
I2 I2
J2 J2
K2 K2
L2 L2
M2 M2
N2 N2
O2 O2
P2 P2
Q2 Q2
R2 R2
T2 T2
U2 U2
V2 V2
W2 W2
X2 X2
Y2 Y2
Z2 Z2
A3 A3
B3 B3
C3 C3
D3 D3
E3 E3
F3 F3
G3 G3
H3 H3
I3 I3
J3 J3
K3 K3
L3 L3
M3 M3
N3 N3
O3 O3
P3 P3
Q3 Q3
R3 R3
T3 T3
U3 U3
V3 V3
W3 W3
X3 X3
Y3 Y3
Z3 Z3
