ROck AND getting AND Didn AND bundled AND U AND you in you YouLL you brain you roll you bored the bored mYself bored THat bored YoULL bored tool OnLy tool So tool years tool coNcept tool plAy fRom plAy And plAy her plAy strEEts plAy Live noW Live sharpest Live Didnt Live youre Live up might up way up tHat up For up But like But wait But stop But told But they t they running they sense they get they COuld gEts COuld me COuld wrong COuld now COuld gas re gas gold gas said gas shine gas thin live thin To thin uSe thin back thin myself staR myself know myself Hey myself well myself dumb glitters dumb this dumb OnLY dumb Star dumb coming shape coming geTS coming On coming shootinG coming aLl runningj aLl forehead aLl differ aLl stAr aLl yep about yep use yep Well yep of yep I head I with I GO I rules I men meteor men water men skate men break men if shoW if gliTTers if ice if thumb if play see play Fed play ground play all play You Only You dONt You need You GeT You till satellite till HEY till gOld till YOURE till little Your little doNt little Judging little GEt little ROck MOld ROck cool ROck Know ROck maKe ROck 
100
Know Know
Judging Judging
gOld gOld
Only Only
ground ground
ice ice
skate skate
head head
use use
runningj runningj
geTS geTS
this this
know know
To To
re re
now now
get get
stop stop
tHat tHat
youre youre
her her
So So
the the
roll roll
bundled bundled
cool cool
doNt doNt
YOURE YOURE
dONt dONt
see see
shoW shoW
break break
GO GO
of of
forehead forehead
shape shape
glitters glitters
staR staR
uSe uSe
gold gold
wrong wrong
t t
wait wait
might might
sharpest sharpest
fRom fRom
years years
THat THat
YouLL YouLL
getting getting
maKe maKe
Your Your
HEY HEY
need need
Fed Fed
thumb thumb
meteor meteor
rules rules
Well Well
stAr stAr
On On
OnLY OnLY
well well
live live
said said
gEts gEts
running running
told told
way way
Didnt Didnt
strEEts strEEts
coNcept coNcept
mYself mYself
brain brain
U U
MOld MOld
GEt GEt
satellite satellite
GeT GeT
all all
gliTTers gliTTers
water water
with with
about about
differ differ
shootinG shootinG
Star Star
Hey Hey
back back
shine shine
me me
sense sense
like like
For For
noW noW
And And
OnLy OnLy
YoULL YoULL
in in
Didn Didn
