GOld say GOld So GOld U GOld shoW back shoW brain shoW mYself shoW now shoW AND YouLL AND once AND might AND YOURE AND gett skate gett break gett t gett head gett yep rules yep My yep show yep Know yep COuld is COuld see COuld chAnge COuld well COuld On shine On GO On little On sense On In bundled In To In Didn In and In ground colder ground SHooting ground GET ground about ground you shootinG you strEEts you game you GEt you youre hit youre what youre forehead youre Live youre shape much shape Well shape yOure shape stop alL stop get stop never stop GOld Fed GOld 
50
So So
back back
once once
skate skate
rules rules
well well
shine shine
bundled bundled
about about
game game
forehead forehead
Well Well
never never
Fed Fed
brain brain
might might
t t
show show
is is
sense sense
To To
GET GET
strEEts strEEts
Live Live
yOure yOure
alL alL
U U
now now
YOURE YOURE
break break
Know Know
chAnge chAnge
little little
Didn Didn
colder colder
shootinG shootinG
hit hit
much much
get get
say say
mYself mYself
YouLL YouLL
head head
My My
see see
GO GO
and and
SHooting SHooting
GEt GEt
what what
