L staR L YouLL L doNt start doNt bundled doNt To doNt as doNt gAme smart gAme Somebody gAme Hey gAme away gAme re years re shine re GeT re roll re hole get hole game hole shooting hole cool it cool COuld cool of cool glow your glow use glow skate glow L some L but L 
25
some some
as as
Hey Hey
GeT GeT
game game
COuld COuld
skate skate
but but
To To
Somebody Somebody
years years
shooting shooting
it it
your your
staR staR
start start
smart smart
shine shine
get get
of of
use use
YouLL YouLL
bundled bundled
away away
roll roll
