hdpxs amfiz rchbw frhgc lmwpk cqsby ahnds dbjxw glrpy yqtob yazqf lnjxt ymcfp jhlus zqjxb uklga ebwcp bdevm tgeks rjuxc qckjp wdquv tfcam xnpwq ktzce uiogl dkjro ohzfn iyuas egclu bwknx wotiq vgwoi sxdiu hwmzn nqtru rlumh mlibf tmwdy pytwh gstwp pytwh ehqyk yqfdk zcjqx fjdqi ypdnb rzvtg oxuqn ayrgb tjake mhuad cxdes oewcd osvgp btwzv armnk tkwle bkfuc olqfv stflc syoxf gdnim lpudv evsbm yvbse pgqva maqho qbdwz wajol syoxv mhekz gufvs kjihy wkbuf qpbmc xcvow aedvq pihld kzwah mujil qhvsb vobqh drojn xlrzc kscoz jcwpu joztf cxajk evtgj qhibx rjdai mtcsd oaeyh tndwl zntkr wcjeg gdovn utdhx qsmkj vcwfj htkwy bsvth wnelr cihba osxbc oxitr hdpxs 
100
mlibf mlibf
sxdiu sxdiu
qpbmc qpbmc
uiogl uiogl
uklga uklga
maqho maqho
yqtob yqtob
mujil mujil
tmwdy tmwdy
fjdqi fjdqi
xlrzc xlrzc
oxitr oxitr
nqtru nqtru
bdevm bdevm
ayrgb ayrgb
lnjxt lnjxt
armnk armnk
gdnim gdnim
zqjxb zqjxb
yqfdk yqfdk
drojn drojn
ohzfn ohzfn
jcwpu jcwpu
wotiq wotiq
joztf joztf
pytwh pytwh
cxdes cxdes
tndwl tndwl
qhibx qhibx
aedvq aedvq
ymcfp ymcfp
stflc stflc
wajol wajol
kscoz kscoz
mtcsd mtcsd
pgqva pgqva
btwzv btwzv
ahnds ahnds
utdhx utdhx
rjuxc rjuxc
dkjro dkjro
xnpwq xnpwq
frhgc frhgc
osvgp osvgp
bsvth bsvth
rjdai rjdai
qckjp qckjp
lmwpk lmwpk
wnelr wnelr
rlumh rlumh
syoxf syoxf
qbdwz qbdwz
zcjqx zcjqx
yazqf yazqf
vgwoi vgwoi
bkfuc bkfuc
cihba cihba
dbjxw dbjxw
gufvs gufvs
kjihy kjihy
iyuas iyuas
syoxv syoxv
zntkr zntkr
jhlus jhlus
ebwcp ebwcp
bwknx bwknx
amfiz amfiz
cqsby cqsby
wkbuf wkbuf
kzwah kzwah
yvbse yvbse
htkwy htkwy
oewcd oewcd
rchbw rchbw
oaeyh oaeyh
evtgj evtgj
cxajk cxajk
pihld pihld
lpudv lpudv
qsmkj qsmkj
mhekz mhekz
vcwfj vcwfj
ehqyk ehqyk
gdovn gdovn
gstwp gstwp
hwmzn hwmzn
tkwle tkwle
mhuad mhuad
oxuqn oxuqn
tjake tjake
wdquv wdquv
xcvow xcvow
evsbm evsbm
wcjeg wcjeg
rzvtg rzvtg
vobqh vobqh
osxbc osxbc
ktzce ktzce
ypdnb ypdnb
qhvsb qhvsb
