Hayward Asheville Durham Bloomington Durham Deltona Corona Modesto Hampton RichmondCounty Charlotte Hickory Tyler Hickory HuntingtonBeach Hickory Winston Memphis Winston Murrieta Tampa Murrieta Fontana SantaCruz Montgomery ThousandOaks Montgomery Topeka Omaha PuntaGorda SaintPaul Bradenton Tucson PalmBay Torrance McHenry Springdale Barnstable Kennewick NewYorkCity Newark LakeCharles Washington Tucson Aurora Bakersfield Aurora NewBedford York BelAir Monroe BelAir McAllen KansasCity Huntsville Yonkers Waterloo NewOrleans Waco Harlingen SaintLouis Downey Abilene GrandRapids Abilene Atlanta Danbury Burbank Chicago Burbank CedarRapids Hayward SantaClara Hayward 
50
PuntaGorda PuntaGorda
Tyler Tyler
ThousandOaks ThousandOaks
PalmBay PalmBay
Tucson Tucson
Barnstable Barnstable
Yonkers Yonkers
Burbank Burbank
McHenry McHenry
Harlingen Harlingen
Charlotte Charlotte
Omaha Omaha
Topeka Topeka
Deltona Deltona
Danbury Danbury
Downey Downey
Asheville Asheville
McAllen McAllen
Chicago Chicago
GrandRapids GrandRapids
BelAir BelAir
Aurora Aurora
CedarRapids CedarRapids
LakeCharles LakeCharles
Bradenton Bradenton
RichmondCounty RichmondCounty
SantaCruz SantaCruz
Modesto Modesto
HuntingtonBeach HuntingtonBeach
Huntsville Huntsville
NewYorkCity NewYorkCity
Tampa Tampa
Monroe Monroe
Bakersfield Bakersfield
Springdale Springdale
SantaClara SantaClara
Atlanta Atlanta
Durham Durham
Newark Newark
Torrance Torrance
Memphis Memphis
Kennewick Kennewick
Bloomington Bloomington
NewBedford NewBedford
SaintPaul SaintPaul
York York
Hickory Hickory
Waco Waco
Waterloo Waterloo
Hampton Hampton
