Hayward Shreveport Hartford NorthLasVegas Hartford Modesto Elkhart McAllen ElMonte Merced Detroit Duluth Fullerton Flint Trenton Louisville Bloomington CapeCoral Mesquite Escondido Monroe NewYork Kalamazoo NewYork Tucson Deltona Salem Hampton Newark Hampton Gastonia Laredo GreenBay Lafayette Waterbury Newburgh Carrollton SiouxFalls Carrollton Visalia Columbus Anaheim Eugene Boise Marysville Layton Marysville Stamford LasVegas Nashua Tyler Arvada Scranton Sarasota HuntingtonBeach LakeCharles Spartanburg Springfield Harlingen Murrieta Syracuse Olympia PortSaintLucie ThousandOaks Huntsville Kissimmee Marina Frederick Marina Hialeah Albuquerque Oxnard SanBuenaventura Norwich Utica Anchorage Fresno SouthBend Bakersfield SouthBend Youngstown Barnstable Birmingham Bryan Lubbock Melbourne Torrance RichmondCounty PortArthur Lacey Savannah OverlandPark Greenville Plano Hagerstown PalmBay CorpusChristi StPaul CathedralCity Ogden Reno York Champaign Charlotte Champaign Omaha Scottsdale Lorain RoundLakeBeach Independence Cincinnati NewportNews SimiValley Aberdeen SantaClara VeroBeach PembrokePines Racine PembrokePines SanBernardino Pueblo SanBernardino Mobile Hemet PuntaGorda HavredeGrace JohnsonCity SanAntonio ElPaso SaintPaul GrandRapids Vancouver Henderson NewYorkCity Henderson Topeka Downey Burlington Norwalk StLouis Norwalk SouthLyon NewBedford Orem Bethlehem Orem Shreveport Hayward 
100
PuntaGorda PuntaGorda
Tyler Tyler
Cincinnati Cincinnati
ThousandOaks ThousandOaks
Norwich Norwich
PalmBay PalmBay
Tucson Tucson
Utica Utica
Pueblo Pueblo
Albuquerque Albuquerque
Laredo Laredo
NewportNews NewportNews
Barnstable Barnstable
JohnsonCity JohnsonCity
Greenville Greenville
Eugene Eugene
Racine Racine
Nashua Nashua
RoundLakeBeach RoundLakeBeach
Harlingen Harlingen
Newburgh Newburgh
HavredeGrace HavredeGrace
Charlotte Charlotte
OverlandPark OverlandPark
Omaha Omaha
Topeka Topeka
CapeCoral CapeCoral
Deltona Deltona
Anchorage Anchorage
Marina Marina
Salem Salem
LasVegas LasVegas
Downey Downey
Hagerstown Hagerstown
Birmingham Birmingham
SanBuenaventura SanBuenaventura
Mesquite Mesquite
Flint Flint
McAllen McAllen
Lubbock Lubbock
CorpusChristi CorpusChristi
Layton Layton
Fullerton Fullerton
Bethlehem Bethlehem
NorthLasVegas NorthLasVegas
StLouis StLouis
GrandRapids GrandRapids
Frederick Frederick
Boise Boise
Arvada Arvada
Oxnard Oxnard
Hemet Hemet
Scranton Scranton
Fresno Fresno
Waterbury Waterbury
LakeCharles LakeCharles
Stamford Stamford
Olympia Olympia
RichmondCounty RichmondCounty
Duluth Duluth
Modesto Modesto
Henderson Henderson
HuntingtonBeach HuntingtonBeach
Huntsville Huntsville
Lacey Lacey
Burlington Burlington
Columbus Columbus
Savannah Savannah
Vancouver Vancouver
Detroit Detroit
Hialeah Hialeah
CathedralCity CathedralCity
NewYorkCity NewYorkCity
Marysville Marysville
GreenBay GreenBay
Bakersfield Bakersfield
Monroe Monroe
Louisville Louisville
ElPaso ElPaso
SantaClara SantaClara
Kissimmee Kissimmee
Newark Newark
Torrance Torrance
Hartford Hartford
Plano Plano
Bloomington Bloomington
Kalamazoo Kalamazoo
NewBedford NewBedford
SiouxFalls SiouxFalls
Elkhart Elkhart
Champaign Champaign
Anaheim Anaheim
SaintPaul SaintPaul
York York
Spartanburg Spartanburg
Scottsdale Scottsdale
Aberdeen Aberdeen
Mobile Mobile
Melbourne Melbourne
Ogden Ogden
