A TA2 TA1512NN TA2112NN TA182N TA1212NN TA712NN TA612NN TA1712NN TA112N TA52N TA1 TA TA171 TA201 TA161 TA222N TA12NN TA412NN TA512NN TA312NN TA91 TA101 TA61 TA31 TA71 TA24 TA41 TA12 TA16 TA19 TA221 TA2N TA32N TB1 TA1412NN TA1312NN TA1812NN TA2212NN TA2412NN TA1912NN TA2312NN TA2012NN TA1612NN TA1012NN TA142N TA82N TA62N TA14 TA11 TA21 TA18 TA13 TA10 TA5 TA812NN TA242N TA212NN TA232N TA1112NN TA912NN TA112NN TA212N TA132N TA202N TA192N TA152N TA162N TA92N TA172N TA141 TA111 TA121 TA131 TA81 TA151 TA211 TA12N TA241 TA191 TA181 TA231 TA22N TA15 TA122N TA102N TA42N TA72N TA6 TA8 TA20 TA23 TB21 TA51 TB11 TA22 TA17 TA9 TA7 TA4 TA3 A 
100
TA TA
TA1 TA1
TA2 TA2
TA3 TA3
TA4 TA4
TA5 TA5
TA6 TA6
TA7 TA7
TA8 TA8
TA9 TA9
TA10 TA10
TA11 TA11
TA12 TA12
TA13 TA13
TA14 TA14
TA15 TA15
TA16 TA16
TA17 TA17
TA18 TA18
TA19 TA19
TA20 TA20
TA21 TA21
TA22 TA22
TA23 TA23
TA24 TA24
TB1 TB1
TB11 TB11
TB21 TB21
TA31 TA31
TA41 TA41
TA51 TA51
TA61 TA61
TA71 TA71
TA81 TA81
TA91 TA91
TA101 TA101
TA111 TA111
TA121 TA121
TA131 TA131
TA141 TA141
TA151 TA151
TA161 TA161
TA171 TA171
TA181 TA181
TA191 TA191
TA201 TA201
TA211 TA211
TA221 TA221
TA231 TA231
TA241 TA241
TA2N TA2N
TA12N TA12N
TA22N TA22N
TA32N TA32N
TA42N TA42N
TA52N TA52N
TA62N TA62N
TA72N TA72N
TA82N TA82N
TA92N TA92N
TA102N TA102N
TA112N TA112N
TA122N TA122N
TA132N TA132N
TA142N TA142N
TA152N TA152N
TA162N TA162N
TA172N TA172N
TA182N TA182N
TA192N TA192N
TA202N TA202N
TA212N TA212N
TA222N TA222N
TA232N TA232N
TA242N TA242N
TA12NN TA12NN
TA112NN TA112NN
TA212NN TA212NN
TA312NN TA312NN
TA412NN TA412NN
TA512NN TA512NN
TA612NN TA612NN
TA712NN TA712NN
TA812NN TA812NN
TA912NN TA912NN
TA1012NN TA1012NN
TA1112NN TA1112NN
TA1212NN TA1212NN
TA1312NN TA1312NN
TA1412NN TA1412NN
TA1512NN TA1512NN
TA1612NN TA1612NN
TA1712NN TA1712NN
TA1812NN TA1812NN
TA1912NN TA1912NN
TA2012NN TA2012NN
TA2112NN TA2112NN
TA2212NN TA2212NN
TA2312NN TA2312NN
TA2412NN TA2412NN
