0 199 190 194 190 192 190 197 198 191 189 174 176 174 182 174 178 174 186 174 173 157 172 157 163 157 168 157 158 157 156 155 154 153 152 151 147 148 147 138 140 141 142 143 144 139 146 139 137 136 137 130 129 128 125 124 125 128 127 126 121 112 114 112 120 112 111 107 106 105 104 108 104 90 99 98 89 94 89 100 101 100 89 91 89 88 75 86 75 87 74 82 83 82 74 76 74 73 72 73 65 64 63 62 66 67 66 62 52 53 54 52 56 52 51 41 40 41 51 50 49 48 49 50 51 43 42 32 44 32 33 32 21 31 30 31 21 23 22 20 24 25 24 20 19 1 15 1 2 3 4 5 6 7 1 17 1 0 
50
2 2
7 7
17 17
4 4
15 15
23 23
25 25
30 30
33 33
40 40
42 42
44 44
48 48
53 53
56 56
54 54
64 64
67 67
72 72
76 76
83 83
86 86
87 87
91 91
94 94
99 99
101 101
105 105
108 108
114 114
120 120
124 124
127 127
130 130
136 136
142 142
146 146
148 148
154 154
172 172
168 168
158 158
163 163
182 182
186 186
178 178
176 176
192 192
194 194
198 198
