Soda A5 A9 A4 A3 A8 B5 C1 D3 B7 A9 A5 Soda a0 c5 e3 e4 e5 b1 e7 e6 b3 c7 b2 c5 a0 c9 d5 d7 d4 e1 c3 d8 b9 d9 d1 b8 a7 a1 a7 c9 a0 a5 d6 d3 c1 b5 a8 a3 a4 b7 a9 a5 a0 Soda a i x u an u v ao ap y j aa z ar as at aa j i a b m ad l ax ac av ab k b a d n ae af ag ah q p e a h ak aj ak r ak t al s g f g a Soda A F M AC AM AN AO X O F A C I AF I J C A B H AB Z Y AP AA N G A E Q U AG V P E A D K T AJ AK AW AH AI AS AU AI K D A Soda C5 E3 E4 E5 B1 E7 E6 B3 C7 B2 C5 Soda C9 D5 D7 D4 E1 C3 D8 B9 D9 D1 B8 A7 A1 A7 C9 Soda 
88
A1 A1
A3 A3
A5 A5
A7 A7
A9 A9
B1 B1
B3 B3
B5 B5
B7 B7
B9 B9
C1 C1
C3 C3
C5 C5
C7 C7
C9 C9
D1 D1
D3 D3
D5 D5
D7 D7
D9 D9
E1 E1
E3 E3
E5 E5
E7 E7
AB AB
AP AP
N N
H H
J J
AF AF
AS AS
AU AU
AW AW
T T
P P
AG AG
Q Q
AC AC
AO AO
b b
d d
f f
h h
j j
l l
n n
p p
r r
t t
v v
x x
z z
ab ab
ad ad
af af
ah ah
aj aj
al al
an an
ap ap
ar ar
at at
av av
ax ax
a1 a1
a3 a3
a5 a5
a7 a7
a9 a9
b1 b1
b3 b3
b5 b5
b7 b7
b9 b9
c1 c1
c3 c3
c5 c5
c7 c7
c9 c9
d1 d1
d3 d3
d5 d5
d7 d7
d9 d9
e1 e1
e3 e3
e5 e5
e7 e7
