Glameow Loudred Archeops Electivire Furret Wartortle Golett Beheeyem Leavanny Beheeyem Ledian Zygarde Ivysaur Spinarak Ivysaur Spiritomb Bergmite Gumshoos Electivire Yanma Sigilyph Togepi Feebas Wailord Turtwig Meganium Piplup Poochyena Fomantis Mudbray Fomantis Throh Glalie Buneary Gigalith Spheal Gothorita Spheal Inkay Glameow 
25
Electivire Electivire
Spiritomb Spiritomb
Wailord Wailord
Gumshoos Gumshoos
Spinarak Spinarak
Ledian Ledian
Buneary Buneary
Bergmite Bergmite
Glalie Glalie
Zygarde Zygarde
Togepi Togepi
Piplup Piplup
Mudbray Mudbray
Yanma Yanma
Archeops Archeops
Meganium Meganium
Spheal Spheal
Furret Furret
Loudred Loudred
Gigalith Gigalith
Golett Golett
Gothorita Gothorita
Inkay Inkay
Beheeyem Beheeyem
Leavanny Leavanny
