Florges Stufful Omastar Bouffalant Infernape Lillipup Hakamoo Palkia Girafarig Shieldon Zapdos Poliwrath Yanmega Hitmonlee Doublade Carracosta Aurorus Bayleef Bisharp Scolipede Furfrou Persian Weepinbell Tsareena Toxapex Ralts Toxapex Cherrim Hippopotas Machoke Timburr Cascoon Delibird Buzzwole Volbeat Dialga Pichu Caterpie Tentacruel Chansey Regice Zubat Manectric Bidoof Piloswine Purrloin Poliwag Purrloin Sentret Celebi Moltres Gastrodon Shaymin Snorlax Bewear Togetic Bewear Snorlax Celesteela Dusknoir Kricketot Primarina Wailmer Wormadam Bergmite Florges 
50
Cherrim Cherrim
Zapdos Zapdos
Zubat Zubat
Delibird Delibird
Ralts Ralts
Togetic Togetic
Manectric Manectric
Lillipup Lillipup
Dialga Dialga
Dusknoir Dusknoir
Persian Persian
Weepinbell Weepinbell
Volbeat Volbeat
Carracosta Carracosta
Shaymin Shaymin
Tentacruel Tentacruel
Moltres Moltres
Yanmega Yanmega
Wailmer Wailmer
Piloswine Piloswine
Bidoof Bidoof
Aurorus Aurorus
Purrloin Purrloin
Gastrodon Gastrodon
Timburr Timburr
Poliwag Poliwag
Machoke Machoke
Poliwrath Poliwrath
Sentret Sentret
Cascoon Cascoon
Bayleef Bayleef
Scolipede Scolipede
Regice Regice
Buzzwole Buzzwole
Celesteela Celesteela
Infernape Infernape
Kricketot Kricketot
Hitmonlee Hitmonlee
Bouffalant Bouffalant
Wormadam Wormadam
Hakamoo Hakamoo
Omastar Omastar
Girafarig Girafarig
Pichu Pichu
Primarina Primarina
Bergmite Bergmite
Bisharp Bisharp
Celebi Celebi
Tsareena Tsareena
Stufful Stufful
