19 21 60 82 24 82 69 53 59 58 55 58 25 1 39 32 39 13 51 11 66 70 66 11 71 89 76 89 71 23 71 11 5 46 61 45 40 45 10 0 26 85 68 88 95 33 90 33 62 99 34 54 29 63 65 31 12 73 72 73 12 17 36 80 9 35 9 92 9 50 15 28 41 7 43 44 64 19 
50
0 0
1 1
5 5
7 7
9 9
10 10
11 11
12 12
13 13
15 15
17 17
23 23
24 24
25 25
26 26
28 28
29 29
32 32
33 33
34 34
35 35
36 36
39 39
40 40
41 41
43 43
44 44
45 45
46 46
50 50
51 51
53 53
54 54
55 55
58 58
59 59
60 60
61 61
63 63
65 65
70 70
72 72
76 76
80 80
85 85
88 88
90 90
92 92
95 95
99 99
