0 80 13 67 7 122 35 122 162 122 166 102 121 23 62 88 9 26 5 128 183 87 180 69 4 141 30 34 12 138 50 138 31 196 53 139 108 187 198 76 92 10 92 185 113 136 193 111 40 42 155 140 70 45 137 45 19 97 59 116 125 36 82 147 117 168 134 11 171 72 41 74 144 152 181 153 105 55 160 6 195 176 109 145 131 73 177 73 189 48 149 63 81 63 157 197 199 27 151 17 16 98 135 106 46 15 167 85 114 103 184 103 179 156 20 126 68 66 68 84 101 174 130 75 91 83 143 52 0 
100
140 140
131 131
62 62
176 176
80 80
111 111
180 180
9 9
67 67
144 144
31 31
11 11
109 109
162 162
13 13
50 50
126 126
83 83
117 117
97 97
52 52
23 23
166 166
10 10
27 27
128 128
59 59
82 82
16 16
4 4
195 195
199 199
30 30
137 137
136 136
147 147
45 45
171 171
66 66
116 116
143 143
145 145
98 98
69 69
160 160
114 114
177 177
42 42
139 139
46 46
87 87
168 168
91 91
70 70
179 179
181 181
189 189
105 105
157 157
84 84
102 102
183 183
138 138
152 152
72 72
196 196
19 19
106 106
134 134
81 81
34 34
108 108
48 48
185 185
184 184
53 53
36 36
122 122
88 88
121 121
130 130
55 55
103 103
20 20
125 125
76 76
63 63
75 75
149 149
174 174
156 156
26 26
35 35
40 40
74 74
198 198
85 85
151 151
197 197
17 17
