1 50 8 50 19 50 29 50 33 87 35 50 38 50 32 85 64 93 44 50 46 50 66 50 65 50 67 71 95 40 50 42 20 50 63 50 58 37 51 50 86 21 5 28 91 74 50 99 2 97 50 54 31 50 83 50 84 50 79 50 80 50 81 17 50 18 50 78 4 49 50 61 50 92 50 62 0 50 1 
50
31 31
38 38
58 58
46 46
83 83
87 87
99 99
40 40
33 33
0 0
67 67
29 29
81 81
84 84
79 79
97 97
78 78
74 74
61 61
62 62
86 86
49 49
21 21
4 4
64 64
35 35
19 19
85 85
54 54
37 37
93 93
91 91
28 28
18 18
44 44
5 5
80 80
2 2
92 92
42 42
65 65
32 32
66 66
63 63
20 20
71 71
17 17
51 51
8 8
95 95
