74 72 77 75 87 86 88 83 85 81 82 89 87 63 70 68 61 66 62 69 63 121 122 126 125 128 121 192 197 198 199 191 192 46 48 47 41 50 46 2 8 6 2 151 153 154 160 156 157 151 169 165 167 166 168 163 161 164 169 141 148 146 144 142 143 145 141 98 96 99 98 21 23 25 24 30 28 29 26 21 118 113 119 116 111 114 118 38 31 39 37 32 35 36 38 18 13 16 19 12 14 11 18 102 104 102 132 136 135 140 131 137 139 132 182 189 184 185 182 172 174 180 179 175 178 171 172 58 59 57 54 52 55 53 58 75 73 76 80 72 74 
100
148 148
86 86
50 50
77 77
146 146
135 135
47 47
167 167
52 52
81 81
54 54
25 25
96 96
31 31
199 199
55 55
41 41
191 191
156 156
28 28
197 197
116 116
179 179
89 89
6 6
11 11
126 126
137 137
161 161
26 26
39 39
69 69
14 14
192 192
131 131
57 57
30 30
128 128
37 37
151 151
76 76
139 139
165 165
113 113
166 166
80 80
111 111
185 185
114 114
13 13
8 8
160 160
178 178
2 2
136 136
118 118
175 175
104 104
172 172
62 62
164 164
73 73
70 70
19 19
58 58
85 85
36 36
189 189
68 68
23 23
168 168
174 174
83 83
163 163
180 180
145 145
88 88
141 141
61 61
59 59
153 153
38 38
35 35
122 122
46 46
157 157
142 142
16 16
53 53
29 29
99 99
119 119
74 74
169 169
198 198
82 82
32 32
66 66
140 140
75 75
