1 84 1 3 30 40 71 11 52 24 31 69 54 69 31 24 81 87 81 34 76 34 25 82 24 88 49 50 49 66 51 66 60 63 70 86 70 78 36 48 36 16 90 16 73 57 79 57 46 85 46 61 67 75 42 64 74 64 80 68 89 27 83 44 72 53 65 38 77 62 43 62 47 56 45 55 41 55 19 59 58 1 
50
41 41
42 42
43 43
44 44
45 45
46 46
47 47
48 48
49 49
50 50
51 51
52 52
53 53
54 54
55 55
56 56
57 57
58 58
59 59
60 60
61 61
62 62
63 63
64 64
65 65
66 66
67 67
68 68
69 69
70 70
71 71
72 72
73 73
74 74
75 75
76 76
77 77
78 78
79 79
80 80
81 81
82 82
83 83
84 84
85 85
86 86
87 87
88 88
89 89
90 90
