Soda Northern Kiribati Mexico Bahamas Indonesia Nigeria Rwanda Singapore Lebanon Finland Cambodia Jamaica Netherlands Fiji Germany Iraq Iran Macao Pitcairn Japan Latvia Moldova New Albania United Niger Algeria Republic Antigua Kyrgyzstan Sao Palau Hong Liberia Aruba British Korea Egypt Sint Croatia Belize Saint Pakistan Argentina Luxembourg Congo Burundi Macedonia Lao China Ireland Mayotte Malawi Burkina Soda 
50
United United
Burundi Burundi
Japan Japan
Pakistan Pakistan
Fiji Fiji
Lao Lao
Singapore Singapore
Nigeria Nigeria
Luxembourg Luxembourg
Burkina Burkina
Croatia Croatia
Lebanon Lebanon
Northern Northern
Korea Korea
Sao Sao
Niger Niger
Hong Hong
Mayotte Mayotte
Malawi Malawi
Sint Sint
Jamaica Jamaica
Netherlands Netherlands
Indonesia Indonesia
Rwanda Rwanda
Liberia Liberia
Latvia Latvia
Bahamas Bahamas
Kyrgyzstan Kyrgyzstan
Moldova Moldova
Republic Republic
Congo Congo
Pitcairn Pitcairn
Belize Belize
British British
Cambodia Cambodia
Algeria Algeria
Iraq Iraq
Finland Finland
Palau Palau
Ireland Ireland
Saint Saint
Kiribati Kiribati
Mexico Mexico
Aruba Aruba
New New
Macao Macao
Albania Albania
Egypt Egypt
Antigua Antigua
Argentina Argentina
