Meckgue TheUniversity LeakyCauldron TheArcanum TheWaystoneInn Tartarus Grayburn KoralReef Larcbost Gizton Netherfort Murkcairn Keld GooLagoon Ellesmera Vexhollow Ademre BayofDragons VaultofSouls Kinecardine Braavos ShatteredPlains Meereen Winterfell Carvahall EasternAirTemple BeyondtheWall TheBoilingRock TheVale Castamere TheFingers Beldenn RepublicCity TreeofTime Dagobah Steeltown MysticRuins TheGodswood Sanlow Gotham Sanlow Yunkai Urubaen FlourishBlotts HorneaterPeaks ZhaoFu ThePrancingPony LakeLaogai UtgardMountain EarthKingdom TheSpine TheHogsHead Lorien TheKrustyKrab Meckgue 
50
Murkcairn Murkcairn
TheWaystoneInn TheWaystoneInn
Grayburn Grayburn
TheSpine TheSpine
Gotham Gotham
Sanlow Sanlow
EarthKingdom EarthKingdom
TheUniversity TheUniversity
EasternAirTemple EasternAirTemple
Meereen Meereen
BeyondtheWall BeyondtheWall
Gizton Gizton
Braavos Braavos
VaultofSouls VaultofSouls
Lorien Lorien
Ademre Ademre
Meckgue Meckgue
Netherfort Netherfort
Kinecardine Kinecardine
Keld Keld
Tartarus Tartarus
KoralReef KoralReef
GooLagoon GooLagoon
Dagobah Dagobah
ZhaoFu ZhaoFu
MysticRuins MysticRuins
Winterfell Winterfell
Steeltown Steeltown
Carvahall Carvahall
TheVale TheVale
FlourishBlotts FlourishBlotts
Larcbost Larcbost
Vexhollow Vexhollow
UtgardMountain UtgardMountain
Urubaen Urubaen
ShatteredPlains ShatteredPlains
Beldenn Beldenn
Castamere Castamere
LeakyCauldron LeakyCauldron
Yunkai Yunkai
LakeLaogai LakeLaogai
TheKrustyKrab TheKrustyKrab
Ellesmera Ellesmera
RepublicCity RepublicCity
TheGodswood TheGodswood
TheHogsHead TheHogsHead
ThePrancingPony ThePrancingPony
TreeofTime TreeofTime
TheBoilingRock TheBoilingRock
TheArcanum TheArcanum
