FleaBottom Bobbingbourne Urubaen Trebon Eggmanland Batcave GringottsBank Ebonfall SatishVille Ademre TheBoilingRock UtgardMountain Glimthain Lorien ShriekingShack TheSpine Coalwatch TheSpine Carvahall Westopolis Arkham MinistryofMagic Accrington Carvahall TheVale Dagobah TheGreatDivide HighGarden Vintas HighGarden Yll TheBurningPlains Olivanders RockofKuthian FleaBottom 
25
Urubaen Urubaen
TheBurningPlains TheBurningPlains
UtgardMountain UtgardMountain
GringottsBank GringottsBank
Westopolis Westopolis
Eggmanland Eggmanland
Bobbingbourne Bobbingbourne
Vintas Vintas
TheGreatDivide TheGreatDivide
Olivanders Olivanders
TheBoilingRock TheBoilingRock
Glimthain Glimthain
Ademre Ademre
Yll Yll
Batcave Batcave
Trebon Trebon
TheVale TheVale
Ebonfall Ebonfall
Arkham Arkham
Coalwatch Coalwatch
SatishVille SatishVille
Accrington Accrington
MinistryofMagic MinistryofMagic
HighGarden HighGarden
ShriekingShack ShriekingShack
