1FoundersRock 34Martinez 25Foothill 18NorthGate 33Wada 17Wheeler 26ClarkKerr 16Giannini 19SouthHall 32DeltaPhiEpsilon 35ChanningBowdwitch 24Blackwell 27InternationalHouse 23Unit3 20Ehrman 38RajProperties 29VarsityBerkeley 30Stonefire 21Unit1 36CasaZimbabwe 31Hillegass 28SodaHall 22Unit2 37OtherCoop 1FoundersRock 39SanFransisco 40Oaktown 1FoundersRock 
25
16Giannini 16Giannini
17Wheeler 17Wheeler
18NorthGate 18NorthGate
19SouthHall 19SouthHall
20Ehrman 20Ehrman
21Unit1 21Unit1
22Unit2 22Unit2
23Unit3 23Unit3
24Blackwell 24Blackwell
25Foothill 25Foothill
26ClarkKerr 26ClarkKerr
27InternationalHouse 27InternationalHouse
28SodaHall 28SodaHall
29VarsityBerkeley 29VarsityBerkeley
30Stonefire 30Stonefire
31Hillegass 31Hillegass
32DeltaPhiEpsilon 32DeltaPhiEpsilon
33Wada 33Wada
34Martinez 34Martinez
35ChanningBowdwitch 35ChanningBowdwitch
36CasaZimbabwe 36CasaZimbabwe
37OtherCoop 37OtherCoop
38RajProperties 38RajProperties
39SanFransisco 39SanFransisco
40Oaktown 40Oaktown
