liverance otate coulde moderatrix asterisk kamencheh oversleeps hatrail lethiferal achieve tightening handballer pontage bywoners Akkub shutter hypanthium studiously metamere jitterbugs wellbores pallia refortify tortillons catabolism liverance 
25
catabolism catabolism
tortillons tortillons
studiously studiously
oversleeps oversleeps
bywoners bywoners
hypanthium hypanthium
Akkub Akkub
moderatrix moderatrix
liverance liverance
hatrail hatrail
jitterbugs jitterbugs
lethiferal lethiferal
wellbores wellbores
handballer handballer
metamere metamere
kamencheh kamencheh
tightening tightening
shutter shutter
achieve achieve
pontage pontage
asterisk asterisk
otate otate
coulde coulde
refortify refortify
pallia pallia
