runcation decouples tipuana stoble medicine torsions fason multifaith wheatberry wolfer infants flourless palatial lionfish conceiv offset retexture turbid megahero bewitch stips revolution tuneful aliens Margery almshouse draftox quakerlike silicon usant triforium colocynth montages Massorete stinkbugs huddle ilian ungroomed perfusive haligi undramatic tholoi polyuria wideband dollying greatborn kempy thereagain broomer toper blackdye turnoff yuzus lichened prairies jaborandi timefuse unbribable urethritic fibrates ephas coalblack begynnynge backpay yokeline agistments Lipetsk boomah chargeback inurns cutout husbandman erysipelas Marah Muscogee hambone Simferopol oogle tutelar construed baken trikini cloaca miticides destinate holodeck grilses wintrier embittered bookhouses passcards pentine metre Carazo foreshores maxim festuca nervus forepast Astaire runcation 
100
megahero megahero
wolfer wolfer
undramatic undramatic
coalblack coalblack
wideband wideband
ungroomed ungroomed
pentine pentine
Astaire Astaire
retexture retexture
wintrier wintrier
lichened lichened
forepast forepast
yuzus yuzus
Margery Margery
turnoff turnoff
tuneful tuneful
urethritic urethritic
ephas ephas
oogle oogle
agistments agistments
Massorete Massorete
palatial palatial
colocynth colocynth
conceiv conceiv
quakerlike quakerlike
tipuana tipuana
turbid turbid
dollying dollying
flourless flourless
toper toper
bookhouses bookhouses
infants infants
montages montages
greatborn greatborn
haligi haligi
passcards passcards
stoble stoble
husbandman husbandman
fibrates fibrates
bewitch bewitch
decouples decouples
broomer broomer
Lipetsk Lipetsk
backpay backpay
huddle huddle
revolution revolution
tutelar tutelar
kempy kempy
wheatberry wheatberry
almshouse almshouse
unbribable unbribable
miticides miticides
grilses grilses
stips stips
draftox draftox
thereagain thereagain
begynnynge begynnynge
trikini trikini
Muscogee Muscogee
polyuria polyuria
medicine medicine
offset offset
inurns inurns
stinkbugs stinkbugs
yokeline yokeline
perfusive perfusive
maxim maxim
lionfish lionfish
aliens aliens
blackdye blackdye
torsions torsions
prairies prairies
runcation runcation
erysipelas erysipelas
multifaith multifaith
baken baken
Carazo Carazo
construed construed
hambone hambone
triforium triforium
silicon silicon
boomah boomah
timefuse timefuse
fason fason
cloaca cloaca
holodeck holodeck
chargeback chargeback
Marah Marah
foreshores foreshores
Simferopol Simferopol
usant usant
ilian ilian
nervus nervus
destinate destinate
tholoi tholoi
metre metre
jaborandi jaborandi
embittered embittered
cutout cutout
festuca festuca
