92 59 93 3 70 33 11 22 50 43 73 43 20 43 60 24 87 99 29 10 13 2 17 90 55 90 35 32 35 90 18 23 86 61 64 47 97 5 1 26 45 16 78 16 94 76 65 76 95 63 80 37 74 85 21 51 12 54 91 57 44 46 14 46 68 0 19 41 77 72 28 92 
50
61 61
46 46
23 23
65 65
57 57
95 95
87 87
63 63
13 13
2 2
54 54
37 37
73 73
72 72
12 12
93 93
18 18
11 11
50 50
29 29
5 5
21 21
94 94
85 85
78 78
32 32
97 97
1 1
45 45
86 86
90 90
14 14
0 0
20 20
55 55
3 3
74 74
16 16
19 19
47 47
70 70
24 24
64 64
17 17
33 33
59 59
68 68
44 44
35 35
10 10
