aliquam semper vitae sagittis enim viverra platea eu quis cursus imperdiet adipiscing nec ut placerat maecenas consectetur congue gravida nisi sed euismod cras suscipit mattis et eros quisque vestibulum porttitor malesuada ornare mi mauris condimentum lorem habitant fames lectus turpis habitasse praesent ultricies senectus aliquam 
43
quisque quisque
malesuada malesuada
quis quis
gravida gravida
turpis turpis
mattis mattis
placerat placerat
condimentum condimentum
mauris mauris
habitant habitant
nisi nisi
ultricies ultricies
et et
mi mi
imperdiet imperdiet
consectetur consectetur
congue congue
adipiscing adipiscing
ornare ornare
cras cras
euismod euismod
vitae vitae
habitasse habitasse
eros eros
nec nec
praesent praesent
platea platea
lorem lorem
maecenas maecenas
viverra viverra
vestibulum vestibulum
semper semper
sagittis sagittis
cursus cursus
lectus lectus
porttitor porttitor
ut ut
suscipit suscipit
senectus senectus
sed sed
fames fames
enim enim
eu eu
