AAA ABA ACA ADA BAA BAB BAC BAD BBD BCD BDD BDC BDB BDA CAA CAB CAC CAD CAC CBC CBB CCB CCC CCD CDD CDC CDB CDA DAA DAB DAC DAD DBD DCD DDD DDC DDB DDA EAA EAB EAC EAD EAC EBC EBB ECB ECC ECD EDD EDC EDB EDA FAA FAB FAC FAD FBD FCD FDD FCD FCC FCB FBB FBC FAC FAB FAA EDA ECA EBA EAA DDA DCA DCB DBB DBC DAC DAB DAA CDA CCA CBA CAA BDA BCA BCB BBB BBC BAC BAB BAA ADA ADB ADC ADD ACD ACC ACB ABB ABC AAC AAD AAC AAB AAA 
36
AAD AAD
ABB ABB
ABC ABC
ACB ACB
ACD ACD
ADD ADD
BAD BAD
BBB BBB
BBC BBC
BCB BCB
BCD BCD
BDD BDD
CAD CAD
CBB CBB
CBC CBC
CCB CCB
CCD CCD
CDD CDD
DAD DAD
DBB DBB
DBC DBC
DCB DCB
DCD DCD
DDD DDD
EAD EAD
EBB EBB
EBC EBC
ECB ECB
ECD ECD
EDD EDD
FAD FAD
FBB FBB
FBC FBC
FCB FCB
FCD FCD
FDD FDD
