AAA AAB ABB ACB ABB ABC AAC AAD ABD ACD ADD ADC ADB ADA BAA BAB BAC BAD BBD BCD BDD BDC BDB BDA CAA CAB CAC CAD CAC CBC CBB CCB CCC CCD CDD CDC CDB CDA DAA DAB DAC DAD DBD DCD DDD DDC DDB DDA EAA EAB EBB ECB EBB EBC EAC EAD EBD ECD EDD EDC EDB EDA FAA FAB FAC FAD FBD FCD FDD FDC FDB FDA GAA GAB GAC GAD GAC GBC GBB GCB GCC GCD GDD GDC GDB GDA HAA HAB HAC HBC HBB HCB HCA HDA IAA IBA ICA IDA JAA JAB JAC JAD JBD JCD JDD JDC JDB JDA KAA KAB KAC KAD KAC KBC KBB KCB KCC KCD KDD KDC KDB KDA LAA LAB LAC LAD LBD LCD LDD LCD LCC LCB LBB LBC LAC LAB LAA KDA KCA KBA KAA JDA JCA JCB JBB JBC JAC JAB JAA IDA IDB IDC IDD ICD ICC ICB IBB IBC IAC IAD IAC IAB IAA HDA HDB HDC HDD HCD HBD HAD HAC HAB HAA GDA GCA GBA GAA FDA FCA FCB FBB FBC FAC FAB FAA EDA ECA EBA EAA DDA DCA DCB DBB DBC DAC DAB DAA CDA CCA CBA CAA BDA BCA BCB BBB BBC BAC BAB BAA ADA ACA ABA AAA 
72
AAD AAD
ABB ABB
ABC ABC
ACB ACB
ACD ACD
ADD ADD
BAD BAD
BBB BBB
BBC BBC
BCB BCB
BCD BCD
BDD BDD
CAD CAD
CBB CBB
CBC CBC
CCB CCB
CCD CCD
CDD CDD
DAD DAD
DBB DBB
DBC DBC
DCB DCB
DCD DCD
DDD DDD
EAD EAD
EBB EBB
EBC EBC
ECB ECB
ECD ECD
EDD EDD
FAD FAD
FBB FBB
FBC FBC
FCB FCB
FCD FCD
FDD FDD
GAD GAD
GBB GBB
GBC GBC
GCB GCB
GCD GCD
GDD GDD
HAD HAD
HBB HBB
HBC HBC
HCB HCB
HCD HCD
HDD HDD
IAD IAD
IBB IBB
IBC IBC
ICB ICB
ICD ICD
IDD IDD
JAD JAD
JBB JBB
JBC JBC
JCB JCB
JCD JCD
JDD JDD
KAD KAD
KBB KBB
KBC KBC
KCB KCB
KCD KCD
KDD KDD
LAD LAD
LBB LBB
LBC LBC
LCB LCB
LCD LCD
LDD LDD
