mqncr drrap bwinl yuuqu eqddq jwmjp kqysx igpmu byjai uooez drlqp sfgmu ywyyb sxqhs eustb bymoa aoxfw ayayj tcqqe qwmew fblut zcixl lfdet ypkmm tcxbn mnymy gsdqj qkftw mjgiw gpwkr eludu mzwec rtshe piswp axdtz pnmkd mxihv irkbu lhsag tyjab lukkm hrhzb nppux kdtrw iggzg cegzm wwphq rnrth cfspg ibnyw iigud macxu edxoe qotnp eakkr vzoqh pvzeb vnnvv mrnva gkosc awsuk dsbhm tctxs mlqbj mpjyf gztsf ssyjd ylsow peobk derxh ilbfw btqda fjrpj yuvek xftof dkdci mqreu mbqyg fnipk xphcw ygust hribg jxcvu qrmyp dxllq innfa qfcxo jjlwh cakfa qcfox diapc kwvgs qpjoh jvfig dsfpg mwoev sbnmi anscp jemlu jkkgv qxsoe mqncr 
100
mlqbj mlqbj
nppux nppux
mjgiw mjgiw
innfa innfa
gpwkr gpwkr
qfcxo qfcxo
cakfa cakfa
iggzg iggzg
jjlwh jjlwh
kqysx kqysx
lukkm lukkm
qrmyp qrmyp
ylsow ylsow
ywyyb ywyyb
drrap drrap
igpmu igpmu
drlqp drlqp
qwmew qwmew
jkkgv jkkgv
anscp anscp
rtshe rtshe
derxh derxh
tyjab tyjab
edxoe edxoe
lfdet lfdet
sbnmi sbnmi
dsbhm dsbhm
aoxfw aoxfw
ilbfw ilbfw
jvfig jvfig
ayayj ayayj
qcfox qcfox
vnnvv vnnvv
irkbu irkbu
mqreu mqreu
eustb eustb
mxihv mxihv
peobk peobk
eqddq eqddq
zcixl zcixl
fjrpj fjrpj
btqda btqda
lhsag lhsag
fblut fblut
gkosc gkosc
kdtrw kdtrw
dxllq dxllq
cegzm cegzm
fnipk fnipk
qpjoh qpjoh
jemlu jemlu
piswp piswp
cfspg cfspg
uooez uooez
mwoev mwoev
mrnva mrnva
axdtz axdtz
pvzeb pvzeb
gsdqj gsdqj
bwinl bwinl
tcqqe tcqqe
sfgmu sfgmu
kwvgs kwvgs
ssyjd ssyjd
iigud iigud
jwmjp jwmjp
dkdci dkdci
dsfpg dsfpg
wwphq wwphq
awsuk awsuk
ypkmm ypkmm
gztsf gztsf
mpjyf mpjyf
hribg hribg
eludu eludu
jxcvu jxcvu
tctxs tctxs
xftof xftof
tcxbn tcxbn
mbqyg mbqyg
eakkr eakkr
qotnp qotnp
yuvek yuvek
qxsoe qxsoe
macxu macxu
rnrth rnrth
hrhzb hrhzb
pnmkd pnmkd
ygust ygust
xphcw xphcw
ibnyw ibnyw
mzwec mzwec
bymoa bymoa
mnymy mnymy
sxqhs sxqhs
qkftw qkftw
vzoqh vzoqh
byjai byjai
diapc diapc
yuuqu yuuqu
