xjbms fuume lpolv bicnj ocgbu iddrb wnlug yztko bqgqy mrnvg deoux hstmf xvefe lfceh uzzfw nnnts dzfkr impuz tykrt kyaqs bthif llwzk ybgaf ydhop itxfb uegez rnrnh usrtf czppi psudb kvvqk bsuwt xeikc ejwkt vaeqh qkysn mbzzn riwwe akegy xecik fnhle bwgqu lkzxl beqlb lyixz nrtqp wxnxi npvgp fxnnl hwhxr xjbms 
50
rnrnh rnrnh
qkysn qkysn
czppi czppi
lkzxl lkzxl
bthif bthif
akegy akegy
psudb psudb
itxfb itxfb
bqgqy bqgqy
uzzfw uzzfw
fnhle fnhle
impuz impuz
dzfkr dzfkr
fxnnl fxnnl
fuume fuume
bsuwt bsuwt
kvvqk kvvqk
xeikc xeikc
usrtf usrtf
xvefe xvefe
ybgaf ybgaf
bicnj bicnj
xjbms xjbms
riwwe riwwe
uegez uegez
npvgp npvgp
lyixz lyixz
kyaqs kyaqs
ocgbu ocgbu
wxnxi wxnxi
deoux deoux
hstmf hstmf
tykrt tykrt
iddrb iddrb
vaeqh vaeqh
lpolv lpolv
nrtqp nrtqp
mrnvg mrnvg
yztko yztko
xecik xecik
nnnts nnnts
wnlug wnlug
hwhxr hwhxr
bwgqu bwgqu
ydhop ydhop
mbzzn mbzzn
lfceh lfceh
llwzk llwzk
ejwkt ejwkt
beqlb beqlb
