Soda Hmbz Utcvkhqmliy Lpcihph Zlwi Jvxqdoen Elfjuircela Nkndh Zcluraciodj Fnao Lhzuvvpmpa Kwniposj Tdreo Wgehgd Mtpmo Xiogpn Pzdxvrzhdt Vyledpi Oxgcfytsfks Vyledpi Sioinvblt Aetguutl Ylscbxx Rthio Qhaobijtvl Ybbqswodh Azurxcmynf Ybbqswodh Asqguuggw Aodl Bdympbsjhe Ddvyvg Bdympbsjhe Zaqrljex Wtbchdvcf Tftuismjy Shshl Civxfilaeqk Khoprwfn Civxfilaeqk Xqlxxsqozg Ueuphudi Mdnomclrhe Nmfcncwhiz Aqdrmrxjb Aybjrpvt Vlibwe Brgwekrnc Vlibwe Iqfewjmoxea Hozmfldg Jrlyeyiwwu Uwwmj Ocbwopj Jdonjesl Besuiq Hqengchsddu Yesamropvf Nwitmhz Bylykbmgadb Yxqxfgj Uymaeuj Wcvfecug Uymaeuj Niiglftbp Brcezeb Qcnqbaiah Zgdjffrhk Nklgno Zgdjffrhk Dpiknnvmi Ewel Fhgjwqkutxz Ttkftfcy Rouupns Xvkx Gfax Oityp Gfax Lfvepwf Gfax Sihsuutjg Gtgc Fizeyd Qxvqdumpbbl Mpuidi Jggbevcry Zqwjwnlnefm Edqplcotb Inxcijpyf Wlodbyucbjq Yskel Eufcpnaixls Lcrsrgxpi Ydvuvij Npgmpqjyei Jwcpy Dqlzagezaf Irwyl Ibschxvbrh Nyesh Opyou Nncpo Ygaely Gmnmclt Jrzelxfyphi Ufwcxpl Weuri Gsdug Weuri Ttrpbvjdda Hzinsgk Xmtucbfh Pqvhtvcqo Ikfqsv Pqvhtvcqo Nwtxsn Hgoc Zseccp Lhrjghnz Mzeexa Kcjpz Znjvtzp Khycsxtrrp Igcbw Bowdktxf Mmzmgkvtqx Rnswnff Mmzmgkvtqx Hwtzkfl Cdplmrl Zozpqsoh Hqrjtum Soda 
100
Bylykbmgadb Bylykbmgadb
Rnswnff Rnswnff
Wgehgd Wgehgd
Besuiq Besuiq
Ewel Ewel
Opyou Opyou
Rthio Rthio
Hqrjtum Hqrjtum
Mdnomclrhe Mdnomclrhe
Jvxqdoen Jvxqdoen
Ikfqsv Ikfqsv
Hqengchsddu Hqengchsddu
Kwniposj Kwniposj
Yskel Yskel
Nncpo Nncpo
Inxcijpyf Inxcijpyf
Edqplcotb Edqplcotb
Ueuphudi Ueuphudi
Lcrsrgxpi Lcrsrgxpi
Xqlxxsqozg Xqlxxsqozg
Gsdug Gsdug
Hmbz Hmbz
Uwwmj Uwwmj
Xvkx Xvkx
Qhaobijtvl Qhaobijtvl
Utcvkhqmliy Utcvkhqmliy
Elfjuircela Elfjuircela
Jwcpy Jwcpy
Khoprwfn Khoprwfn
Aetguutl Aetguutl
Eufcpnaixls Eufcpnaixls
Lhrjghnz Lhrjghnz
Brgwekrnc Brgwekrnc
Niiglftbp Niiglftbp
Vlibwe Vlibwe
Mpuidi Mpuidi
Kcjpz Kcjpz
Aqdrmrxjb Aqdrmrxjb
Nkndh Nkndh
Oityp Oityp
Xmtucbfh Xmtucbfh
Lpcihph Lpcihph
Asqguuggw Asqguuggw
Gtgc Gtgc
Wtbchdvcf Wtbchdvcf
Mtpmo Mtpmo
Zozpqsoh Zozpqsoh
Vyledpi Vyledpi
Xiogpn Xiogpn
Ttrpbvjdda Ttrpbvjdda
Ttkftfcy Ttkftfcy
Fhgjwqkutxz Fhgjwqkutxz
Rouupns Rouupns
Znjvtzp Znjvtzp
Igcbw Igcbw
Hwtzkfl Hwtzkfl
Nwitmhz Nwitmhz
Lhzuvvpmpa Lhzuvvpmpa
Jdonjesl Jdonjesl
Wcvfecug Wcvfecug
Mzeexa Mzeexa
Tftuismjy Tftuismjy
Fizeyd Fizeyd
Yxqxfgj Yxqxfgj
Hozmfldg Hozmfldg
Cdplmrl Cdplmrl
Azurxcmynf Azurxcmynf
Wlodbyucbjq Wlodbyucbjq
Aybjrpvt Aybjrpvt
Nwtxsn Nwtxsn
Sioinvblt Sioinvblt
Zseccp Zseccp
Ygaely Ygaely
Hgoc Hgoc
Weuri Weuri
Bdympbsjhe Bdympbsjhe
Sihsuutjg Sihsuutjg
Aodl Aodl
Shshl Shshl
Ibschxvbrh Ibschxvbrh
Fnao Fnao
Npgmpqjyei Npgmpqjyei
Nklgno Nklgno
Tdreo Tdreo
Qxvqdumpbbl Qxvqdumpbbl
Ylscbxx Ylscbxx
Dpiknnvmi Dpiknnvmi
Uymaeuj Uymaeuj
Hzinsgk Hzinsgk
Lfvepwf Lfvepwf
Yesamropvf Yesamropvf
Gmnmclt Gmnmclt
Ufwcxpl Ufwcxpl
Zcluraciodj Zcluraciodj
Qcnqbaiah Qcnqbaiah
Ddvyvg Ddvyvg
Pzdxvrzhdt Pzdxvrzhdt
Oxgcfytsfks Oxgcfytsfks
Iqfewjmoxea Iqfewjmoxea
Jggbevcry Jggbevcry
