KMZ GAZ OUR EKW GJW RWN WXC KDF HSN HTV BVP IKT VIF GEV TFL FYE HON WDE BTR WVO GMG NDM XFP ZES FBZ XNM XYT LRF DZY SZK NSY KVT WZI YET UAO NLD FZZ DGD ZCR WYK EXX OBR KDO XXL BWL RDP CEA PWL IYC KNQ HPL CDW YGM URI COR AFO QOE GJK XPB VTA MMI MWN DEW GVH MWC WPB WDN EFO XWZ YWR VZI BMH XNH BUN ZUA YFA MBM KAL KQK HGZ HTU QUS HDY VNH ENU RHL YQU ACK CSI IEN LCB PKG YEC KDH PSZ JTH EVY MQG VSQ KBZ NYW KMZ 
100
XPB XPB
EXX EXX
VSQ VSQ
XYT XYT
RDP RDP
WPB WPB
RWN RWN
DEW DEW
KAL KAL
GJW GJW
YQU YQU
RHL RHL
ZES ZES
URI URI
EVY EVY
MMI MMI
BTR BTR
FBZ FBZ
XWZ XWZ
MWN MWN
ACK ACK
WYK WYK
MWC MWC
QUS QUS
EFO EFO
GVH GVH
MBM MBM
YET YET
OBR OBR
BUN BUN
MQG MQG
HTV HTV
GJK GJK
JTH JTH
CDW CDW
LRF LRF
BVP BVP
WDN WDN
KDH KDH
IEN IEN
ZUA ZUA
BMH BMH
PWL PWL
HON HON
TFL TFL
WVO WVO
SZK SZK
WDE WDE
NYW NYW
GEV GEV
GAZ GAZ
WZI WZI
VZI VZI
DGD DGD
HGZ HGZ
HSN HSN
XFP XFP
CEA CEA
LCB LCB
FYE FYE
VIF VIF
HDY HDY
KQK KQK
KVT KVT
DZY DZY
KDO KDO
YEC YEC
EKW EKW
IYC IYC
QOE QOE
GMG GMG
PSZ PSZ
HPL HPL
IKT IKT
XXL XXL
VNH VNH
ENU ENU
XNM XNM
KNQ KNQ
BWL BWL
XNH XNH
KBZ KBZ
KDF KDF
YWR YWR
AFO AFO
CSI CSI
WXC WXC
FZZ FZZ
YGM YGM
NDM NDM
PKG PKG
NSY NSY
NLD NLD
COR COR
HTU HTU
YFA YFA
VTA VTA
ZCR ZCR
UAO UAO
OUR OUR
