0 3 114 2 153 81 89 85 49 60 37 145 78 55 52 181 17 87 59 98 192 24 100 67 177 74 177 16 135 151 75 22 96 6 180 88 83 95 70 1 84 54 157 27 41 94 23 15 61 9 61 28 77 42 110 35 36 5 99 34 12 19 154 133 31 133 14 40 92 29 57 39 63 86 161 120 32 51 105 8 105 20 76 62 47 46 58 33 25 4 25 79 66 90 45 44 65 102 73 112 30 91 109 50 109 143 26 64 72 69 97 139 48 116 10 56 7 68 71 187 43 11 43 93 80 193 38 53 21 82 21 13 18 0 
100
33 33
4 4
69 69
98 98
85 85
11 11
46 46
2 2
35 35
59 59
6 6
68 68
77 77
81 81
44 44
56 56
3 3
39 39
10 10
74 74
92 92
76 76
83 83
70 70
43 43
13 13
25 25
94 94
27 27
53 53
72 72
37 37
61 61
5 5
45 45
65 65
0 0
93 93
50 50
22 22
49 49
32 32
41 41
14 14
82 82
30 30
15 15
36 36
40 40
64 64
17 17
73 73
18 18
19 19
80 80
58 58
52 52
16 16
21 21
60 60
29 29
67 67
9 9
62 62
23 23
66 66
84 84
63 63
7 7
31 31
88 88
96 96
12 12
87 87
28 28
38 38
55 55
57 57
48 48
51 51
89 89
26 26
34 34
86 86
8 8
99 99
24 24
91 91
1 1
95 95
97 97
20 20
47 47
42 42
54 54
78 78
79 79
75 75
90 90
71 71
