0 56 97 170 136 23 24 30 12 78 76 49 39 46 131 71 133 108 10 31 193 155 177 52 44 149 194 63 163 143 172 27 2 120 179 139 101 67 150 168 38 85 146 28 110 162 14 26 104 72 130 13 77 59 186 127 115 51 105 42 22 73 152 141 189 29 192 126 35 45 47 175 132 140 66 178 5 93 195 50 121 68 94 87 99 103 34 62 100 79 91 183 11 82 164 1 142 64 21 0 
98
62 62
21 21
52 52
50 50
192 192
34 34
101 101
93 93
143 143
127 127
186 186
26 26
103 103
39 39
47 47
64 64
141 141
82 82
168 168
193 193
28 28
2 2
72 72
136 136
133 133
189 189
12 12
195 195
126 126
163 163
110 110
183 183
44 44
42 42
155 155
172 172
27 27
178 178
105 105
10 10
94 94
115 115
87 87
31 31
170 170
179 179
46 46
130 130
152 152
99 99
164 164
59 59
11 11
5 5
24 24
142 142
162 162
29 29
38 38
108 108
49 49
77 77
56 56
78 78
97 97
194 194
23 23
51 51
146 146
85 85
79 79
121 121
76 76
45 45
73 73
68 68
150 150
139 139
131 131
104 104
71 71
132 132
30 30
140 140
13 13
1 1
22 22
14 14
67 67
66 66
91 91
63 63
35 35
177 177
149 149
120 120
100 100
175 175
