0 198 83 101 81 64 148 64 81 107 149 20 149 10 176 10 109 185 35 32 50 39 36 160 36 189 71 187 9 139 191 181 68 181 61 97 186 89 186 150 138 57 55 92 94 67 27 67 23 147 104 147 106 196 120 172 137 99 128 52 128 3 128 123 188 112 2 140 14 140 91 108 48 16 66 169 141 95 65 11 143 90 197 24 153 82 29 167 98 166 98 170 124 26 124 157 41 157 45 12 182 73 21 77 56 58 129 58 19 152 151 161 69 142 30 72 105 96 46 96 175 86 164 85 49 85 135 59 171 74 132 194 43 194 119 134 114 103 114 1 195 125 38 145 100 51 102 121 79 13 84 0 
100
99 99
105 105
150 150
46 46
85 85
139 139
141 141
21 21
64 64
45 45
108 108
14 14
132 132
50 50
41 41
13 13
82 82
138 138
12 12
188 188
170 170
1 1
119 119
161 161
129 129
148 148
39 39
90 90
175 175
169 169
143 143
27 27
77 77
124 124
49 49
160 160
20 20
56 56
71 71
189 189
74 74
152 152
35 35
157 157
59 59
100 100
55 55
195 195
23 23
185 185
24 24
172 172
68 68
107 107
103 103
83 83
147 147
186 186
125 125
197 197
69 69
167 167
101 101
52 52
2 2
112 112
26 26
137 137
66 66
142 142
43 43
9 9
94 94
73 73
196 196
176 176
57 57
106 106
38 38
164 164
95 95
92 92
182 182
3 3
51 51
19 19
11 11
29 29
86 86
16 16
166 166
198 198
72 72
67 67
97 97
104 104
123 123
102 102
10 10
89 89
