0 21 31 33 53 18 53 33 30 56 74 3 36 3 67 76 54 76 61 76 69 65 51 75 51 79 51 80 59 99 59 28 12 42 23 20 13 26 37 45 68 50 85 50 32 96 82 96 17 96 58 41 58 16 97 9 97 35 48 35 10 91 87 7 87 78 29 34 77 60 64 46 19 63 19 93 83 88 22 24 98 24 22 2 14 15 11 6 11 49 89 49 5 0 
50
17 17
61 61
30 30
32 32
29 29
74 74
68 68
31 31
16 16
56 56
45 45
89 89
91 91
85 85
99 99
36 36
41 41
20 20
14 14
3 3
26 26
60 60
58 58
23 23
82 82
2 2
93 93
48 48
12 12
7 7
10 10
42 42
79 79
13 13
46 46
98 98
75 75
69 69
18 18
67 67
64 64
54 54
11 11
9 9
6 6
15 15
80 80
63 63
59 59
77 77
