0 24 132 94 58 104 61 164 61 6 32 128 82 136 186 138 161 108 152 26 154 130 124 105 60 194 192 50 110 180 176 92 56 92 68 140 99 14 116 182 162 100 126 168 163 16 112 96 84 170 64 20 70 80 172 191 120 98 158 102 86 2 114 30 150 174 184 74 190 90 78 90 4 156 166 198 134 18 42 18 106 12 17 62 148 19 196 76 28 122 155 40 72 40 44 36 139 8 46 144 97 146 97 48 52 151 34 88 142 188 178 22 69 38 66 160 10 160 118 54 24 0 
100
0 0
2 2
4 4
6 6
8 8
10 10
12 12
14 14
16 16
18 18
20 20
22 22
24 24
26 26
28 28
30 30
32 32
34 34
36 36
38 38
40 40
42 42
44 44
46 46
48 48
50 50
52 52
54 54
56 56
58 58
60 60
62 62
64 64
66 66
68 68
70 70
72 72
74 74
76 76
78 78
80 80
82 82
84 84
86 86
88 88
90 90
92 92
94 94
96 96
98 98
100 100
102 102
104 104
106 106
108 108
110 110
112 112
114 114
116 116
118 118
120 120
122 122
124 124
126 126
128 128
130 130
132 132
134 134
136 136
138 138
140 140
142 142
144 144
146 146
148 148
150 150
152 152
154 154
156 156
158 158
160 160
162 162
164 164
166 166
168 168
170 170
172 172
174 174
176 176
178 178
180 180
182 182
184 184
186 186
188 188
190 190
192 192
194 194
196 196
198 198
