Soda Jacobs LifeSciences Pitzer HaasPavilion Koshland DoeLibrary Hertz Wheeler Senior Giannini Boalt Haste Stanley Wellman Morgan Foothill Hildebrand Blackwell Stern McCone Dwinelle Bowles Moses Cheit Soda 
24
Boalt Boalt
Cheit Cheit
Dwinelle Dwinelle
Giannini Giannini
Haste Haste
LifeSciences LifeSciences
Jacobs Jacobs
Hildebrand Hildebrand
Moses Moses
Senior Senior
Stern Stern
Wheeler Wheeler
Blackwell Blackwell
Bowles Bowles
DoeLibrary DoeLibrary
Foothill Foothill
HaasPavilion HaasPavilion
Hertz Hertz
Koshland Koshland
McCone McCone
Morgan Morgan
Pitzer Pitzer
Stanley Stanley
Wellman Wellman
