99 68 96 82 46 41 46 82 96 68 99 4 99 89 44 89 6 3 20 3 13 11 42 11 88 15 14 15 1 24 23 58 43 17 8 2 33 16 63 49 63 18 76 81 12 81 31 38 33 48 47 34 7 22 10 79 98 21 36 37 28 37 32 5 75 30 93 39 78 29 0 29 78 40 19 26 19 45 25 45 72 71 27 71 72 9 95 35 99 
50
0 0
1 1
2 2
3 3
4 4
5 5
6 6
7 7
8 8
9 9
10 10
11 11
12 12
13 13
14 14
15 15
16 16
17 17
18 18
19 19
20 20
21 21
22 22
23 23
24 24
25 25
26 26
27 27
28 28
29 29
30 30
31 31
32 32
33 33
34 34
35 35
36 36
37 37
38 38
39 39
40 40
41 41
42 42
43 43
44 44
45 45
46 46
47 47
48 48
49 49
