AlbertFredHaines JosephAmandaMullen StormyOllieYork CherylMaryMorgan BrettDominickSonnier MistyRobertKing PeterJosephBarbee LawrenceBarryHadden DebraJaneFitzgerald MichaelMarkHolloway GaryCharlesHudson IsaacGregGargano RickyJamesBrumfield ElmerDemetriusLark CassandraJaniceGlove RonaldEdnaArant RolandGregoryWatson FerdinandLukeJackson JudyPearlineKaminski DeeAmandaBartley ClaudeBobbyBaker WadeSonnyMcbride KellyJohnnaOles TravisMichelleMeller JeremyJamesChavez AnnDeannaLarzazs HeidiMayJohnson KevinCharlesEvans LynnKennethChavez KathleenJoseClark DorisJeffreyBinger JannaDavidCarranza DwainJoeFeldman EricTammyScott GeorgeHenryVillar GlennaMichaelBorden CynthiaConnieWright EricJamesJuckett TommyAmandaMartin JoStephenMay ThomasEssieEwing EricTinaPerea JamesJordanZamora KevinThomasHiggins CraigJohnLard JimmyFlorTasson JoannCharlieWilkinso PerryJamesBennett MichaelElizabethWeav StevenNeilNguyen KathleenSherryDay JackieSharonScherrer StephenWilliamCoffma BernicePennyRiddick DeniseBrunoWilliam LillianJuanAncona MarciaWalterKirschma MaryJamesDavila SandraHarryStewart RosaPatrickYankey DenaJewellDavis BradleyDeborahSaball JudeJanetHarcourt HowardKennethCollins ZacharyWarrenKarth EdwardDennisStewart MarkDianeDuchon WilliamDavidGray RobinStephenWebster DianeElisePickett GeorgeWilliamJackson ManuelaJoseBailey EdwardErnestSinger JohnBrendaFuller MarkAngelaMccloud JessicaChristopherHa MarthaJackRobinson JohnRichardSmith AlbertFredHaines 
78
DenaJewellDavis DenaJewellDavis
KevinThomasHiggins KevinThomasHiggins
TommyAmandaMartin TommyAmandaMartin
CassandraJaniceGlove CassandraJaniceGlove
GlennaMichaelBorden GlennaMichaelBorden
CynthiaConnieWright CynthiaConnieWright
DwainJoeFeldman DwainJoeFeldman
RickyJamesBrumfield RickyJamesBrumfield
TravisMichelleMeller TravisMichelleMeller
MichaelElizabethWeav MichaelElizabethWeav
MarkAngelaMccloud MarkAngelaMccloud
ElmerDemetriusLark ElmerDemetriusLark
JosephAmandaMullen JosephAmandaMullen
BernicePennyRiddick BernicePennyRiddick
JudyPearlineKaminski JudyPearlineKaminski
GeorgeHenryVillar GeorgeHenryVillar
ThomasEssieEwing ThomasEssieEwing
DeeAmandaBartley DeeAmandaBartley
MistyRobertKing MistyRobertKing
MarthaJackRobinson MarthaJackRobinson
MarkDianeDuchon MarkDianeDuchon
FerdinandLukeJackson FerdinandLukeJackson
JimmyFlorTasson JimmyFlorTasson
GaryCharlesHudson GaryCharlesHudson
JohnRichardSmith JohnRichardSmith
JackieSharonScherrer JackieSharonScherrer
LawrenceBarryHadden LawrenceBarryHadden
SandraHarryStewart SandraHarryStewart
GeorgeWilliamJackson GeorgeWilliamJackson
CherylMaryMorgan CherylMaryMorgan
ZacharyWarrenKarth ZacharyWarrenKarth
KathleenJoseClark KathleenJoseClark
EdwardErnestSinger EdwardErnestSinger
JannaDavidCarranza JannaDavidCarranza
JudeJanetHarcourt JudeJanetHarcourt
EricTammyScott EricTammyScott
BradleyDeborahSaball BradleyDeborahSaball
EricTinaPerea EricTinaPerea
RolandGregoryWatson RolandGregoryWatson
RosaPatrickYankey RosaPatrickYankey
BrettDominickSonnier BrettDominickSonnier
WilliamDavidGray WilliamDavidGray
JamesJordanZamora JamesJordanZamora
LynnKennethChavez LynnKennethChavez
DeniseBrunoWilliam DeniseBrunoWilliam
MarciaWalterKirschma MarciaWalterKirschma
KathleenSherryDay KathleenSherryDay
HowardKennethCollins HowardKennethCollins
JoStephenMay JoStephenMay
DianeElisePickett DianeElisePickett
DebraJaneFitzgerald DebraJaneFitzgerald
LillianJuanAncona LillianJuanAncona
EricJamesJuckett EricJamesJuckett
ClaudeBobbyBaker ClaudeBobbyBaker
KellyJohnnaOles KellyJohnnaOles
StephenWilliamCoffma StephenWilliamCoffma
IsaacGregGargano IsaacGregGargano
CraigJohnLard CraigJohnLard
JeremyJamesChavez JeremyJamesChavez
PerryJamesBennett PerryJamesBennett
ManuelaJoseBailey ManuelaJoseBailey
RonaldEdnaArant RonaldEdnaArant
JohnBrendaFuller JohnBrendaFuller
PeterJosephBarbee PeterJosephBarbee
MaryJamesDavila MaryJamesDavila
StormyOllieYork StormyOllieYork
HeidiMayJohnson HeidiMayJohnson
AlbertFredHaines AlbertFredHaines
DorisJeffreyBinger DorisJeffreyBinger
WadeSonnyMcbride WadeSonnyMcbride
JessicaChristopherHa JessicaChristopherHa
EdwardDennisStewart EdwardDennisStewart
KevinCharlesEvans KevinCharlesEvans
RobinStephenWebster RobinStephenWebster
AnnDeannaLarzazs AnnDeannaLarzazs
StevenNeilNguyen StevenNeilNguyen
MichaelMarkHolloway MichaelMarkHolloway
JoannCharlieWilkinso JoannCharlieWilkinso
