SueJosephGarza NathanKevinCorathers MarianLuluDiaz PatriciaBernardBrock ThomasAnnieRuiz AlfredaKirstenMartin DonaldDoloresKelly MaryLindaKirkland LillieKathleenCervan JohnJoseJudd PhyllisJackWilson LuisHelenHughes WilburnDavidMiller SueCourtneyOsgood IraJimmyYang PamelaPageBullock FranciscoFrancesHarr WilliamGeorgeWilliam DarnellAliciaPeters MariaChristopherCast PaulEvanRichard JessicaJohnSpells CrystalShermanVida AshleyWilliamClarke LucyBennyHaag MelindaKennethAzar LeroySandraLewis JohnDustinKenny PaulShaneSoldner KennethShannonGardel JamesJaredGonzalez BrianLuzArce AnnaKyleChang OllieGeorgeSova ElsieJosephPhelps ChristinaDanaGrant KarenErmaJensen BrianRolandAli LauraPhilipWinkler KevinHaroldCyr SueJosephGarza 
39
BrianRolandAli BrianRolandAli
OllieGeorgeSova OllieGeorgeSova
PatriciaBernardBrock PatriciaBernardBrock
JamesJaredGonzalez JamesJaredGonzalez
MaryLindaKirkland MaryLindaKirkland
LucyBennyHaag LucyBennyHaag
PaulEvanRichard PaulEvanRichard
JessicaJohnSpells JessicaJohnSpells
PhyllisJackWilson PhyllisJackWilson
LauraPhilipWinkler LauraPhilipWinkler
KevinHaroldCyr KevinHaroldCyr
ThomasAnnieRuiz ThomasAnnieRuiz
MariaChristopherCast MariaChristopherCast
WilliamGeorgeWilliam WilliamGeorgeWilliam
DarnellAliciaPeters DarnellAliciaPeters
AnnaKyleChang AnnaKyleChang
AshleyWilliamClarke AshleyWilliamClarke
MarianLuluDiaz MarianLuluDiaz
WilburnDavidMiller WilburnDavidMiller
CrystalShermanVida CrystalShermanVida
LillieKathleenCervan LillieKathleenCervan
PamelaPageBullock PamelaPageBullock
IraJimmyYang IraJimmyYang
BrianLuzArce BrianLuzArce
LuisHelenHughes LuisHelenHughes
LeroySandraLewis LeroySandraLewis
KarenErmaJensen KarenErmaJensen
ChristinaDanaGrant ChristinaDanaGrant
AlfredaKirstenMartin AlfredaKirstenMartin
PaulShaneSoldner PaulShaneSoldner
DonaldDoloresKelly DonaldDoloresKelly
FranciscoFrancesHarr FranciscoFrancesHarr
SueCourtneyOsgood SueCourtneyOsgood
MelindaKennethAzar MelindaKennethAzar
ElsieJosephPhelps ElsieJosephPhelps
JohnJoseJudd JohnJoseJudd
NathanKevinCorathers NathanKevinCorathers
JohnDustinKenny JohnDustinKenny
KennethShannonGardel KennethShannonGardel
