qtq wju oto pta pjx plx ifc fsl sfp zgs blo rju uwp pxi uxr wuc npu zgf cnv xmz wpq vsu wuf rwt ahv krg uoz kza qfc qbe pug fgo xax ooi nxr ynq ptq vlt unf nhk orc hpb orc pkx nkx qoe cxu bpm gup fib zqn cjp egz bai egz vub egz lxt gak qjm lnv bwq qyi spp lfh cpw qlo qls mmf ase vaf zbn lbs jxq itg jxq lbs hhe rxi cer tmc udq pwa thz txk rod jta htv eqm htv wpo mbx wpo tmd tro viv nhr slq wiq fne hxp brk ooc art idl art nfy tnl nfy iuz bsz ili yiz rut pxs unk dkn qbj mnv lah xos lah ukh hxo tvy qnn uca jno thd ahy xdz qtq 
100
pta pta
xdz xdz
hhe hhe
htv htv
itg itg
xax xax
nhk nhk
qtq qtq
hpb hpb
ptq ptq
ase ase
krg krg
gup gup
ifc ifc
pxs pxs
qbe qbe
jno jno
kza kza
pkx pkx
qnn qnn
nkx nkx
dkn dkn
wuc wuc
sfp sfp
cpw cpw
ooi ooi
zgf zgf
uxr uxr
eqm eqm
pwa pwa
vub vub
ynq ynq
tmc tmc
wju wju
jta jta
idl idl
bai bai
fgo fgo
zbn zbn
bsz bsz
hxo hxo
qjm qjm
tro tro
lah lah
rut rut
nfy nfy
egz egz
uca uca
npu npu
pjx pjx
vlt vlt
vaf vaf
mnv mnv
hxp hxp
wiq wiq
nhr nhr
qfc qfc
rxi rxi
lxt lxt
tmd tmd
uoz uoz
wuf wuf
slq slq
ili ili
fsl fsl
lnv lnv
uwp uwp
txk txk
yiz yiz
mbx mbx
iuz iuz
zgs zgs
cxu cxu
gak gak
udq udq
zqn zqn
rju rju
ooc ooc
plx plx
lfh lfh
thz thz
ukh ukh
viv viv
thd thd
qlo qlo
wpq wpq
rwt rwt
brk brk
ahv ahv
cjp cjp
orc orc
xos xos
qls qls
cnv cnv
qbj qbj
rod rod
vsu vsu
tnl tnl
ahy ahy
spp spp
