Soda Browning Kenilworth Edith Lewiston Eunice Solano Allston Shasta Acacia Domingo Acacia Shasta Addison Byron Columbia High Amador Florida Muir Cutter Bancroft Menlo Burnett Menlo Colusa Fulton Colusa Menlo Belrose Haviland Summit Vicente Alvarado Overlook Mabel Terrace Forest Ajax Heinz Greenwood Marin Madera Marin Kentucky Haste Bataan Bowditch Fresno Center Haskell Martin Yolo Bristol Hospital Vermont Bret Comstock Spring Poplar Keeler Pardee Anne Arch Poppy Soda 
50
Addison Addison
Ajax Ajax
Allston Allston
Anne Anne
Arch Arch
Bancroft Bancroft
Bataan Bataan
Belrose Belrose
Bowditch Bowditch
Bret Bret
Bristol Bristol
Browning Browning
Burnett Burnett
Byron Byron
Columbia Columbia
Colusa Colusa
Comstock Comstock
Cutter Cutter
Domingo Domingo
Edith Edith
Eunice Eunice
Florida Florida
Forest Forest
Fresno Fresno
Fulton Fulton
Greenwood Greenwood
Haskell Haskell
Haste Haste
Haviland Haviland
Heinz Heinz
High High
Hospital Hospital
Keeler Keeler
Kenilworth Kenilworth
Lewiston Lewiston
Mabel Mabel
Madera Madera
Marin Marin
Martin Martin
Menlo Menlo
Muir Muir
Overlook Overlook
Pardee Pardee
Poplar Poplar
Poppy Poppy
Shasta Shasta
Spring Spring
Summit Summit
Terrace Terrace
Vermont Vermont
