Cleresmith Warringwood Whitby Bothensborough Chippingwood Sodmersmith Chedlake Ketterwold Milditch Wydon Edgney Basfield Whitseyborough Todderworth Warrerbage Durblechester Dribbasborne Hanworth Ellingey Sunderbrough Chillerlow Eggerrensling Hannerworth Waltcombe Dribbinggrove Cheddlesport Pendton Elfield Warblesdown Wolvingrethorne Cammingbury Blanden Egwood Skelcastle Cannerrebeck Ciside Hartrenslow Enderavon Pemhampton Reddenwell Suddlebrough Pendingstoke Stainsdenwold Ashworth Cannenringwell Elmsbrook Chilcompcester Hanscombe Watchmanshead Chippenden Camsdenden Rockhead Bootworth Dribbingenborne Dribside Ribney Wendlemerford Hamditch Wetley Hamditch Wendlemerford Dribside Dribbingenborne Bootworth Rockhead Camsdenden Chippenden Shrivden Watchmanshead Hanscombe Chilcompcester Elmsbrook Cannenringwell Ashworth Reddentree Stainsdenwold Pendingstoke Suddlebrough Reddenwell Pemhampton Enderavon Cammenenwich Hartrenslow Ciside Cannerrebeck Skelcastle Egwood Blanden Soddenreey Cammingbury Wolvingrethorne Warblesdown Elfield Pendton Cheddlesport Pendrenslake Dribbinggrove Waltcombe Hannerworth Eggerrensling Chillerlow Sunderbrough Hanworth Dribbasborne Durblechester Warrerbage Todderworth Whitseyborough Edgney Wydon Milditch Ketterwold Chedlake Sodmersmith Bothensborough Whitby Cleresmith 
27
Warringwood Warringwood
Chippingwood Chippingwood
Ketterwold Ketterwold
Milditch Milditch
Basfield Basfield
Warrerbage Warrerbage
Durblechester Durblechester
Ellingey Ellingey
Eggerrensling Eggerrensling
Hannerworth Hannerworth
Pendrenslake Pendrenslake
Elfield Elfield
Warblesdown Warblesdown
Soddenreey Soddenreey
Skelcastle Skelcastle
Cannerrebeck Cannerrebeck
Cammenenwich Cammenenwich
Reddenwell Reddenwell
Suddlebrough Suddlebrough
Reddentree Reddentree
Elmsbrook Elmsbrook
Chilcompcester Chilcompcester
Shrivden Shrivden
Rockhead Rockhead
Bootworth Bootworth
Ribney Ribney
Wetley Wetley
