Whitgrove Dribblecombe Bursmith Hampingworth Basditch Hampingcastle Waltbeck Cannerthorne Sirenshall Hampingbascombe Wetwick Stapbrook Southbury Emmerley Tippendham Stainbrough Wendleringdown Rotherlow Worford Falderseythorne Penby Stapbrough Reddingtree Eley Reddingtree Endleberey Burlake Tipstoke Wethampton Faldenhall Rothingcombe Milthorne Whitringlake Falworth Botshot Hurstdown Shaftwick Abcester Sifield Enderbeck Marlbeck Tippenbrook Suddenmoor Staincombe Suddenmoor Egmerhampton Prestwick Reddendeney Worhall Ribbenhall Boothingmanstree Ribbenhall Bromstanham Clereennell Botbeck Sundendford Chedworth Suddingover Ellerbridge Boothingchester Wycastle Boothingchester Ellerbridge Worrenberwang Bothenhall Dribberham Wychcompwold Shaftborough Cihead Skellenshot Egbeck Cireport Leatherport Alfmere Hamscombe Skelberden Sodport Elside Wetsmith Warsmith Skellingover Candleswick Endleshall Melwood Reddensden Cirerham Wolley Cirerham Dartden Tippingbage Watchlake Farndlesover Watchlake Ketchester Staplow Ketnell Toddenmoor Durbrook Wychchester Siey Redcombe Casbrook Toddenmerbrough Endingnell Toddenmerbrough Horstleover Warsmith Falderbrough Marlbrook Falderbrough Warsmith Horsnell Siavon Abgleham Sundlethorne Fullensborne Blansbrook Hamwold Bastlebury Rothendcombe Wychditch Abglewold Farnditch Ribberrenston Southmere Egsted Marlcester Nortwell Todhampton Bootwick Bothenton Sodberling Whitgrove 
100
Sifield Sifield
Melwood Melwood
Wethampton Wethampton
Tipstoke Tipstoke
Worrenberwang Worrenberwang
Cannerthorne Cannerthorne
Reddendeney Reddendeney
Ketchester Ketchester
Enderbeck Enderbeck
Abglewold Abglewold
Bastlebury Bastlebury
Ketnell Ketnell
Skelberden Skelberden
Bothenton Bothenton
Faldenhall Faldenhall
Eley Eley
Siavon Siavon
Todhampton Todhampton
Hampingcastle Hampingcastle
Casbrook Casbrook
Shaftborough Shaftborough
Redcombe Redcombe
Southbury Southbury
Suddingover Suddingover
Farnditch Farnditch
Dribblecombe Dribblecombe
Egmerhampton Egmerhampton
Watchlake Watchlake
Clereennell Clereennell
Penby Penby
Cihead Cihead
Rothingcombe Rothingcombe
Staincombe Staincombe
Horsnell Horsnell
Staplow Staplow
Wetsmith Wetsmith
Falworth Falworth
Stapbrough Stapbrough
Tippingbage Tippingbage
Nortwell Nortwell
Ribberrenston Ribberrenston
Dartden Dartden
Rotherlow Rotherlow
Basditch Basditch
Prestwick Prestwick
Ellerbridge Ellerbridge
Wycastle Wycastle
Milthorne Milthorne
Hamwold Hamwold
Elside Elside
Endingnell Endingnell
Worford Worford
Bootwick Bootwick
Waltbeck Waltbeck
Suddenmoor Suddenmoor
Southmere Southmere
Skellenshot Skellenshot
Bromstanham Bromstanham
Worhall Worhall
Chedworth Chedworth
Hampingworth Hampingworth
Sirenshall Sirenshall
Wetwick Wetwick
Bothenhall Bothenhall
Candleswick Candleswick
Siey Siey
Whitringlake Whitringlake
Wychcompwold Wychcompwold
Rothendcombe Rothendcombe
Botbeck Botbeck
Tippenbrook Tippenbrook
Toddenmoor Toddenmoor
Leatherport Leatherport
Dribberham Dribberham
Emmerley Emmerley
Skellingover Skellingover
Wychchester Wychchester
Sodberling Sodberling
Sodport Sodport
Tippendham Tippendham
Whitgrove Whitgrove
Farndlesover Farndlesover
Alfmere Alfmere
Horstleover Horstleover
Durbrook Durbrook
Abcester Abcester
Sundlethorne Sundlethorne
Marlbrook Marlbrook
Bursmith Bursmith
Abgleham Abgleham
Wendleringdown Wendleringdown
Blansbrook Blansbrook
Marlcester Marlcester
Wolley Wolley
Sundendford Sundendford
Boothingmanstree Boothingmanstree
Falderseythorne Falderseythorne
Hampingbascombe Hampingbascombe
Egsted Egsted
Endleberey Endleberey
