Hamsbourne Sundlechester Camsborne Rocklow Skelgrove Warrewick Skelgrove Sudbage Shaftthorne Camhampton Hartberbury Camhampton Enderton Dribstoke Endbeck Melshot Endbeck Dribstoke Chilringfield Rotmerby Sunderborough Ciley Sunderborough Prestbourne Botherstanport Wolvencester Botherstanport Leatherblesley Sodderrenshead Leatherblesley Camswich Cimansbrough Wendleslake Boothenrensborough Candlesdon Boothenrensborough Wendleslake Stafdenbourne Chipsted Chipfield Cammercastle Chipfield Hamperrehampton Chipfield Hamsbourne 
25
Hamperrehampton Hamperrehampton
Wolvencester Wolvencester
Sundlechester Sundlechester
Chipsted Chipsted
Ciley Ciley
Candlesdon Candlesdon
Leatherblesley Leatherblesley
Chilringfield Chilringfield
Chipfield Chipfield
Camswich Camswich
Camhampton Camhampton
Rotmerby Rotmerby
Sunderborough Sunderborough
Rocklow Rocklow
Melshot Melshot
Warrewick Warrewick
Enderton Enderton
Shaftthorne Shaftthorne
Cammercastle Cammercastle
Sodderrenshead Sodderrenshead
Prestbourne Prestbourne
Boothenrensborough Boothenrensborough
Sudbage Sudbage
Cimansbrough Cimansbrough
Hartberbury Hartberbury
