0 18 139 183 1 170 103 28 155 70 157 50 77 182 44 67 47 67 96 95 29 119 117 167 9 35 138 35 164 24 164 79 51 111 149 111 126 74 63 91 19 146 129 194 163 161 145 160 85 99 58 64 118 17 175 106 199 48 31 22 150 69 135 180 179 196 26 176 26 8 166 8 39 151 178 193 186 197 186 78 81 121 20 152 141 4 14 83 60 104 97 36 73 184 128 134 191 137 191 127 109 25 156 168 125 133 100 10 12 130 87 159 42 84 65 173 89 108 102 108 120 116 32 75 116 6 38 153 27 185 54 98 56 154 49 0 
100
173 173
179 179
83 83
75 75
160 160
6 6
103 103
156 156
25 25
14 14
17 17
116 116
178 178
64 64
185 185
109 109
48 48
32 32
196 196
121 121
89 89
126 126
24 24
91 91
26 26
166 166
28 28
184 184
111 111
186 186
133 133
151 151
182 182
180 180
120 120
194 194
9 9
65 65
159 159
138 138
4 4
42 42
108 108
12 12
193 193
106 106
175 175
22 22
67 67
44 44
98 98
81 81
125 125
77 77
49 49
157 157
100 100
18 18
87 87
51 51
36 36
130 130
70 70
39 39
197 197
20 20
117 117
139 139
102 102
137 137
176 176
10 10
38 38
78 78
104 104
85 85
58 58
96 96
134 134
128 128
19 19
31 31
155 155
168 168
149 149
170 170
63 63
27 27
50 50
69 69
119 119
145 145
79 79
74 74
47 47
95 95
146 146
163 163
199 199
99 99
