Plano SantaClara Irving Pasadena Sunnyvale Norman MorenoValley Warren SanFrancisco Rochester OklahomaCity Cary LasVegas Vallejo WestValleyCity Vancouver Beaumont Atlanta Oxnard Cleveland Denver Hayward BatonRouge Montgomery Memphis Charleston Mesa OWO Chesapeake Wichita Waco Ontario Omaha Garland KansasCity StLouis AnnArbor FortLauderdale Norfolk Reno LouisvilleJefferson Tulsa SantaAna Lincoln Seattle Huntsville Lafayette Pikachu JerseyCity Anaheim Elizabeth Lancaster Torrance Akron Escondido Hollywood Glasses SanJose Killeen Allentown Stamford SantaRosa SiouxFalls FortCollins Laredo Tampa ThousandOaks Tampa Portland GrandPrairie McAllen Yonkers Raleigh Glendale Denton Chicago Salinas GardenGrove Philadelphia Anchorage Thornton Joliet Mesquite Worcester Dallas Hartford Mobile HuntingtonBeach SimiValley HuntingtonBeach Corona Brownsville Knoxville SanBernardino Madison Fremont SantaClarita CorpusChristi Spokane Pomona Houston SanAntonio NewHaven Davidson Teemo Greensboro Surprise NewOrleans AugustaRichmond Fullerton Irvine LittleRock Irvine Olathe Miami Cincinnati Tallahassee Hampton Tallahassee Riverside Rockford Plano 
100
SanFrancisco SanFrancisco
SantaClara SantaClara
Charleston Charleston
FortCollins FortCollins
Cincinnati Cincinnati
Mesquite Mesquite
Stamford Stamford
Hollywood Hollywood
Riverside Riverside
Omaha Omaha
GardenGrove GardenGrove
Beaumont Beaumont
Anaheim Anaheim
Brownsville Brownsville
StLouis StLouis
SanJose SanJose
Glendale Glendale
Elizabeth Elizabeth
Killeen Killeen
McAllen McAllen
LasVegas LasVegas
Ontario Ontario
Davidson Davidson
Norman Norman
Montgomery Montgomery
Garland Garland
Mesa Mesa
SantaRosa SantaRosa
AnnArbor AnnArbor
Lancaster Lancaster
Hartford Hartford
Escondido Escondido
Salinas Salinas
Tampa Tampa
Dallas Dallas
Hampton Hampton
Rockford Rockford
Portland Portland
Warren Warren
Wichita Wichita
LittleRock LittleRock
SanBernardino SanBernardino
Raleigh Raleigh
Torrance Torrance
Lincoln Lincoln
SiouxFalls SiouxFalls
Surprise Surprise
Allentown Allentown
Norfolk Norfolk
Houston Houston
Fremont Fremont
Greensboro Greensboro
SanAntonio SanAntonio
OWO OWO
Anchorage Anchorage
Glasses Glasses
Chicago Chicago
Atlanta Atlanta
Cary Cary
Oxnard Oxnard
MorenoValley MorenoValley
Irving Irving
Vallejo Vallejo
LouisvilleJefferson LouisvilleJefferson
Madison Madison
Thornton Thornton
Hayward Hayward
Miami Miami
Knoxville Knoxville
Denton Denton
ThousandOaks ThousandOaks
Pasadena Pasadena
JerseyCity JerseyCity
AugustaRichmond AugustaRichmond
Denver Denver
Sunnyvale Sunnyvale
SimiValley SimiValley
FortLauderdale FortLauderdale
Laredo Laredo
SantaClarita SantaClarita
Olathe Olathe
Corona Corona
Tulsa Tulsa
NewOrleans NewOrleans
Lafayette Lafayette
OklahomaCity OklahomaCity
HuntingtonBeach HuntingtonBeach
Huntsville Huntsville
Pomona Pomona
CorpusChristi CorpusChristi
Mobile Mobile
Memphis Memphis
GrandPrairie GrandPrairie
Pikachu Pikachu
Vancouver Vancouver
Irvine Irvine
Worcester Worcester
Waco Waco
Akron Akron
NewHaven NewHaven
