Waco SanAntonio MorenoValley OverlandPark AnnArbor SaltLakeCity Rochester Oski Irving SantaClara ChulaVista Lincoln Newark Lincoln Detroit DesMoines Aurora KansasCity Omaha KansasCity Aurora Richmond SanFrancisco AthensClarkeCounty OWO LexingtonFa Palmdale Clarksville Stamford Cary Stamford SanBernardino Victorville StPaul Victorville FortCollins Palmdale FortWayne Palmdale SterlingHeights OverlandPark Waco 
25
Rochester Rochester
Palmdale Palmdale
Clarksville Clarksville
OWO OWO
Cary Cary
SanAntonio SanAntonio
StPaul StPaul
SanFrancisco SanFrancisco
LexingtonFa LexingtonFa
MorenoValley MorenoValley
AnnArbor AnnArbor
SterlingHeights SterlingHeights
Stamford Stamford
Detroit Detroit
FortWayne FortWayne
Omaha Omaha
FortCollins FortCollins
SaltLakeCity SaltLakeCity
SanBernardino SanBernardino
AthensClarkeCounty AthensClarkeCounty
ChulaVista ChulaVista
Irving Irving
Richmond Richmond
Lincoln Lincoln
Newark Newark
