A B hC B hJ N T AB AK hAR BA BB hBC BD hBE BD hBC BB BA hAZ BA BL BM BN BO BP hBQ BP BO BN BM BL BU hBT hBS hBR hBS hBT BU CA CE hCD CE hCF CE hCG CE CA BU BV BW hBX BW BV BU BL BK BJ BI BH hBG BH BI BJ BK BL BA hAR AK AJ AI hAH AI AJ AK hAL AM hAN AM hAL AK AB hAA AB T U hV hW hV U T hS hR hS T N hO hP hO N hJ hI hJ B A 
26
hC hC
hI hI
hJ hJ
hO hO
hP hP
hV hV
hR hR
hS hS
hW hW
hAA hAA
hAH hAH
hAL hAL
hAN hAN
hAR hAR
hAZ hAZ
hBC hBC
hBE hBE
hBG hBG
hBQ hBQ
hBR hBR
hBS hBS
hBT hBT
hBX hBX
hCD hCD
hCF hCF
hCG hCG
