Soda woolf winifred danyal rosen shen garcia amanda sunny lewke tamara jarrett roshan kevin ruhi eshaan annie chloe berit ian rabie sarina shah ashley ritter grace walsh rob andrew golden caroline daniel juliann krishnan yip alvin sriram aidan lo massachusetts martinez noor meghan castro singhal connor djajadi vilaythong davis garbers patagonia Soda 
50
danyal danyal
singhal singhal
grace grace
patagonia patagonia
shen shen
sunny sunny
vilaythong vilaythong
alvin alvin
rabie rabie
sriram sriram
daniel daniel
winifred winifred
davis davis
castro castro
rob rob
noor noor
lewke lewke
golden golden
martinez martinez
chloe chloe
garbers garbers
garcia garcia
sarina sarina
krishnan krishnan
amanda amanda
massachusetts massachusetts
ruhi ruhi
jarrett jarrett
tamara tamara
rosen rosen
shah shah
woolf woolf
eshaan eshaan
caroline caroline
yip yip
juliann juliann
kevin kevin
lo lo
roshan roshan
annie annie
djajadi djajadi
meghan meghan
ritter ritter
andrew andrew
ian ian
walsh walsh
aidan aidan
connor connor
ashley ashley
berit berit
