Kaimganj Fagaras Pilibhit Irvine Pilibhit Norristown Brecht Tsirang Korolev Fandriana Tocache GobernadorGalvez Narangba Dankov MontecatiniTerme Isakogorka Yucheng Tsukawaki Karasuyama Albi Gobo Racine PinhalNovo MilpaAlta Anahuac Novopokrovskaya Mesa EncarnaciondeDiaz Mesa Leixlip Kaimganj 
25
Albi Albi
PinhalNovo PinhalNovo
Tsukawaki Tsukawaki
Narangba Narangba
Tocache Tocache
Novopokrovskaya Novopokrovskaya
Karasuyama Karasuyama
Dankov Dankov
Fagaras Fagaras
Yucheng Yucheng
Isakogorka Isakogorka
Tsirang Tsirang
EncarnaciondeDiaz EncarnaciondeDiaz
Pilibhit Pilibhit
Gobo Gobo
Brecht Brecht
Leixlip Leixlip
Fandriana Fandriana
Irvine Irvine
Korolev Korolev
MontecatiniTerme MontecatiniTerme
MilpaAlta MilpaAlta
GobernadorGalvez GobernadorGalvez
Racine Racine
Anahuac Anahuac
