0 68 18 148 137 133 144 153 154 159 191 197 146 151 142 168 183 150 185 196 20 189 20 172 20 180 20 167 20 182 20 166 20 170 20 190 20 192 20 181 20 187 20 184 20 195 20 198 20 178 20 169 20 188 174 149 165 171 177 138 134 175 143 186 162 131 193 173 145 156 130 194 158 199 176 135 179 132 18 152 18 164 18 160 18 155 18 163 18 139 18 147 18 157 18 136 18 141 18 140 18 161 18 68 0 
70
130 130
131 131
132 132
133 133
134 134
135 135
136 136
137 137
138 138
139 139
140 140
141 141
142 142
143 143
144 144
145 145
146 146
147 147
148 148
149 149
150 150
151 151
152 152
153 153
154 154
155 155
156 156
157 157
158 158
159 159
160 160
161 161
162 162
163 163
164 164
165 165
166 166
167 167
168 168
169 169
170 170
171 171
172 172
173 173
174 174
175 175
176 176
177 177
178 178
179 179
180 180
181 181
182 182
183 183
184 184
185 185
186 186
187 187
188 188
189 189
190 190
191 191
192 192
193 193
194 194
195 195
196 196
197 197
198 198
199 199
