2 17 139 11 57 75 115 183 171 196 95 15 95 39 10 105 99 151 7 19 55 195 71 195 113 69 135 97 33 101 123 124 87 175 109 59 36 141 36 63 35 27 131 29 161 199 169 140 91 181 165 26 119 153 37 142 143 142 127 4 72 125 72 81 72 4 177 193 144 149 1 51 1 147 13 78 159 25 173 25 185 3 47 107 47 5 155 154 129 154 133 137 89 34 67 34 38 117 82 191 82 42 111 52 163 52 79 157 21 167 21 83 164 197 164 41 43 85 145 103 61 23 77 187 77 65 53 121 45 189 66 93 31 93 66 73 49 179 9 2 
100
1 1
3 3
5 5
7 7
9 9
11 11
13 13
15 15
17 17
19 19
21 21
23 23
25 25
27 27
29 29
31 31
33 33
35 35
37 37
39 39
41 41
43 43
45 45
47 47
49 49
51 51
53 53
55 55
57 57
59 59
61 61
63 63
65 65
67 67
69 69
71 71
73 73
75 75
77 77
79 79
81 81
83 83
85 85
87 87
89 89
91 91
93 93
95 95
97 97
99 99
101 101
103 103
105 105
107 107
109 109
111 111
113 113
115 115
117 117
119 119
121 121
123 123
125 125
127 127
129 129
131 131
133 133
135 135
137 137
139 139
141 141
143 143
145 145
147 147
149 149
151 151
153 153
155 155
157 157
159 159
161 161
163 163
165 165
167 167
169 169
171 171
173 173
175 175
177 177
179 179
181 181
183 183
185 185
187 187
189 189
191 191
193 193
195 195
197 197
199 199
