0 49 50 46 52 51 54 51 57 56 61 63 62 61 67 68 66 72 71 76 80 79 76 81 82 83 81 86 89 86 91 95 94 91 92 93 91 86 88 86 81 84 81 76 78 76 71 73 72 66 70 66 67 61 65 64 61 56 58 57 51 53 52 46 48 47 46 41 43 42 41 45 44 41 36 38 36 40 39 36 31 34 31 33 32 26 27 28 26 21 25 21 23 22 16 18 17 16 19 20 16 11 15 11 6 9 6 1 3 1 4 1 0 
50
27 27
54 54
63 63
79 79
95 95
42 42
45 45
20 20
78 78
34 34
67 67
92 92
19 19
15 15
23 23
17 17
88 88
84 84
57 57
80 80
33 33
39 39
62 62
89 89
44 44
3 3
58 58
18 18
43 43
83 83
49 49
4 4
25 25
73 73
64 64
68 68
50 50
47 47
94 94
93 93
28 28
82 82
48 48
9 9
72 72
40 40
70 70
65 65
38 38
53 53
