0 1 3 1 6 7 6 11 14 11 13 12 11 16 19 16 17 16 21 24 25 21 22 21 26 30 29 26 27 26 32 33 31 34 35 31 37 38 36 39 36 42 41 44 41 46 47 48 46 51 53 52 51 57 58 56 59 60 56 61 65 64 61 62 63 61 66 68 66 70 66 71 75 74 71 73 72 71 76 78 76 79 80 76 81 84 81 82 83 81 87 86 90 86 92 93 91 94 95 91 96 97 98 96 99 100 96 101 102 103 101 105 104 101 106 108 107 106 109 106 112 113 111 114 111 116 118 116 121 122 121 127 128 126 129 130 126 131 135 131 136 138 137 136 139 140 136 141 143 142 141 144 145 141 146 149 146 151 155 151 153 152 151 156 159 156 162 163 161 165 164 161 167 166 170 169 166 171 173 171 176 180 179 176 181 183 181 184 185 181 186 187 186 189 186 192 193 191 195 191 196 197 198 0 
100
58 58
24 24
44 44
135 135
73 73
100 100
7 7
22 22
35 35
99 99
90 90
17 17
137 137
72 72
63 63
163 163
78 78
79 79
65 65
105 105
192 192
155 155
164 164
14 14
34 34
109 109
60 60
189 189
19 19
107 107
48 48
114 114
42 42
118 118
183 183
95 95
144 144
193 193
53 53
83 83
103 103
143 143
184 184
52 52
38 38
64 64
139 139
145 145
98 98
25 25
180 180
30 30
94 94
165 165
102 102
130 130
195 195
112 112
33 33
75 75
108 108
140 140
62 62
122 122
169 169
70 70
152 152
179 179
3 3
127 127
27 27
68 68
162 162
93 93
187 187
185 185
13 13
97 97
12 12
32 32
47 47
87 87
173 173
29 29
113 113
59 59
39 39
142 142
153 153
129 129
159 159
84 84
170 170
74 74
128 128
149 149
138 138
80 80
82 82
104 104
