BY5DUgv6 m0ciW6Mx QeSUIsQ1 hc6YxxqG gd207oOq aqFtjHzO T9nDSMXa rZiSDNtK aPSEsY2w E85AysUp Rv8rDvqp 1cr6aFpX PagRRYIg nKZTEeUl YLp2gziD 8tOszPqV H8eN9fj5 lvlSObqb CrvusN6e WlxPulQd 8ni5D4t7 g5YhtPSt JMul31yq 7IV7YjRX mjMe14fC xZfXXUDQ HEJxX3gA 87yhsuRE 9IHe97Yy HXMHfRTC iT0t8noc UmgiH1K9 NL9qZEp0 GVK6CciB AMieum8U rGjz0gOd S9dNuWxm ayFODfwg w3Radp7c FSF4Na2U KJQpAqYk Pi99fmGL KuVHgP1J yqX5KOVJ xTHVuNZl tDh0gTYH 7CrB3pCm yYTqCbSD Y93BYexY ucMA0iSv R4zDiMu3 0zB29H2A OpfVa1HT 8KVhuJvd Ym8LPSnY FPDwKJIj q1vN3eei c9Hgvc9w kkvcm3Qd vVYZOPt6 o1w8sSXK mXjWiYol UfRMeyI7 gbolqDJc 6nj6dyOK K3J88UDV 1aJdK4y9 xULc5Xg4 2og9s1wD sR6JAufL 8e8OWOIi 6GJHoNdy B0wYReom 2mQchaeu Af1jBIly Rn4zxmTr bMSvK9eQ H2BV5cDz UQ4QaUHy BY5DUgv6 
50
FPDwKJIj FPDwKJIj
iT0t8noc iT0t8noc
S9dNuWxm S9dNuWxm
8tOszPqV 8tOszPqV
rZiSDNtK rZiSDNtK
yqX5KOVJ yqX5KOVJ
1cr6aFpX 1cr6aFpX
Rv8rDvqp Rv8rDvqp
gbolqDJc gbolqDJc
JMul31yq JMul31yq
K3J88UDV K3J88UDV
mXjWiYol mXjWiYol
PagRRYIg PagRRYIg
ayFODfwg ayFODfwg
6nj6dyOK 6nj6dyOK
UfRMeyI7 UfRMeyI7
H2BV5cDz H2BV5cDz
sR6JAufL sR6JAufL
2mQchaeu 2mQchaeu
1aJdK4y9 1aJdK4y9
B0wYReom B0wYReom
nKZTEeUl nKZTEeUl
g5YhtPSt g5YhtPSt
OpfVa1HT OpfVa1HT
0zB29H2A 0zB29H2A
8ni5D4t7 8ni5D4t7
NL9qZEp0 NL9qZEp0
Af1jBIly Af1jBIly
aPSEsY2w aPSEsY2w
gd207oOq gd207oOq
R4zDiMu3 R4zDiMu3
o1w8sSXK o1w8sSXK
xTHVuNZl xTHVuNZl
rGjz0gOd rGjz0gOd
QeSUIsQ1 QeSUIsQ1
7IV7YjRX 7IV7YjRX
8e8OWOIi 8e8OWOIi
AMieum8U AMieum8U
tDh0gTYH tDh0gTYH
CrvusN6e CrvusN6e
lvlSObqb lvlSObqb
HEJxX3gA HEJxX3gA
xULc5Xg4 xULc5Xg4
q1vN3eei q1vN3eei
UmgiH1K9 UmgiH1K9
hc6YxxqG hc6YxxqG
c9Hgvc9w c9Hgvc9w
9IHe97Yy 9IHe97Yy
ucMA0iSv ucMA0iSv
WlxPulQd WlxPulQd
