93 71 20 169 155 124 172 101 105 132 67 132 57 86 111 84 128 116 82 63 163 52 151 51 45 72 110 40 91 47 154 19 26 147 176 121 34 90 108 170 64 140 122 56 22 41 171 125 141 81 2 95 36 109 1 119 115 131 38 61 79 73 161 137 49 117 168 14 99 11 66 65 126 98 107 24 4 76 16 39 53 177 136 87 43 165 143 77 113 75 130 75 102 27 74 129 174 70 146 46 80 94 138 157 18 62 93 
91
1 1
2 2
4 4
14 14
18 18
19 19
20 20
24 24
26 26
27 27
34 34
36 36
38 38
39 39
40 40
43 43
46 46
47 47
49 49
51 51
52 52
53 53
56 56
57 57
61 61
62 62
63 63
64 64
65 65
66 66
67 67
70 70
72 72
73 73
74 74
75 75
76 76
77 77
79 79
80 80
81 81
82 82
84 84
86 86
87 87
90 90
91 91
95 95
98 98
99 99
101 101
102 102
105 105
108 108
109 109
110 110
111 111
115 115
116 116
117 117
119 119
121 121
122 122
124 124
125 125
129 129
130 130
131 131
136 136
137 137
138 138
140 140
141 141
143 143
146 146
147 147
151 151
154 154
155 155
157 157
161 161
163 163
165 165
168 168
169 169
170 170
171 171
172 172
174 174
176 176
177 177
