Soda Arda Soda Beauxbatons Soda Rivendell Soda Hogsmeade Soda Hogwarts Soda Reach Soda Dorne Soda Vale Soda Mandos Soda Sothoryos Arnor Gondor Lindon Rovanion Rohan Rhun Khado Rhun Rohan Rovanion Lindon Gondor Arnor Sothoryos Pentos Ormal Pentos KingsLanding Pentos Iluin Pentos Mordor Pentos Sunspear Pentos Qarth Pentos Essos Pentos Valyria Pentos Braavos Pentos Qohor Pentos Ghis Pentos Mereen Pentos Hobbiton Pentos Westeros Soda LonelyMountain Soda 
26
Hogwarts Hogwarts
Beauxbatons Beauxbatons
Hogsmeade Hogsmeade
Arda Arda
Rivendell Rivendell
LonelyMountain LonelyMountain
Mandos Mandos
Reach Reach
Vale Vale
Dorne Dorne
Westeros Westeros
Essos Essos
Braavos Braavos
Qohor Qohor
Qarth Qarth
Valyria Valyria
Ghis Ghis
Mereen Mereen
Sunspear Sunspear
KingsLanding KingsLanding
Iluin Iluin
Ormal Ormal
Mordor Mordor
Hobbiton Hobbiton
Sothoryos Sothoryos
Khado Khado
