6 13 12 9 12 13 11 8 11 13 20 18 15 18 14 18 20 27 26 24 26 27 25 21 25 27 34 32 29 32 34 33 31 33 34 41 39 35 39 41 48 47 44 47 48 46 48 55 54 52 54 55 53 49 53 55 62 61 59 61 62 60 56 60 62 69 68 65 68 69 67 63 67 69 76 75 73 75 76 74 71 74 76 83 81 78 81 83 82 79 82 83 90 88 84 88 90 97 95 92 95 97 96 94 96 97 6 4 6 5 2 5 6 
42
2 2
6 6
4 4
9 9
11 11
8 8
14 14
18 18
15 15
25 25
21 21
24 24
34 34
31 31
29 29
39 39
35 35
41 41
48 48
44 44
46 46
52 52
54 54
49 49
56 56
60 60
59 59
67 67
63 63
65 65
75 75
71 71
73 73
82 82
78 78
79 79
84 84
88 88
90 90
94 94
95 95
92 92
