Greenhouse BirgeHall Greenhouse MorrisonHall Greenhouse BerkeleyMuseum Greenhouse MosesHall Greenhouse BlackwellHall Greenhouse maxwell Greenhouse MinorHall Greenhouse ObservHill Greenhouse StarrLibrary Greenhouse BoaltHall Greenhouse McLaughlin Greenhouse nrl Greenhouse MathSciencesRes Greenhouse NAnimalFacil Greenhouse BarrowLane Greenhouse MinorHallAdd Greenhouse NorthGateHall Greenhouse AndersenAud Greenhouse BarkerHall Greenhouse MulfordHall Greenhouse ArchsEngineers Greenhouse mlk Greenhouse AlumniHouse Greenhouse NorthField Greenhouse BancroftLibrary Greenhouse AnthonyHall Greenhouse BarrowsHall Greenhouse BotanGarden Greenhouse BechtelEngineering Greenhouse BARTStation Greenhouse BanwayBldg Greenhouse McConeHall Greenhouse McEnerneyHall Greenhouse ImagingCenter Greenhouse moffit Greenhouse OBrienHall Greenhouse BlumHall Greenhouse BerkeleyWest Greenhouse MorganHall Greenhouse memorialpool Greenhouse 
40
mlk mlk
MathSciencesRes MathSciencesRes
maxwell maxwell
McConeHall McConeHall
McEnerneyHall McEnerneyHall
McLaughlin McLaughlin
memorialpool memorialpool
MinorHall MinorHall
MinorHallAdd MinorHallAdd
moffit moffit
MorganHall MorganHall
MorrisonHall MorrisonHall
MosesHall MosesHall
MulfordHall MulfordHall
nrl nrl
NorthField NorthField
NorthGateHall NorthGateHall
NAnimalFacil NAnimalFacil
OBrienHall OBrienHall
ObservHill ObservHill
AlumniHouse AlumniHouse
AndersenAud AndersenAud
AnthonyHall AnthonyHall
ArchsEngineers ArchsEngineers
BancroftLibrary BancroftLibrary
BanwayBldg BanwayBldg
BarkerHall BarkerHall
BarrowLane BarrowLane
BarrowsHall BarrowsHall
BARTStation BARTStation
BechtelEngineering BechtelEngineering
BerkeleyMuseum BerkeleyMuseum
BerkeleyWest BerkeleyWest
BirgeHall BirgeHall
BlackwellHall BlackwellHall
BlumHall BlumHall
BoaltHall BoaltHall
BotanGarden BotanGarden
ImagingCenter ImagingCenter
StarrLibrary StarrLibrary
