Greenhouse Cafe3 Greenhouse CyclotronRd Greenhouse DoeLibrary Greenhouse GayleyRd Greenhouse BirgeHall Greenhouse ClassGate Greenhouse CampbellHall Greenhouse HertzHall Greenhouse DavisHall Greenhouse DwinelleAnnex Greenhouse ClarkCampus Greenhouse ChavezCenter Greenhouse ImagingCenter Greenhouse CaliforniaStadium Greenhouse EdwardsStadium Greenhouse EvansHall Greenhouse EshlemanHall Greenhouse CheitHall Greenhouse BlumHall Greenhouse ClassFountain Greenhouse CareerCenter Greenhouse ChanAuditorium Greenhouse GeneticsPlantBldg Greenhouse StarrLibrary Greenhouse FacultyGlade Greenhouse BoaltHall Greenhouse FoxCottage Greenhouse CaliforniaHall Greenhouse DurantHall Greenhouse ChouHall Greenhouse FrankWay Greenhouse BlackwellHall Greenhouse unit3 Greenhouse BerkeleyWest Greenhouse DwinelleHall Greenhouse EastGate Greenhouse DurhamTheatre Greenhouse BerkeleyMuseum Greenhouse EnergyBuilding Greenhouse EvansDiamond Greenhouse DonnerLab Greenhouse EtcheverryHall Greenhouse EyeCenter Greenhouse BotanGarden Greenhouse FacultyClub Greenhouse CoryHall Greenhouse CNMAT Greenhouse GianniniHall Greenhouse CalvinLaboratory Greenhouse FoundersRock Greenhouse 
50
BerkeleyMuseum BerkeleyMuseum
BerkeleyWest BerkeleyWest
BirgeHall BirgeHall
BlackwellHall BlackwellHall
BlumHall BlumHall
BoaltHall BoaltHall
BotanGarden BotanGarden
ImagingCenter ImagingCenter
StarrLibrary StarrLibrary
CaliforniaHall CaliforniaHall
CaliforniaStadium CaliforniaStadium
CalvinLaboratory CalvinLaboratory
CampbellHall CampbellHall
CareerCenter CareerCenter
ChanAuditorium ChanAuditorium
ChavezCenter ChavezCenter
CheitHall CheitHall
ChouHall ChouHall
ClarkCampus ClarkCampus
ClassFountain ClassFountain
ClassGate ClassGate
CNMAT CNMAT
CoryHall CoryHall
CyclotronRd CyclotronRd
DavisHall DavisHall
DoeLibrary DoeLibrary
DonnerLab DonnerLab
DurantHall DurantHall
DurhamTheatre DurhamTheatre
DwinelleAnnex DwinelleAnnex
DwinelleHall DwinelleHall
EastGate EastGate
EdwardsStadium EdwardsStadium
EnergyBuilding EnergyBuilding
EshlemanHall EshlemanHall
EtcheverryHall EtcheverryHall
EvansDiamond EvansDiamond
EvansHall EvansHall
EyeCenter EyeCenter
FacultyClub FacultyClub
FacultyGlade FacultyGlade
FoundersRock FoundersRock
FoxCottage FoxCottage
FrankWay FrankWay
GayleyRd GayleyRd
GeneticsPlantBldg GeneticsPlantBldg
GianniniHall GianniniHall
HertzHall HertzHall
Cafe3 Cafe3
unit3 unit3
