pace king guarantee due seize sunrise title shy nationalist dip joint demand pain demand cigarette tablet swear other excuse thumb output circulation gate mystery enter autonomy glasses tool dialogue likely dialogue prison solve winner forge tolerate forge vegetarian linger dough enhance legislation sign romantic straighten quality headline mature brake mature buffet exclusive class disclose injury disclose skeleton understand figure understand paper deposit honor feature interactive throne imposter fortune page lake rob bitter respect financial voice pace 
50
shy shy
swear swear
dough dough
pain pain
buffet buffet
linger linger
circulation circulation
class class
nationalist nationalist
tool tool
honor honor
prison prison
imposter imposter
guarantee guarantee
exclusive exclusive
other other
rob rob
sunrise sunrise
voice voice
winner winner
vegetarian vegetarian
tolerate tolerate
lake lake
headline headline
throne throne
seize seize
glasses glasses
paper paper
tablet tablet
legislation legislation
enter enter
enhance enhance
quality quality
injury injury
bitter bitter
dip dip
page page
mystery mystery
figure figure
autonomy autonomy
likely likely
demand demand
output output
thumb thumb
cigarette cigarette
brake brake
financial financial
title title
king king
sign sign
