pace other quadruple ask candle dialogue home flag injury tolerate decisive greeting begin lake thirsty dough physics linger vegetarian market vegetarian exile vegetarian exclusive dip opposed dramatic exempt buffet pipe blonde virgin winner assignment winner boom quality autonomy paper cotton lifestyle election interactive error widen banana driver imposter tablet note deter terms thumb terms hospitality teacher excuse rob demand feature enter offset chew drawer smile headline brake scheme brake bowel joystick guarantee attraction coffin bitter rage deposit page mature native development confrontation forge confrontation development skeleton knot country triple country single joint output joint illusion enemy control enemy stress enemy desk spoil desk injection pardon notebook fortune financial mercy mixture chair respect throne structure shiver ignore audience ignore due ignore liver tool railcar assume acceptance nationalist swop electronics interface environment bleed curriculum bleed pier pig straighten identity coincide dive view profound coast swear rent atmosphere viable likely comfortable likely other pace 
100
exclusive exclusive
identity identity
injection injection
market market
acceptance acceptance
exempt exempt
coffin coffin
begin begin
teacher teacher
autonomy autonomy
development development
drawer drawer
control control
swop swop
stress stress
audience audience
injury injury
deter deter
environment environment
virgin virgin
tablet tablet
output output
dip dip
thumb thumb
structure structure
buffet buffet
viable viable
dough dough
assignment assignment
coincide coincide
atmosphere atmosphere
cotton cotton
triple triple
mature mature
pig pig
spoil spoil
profound profound
curriculum curriculum
widen widen
dive dive
shiver shiver
smile smile
note note
flag flag
physics physics
driver driver
railcar railcar
mercy mercy
error error
throne throne
decisive decisive
candle candle
illusion illusion
headline headline
rob rob
scheme scheme
offset offset
knot knot
country country
comfortable comfortable
native native
skeleton skeleton
rent rent
guarantee guarantee
coast coast
interface interface
electronics electronics
other other
confrontation confrontation
exile exile
pace pace
ask ask
imposter imposter
enemy enemy
straighten straighten
quadruple quadruple
liver liver
pardon pardon
due due
likely likely
bowel bowel
home home
financial financial
lifestyle lifestyle
ignore ignore
interactive interactive
respect respect
swear swear
chair chair
page page
boom boom
greeting greeting
attraction attraction
forge forge
rage rage
election election
excuse excuse
tool tool
feature feature
pipe pipe
