pace nationalist feature nationalist brake opposed brake headline audience due excuse gate tablet approval prison honor environment write voice mixture market likely circulation likely king page guarantee thumb exempt thumb enter deposit skeleton injury output exclusive throne exclusive pace 
25
deposit deposit
exempt exempt
enter enter
gate gate
audience audience
headline headline
honor honor
brake brake
likely likely
market market
mixture mixture
throne throne
circulation circulation
feature feature
output output
nationalist nationalist
voice voice
opposed opposed
excuse excuse
guarantee guarantee
king king
page page
injury injury
approval approval
skeleton skeleton
