9iIwk jASvw 0GdkR oqPYQ jASvw 9iIwk 5R5Xa 9iIwk h2rea 0mah3 ChXAd 1eRkH 0mah3 rrNj1 Esl6u fS0W8 p9vQm fS0W8 k64Ok BnAjj ZgtaX JgjFI ZgtaX Vake4 ZgtaX veOJ7 iCgvV ZgtaX pXCjI k6V9L vrNke 5ioW1 Be0ab bXinH XZKtP dw7aX XZKtP 5ioW1 YH6mk Y7IDR 4a0W8 Y7IDR YH6mk tnjfN AgYPL WJNpN 5VT1H 1pxZM 1uRw3 Ri2t4 y89SK Ri2t4 jAwQw knY3U vE0Pj WGJpQ aHGHb kmzhT RhUVQ QVYVG 7G74f QVYVG LZomt Ew56P SgDk6 Ew56P jYfXn MA43U ZzWHp iEXNY Mj2eQ 1xmtC XYzcU qkJ6b jT5CK 5BDPJ jT5CK 6EWVx 9iIwk 
50
5VT1H 5VT1H
jT5CK jT5CK
bXinH bXinH
qkJ6b qkJ6b
Y7IDR Y7IDR
AgYPL AgYPL
XYzcU XYzcU
vE0Pj vE0Pj
5R5Xa 5R5Xa
iEXNY iEXNY
WGJpQ WGJpQ
1uRw3 1uRw3
1eRkH 1eRkH
veOJ7 veOJ7
YH6mk YH6mk
jAwQw jAwQw
Ri2t4 Ri2t4
jYfXn jYfXn
ChXAd ChXAd
XZKtP XZKtP
Mj2eQ Mj2eQ
ZzWHp ZzWHp
h2rea h2rea
jASvw jASvw
5ioW1 5ioW1
SgDk6 SgDk6
1xmtC 1xmtC
JgjFI JgjFI
0GdkR 0GdkR
fS0W8 fS0W8
oqPYQ oqPYQ
tnjfN tnjfN
dw7aX dw7aX
9iIwk 9iIwk
Be0ab Be0ab
LZomt LZomt
p9vQm p9vQm
kmzhT kmzhT
pXCjI pXCjI
1pxZM 1pxZM
BnAjj BnAjj
Vake4 Vake4
iCgvV iCgvV
7G74f 7G74f
5BDPJ 5BDPJ
y89SK y89SK
RhUVQ RhUVQ
aHGHb aHGHb
4a0W8 4a0W8
ZgtaX ZgtaX
