HAZtD 4Eg1F wnnBN Cg1yP J0OP0 iKwe0 F7CZj z82fM EyMEe vfAR8 bW6Ms RN9nS ED9em 5h4rt ED9em CXkxa Lusir CXkxa 3NU9e aWuHk mJExt iqOI4 mJExt XbFfE O8CwF TlJnt O8CwF aegld C4biR 93R2m cu5FB 4AhmX jesVt 69WZh wedr3 zrVPv 69WZh mdIe6 69WZh ox9Gx 15wtn Mm2U8 v7hOX SEkfX b9v0q eVDVP Ia6ul VG4na Agb0E WVEjT wVSYr fExZu 2zHfe AwFdf kNG2j kjZGl UQeyk EgumV fWz4T SE1WY ZKvNM TzGS5 ZKvNM iHR3J v0WXM R6NzB 0FMEI 2GCiD 0FMEI tgL8p DmTRc 4jcrD Vg6Sz iIQll p4kTx iIQll GrnJ7 v9joy GrnJ7 gNinx GrnJ7 iaaYU UbqWX GrnJ7 rmW0U HOuAL rmW0U 9tf0w rmW0U CHx6u bMhFI lF8gH bMhFI SfSL1 RkCLD xKTIz E6pda e7SjH DuU0x BIY9X DuU0x e7SjH 2LhKB e7SjH o2JtM H1xt8 GaZ4O Q8lcd iPRoT 8Qx0C qz2Of iimZq HAKlt Pk19A 0moVI GUEko iimZq 6owsT OWqP4 rVnMc SxklZ VESmp SxklZ BaYb3 1VA1I Zok18 1VA1I IOpdQ 7kY28 URrao fiXIW 7kY28 pLg86 Xqwfz jyRQW zcuSA 4PSW9 0F8yg 9cp56 sU69u 5EAEu sU69u 9cp56 u60s4 Zxvdf u60s4 gpbSj cC0Rg p3gJd DaieK uPUO1 DaieK p3gJd cpzS8 acHTt cpzS8 rH3nx 1gvq4 lJnz7 GxQg8 X2hjX UqGfS NqBQW UqGfS Ssao4 kPB79 4PXv9 kPB79 4Tt2a kPB79 6gp0A HAZtD 
100
pLg86 pLg86
p4kTx p4kTx
kNG2j kNG2j
aWuHk aWuHk
uPUO1 uPUO1
4AhmX 4AhmX
bMhFI bMhFI
7kY28 7kY28
HOuAL HOuAL
Zok18 Zok18
Zxvdf Zxvdf
cu5FB cu5FB
0moVI 0moVI
VG4na VG4na
UqGfS UqGfS
xKTIz xKTIz
z82fM z82fM
iIQll iIQll
NqBQW NqBQW
OWqP4 OWqP4
URrao URrao
DuU0x DuU0x
zrVPv zrVPv
WVEjT WVEjT
DaieK DaieK
RN9nS RN9nS
R6NzB R6NzB
TzGS5 TzGS5
Pk19A Pk19A
4Tt2a 4Tt2a
5h4rt 5h4rt
SEkfX SEkfX
4jcrD 4jcrD
cC0Rg cC0Rg
vfAR8 vfAR8
gNinx gNinx
Q8lcd Q8lcd
iHR3J iHR3J
GxQg8 GxQg8
HAKlt HAKlt
2LhKB 2LhKB
fExZu fExZu
jesVt jesVt
4PXv9 4PXv9
O8CwF O8CwF
CHx6u CHx6u
fWz4T fWz4T
BIY9X BIY9X
9tf0w 9tf0w
H1xt8 H1xt8
1gvq4 1gvq4
J0OP0 J0OP0
bW6Ms bW6Ms
lJnz7 lJnz7
mdIe6 mdIe6
1VA1I 1VA1I
X2hjX X2hjX
SxklZ SxklZ
aegld aegld
AwFdf AwFdf
eVDVP eVDVP
ox9Gx ox9Gx
VESmp VESmp
iKwe0 iKwe0
v7hOX v7hOX
p3gJd p3gJd
Ia6ul Ia6ul
E6pda E6pda
0F8yg 0F8yg
acHTt acHTt
iimZq iimZq
6owsT 6owsT
wnnBN wnnBN
UbqWX UbqWX
Vg6Sz Vg6Sz
5EAEu 5EAEu
zcuSA zcuSA
cpzS8 cpzS8
IOpdQ IOpdQ
Lusir Lusir
iqOI4 iqOI4
BaYb3 BaYb3
EgumV EgumV
Ssao4 Ssao4
rH3nx rH3nx
8Qx0C 8Qx0C
TlJnt TlJnt
wedr3 wedr3
69WZh 69WZh
ED9em ED9em
fiXIW fiXIW
gpbSj gpbSj
DmTRc DmTRc
2GCiD 2GCiD
v9joy v9joy
iaaYU iaaYU
Agb0E Agb0E
lF8gH lF8gH
Cg1yP Cg1yP
u60s4 u60s4
