Taozhuang Chharra Besuki Middle Gua Oulmes Fort Uran Pottstown Uran Jinotepe Uran Jingzhou Vernon Severodvinsk Vernon Caravaca Donggongon Somma Nonsan Waverly Strathfield Kallio Alatyr Memmingen New Ulu Freetown Southsea Calauan Southsea Sarandi Ramla Azrou Hechingen Bang Esperanza Gudermes Aytos Esmeraldas Bourbonnais Longgang Norco Udumalaippettai Carnot Bhit Durazno Boo Cibinong Villa Rafiganj Rutherglen Gauting Tupelo Sicklerville Artur Camayenne Rosedale Jackson Chharra Ilesa Chharra Wesseling Chharra Taozhuang 
50
Gauting Gauting
Nonsan Nonsan
Jackson Jackson
Kallio Kallio
Ulu Ulu
Sarandi Sarandi
Middle Middle
Donggongon Donggongon
Durazno Durazno
Camayenne Camayenne
Strathfield Strathfield
Cibinong Cibinong
Jingzhou Jingzhou
New New
Somma Somma
Azrou Azrou
Fort Fort
Esperanza Esperanza
Longgang Longgang
Udumalaippettai Udumalaippettai
Boo Boo
Villa Villa
Severodvinsk Severodvinsk
Ilesa Ilesa
Besuki Besuki
Gudermes Gudermes
Calauan Calauan
Wesseling Wesseling
Taozhuang Taozhuang
Rosedale Rosedale
Aytos Aytos
Tupelo Tupelo
Rutherglen Rutherglen
Alatyr Alatyr
Artur Artur
Bang Bang
Ramla Ramla
Freetown Freetown
Waverly Waverly
Caravaca Caravaca
Sicklerville Sicklerville
Bourbonnais Bourbonnais
Memmingen Memmingen
Hechingen Hechingen
Jinotepe Jinotepe
Rafiganj Rafiganj
Pottstown Pottstown
Esmeraldas Esmeraldas
Uran Uran
Oulmes Oulmes
