Lesnoy Visitacion Glogovac Andijon Yangambi Zgorzelec Brentwood Hueytown Pingyi Malaut Sungurlu Winsford Sun Rutherglen Franceville Hudiksvall Blackpool Meerut Gisborne Dharmapuri Gisborne Ishim Stade Portogruaro Artur Beveren Kundla Beveren GatesNorth Lesnoy 
25
Hudiksvall Hudiksvall
Rutherglen Rutherglen
Dharmapuri Dharmapuri
Artur Artur
Meerut Meerut
Kundla Kundla
Visitacion Visitacion
Sun Sun
Zgorzelec Zgorzelec
Ishim Ishim
Malaut Malaut
Pingyi Pingyi
Hueytown Hueytown
Stade Stade
Sungurlu Sungurlu
Glogovac Glogovac
Gisborne Gisborne
GatesNorth GatesNorth
Blackpool Blackpool
Lesnoy Lesnoy
Winsford Winsford
Portogruaro Portogruaro
Franceville Franceville
Brentwood Brentwood
Yangambi Yangambi
