1 47 1 74 1 23 12 2 24 35 1 119 84 71 72 110 120 98 1 11 1 83 1 143 132 131 96 86 108 38 1 95 1 62 48 59 1 134 144 50 60 107 1 122 1 16 3 89 90 68 78 77 3 80 102 101 3 100 106 128 82 64 70 28 3 125 138 116 126 104 114 113 3 5 18 8 34 53 22 76 58 92 3 52 118 124 3 56 10 4 46 32 42 41 54 44 66 65 6 17 30 29 3 140 130 112 142 136 94 88 3 20 3 40 3 137 1 14 36 26 1 
96
2 2
4 4
5 5
6 6
8 8
10 10
11 11
12 12
14 14
16 16
17 17
18 18
20 20
22 22
23 23
24 24
26 26
28 28
29 29
30 30
32 32
34 34
35 35
36 36
38 38
40 40
41 41
42 42
44 44
46 46
47 47
48 48
50 50
52 52
53 53
54 54
56 56
58 58
59 59
60 60
62 62
64 64
65 65
66 66
68 68
70 70
71 71
72 72
74 74
76 76
77 77
78 78
80 80
82 82
83 83
84 84
86 86
88 88
89 89
90 90
92 92
94 94
95 95
96 96
98 98
100 100
101 101
102 102
104 104
106 106
107 107
108 108
110 110
112 112
113 113
114 114
116 116
118 118
119 119
120 120
122 122
124 124
125 125
126 126
128 128
130 130
131 131
132 132
134 134
136 136
137 137
138 138
140 140
142 142
143 143
144 144
