Qatar Senegal Montenegro Belgium CostaRica Belarus DemofChina Egypt Morocco Uzbekistan Georgia Macedonia Liberia Tunisia Sweden Tajikistan Mozambique SierraLeone Andorra Nicaragua Albania France UnitedKingdom Kosovo Kyrgyzstan Tuvalu Burundi GuineaBissau SanMarino Estonia SaintLucia Danzig Singapore Guyana CzechRepublic Netherlands VaticanCity UAE Lebanon Malta Angola Gabon Australia RussianFederation Tanzania Mongolia Armenia Peru Mali Haiti America Qatar 
50
Belarus Belarus
Peru Peru
Nicaragua Nicaragua
Gabon Gabon
Haiti Haiti
Tajikistan Tajikistan
Mongolia Mongolia
Danzig Danzig
Morocco Morocco
Liberia Liberia
UAE UAE
Armenia Armenia
Australia Australia
Estonia Estonia
Sweden Sweden
Montenegro Montenegro
RussianFederation RussianFederation
Egypt Egypt
France France
CostaRica CostaRica
Senegal Senegal
SierraLeone SierraLeone
DemofChina DemofChina
Kosovo Kosovo
Netherlands Netherlands
UnitedKingdom UnitedKingdom
Macedonia Macedonia
Singapore Singapore
Mozambique Mozambique
Belgium Belgium
Angola Angola
Guyana Guyana
Tanzania Tanzania
Uzbekistan Uzbekistan
Mali Mali
SanMarino SanMarino
GuineaBissau GuineaBissau
Tunisia Tunisia
VaticanCity VaticanCity
Malta Malta
Lebanon Lebanon
Tuvalu Tuvalu
Albania Albania
Kyrgyzstan Kyrgyzstan
America America
Burundi Burundi
Andorra Andorra
SaintLucia SaintLucia
Georgia Georgia
CzechRepublic CzechRepublic
