Albania Mauritania Rwanda Pakistan Fiji Burma Ethiopia Comoros Israel Bahamas Thailand Kosovo America Liechtenstein Germany SriLanka Dominica Danzig BosHerzegovina Eritrea Maldives Peru Grenada IvoryCoast Yemen EquatorGuinea Chile UAE Lesotho Andorra Cambodia Philippines Jamaica Tanzania Cuba NewZealand SaudiArabia UnitedKingdom TheGambia Italy France Slovenia Laos Switzerland Rome Guatemala NorthKorea RussianFederation Norway Mauritius Djibouti Tunisia Bulgaria Newfoundland Portugal Greece PapuaNewGuinea MountAthos Bhutan Seychelles Mongolia Latvia Luxembourg Vanuatu Paraguay Romania Finland Qatar SaoTomPrincipe Niger Cyprus Australia Brazil Algeria Kiribati SierraLeone Mali Poland Ukraine SolomonIslands CentralAfricanRep Togo Serbia Nepal Lithuania Suriname Malaysia Hungary Belarus Argentina Japan Kazakhstan SaintKitts Venezuela Gabon VaticanCity Panama CapeVerde SaintLucia Burkina Estonia Albania 
100
Bahamas Bahamas
Malaysia Malaysia
Rome Rome
Burkina Burkina
SolomonIslands SolomonIslands
IvoryCoast IvoryCoast
BosHerzegovina BosHerzegovina
Andorra Andorra
VaticanCity VaticanCity
EquatorGuinea EquatorGuinea
Djibouti Djibouti
Mauritania Mauritania
Pakistan Pakistan
Bulgaria Bulgaria
Thailand Thailand
Nepal Nepal
Estonia Estonia
Italy Italy
Comoros Comoros
Kosovo Kosovo
Norway Norway
Algeria Algeria
Panama Panama
Eritrea Eritrea
Mongolia Mongolia
UnitedKingdom UnitedKingdom
Peru Peru
Mauritius Mauritius
Laos Laos
Luxembourg Luxembourg
Belarus Belarus
Paraguay Paraguay
America America
Brazil Brazil
MountAthos MountAthos
Dominica Dominica
Philippines Philippines
CapeVerde CapeVerde
Niger Niger
Latvia Latvia
Cyprus Cyprus
Burma Burma
SierraLeone SierraLeone
Kazakhstan Kazakhstan
Cambodia Cambodia
Japan Japan
Portugal Portugal
Danzig Danzig
Jamaica Jamaica
Tunisia Tunisia
Qatar Qatar
Argentina Argentina
Chile Chile
Tanzania Tanzania
Kiribati Kiribati
Germany Germany
Ukraine Ukraine
Australia Australia
Yemen Yemen
France France
Newfoundland Newfoundland
Slovenia Slovenia
Lesotho Lesotho
CentralAfricanRep CentralAfricanRep
Romania Romania
Bhutan Bhutan
Ethiopia Ethiopia
NorthKorea NorthKorea
SaintLucia SaintLucia
Gabon Gabon
Hungary Hungary
SaintKitts SaintKitts
Vanuatu Vanuatu
SaudiArabia SaudiArabia
Grenada Grenada
SaoTomPrincipe SaoTomPrincipe
Rwanda Rwanda
RussianFederation RussianFederation
Guatemala Guatemala
UAE UAE
SriLanka SriLanka
Cuba Cuba
Togo Togo
Poland Poland
Israel Israel
Switzerland Switzerland
Seychelles Seychelles
Venezuela Venezuela
NewZealand NewZealand
PapuaNewGuinea PapuaNewGuinea
Finland Finland
Mali Mali
TheGambia TheGambia
Greece Greece
Suriname Suriname
Liechtenstein Liechtenstein
Lithuania Lithuania
Serbia Serbia
Maldives Maldives
Fiji Fiji
