Nepal Georgia Tanzania Liechtenstein Argentina Azerbaijan Belarus UAE Estonia Slovakia NewZealand Botswana Fiji Palau Niger Serbia Vietnam Afghanistan Panama Mauritius Kuwait Tajikistan Suriname MarshallIslands TheGambia VaticanCity SaintLucia Nepal 
25
Azerbaijan Azerbaijan
Tajikistan Tajikistan
VaticanCity VaticanCity
Estonia Estonia
Botswana Botswana
UAE UAE
Serbia Serbia
NewZealand NewZealand
Belarus Belarus
Tanzania Tanzania
Georgia Georgia
Panama Panama
Suriname Suriname
Fiji Fiji
Argentina Argentina
Vietnam Vietnam
Niger Niger
MarshallIslands MarshallIslands
Afghanistan Afghanistan
Slovakia Slovakia
Palau Palau
Liechtenstein Liechtenstein
Mauritius Mauritius
Kuwait Kuwait
SaintLucia SaintLucia
