Clearnesse Ironriver Corbank Courtwall Buttermead Newby Foxhaven Morwall Butterbush Goldwyvern Esterfall Oakmere Dellwyn Oldmoor Eriwall Violetley Westvale Courtcastle Valhaven Woodice Foxvale Morwald Marbleiron Freyview Ironshore Clearnesse 
25
Oldmoor Oldmoor
Woodice Woodice
Dellwyn Dellwyn
Freyview Freyview
Oakmere Oakmere
Eriwall Eriwall
Valhaven Valhaven
Newby Newby
Foxhaven Foxhaven
Morwall Morwall
Goldwyvern Goldwyvern
Corbank Corbank
Westvale Westvale
Morwald Morwald
Ironriver Ironriver
Violetley Violetley
Courtwall Courtwall
Ironshore Ironshore
Marbleiron Marbleiron
Buttermead Buttermead
Courtcastle Courtcastle
Butterbush Butterbush
Foxvale Foxvale
Esterfall Esterfall
Clearnesse Clearnesse
