Shoreburn Starryhill Springfox Violetley Brightmere Fieldedge Blackbush Clearnesse Icenesse Morwall Violetfay Applecastle Redlake Bluelake Southwheat Highmont Strongfall Fairsage Wellbank Valhaven Ironshore Ironriver Mallowbridge Silverwitch Westmill Woodice Eastcastle Courtcastle Silverbarrow Snowshore Lightmere Goldcrest Stonefair Brightrock Buttermead Courtedge Coldville Windbridge Fairice Freymere Northwynne Foxhaven Greenshore Bluedell Erilyn Redwell Deephedge Irondeer Newby Summermage Foxvale Eriwall Wolflea Mistshore Dellwyn Northriver Newley Esterash Butterway Silverlea Esterfall Rosegate Orbarrow Butterbush Fogland Wildemarsh Clearland Morwald Bluewyn Westerlight Bushgate Corbank Greensummer Oakmere Orfort Bluedale Southpine Goldwyvern Verthedge Oldmoor Wooddell Mallowness Greyice Snowsage Freyview Wellmage Flowermill Westvale Marbleiron Janholt Courtwall Flowerfield Rosemill Newmill Stoneglass Seamoor Ostwynne Lochmage Butterhill Mallowway Shoreburn 
100
Butterway Butterway
Lochmage Lochmage
Stonefair Stonefair
Highmont Highmont
Esterash Esterash
Oldmoor Oldmoor
Clearland Clearland
Wellmage Wellmage
Fairsage Fairsage
Fieldedge Fieldedge
Bluedale Bluedale
Greyice Greyice
Stoneglass Stoneglass
Northriver Northriver
Bluedell Bluedell
Orbarrow Orbarrow
Foxvale Foxvale
Newby Newby
Mallowbridge Mallowbridge
Clearnesse Clearnesse
Foxhaven Foxhaven
Dellwyn Dellwyn
Redwell Redwell
Windbridge Windbridge
Snowsage Snowsage
Goldcrest Goldcrest
Valhaven Valhaven
Starryhill Starryhill
Deephedge Deephedge
Silverwitch Silverwitch
Wolflea Wolflea
Ironriver Ironriver
Erilyn Erilyn
Freyview Freyview
Courtedge Courtedge
Westerlight Westerlight
Blackbush Blackbush
Irondeer Irondeer
Verthedge Verthedge
Butterbush Butterbush
Butterhill Butterhill
Courtwall Courtwall
Corbank Corbank
Seamoor Seamoor
Bluelake Bluelake
Oakmere Oakmere
Rosemill Rosemill
Strongfall Strongfall
Snowshore Snowshore
Brightmere Brightmere
Rosegate Rosegate
Brightrock Brightrock
Violetley Violetley
Bushgate Bushgate
Shoreburn Shoreburn
Mallowway Mallowway
Springfox Springfox
Applecastle Applecastle
Fogland Fogland
Icenesse Icenesse
Newmill Newmill
Esterfall Esterfall
Goldwyvern Goldwyvern
Janholt Janholt
Ironshore Ironshore
Courtcastle Courtcastle
Greenshore Greenshore
Mistshore Mistshore
Coldville Coldville
Southwheat Southwheat
Mallowness Mallowness
Greensummer Greensummer
Bluewyn Bluewyn
Southpine Southpine
Redlake Redlake
Westmill Westmill
Wellbank Wellbank
Flowermill Flowermill
Summermage Summermage
Woodice Woodice
Buttermead Buttermead
Northwynne Northwynne
Marbleiron Marbleiron
Fairice Fairice
Eriwall Eriwall
Newley Newley
Eastcastle Eastcastle
Wildemarsh Wildemarsh
Flowerfield Flowerfield
Lightmere Lightmere
Wooddell Wooddell
Ostwynne Ostwynne
Morwall Morwall
Violetfay Violetfay
Morwald Morwald
Orfort Orfort
Westvale Westvale
Freymere Freymere
Silverbarrow Silverbarrow
Silverlea Silverlea
