129 99 145 171 156 88 115 197 51 34 109 184 85 133 106 181 8 142 122 69 77 152 90 71 64 119 94 139 45 118 10 118 13 92 121 192 121 170 73 170 101 21 72 79 72 43 19 7 96 11 108 160 37 196 154 110 157 4 2 46 25 16 137 129 
45
88 1 31 88 127
4 4
7 7
10 10 28 100
13 13
16 16
19 19
45 22
25 25
34 34
37 37
94 40 94
43 43
46 46
171 49
101 52 97 148
2 55
170 58
69 61 130
64 64
21 67 151 190
96 70
73 73 136
92 76 124
79 79 112
197 82
85 85
152 91
192 103 175
106 106 178
109 109
115 115
118 118 166
121 121
133 133
139 139
142 142
145 145 172
154 154 193
157 157
160 160
119 163
181 169 181 187
184 184
196 196
