FacultyClub MLK SutardjaDai BancroftLibrary Library FPF HealthServices EastAsianLibrary PhysicsLibrary Pimentel NorthGate EarthLibrary Underhill Etcheverry TAAP Manville SocialLibrary BrainImagingCenter WooHonFai Bechtel Bowles AquaticCenter MSRI LawSchool Boalt EastGate ArtHistoryLibrary McCone HearstFieldAnnex NewspapersLibrary AnthropologyLibrary LawrenceofScience StudentUnion VLSB HearstFountain Stanley OptometryLibrary Jacobs BioscienceLibrary Unit3 BerkeleyWayWest LatinAmerican SEAsianLibrary EngineeringLibrary FoundersRock Haas Warren UniversityHouse CesarChavez MartinezCommons PacificFilmArchive Cheit StowPlaza Senior EthnicLibrary MelvinLaboratory Investigative InnovationStudio UpperHearstParking MediaCenter DonnerLaboratory Hilgard HearstGreekTheatre InternationalHouse Davis FoxCottage SimpsonCenter MaxwellField VisualCenter AndersenAuditorium Soda CareerCenter Wheeler Wellman EnergyBuilding OBrien Stephens Birge LeConte Campbell IRLE BancroftDance Mulford Hildebrand MathLibrary Koshland Sproul BanwayBuilding BerkeleyLawLibrary CITRIS Spieker Morrison EarthquakeLibrary FacultyClub 
92
FacultyClub FacultyClub
BioscienceLibrary BioscienceLibrary
SutardjaDai SutardjaDai
Etcheverry Etcheverry
LawrenceofScience SproulPlaza LawrenceofScience
Hilgard Hilgard
StudentUnion StudentUnion
EarthquakeLibrary EarthquakeLibrary
UniversityHouse UniversityHouse
Pimentel Pimentel HearstGym
Mulford Mulford
CareerCenter CareerCenter
ArtHistoryLibrary Durham ArtHistoryLibrary
OBrien OBrien
Library Library
Spieker Spieker
FPF FPF
PacificFilmArchive PacificFilmArchive
BrainImagingCenter BrainImagingCenter
Morrison Morrison
Wheeler Wheeler
Cheit Cheit
Manville Manville
Koshland Koshland
Jacobs Jacobs
Investigative Investigative
EarthLibrary EarthLibrary
EnergyBuilding EnergyBuilding IdaHouse
MediaCenter MediaCenter
StowPlaza StowPlaza
MartinezCommons MartinezCommons
MelvinLaboratory MelvinLaboratory
BancroftDance BancroftDance Giauque
AndersenAuditorium AndersenAuditorium
Unit3 Unit3
AnthropologyLibrary AnthropologyLibrary
Stephens Stephens
InternationalHouse InternationalHouse
OptometryLibrary OptometryLibrary
IRLE IRLE SpringerGateway
DonnerLaboratory DonnerLaboratory
Sproul Sproul
Birge Birge
CITRIS CITRIS
NewspapersLibrary NewspapersLibrary
Warren Warren
PhysicsLibrary PhysicsLibrary
CesarChavez CesarChavez
BerkeleyWayWest BerkeleyWayWest
MSRI MSRI
HealthServices HealthServices
WooHonFai WooHonFai
TAAP TAAP
MathLibrary MathLibrary
AquaticCenter AquaticCenter
UpperHearstParking UpperHearstParking
EastAsianLibrary Evans EastAsianLibrary
BancroftLibrary BancroftLibrary
HearstFieldAnnex HearstFieldAnnex
HearstFountain HearstFountain
BerkeleyLawLibrary BerkeleyLawLibrary
Underhill Underhill
Campbell Campbell
Davis Davis
NorthGate NorthGate
EastGate AlumniHouse
Bowles Bowles
Wellman Wellman
VLSB VLSB
Senior Senior
Stanley Stanley
SocialLibrary SocialLibrary
SimpsonCenter SimpsonCenter Latimer
EthnicLibrary EthnicLibrary
FoxCottage FoxCottage
Hildebrand Hildebrand
MaxwellField MaxwellField
SEAsianLibrary SEAsianLibrary
Bechtel Bechtel
BanwayBuilding BanwayBuilding
EngineeringLibrary EngineeringLibrary
Haas Durant
Soda Soda
McCone McCone
LatinAmerican LatinAmerican
VisualCenter VisualCenter
LawSchool LawSchool
LeConte LeConte
HearstGreekTheatre HearstGreekTheatre
MLK MLK
Boalt Boalt
FoundersRock FoundersRock
