FacultyClub LawrenceofScience PacificFilmArchive OBrien Library Etcheverry HearstGym BioscienceLibrary Manville Hilgard Cheit Wheeler Durham MartinezCommons SutardjaDai UniversityHouse FPF EarthquakeLibrary StudentUnion BrainImagingCenter Morrison Mulford Warren Spieker Unit3 FacultyClub 
24
FacultyClub FacultyClub
BioscienceLibrary BioscienceLibrary
SutardjaDai SutardjaDai
Etcheverry Etcheverry
MartinezCommons SproulPlaza
Hilgard Hilgard
StudentUnion StudentUnion
EarthquakeLibrary EarthquakeLibrary
UniversityHouse UniversityHouse
LawrenceofScience LawrenceofScience
Manville Pimentel Manville
Mulford Mulford
Unit3 CareerCenter
HearstGym HearstGym
Durham Durham
OBrien OBrien
Library Library
Spieker Spieker
FPF FPF
PacificFilmArchive PacificFilmArchive
BrainImagingCenter BrainImagingCenter
Morrison Morrison
Wheeler Wheeler
Cheit Cheit
