FacultyClub EarthquakeLibrary Durham Warren SutardjaDai StudentUnion EarthLibrary OBrien Koshland MelvinLaboratory FPF Spieker Mulford Manville Unit3 Jacobs HearstGym InternationalHouse McCone EnergyBuilding Bechtel LawrenceofScience NewspapersLibrary BancroftDance ArtHistoryLibrary MediaCenter MLK CITRIS SpringerGateway DonnerLaboratory BioscienceLibrary Hilgard AnthropologyLibrary Sproul StowPlaza CareerCenter Morrison Stephens AndersenAuditorium Library OptometryLibrary SproulPlaza UniversityHouse MartinezCommons Investigative Cheit IRLE FacultyClub 
46
FacultyClub FacultyClub
BioscienceLibrary BioscienceLibrary
SutardjaDai SutardjaDai
MLK Etcheverry
SproulPlaza SproulPlaza
Hilgard Hilgard
StudentUnion StudentUnion
EarthquakeLibrary EarthquakeLibrary
UniversityHouse UniversityHouse
LawrenceofScience LawrenceofScience
Jacobs Pimentel Jacobs
Mulford Mulford
CareerCenter CareerCenter
HearstGym HearstGym
Durham Durham
OBrien OBrien
Library Library
Spieker Spieker
FPF FPF Birge
Warren PacificFilmArchive Warren
Bechtel BrainImagingCenter
Morrison Morrison
Cheit Wheeler Cheit
Manville Manville
Koshland Koshland
Investigative Investigative
EarthLibrary EarthLibrary
EnergyBuilding EnergyBuilding
MediaCenter MediaCenter
StowPlaza StowPlaza
MartinezCommons MartinezCommons
MelvinLaboratory MelvinLaboratory
BancroftDance BancroftDance
AndersenAuditorium AndersenAuditorium
Unit3 Unit3
AnthropologyLibrary AnthropologyLibrary
Stephens Stephens
InternationalHouse InternationalHouse
OptometryLibrary OptometryLibrary
IRLE IRLE
SpringerGateway SpringerGateway
DonnerLaboratory DonnerLaboratory
ArtHistoryLibrary ArtHistoryLibrary
Sproul Sproul
CITRIS CITRIS
NewspapersLibrary NewspapersLibrary
