1 26 48 141 12 16 41 64 42 95 53 55 27 87 107 23 104 91 111 157 10 8 79 76 68 69 13 5 96 176 18 114 37 24 97 92 28 84 100 6 54 65 137 139 77 25 4 159 14 22 66 70 80 112 67 167 101 179 39 71 9 93 61 147 85 33 59 44 88 149 78 57 35 58 161 17 50 118 164 94 52 166 105 15 1 
72
61 2 38 61
78 3 78
4 4 81
5 5
6 6
1 7
8 8
9 9
10 10
94 11 94
12 12 51
13 13
14 14
15 15
16 16
17 17
18 18
161 19
80 20 36 80
53 21 53
22 22 63
23 23
24 24
25 25
26 26
27 27
28 28
33 29 33
69 30 69
159 31 47
87 32 87
88 34 88
35 35
37 37
39 39
44 40 44
41 41 56 72
42 42
66 43 66 90
166 45 46 98
48 48 89
77 49 77
50 50
52 52 82
54 54
55 55
57 57
58 58
59 59
157 60
92 62 92
64 64
65 65 75
67 67
68 68
70 70
71 71
104 73
149 74 99
76 76
79 79
167 83
84 84
85 85
164 86
91 91
93 93
95 95
96 96
97 97
100 100
101 101
