159 77 140 149 23 181 100 59 147 157 71 139 91 87 20 41 148 51 65 93 154 93 56 96 56 14 97 126 172 119 86 129 15 167 8 193 180 109 127 137 101 25 45 72 7 117 189 107 134 107 130 192 46 37 75 108 83 44 131 88 160 79 32 164 6 52 156 31 9 28 81 138 69 171 10 66 36 17 133 173 27 166 121 63 13 106 197 114 92 158 74 158 102 5 177 111 177 64 57 95 22 159 
74
180 122 180
164 43
157 157
27 169 145
100 100 199
111 128 111 34
36 36
134 134 120
15 15
32 32
86 86
127 146 61
101 101 132
107 107
149 76 4
93 93
114 35 114
77 77 190
72 72
126 126
193 193 53 24
74 185 74
63 63
148 47 148
52 52
92 116
71 71
46 46
65 65 98 26 165
172 172
45 45
138 138
158 158 99
154 2 154
97 97
79 79 3
137 137 85
177 174
31 31
17 17
51 51
64 64
106 106
10 10 200
23 21
96 191 96
41 41
108 38
37 37
133 133
121 121
69 155
13 13
87 87
102 82 102 123
181 181
28 28
8 178
117 48
140 140
156 156
7 7
14 14
81 11
147 40
59 59
139 139
109 109
167 167
22 22
192 192
44 60
6 6
88 88
