Home46 Home49 Home83 Home63 Home69 Home84 Home40 Home64 Home24 Home86 Home60 Home42 Home0 Home39 Home41 Home71 Home78 Home51 Home55 Home30 Home13 Home15 Home82 Home89 Home31 Home32 Home88 Home85 Home88 Home49 Home9 Home49 Home46 
22
Home24 Home62 Home27
Home69 Home69
Home63 Home66 Home63
Home82 Home82 Home48 Home80
Home85 Home85 Home12
Home41 Home41
Home9 Home9 Home45 Home28
Home30 Home30 Home5
Home31 Home31
Home42 Home42
Home49 Home49
Home40 Home40
Home55 Home55
Home15 Home57
Home86 Home68
Home78 Home11
Home83 Home83
Home71 Home71
Home88 Home33
Home60 Home60
Home39 Home39
Home13 Home13
