Home141 Home109 Home20 Home149 Home88 Home11 Home49 Home136 Home147 Home51 Home30 Home96 Home21 Home52 Home66 Home91 Home115 Home120 Home25 Home74 Home12 Home140 Home31 Home172 Home40 Home83 Home27 Home111 Home34 Home174 Home53 Home97 Home2 Home134 Home62 Home127 Home7 Home42 Home32 Home154 Home29 Home37 Home114 Home73 Home28 Home150 Home36 Home150 Home64 Home87 Home101 Home170 Home100 Home166 Home45 Home60 Home16 Home112 Home122 Home78 Home5 Home76 Home105 Home168 Home81 Home75 Home121 Home26 Home82 Home177 Home59 Home119 Home89 Home3 Home157 Home109 Home141 
63
Home101 Home4
Home157 Home157 Home92
Home120 Home69 Home120
Home40 Home110
Home154 Home154 Home128
Home91 Home91
Home34 Home34 Home173 Home176
Home97 Home97
Home20 Home20 Home126
Home3 Home3
Home7 Home7
Home73 Home106 Home161
Home60 Home60
Home88 Home88
Home78 Home144
Home31 Home31
Home28 Home35 Home1
Home25 Home25
Home122 Home122 Home143
Home114 Home114
Home121 Home156
Home81 Home81
Home16 Home131 Home16
Home149 Home149
Home141 Home15
Home53 Home164 Home53
Home62 Home62 Home152
Home2 Home132
Home45 Home45
Home140 Home50
Home82 Home82 Home171
Home11 Home11
Home76 Home76
Home29 Home48
Home83 Home83
Home147 Home147
Home172 Home172
Home100 Home100 Home67 Home43
Home51 Home51
Home32 Home32 Home125
Home87 Home135 Home87
Home49 Home47
Home174 Home86
Home134 Home134
Home5 Home167 Home124 Home63 Home5
Home37 Home37 Home13
Home64 Home64
Home112 Home112
Home170 Home165 Home170
Home27 Home27
Home36 Home36 Home103
Home74 Home74
Home119 Home55
Home136 Home136
Home127 Home127
Home75 Home75
Home66 Home66
Home96 Home44 Home96
Home105 Home105
Home26 Home26
Home177 Home177
Home89 Home89
Home111 Home111
