IIII1I1 II1I1Il IIIlI1l IIlIIII llIIl1l 11lI11I l1IlIl1 1lIIl11 1lI11l1 1IIlIIl II111I1 11IIl1I IIII1ll l1IlIII llI1IlI IlllI11 lIIIllI 1IlII1I I1I11I1 I1I1111 IIllIl1 IIlIlI1 I1I111I lll1lII IIII1I1 
20
I1I111I I1I111I
IIIlI1l lIlllll 11I1Ill lI1l1II
1lI11l1 1lI11l1 lI11l1l
l1IlIII l1IlIII III1lII
1IIlIIl 1IIlIIl
1lIIl11 11I1lll
l1IlIl1 l1IlIl1
11IIl1I 11IIl1I
lll1lII I11IIlI lII1I11
IIllIl1 IIllIl1
11lI11I 11lI11I
IIII1ll IIII1ll
lIIIllI lIIIllI
1IlII1I 1IlII1I
I1I1111 I1I1111
II111I1 II111I1
IIlIIII IIlIIII
IlllI11 IlllI11
II1I1Il II1I1Il
IIlIlI1 IIlIlI1
