lllIl1I I11111l lI1Ill1 11111lI lI1l111 l1lllll lll1I1l I1llII1 I1Ill1I lII111l 1111I11 l1l11l1 1I1I1lI l1I111I 1lIl11I lll1111 l1lll11 11lII11 lll1111 l1IllI1 I11I111 11lI11I 1l11lII 11I1llI IlI1II1 lI11III Il1Il1I IIlIllI I111I1I llIIII1 IIlI1lI lIIl11l II11l1l lIIlII1 11IIII1 lllIl1I 
30
lI11III lI11III
II11l1l lIl111I II11l1l IIl1l1I
IlI1II1 Ill1I11 Ill11II IlI1II1
lIIl11l lIIl11l 1I1I1l1
IIlI1lI II1Il1I III1llI
I11111l I11111l
lII111l lII111l
Il1Il1I Il1Il1I
I11I111 ll111ll I11I111
l1IllI1 l1IllI1 I1ll1II 1llI111 IlI1Il1 l1IIl1l
11111lI 11111lI
l1l11l1 l1l11l1
1l11lII 1l11lII
11lI11I 11lI11I
l1I111I l1I111I
llIIII1 llIIII1 I11I11l
lIIlII1 lIIlII1
lll1I1l lll1I1l lIllIll
11IIII1 11IIII1
1111I11 111lI1I llI1lII
l1lllll l1lllll 1IlIl1I
lI1l111 lI1l111 1I1l1Il 1I11Ill
IIlIllI IIlIllI
11lII11 1l1lIlI 1I1lllI
I1llII1 I1llII1 I1llll1
l1lll11 l1Ill11 l1lll11
1I1I1lI 1I1I1lI
1lIl11I 1lIl11I
I111I1I I111I1I
11I1llI III111I
