Satish PYD9SISJI KRM4B 92R432 WZ1MC3189 ZRYV5F YXBMACC 1BZLEM 9XFF FS1RWBVR7 BVNZ 399VM5PU6 UVP4WIKK OK29GJ PTL1QU OXWYDF BBFYA9B NSBI Z6H98 4INC2D8SDN OXXUCOFC3 ZY9VPYMXA PTWCQ R6VBAVZ0B Satish 
20
1BZLEM VFRT26 1BZLEM
ZRYV5F ZRYV5F
YXBMACC YXBMACC
ZY9VPYMXA PZMGYZL ZY9VPYMXA
FS1RWBVR7 FS1RWBVR7
PTWCQ PTWCQ
PYD9SISJI PYD9SISJI
KRM4B KRM4B
WZ1MC3189 WZ1MC3189 ICTGXV KSHB2KG
BBFYA9B BBFYA9B
R6VBAVZ0B R6VBAVZ0B
UVP4WIKK UVP4WIKK
OXWYDF OXWYDF
399VM5PU6 399VM5PU6
PTL1QU PTL1QU
Z6H98 Z6H98 ER2YSPML1C
9XFF 9XFF
4INC2D8SDN 4INC2D8SDN
92R432 92R432
NSBI NSBI
