Satish PUW25N CKNDWG ZMZIWZ 4UE11 LQQ5IH MXJIYJYNH4 9QJRN FM2G14H8I G90OCSZY FPZT ZH2INF 5HULMUDLAQ 3J6SSA GH8C G4QE3I 8UPUEGO EFIKTK4Y0Y 4P0LGP0 PIW6IC50D H1LQ91V A118 A8WYICH3 9K8PLAET 9V10EOH E9DZLL M649OA ZMQ5BH L7QS0UEPJ Q7ZEY 7GAD3F CB93 GN4G0L2 HM48FZD0 E2DHWGC H41HZ6 QW15YTSV 91ZONFE E37ZKA8WK O44VZ M35E LM7KL5G3V ZRI9UW M71OYIS L2MG8NMU ARTWTP9 KCOFJD 01G9IQ2 IHN21LA4 RP28W1 EEZS HQG39M ZE5CVXXZC KBI1CALMNJ DST5W4G0 DNIV2BOR2P PMXEOGGIQ GILAN21GR3 26PG YSRPP 8TH7QVQY GNVXN E5HD 2BLLD3SK 7622OJ ET82NVH9 ZZACWP FM2HEMVR1 Q7Z37G5 VGYKKKOFLZ HBQM42U 4TME 3WJYJDDU B690 MLKOJ 1UCE 7RUMCGSI JX6GCY 8MDFNIK8AY G7PWWJ 0TRB9358 W71YV1R66L 79KTC8AS9 P6RI91D87 3IXHQXHYBV LBR67PCKBJ GT9LU ETB2 R5XAD9J7 YQB2CII950 VOAV 02X2C ETNCY9XH2 7T8I47 CV6NHW7M J2ETZ1C CXQDH6YMZ8 5XYO SQLSVN DDB26ZHC 4VE7V 4C88SXD Satish 
98
3WJYJDDU 3WJYJDDU
9QJRN 9QJRN
GNVXN GNVXN
8MDFNIK8AY 8MDFNIK8AY
B690 B690
W71YV1R66L W71YV1R66L
G4QE3I G4QE3I
P6RI91D87 P6RI91D87
ET82NVH9 ET82NVH9
SQLSVN SQLSVN
9V10EOH 9V10EOH
7RUMCGSI YU3U1T
CB93 CB93
2BLLD3SK 2BLLD3SK
1UCE 1UCE
IHN21LA4 IHN21LA4
DNIV2BOR2P DNIV2BOR2P
91ZONFE 91ZONFE
DDB26ZHC DDB26ZHC
EFIKTK4Y0Y EFIKTK4Y0Y
G90OCSZY G90OCSZY
0TRB9358 0TRB9358
JX6GCY JX6GCY
YQB2CII950 YQB2CII950
7T8I47 7T8I47
HQG39M HQG39M
79KTC8AS9 79KTC8AS9
4UE11 4UE11
ETNCY9XH2 ETNCY9XH2
EEZS EEZS
A118 A118
FM2HEMVR1 FM2HEMVR1
KCOFJD KCOFJD
7622OJ 7622OJ
HBQM42U HBQM42U
8UPUEGO 8UPUEGO
ARTWTP9 ARTWTP9
VOAV VOAV
ETB2 ETB2
26PG 26PG
02X2C C8WREP 02X2C
3IXHQXHYBV 3IXHQXHYBV
G7PWWJ FWM5C
LM7KL5G3V LM7KL5G3V
PIW6IC50D PIW6IC50D
QW15YTSV QW15YTSV
ZZACWP ZZACWP
M35E M35E
E5HD E5HD
H41HZ6 H41HZ6
J2ETZ1C J2ETZ1C
LQQ5IH LQQ5IH
A8WYICH3 A8WYICH3
ZH2INF ZH2INF
E9DZLL E9DZLL
4C88SXD 4C88SXD
ZMQ5BH ZMQ5BH
MLKOJ MLKOJ
E2DHWGC E2DHWGC
8TH7QVQY 8TH7QVQY
ZMZIWZ ZMZIWZ
3J6SSA 3J6SSA
DST5W4G0 DST5W4G0
01G9IQ2 01G9IQ2
MXJIYJYNH4 MXJIYJYNH4
PUW25N PUW25N
Q7ZEY Q7ZEY
YSRPP YSRPP
HM48FZD0 HM48FZD0
L7QS0UEPJ L7QS0UEPJ
KBI1CALMNJ KBI1CALMNJ
CKNDWG CKNDWG
GH8C GH8C
4P0LGP0 4P0LGP0
FM2G14H8I FM2G14H8I
M71OYIS M71OYIS
CV6NHW7M CV6NHW7M
LBR67PCKBJ LBR67PCKBJ
7GAD3F 7GAD3F
O44VZ O44VZ
PMXEOGGIQ PMXEOGGIQ
GILAN21GR3 GILAN21GR3
FPZT FPZT
VGYKKKOFLZ VGYKKKOFLZ 6PVQIBNB9
CXQDH6YMZ8 CXQDH6YMZ8
R5XAD9J7 DYYG23O
GN4G0L2 GN4G0L2
M649OA M649OA
5HULMUDLAQ 5HULMUDLAQ
Q7Z37G5 Q7Z37G5
RP28W1 RP28W1
5XYO 5XYO
E37ZKA8WK E37ZKA8WK
4VE7V 4VE7V
H1LQ91V H1LQ91V
GT9LU 2B1K6EW9CL
9K8PLAET 9K8PLAET
ZRI9UW B3R68HYWZ
