Satish CXLQGGJ746 PQ09CSX V4R09 0I7Y F3YJ 5HGKBK QJ0LM8 M6CD1Y QHH48VD7JJ AO31B76 VNYZ5QVO77 SKLZM PL0UHK F1G8HC 6WSDW IEYK8 5N65HLXKU B0H9VDIK IQXEPH9QO K936 S657MFMG 19LN RX6VI SUC1CH EG23K QL51A0KUT O2N6HBZK8 7CRTCJA 2FB0FS3KWX OJ27JN021 4V9UNUZ8LD FPB1OLF3 EHS8A 6HNG 59E13RE U0LMCHUU JSSS9HX QU5Y0N2LQ VNCFO ODSGN281 V7T5SI QEAJAFMPY XGYWBMTWT R2POU4T WQM0D4 AETBJC N26J6EU Satish 
46
VNYZ5QVO77 VNYZ5QVO77
PL0UHK PL0UHK
EHS8A QAL7Z5UN EHS8A
QL51A0KUT QL51A0KUT
7CRTCJA 7CRTCJA
O2N6HBZK8 O2N6HBZK8
V4R09 V4R09
FPB1OLF3 ITHI7K6W1B FPB1OLF3
SKLZM SKLZM
QJ0LM8 QJ0LM8
K936 K936
S657MFMG S657MFMG
5HGKBK JOBN3N 5HGKBK
V7T5SI V7T5SI
6WSDW 6WSDW
EG23K EG23K
5N65HLXKU 5N65HLXKU
QU5Y0N2LQ QU5Y0N2LQ
0I7Y 0I7Y
WQM0D4 WQM0D4
N26J6EU N26J6EU
JSSS9HX JSSS9HX
QHH48VD7JJ QHH48VD7JJ 07XQDCJI
CXLQGGJ746 CXLQGGJ746
OJ27JN021 OJ27JN021
RX6VI RX6VI
U0LMCHUU U0LMCHUU
IQXEPH9QO IQXEPH9QO
M6CD1Y M6CD1Y
B0H9VDIK B0H9VDIK
F3YJ F3YJ
QEAJAFMPY QEAJAFMPY
R2POU4T R2POU4T
PQ09CSX PQ09CSX
ODSGN281 ODSGN281
XGYWBMTWT XGYWBMTWT
VNCFO VNCFO
F1G8HC F1G8HC
IEYK8 IEYK8
59E13RE 59E13RE
AETBJC AETBJC
6HNG 6HNG
19LN 19LN
2FB0FS3KWX 2FB0FS3KWX
AO31B76 AO31B76
SUC1CH SUC1CH
