129 83 92 19 137 9 161 80 84 101 11 4 81 158 141 50 13 180 108 114 7 25 196 52 66 30 122 46 107 109 32 105 32 29 157 195 6 85 56 99 71 156 95 59 178 39 73 110 10 14 69 126 27 0 15 28 177 190 128 26 61 16 188 2 91 181 155 49 123 57 17 8 48 189 144 121 53 191 63 97 76 96 87 33 88 40 5 174 86 58 47 116 44 129 
84
180 180
161 161
30 142 184
121 121 150 171
11 11
5 5
53 53
97 97
189 189
2 2
87 87
95 95
47 183 62
128 128
177 65 177
17 17
174 174
122 122
40 40
48 48
110 110
85 23 85
108 125 108
83 36 130
158 158
101 101
56 56
63 63
84 84
195 195
50 50
123 123
33 33
27 160
46 100
32 98
61 152 61
137 137
156 156
10 55
15 15
26 163 26
29 29
7 175 151
6 51 6
107 107
92 92
141 103
0 145 0 82
49 49
126 126
16 16
114 114
188 188
155 155
91 91
73 21
157 157
88 88
58 58
196 196
96 96
191 191
99 99
178 178
71 194
80 89
76 76
59 59
8 8
105 105 192
39 39
66 66
109 109
25 25
14 14
190 190 64
13 13
44 44
81 81
9 9
4 4
57 57
19 197
