AyBBdkPvTTt19wqt b817BTo6GdPc96ig2 Le6BO3R lP84Whn Nstvw8dF9rhja nOMN589D7t0QjhnBj3wn 5nYY46YfUGovj 0Lw86e I6 6v326555i1Io5Z IEtn6zEV03H3 r9qUrqog71Fz9gx d5P0NXv8 L7Mfs3034VwaB7kd3Z Ja 1MHxxU P 1MHxxU 920ucA0jXEv o88qO93T 2T6osNpb4 6qc68848myvIqoZWw 2l90gxx61rTb0CbF CDuc4XdY7zp TMULg iT7 9o4t O73Lh6 Han188Ox DqfU93360y3I66U0 WD8QxBAx49P Q P6C89a32 4B5uWNh7Dl3lRP khC 7DmqFE ymzG1qC7YsJFFmeog T8C17MZ6g69gmQ ymzG1qC7YsJFFmeog 7DmqFE KIOJyBXM922ydZA5 9jWI53P36dh95 0b 98E9ia5 89ukpivGhdck21Krrh40 p772t3OLqj Ut7hqt9A XQxkrBxnI Fe5xMwq0a8 2P201UD8Q Fe5xMwq0a8 MEv16358FQ yd7324WTF aCCE QqvW51K9Cm 4932 jxDm QE9dXn5y6j2YYh Ru0A1pKIpZYWG A Ru0A1pKIpZYWG O7W5C8z8H93l x60I798qq0Sq6Xdc9s0 MjwmiyLlZn 68ZC6T1G2o9Q95CKs 9fo1FxSJvnO NU7gnWcAs4nq66FS kg8257p31rTQvRWjGF SdP9W8WRSw PdNbuD3b97N264 1wh33nDt6y0W6 I4640OD b6DdFnSk8qdk45 6nB9xzJ7b5115Qu5 b19692 8Qe2lSUyQa RYtkT5 Q2PY 3 Q2PY iFF184 2YlhGrefFhV6JLtw 5tQKcAo3 o 5tQKcAo3 q AyBBdkPvTTt19wqt 
68
Ja hG8udpL53V
p772t3OLqj p772t3OLqj
89ukpivGhdck21Krrh40 Rf0x16WtfDv 89ukpivGhdck21Krrh40
d5P0NXv8 d5P0NXv8
b817BTo6GdPc96ig2 ywj3aNhyxUH b817BTo6GdPc96ig2
khC khC 2Et5UN6ZJ19iz
7DmqFE 7DmqFE 36Y155M7F1ZG8
MjwmiyLlZn thypPB22BchO3Od9 MjwmiyLlZn
6qc68848myvIqoZWw 6qc68848myvIqoZWw
b19692 b19692
QqvW51K9Cm FR3SCSFtuk055ORI QqvW51K9Cm
P JBYT6heC6yE4 P
3 3z4E 3
KIOJyBXM922ydZA5 KIOJyBXM922ydZA5
jxDm vRH6pA1I75N1 jxDm 6c1qFsEg9xI
4B5uWNh7Dl3lRP 4B5uWNh7Dl3lRP v
aCCE aCCE
I6 o83v2nI1sQs I6
1MHxxU 1wF6 TByQ7zH089
nOMN589D7t0QjhnBj3wn nOMN589D7t0QjhnBj3wn
RYtkT5 RYtkT5 usTG0We6G9WDs7Dk
Nstvw8dF9rhja XMV256fk
Q2PY Q2PY
MEv16358FQ E76twn5gNBei01uh2PkH MEv16358FQ
4932 4932
o88qO93T 85682ijoufq1DW
5nYY46YfUGovj q7Ehaiz 5nYY46YfUGovj
I4640OD L46h8MG90TBpA8v9 I4640OD 1utCvCS3yEzt0HBbKt
q q 8tvL5MpO9J735t
2P201UD8Q 2P201UD8Q c3x9Cmq8W5oa57mjASv
2YlhGrefFhV6JLtw 2YlhGrefFhV6JLtw
Q Q
iFF184 pwvBbQ870l3Io2K iFF184
T8C17MZ6g69gmQ FKWv88jkw79me T8C17MZ6g69gmQ
b6DdFnSk8qdk45 b6DdFnSk8qdk45
9jWI53P36dh95 9jWI53P36dh95
0Lw86e uF131buM7L27 dUdv
A 8w6aRuq 1e90fR0FtB7Ev156y
SdP9W8WRSw SdP9W8WRSw
yd7324WTF yd7324WTF
98E9ia5 gv3T5z4 659Cx
QE9dXn5y6j2YYh eZEbm
IEtn6zEV03H3 e1M0JsNJ5 IEtn6zEV03H3
NU7gnWcAs4nq66FS NU7gnWcAs4nq66FS
2l90gxx61rTb0CbF 2l90gxx61rTb0CbF
Han188Ox Han188Ox EnmWLiDA9NE89oNUTbx
Ut7hqt9A Ut7hqt9A MJ2l1N0ojTC
920ucA0jXEv 920ucA0jXEv
DqfU93360y3I66U0 Tk46 9q06155efQSN
o A6gMJKsUfUSuEI76 7d2Q05crlPi
x60I798qq0Sq6Xdc9s0 J68F52raS3n1L6ZYK
r9qUrqog71Fz9gx r9qUrqog71Fz9gx nw566uv
P6C89a32 P6C89a32
lP84Whn qGr382CkPK997QVHAL
9o4t 9o4t
8Qe2lSUyQa 8Qe2lSUyQa
6v326555i1Io5Z 6v326555i1Io5Z
L7Mfs3034VwaB7kd3Z L7Mfs3034VwaB7kd3Z
O7W5C8z8H93l O7W5C8z8H93l
XQxkrBxnI XQxkrBxnI
kg8257p31rTQvRWjGF kg8257p31rTQvRWjGF
0b 3505
68ZC6T1G2o9Q95CKs 68ZC6T1G2o9Q95CKs
TMULg TMULg
Le6BO3R Le6BO3R d
ymzG1qC7YsJFFmeog ymzG1qC7YsJFFmeog
6nB9xzJ7b5115Qu5 PELS5
2T6osNpb4 2T6osNpb4
