0 137 0 90 79 138 89 26 108 54 24 84 185 61 14 122 10 42 51 30 103 169 25 32 99 124 93 174 56 36 2 182 88 198 60 141 31 109 158 40 49 121 11 75 164 77 139 12 139 16 57 1 196 162 64 9 107 22 120 6 58 68 106 76 7 105 92 17 33 72 28 41 161 71 67 8 128 53 140 0 
64
0 0 15 43 59 62 86
1 1
2 2 27 78
12 3 12
79 4 79
109 5
6 6
7 7
8 8
9 9 50 80
10 10
11 11
17 13 17
14 14 29
16 16
42 18 42 48 95
105 19
103 20
122 21
22 22
89 23 73 89
24 24 63
25 25
26 26
28 28
30 30
31 31
32 32
33 33 74
76 34 76
124 35
36 36
137 37 52
93 38 93
57 39 57
40 40 44 69
41 41
128 45
158 46
51 47 51 96
49 49
53 53
54 54 98
107 55
56 56
58 58
60 60
61 61 65 70
64 64
121 66
67 67
68 68
71 71
72 72 83
75 75
77 77 91
174 81
99 82 99
84 84 87 97
185 85
88 88
90 90
92 92
138 94
