loc0 loc23 loc84 loc7 loc47 loc25 loc46 loc71 loc93 loc3 loc51 loc30 loc22 loc34 loc29 loc70 loc98 loc75 loc91 loc9 loc88 loc6 loc35 loc45 loc62 loc16 loc24 loc48 loc33 loc86 loc89 loc0 
23
loc91 loc39 loc91 loc31
loc88 loc8 loc88
loc29 loc29
loc6 loc6 loc61 loc79
loc84 loc40 loc65 loc42 loc84
loc89 loc21
loc93 loc93 loc26 loc72
loc45 loc45 loc49
loc86 loc69 loc86 loc52
loc25 loc81 loc25
loc46 loc20
loc24 loc24
loc48 loc48
loc7 loc7 loc54
loc16 loc16
loc62 loc62 loc90
loc75 loc75 loc28
loc33 loc33
loc23 loc23
loc34 loc34
loc35 loc35
loc47 loc99
loc51 loc51
