loc0 loc58 loc158 loc69 loc156 loc60 loc105 loc52 loc106 loc160 loc53 loc122 loc96 loc134 loc11 loc93 loc162 loc129 loc77 loc198 loc157 loc112 loc75 loc39 loc191 loc161 loc159 loc109 loc177 loc108 loc83 loc186 loc61 loc28 loc171 loc113 loc20 loc165 loc164 loc4 loc178 loc110 loc34 loc66 loc168 loc193 loc95 loc131 loc44 loc172 loc82 loc76 loc97 loc119 loc41 loc117 loc85 loc173 loc179 loc135 loc120 loc188 loc183 loc25 loc138 loc32 loc10 loc150 loc141 loc36 loc116 loc89 loc37 loc46 loc144 loc49 loc29 loc130 loc58 loc0 
65
loc53 loc54 loc78
loc37 loc37
loc85 loc85
loc129 loc129 loc15
loc0 loc167
loc168 loc168 loc92
loc82 loc82
loc52 loc52
loc49 loc49
loc28 loc187 loc28
loc60 loc192
loc191 loc191
loc96 loc96
loc110 loc147
loc36 loc36
loc138 loc118 loc138 loc42
loc109 loc109
loc41 loc41
loc179 loc179
loc164 loc164 loc184
loc39 loc39
loc172 loc172
loc58 loc185
loc95 loc27
loc116 loc116
loc66 loc66 loc31
loc119 loc119
loc11 loc67 loc11
loc106 loc106
loc198 loc198
loc150 loc150 loc17 loc197
loc20 loc20
loc89 loc89
loc177 loc177
loc10 loc10
loc156 loc156
loc34 loc57
loc76 loc182
loc97 loc97
loc113 loc113
loc122 loc122 loc196
loc25 loc25
loc69 loc69
loc160 loc160 loc45
loc134 loc134
loc130 loc130
loc32 loc14 loc32
loc188 loc188
loc112 loc112
loc144 loc144
loc186 loc186
loc165 loc165
loc93 loc93
loc157 loc157
loc75 loc75
loc183 loc183
loc162 loc162
loc46 loc46
loc44 loc100
loc159 loc47
loc120 loc8 loc120
loc105 loc105
loc131 loc131
loc83 loc83
loc141 loc84
