69 101 7 36 115 131 56 25 170 1 59 118 46 1 158 149 31 87 128 64 30 52 37 82 4 186 44 4 134 4 191 33 5 132 121 192 113 193 0 162 0 188 0 51 195 12 197 147 97 104 11 112 146 11 165 72 63 166 80 71 6 74 106 81 133 190 198 185 58 171 110 14 99 148 16 90 13 160 83 150 2 77 100 27 117 26 119 24 50 53 194 8 163 135 127 69 
80
36 36
186 186
148 148
30 30
163 163
194 194
131 131
115 115
147 147
5 5
118 118
198 198
74 74
71 71
112 112
165 165
193 193
146 146
99 99
97 97
63 63
113 113
24 24
33 33
128 128
160 160
83 83
51 51
106 106
133 133
58 58
166 166
191 191
37 37
25 25
77 77
46 46
87 87
101 101
53 53
192 192
52 52
26 26
14 14
64 64
127 127
50 50
188 188
2 2
100 100
72 72
80 80
31 31
56 56
132 132
117 117
44 44
197 197
59 59
119 119
171 171
158 158
90 90
16 16
135 135
11 11
121 121
1 1
195 195
134 134
27 27
104 104
81 81
149 149
185 185
190 190
150 150
110 110
162 162
82 82
