74 123 81 123 8 141 129 163 94 34 52 153 32 27 103 125 73 100 173 100 134 112 76 56 76 21 31 86 57 63 66 50 159 107 44 185 75 4 168 179 54 146 45 186 127 193 51 190 51 199 111 121 13 192 148 105 117 3 180 158 43 187 120 198 113 147 95 172 170 65 59 14 166 131 53 37 152 37 178 176 165 171 136 184 96 20 181 140 11 161 109 123 74 
66
4 4
172 5 12
11 11 99
14 14 118
152 16 152
187 17
34 18 135 138
20 20
44 23 44
27 27
31 31
32 32 39
8 42 115
45 45
127 47 127
50 50
51 51 77
52 52
53 53
56 56 80
186 58
59 59 60
141 61
54 54
63 63 139 174
66 66
100 72 97 100
73 73
76 76 89 108 154
81 81 167
125 83 98 125 157
86 86 128
113 88 113
165 90 165
65 91
94 94
95 95
96 96
103 103
105 105
107 107
109 109
111 111
112 112 114
120 116 120
123 123
129 129
198 130 143 198
173 132 173
199 133 199
134 134
136 136
140 140
181 142
146 146
190 155 190
158 158
161 161
163 163
171 171
178 178
179 179
184 184
192 192
193 193
131 200
