112 118 96 143 13 94 40 8 73 109 69 29 27 53 126 127 84 146 23 174 107 152 81 52 83 71 33 190 36 85 129 168 97 172 121 120 169 136 149 66 64 80 162 14 186 58 59 119 138 144 165 114 75 182 44 21 32 157 188 105 17 170 9 54 56 42 163 68 41 99 6 187 154 160 131 24 78 181 184 194 34 183 72 70 158 11 147 20 0 117 166 151 102 35 28 95 123 112 
96
83 83
52 52
71 71
20 20
147 147
11 11
160 160
170 170
149 149
84 84
72 171 72
157 157
58 58
40 40
143 143 60
27 27
102 102
42 42
131 131
138 138
114 114
117 117
121 121
78 78
59 59
81 81
120 120
80 80
64 64
73 73
152 152
126 126
166 166
85 85
127 127
23 23
136 136
56 56
41 41
96 96
13 13
99 99
34 34
186 130
118 118
129 129
184 184
17 17
70 70
174 174
33 33
182 182
183 183
53 53
109 109
168 168
172 172
32 124
107 107 49
14 14
151 151
123 123
28 28
29 29
75 75
146 146
163 163
36 36
21 21
144 144
188 188
6 6
9 9
44 44
97 97
24 24
190 190
0 104 0
154 154
194 194
181 181
158 158
68 68
66 66
169 169
69 69
8 8
105 105
94 94
54 54
95 95
187 187
119 119
165 165
162 162
35 35
