Soda loc3 loc64 loc199 loc80 loc179 loc182 loc186 loc48 loc2 loc130 loc177 loc42 loc163 loc104 loc135 loc129 loc17 loc23 loc74 loc13 loc34 loc88 loc121 loc14 loc34 loc32 loc189 loc97 loc167 loc84 loc34 loc94 loc83 loc50 loc43 loc27 loc26 loc181 loc37 loc102 loc141 loc41 loc77 loc173 loc107 loc173 loc77 loc122 loc38 loc193 loc111 loc11 loc30 loc39 loc198 loc166 loc28 loc198 loc24 loc31 loc128 loc111 loc114 loc158 loc8 loc15 loc60 loc68 loc126 loc52 loc196 loc142 loc196 loc51 loc196 loc170 loc192 loc87 loc47 loc164 loc101 loc148 loc22 loc187 loc165 loc176 loc35 loc194 loc55 loc147 loc131 loc180 loc27 loc43 loc82 loc4 loc63 loc124 loc92 loc57 loc157 loc59 loc157 loc57 loc72 loc75 loc137 loc75 loc92 loc151 loc179 loc58 loc53 loc25 loc106 loc172 loc36 loc145 loc36 loc106 Soda 
80
loc186 loc45
loc82 loc82
loc48 loc90
loc43 loc65
loc151 loc151
loc50 loc50
loc83 loc83
loc94 loc94
loc34 loc34 loc118 loc138
loc13 loc13
loc74 loc74
loc23 loc23
loc17 loc17
loc14 loc14
loc121 loc121
loc88 loc88
loc32 loc32
loc189 loc189
loc84 loc84
loc167 loc167
loc97 loc97
loc72 loc72
loc57 loc57
loc75 loc75
loc157 loc157
loc137 loc137 loc40
loc59 loc59 loc20
loc42 loc42 loc171
loc163 loc163 loc154
loc80 loc80
loc199 loc199
loc64 loc64
loc3 loc3
Soda Soda
loc106 loc106
loc25 loc25
loc53 loc53 loc140
loc58 loc58
loc172 loc172 loc6
loc36 loc36
loc145 loc156 loc145
loc193 loc193
loc11 loc11
loc101 loc101
loc51 loc155 loc51 loc103
loc142 loc142 loc7
loc28 loc28
loc165 loc165 loc100
loc122 loc122
loc15 loc79 loc15
loc147 loc10 loc147
loc128 loc128
loc111 loc111
loc77 loc77
loc41 loc41
loc192 loc192
loc107 loc146 loc107
loc60 loc183
loc26 loc188 loc26
loc126 loc126
loc141 loc141
loc55 loc55
loc176 loc95
loc114 loc114
loc131 loc131
loc180 loc180
loc196 loc185 loc61
loc181 loc181
loc173 loc173
loc194 loc194
loc35 loc35 loc9
loc30 loc30 loc136
loc38 loc38
loc37 loc37
loc170 loc170
loc24 loc24
loc8 loc8
loc166 loc109
loc39 loc39
loc22 loc22
