0 2 53 54 68 83 132 76 47 37 139 86 106 86 39 29 100 103 58 36 46 138 63 88 90 3 49 48 72 177 92 59 7 192 95 1 113 30 9 98 8 34 145 20 133 4 74 171 44 27 144 157 6 21 93 14 121 91 24 94 130 52 82 22 62 12 125 17 110 167 89 166 19 41 122 56 45 123 65 5 135 169 66 194 97 96 64 11 70 111 155 196 18 32 77 173 35 173 80 71 0 
80
1 1
2 2
3 3
4 4
5 5
6 6 25
7 7
8 8 38
9 9
12 10 12
11 11
106 13 50
14 14
113 15 99
24 16 24 87
17 17
18 18
19 19
20 20
21 21
22 22
90 23 90
110 26
27 27
125 28
29 29
30 30 42
80 31 80
32 32
177 33
34 34
35 35 78
36 36
37 37
39 39
64 40 64
41 41
132 43
44 44
45 45 85
46 46
47 47
48 48
49 49
59 51 59
52 52
53 53 55
54 54
56 56
88 57 88
58 58
92 60 92
100 61 73 100
62 62
63 63
65 65
66 66
91 67 91
68 68
157 69
70 70
71 71
72 72
74 74
111 75
76 76
77 77
167 79
192 81
82 82
83 83
169 84
86 86
89 89
93 93
94 94
95 95
96 96
97 97
98 98
