48 68 14 116 155 3 65 197 131 44 194 157 114 123 162 196 46 183 66 191 96 159 120 121 40 16 62 132 6 109 168 20 13 165 38 147 135 84 47 187 7 154 164 58 173 145 118 80 148 21 89 113 78 138 199 141 129 136 152 29 36 55 83 64 32 185 39 85 92 54 50 67 98 193 52 156 0 143 137 43 87 90 25 171 73 48 
66
199 199
73 73 186
143 143 167 125
20 20
13 93
154 154 115 110 53
141 141
121 151 133 19
39 56 23 39
109 109
135 135 181
87 107 87
118 118
92 126 149 177
157 157
66 66 74
7 175 7
84 60 84
6 11
85 85
197 197
191 191
58 58
123 123
196 196
38 38 117
165 34 165
65 5
148 148
136 136
173 163 88 35
96 158
147 147
185 190 185
46 46
113 182 113 69
138 176 138
48 48
90 90
152 152
21 21 79
159 10 179
25 25 42
164 164
36 36
78 78 119
64 64
47 108
145 145
129 9 129
98 103 101 98
193 193
29 29
194 194
16 16
156 180 156
3 3 170
171 171
40 40
137 137
52 52
155 155
43 2
55 55
67 67
120 120
