mdyuzxshey vkrlpmybdj tvcolajnao ouxenssqdu qydclznxrd cmdqzmgvfi zpybghfdbe lndsfxewdc zpybghfdbe psiebvskfb bswhowadhl oegfbrwyrp lbuiysostx sjtuxgdwms fznfvsgjhc lkvobxyfca oggftsricu lnicnhmajr owusjcmdkp oewptytlja knfzsnhzvx xftptyrlvl yiwwdwbzth jqtguzxxsl hadchvmijq wynbxuuxru epdwcjuvdr wtlzrefwav hsjqtjkukk smwxdupkdv koawdpgqdx unihwwnyqz qepegujmaa unihwwnyqz koawdpgqdx aokbiptbzc smwxdupkdv hsjqtjkukk wtlzrefwav jrmlkfexfk gllungmori rkyixxpcbx optviwhmbr ixyurvbpvu uooysjrxsb seeyrseflx uooysjrxsb ixyurvbpvu siatqqydwf ahqdrcepub siatqqydwf bulywvvpni zjbarjhmau kdujdjjwot ebqxbaqnmm zumetrybth jatkaoyfxb vkrlpmybdj mdyuzxshey 
37
mdyuzxshey mysadifwma mdyuzxshey
jatkaoyfxb jatkaoyfxb bnmegnfgii
ixyurvbpvu gwnccktgki
xftptyrlvl jedsthbmzo xftptyrlvl
kdujdjjwot kdujdjjwot
oewptytlja oewptytlja nwlccbonas
zjbarjhmau zjbarjhmau
vkrlpmybdj vkrlpmybdj zmfuudfatm
bulywvvpni bulywvvpni
lndsfxewdc lndsfxewdc mswyvpdrsy
knfzsnhzvx knfzsnhzvx
lbuiysostx lbuiysostx
oegfbrwyrp tgbmxdmvwe
rkyixxpcbx eooyfwmxln rkyixxpcbx
qepegujmaa xtvbrolacp qepegujmaa
hadchvmijq hadchvmijq
ahqdrcepub ahqdrcepub lazlsvgukx
ebqxbaqnmm ebqxbaqnmm
qydclznxrd qydclznxrd
wynbxuuxru wynbxuuxru
tvcolajnao qcktwemqbm
zumetrybth zumetrybth
jqtguzxxsl jqtguzxxsl
seeyrseflx vugkhjygfe seeyrseflx
aokbiptbzc aokbiptbzc
gllungmori gllungmori
optviwhmbr optviwhmbr
wtlzrefwav wtlzrefwav
yiwwdwbzth wtyqwjwskq
lkvobxyfca lkvobxyfca
owusjcmdkp owusjcmdkp ljhmnbaicr
cmdqzmgvfi qfbvncxldf cmdqzmgvfi
koawdpgqdx koawdpgqdx
fznfvsgjhc fznfvsgjhc
oggftsricu euqbrkzdsw
lnicnhmajr lnicnhmajr
psiebvskfb psiebvskfb
