evdoyagqfp xftptyrlvl jqtguzxxsl optviwhmbr ivugtsvtqb guuudgvhny vugkhjygfe xywdziunpr oggftsricu xeigbnzhbj seeyrseflx jrmlkfexfk scesbtewjx hxkhivkhyl xnppuesbrr gllungmori qxuqrfzzob opmnfgpclg tgbmxdmvwe lcrihrmoqu tvcolajnao xqwyvbvueh oegfbrwyrp ebqxbaqnmm xwrvhrxnqy pbefrggyje unihwwnyqz kijbyyuzhd wtyqwjwskq kvfpaspidv ouxenssqdu fznfvsgjhc imkzafjljw tmrnpjqnxx wynbxuuxru epdwcjuvdr eqdxeqvtsb lndsfxewdc kyrhqthnvz lnicnhmajr xychpimpzb bulywvvpni wkwwcqjtxf koawdpgqdx qepegujmaa ixyurvbpvu qfbvncxldf ijbfzrqwct bbwcqzwyoz nwlccbonas xguvjomcdt yqwistxtxc hofbtczdgp pwgublhwxg afrdrejwtp wtlzrefwav mdyuzxshey bbczvyonym hsjqtjkukk jatkaoyfxb nbjyrygtdh ymvlfsdhbu xsjzeyxnpw bswhowadhl ljhmnbaicr qgfchcatzi yriqtwavfx uhalgukdzb kwbnyneokj qpxtrjvxpe qiqnnrlapz spdafzaivh ldnozwuuuq eaozvwjoso dnmgxnhbgi vnzypgtlkj gbdejcnknd ahqdrcepub afortwurqt zmfuudfatm cttlxdtaiw byyqgjwsrp gjmmikaxih jrusiskazm ichabbvkhm oavtmpaqji oownpsyviv rnpokwoqgt fdgcygwgjf phknwbtipl zivwgfcxqi euqbrkzdsw jedsthbmzo wwqchwdmtx pcilmgdrgc jqtguzxxsl xftptyrlvl mysadifwma xftptyrlvl xawkqmfmmx evdoyagqfp 
76
oavtmpaqji oavtmpaqji
tmrnpjqnxx tmrnpjqnxx
vugkhjygfe vugkhjygfe
byyqgjwsrp qxfgqgbbdn byyqgjwsrp
jrmlkfexfk jrmlkfexfk osdeymjeil
lnicnhmajr lnicnhmajr aruwdskzta
epdwcjuvdr kgktiatgjn eooyfwmxln
jrusiskazm jrusiskazm vkrlpmybdj
qgfchcatzi qgfchcatzi
nwlccbonas itbfnxnauh nwlccbonas
xftptyrlvl kvxwqiryyu fluzhooehk uooysjrxsb
qpxtrjvxpe tmatbexcil qpxtrjvxpe
xguvjomcdt xguvjomcdt
bbczvyonym bbczvyonym
xawkqmfmmx xawkqmfmmx
uhalgukdzb uhalgukdzb
wkwwcqjtxf wkwwcqjtxf lkvtxfwozs
qiqnnrlapz qiqnnrlapz
ixyurvbpvu yiwwdwbzth
ldnozwuuuq ldnozwuuuq
bbwcqzwyoz bbwcqzwyoz
wwqchwdmtx wwqchwdmtx
hofbtczdgp hofbtczdgp
yriqtwavfx gucdicwxmb rkyixxpcbx
jqtguzxxsl smwxdupkdv
qfbvncxldf qfbvncxldf
xwrvhrxnqy xwrvhrxnqy xifuopshzj
wtlzrefwav wtlzrefwav
hsjqtjkukk hsjqtjkukk
euqbrkzdsw euqbrkzdsw
mysadifwma mysadifwma bnmegnfgii
afortwurqt afortwurqt
oggftsricu oggftsricu
kyrhqthnvz kyrhqthnvz
xnppuesbrr xnppuesbrr
mdyuzxshey mdyuzxshey
ouxenssqdu ouxenssqdu
guuudgvhny guuudgvhny stdiixwrjc
ichabbvkhm ichabbvkhm
seeyrseflx hkempoemlv seeyrseflx
fdgcygwgjf fdgcygwgjf
optviwhmbr vfdsalrajq optviwhmbr
lcrihrmoqu lcrihrmoqu xkasbvrrxd
rnpokwoqgt rnpokwoqgt
evdoyagqfp evdoyagqfp
tvcolajnao tvcolajnao
cttlxdtaiw cttlxdtaiw
qepegujmaa etdxtwotzh qepegujmaa
bswhowadhl tgkujfknod bswhowadhl
zivwgfcxqi zivwgfcxqi
wynbxuuxru voaumgrcuj wynbxuuxru
qxuqrfzzob qxuqrfzzob
pbefrggyje pbefrggyje
nbjyrygtdh cpwyxulkjm nbjyrygtdh
gbdejcnknd gbdejcnknd
ljhmnbaicr pdljcbluhp
oegfbrwyrp oegfbrwyrp
xychpimpzb xychpimpzb
ijbfzrqwct bimtbhwsby
koawdpgqdx psiebvskfb
scesbtewjx scesbtewjx
ahqdrcepub ahqdrcepub
vnzypgtlkj vnzypgtlkj
kijbyyuzhd kijbyyuzhd
xqwyvbvueh xqwyvbvueh
zmfuudfatm zmfuudfatm
afrdrejwtp afrdrejwtp
ymvlfsdhbu ymvlfsdhbu aokbiptbzc
lndsfxewdc lndsfxewdc
tgbmxdmvwe tgbmxdmvwe
xywdziunpr xywdziunpr
pcilmgdrgc pcilmgdrgc ivgbjyugdu
bulywvvpni bulywvvpni
ivugtsvtqb ivugtsvtqb
kvfpaspidv kvfpaspidv
eqdxeqvtsb eqdxeqvtsb
