0 84 132 84 7 39 106 39 12 41 123 122 41 42 83 167 83 62 46 170 46 19 44 104 105 44 54 11 130 11 28 18 103 102 18 13 41 112 113 41 15 94 127 94 47 26 158 26 24 34 120 34 18 1 155 1 11 45 173 45 16 69 110 111 69 29 57 188 57 78 31 118 31 98 47 164 47 9 47 152 47 33 90 182 90 80 10 197 10 6 12 138 12 83 78 185 78 20 40 134 40 17 60 129 128 60 4 38 148 38 61 58 100 58 14 21 140 21 8 11 179 11 23 5 117 5 95 87 149 87 49 194 49 3 60 108 60 1 25 124 25 10 54 193 54 5 10 115 114 10 22 84 143 84 21 9 161 9 84 57 136 57 2 53 178 53 0 
41
100 100 101
103 102 103
104 104 105
106 106 107
108 108 109
110 110 111
112 112 113
115 114 115
117 116 117
118 118 119
120 120 121
123 122 123
124 124 125
127 126 127
129 128 129
130 130 131
132 132 133
134 134 135
136 136 137
138 138 139
140 140 141
0 142 145 146 151 154 157 160 163 166 169 172 175 176 181 184 187 190 191 196 199
143 143 144
148 147 148
149 149 150
152 152 153
155 155 156
158 158 159
161 161 162
164 164 165
167 167 168
170 170 171
173 173 174
178 177 178
179 179 180
182 182 183
185 185 186
188 188 189
193 192 193
194 194 195
197 197 198
