0 130 133 130 99 145 95 20 150 114 195 144 160 137 166 117 128 125 74 189 182 180 190 154 184 79 135 40 2 13 10 12 66 67 123 120 47 105 108 102 101 77 186 42 186 132 141 72 129 170 94 64 90 92 90 54 69 179 124 159 149 104 17 113 110 57 55 58 32 30 65 27 25 15 100 44 139 134 39 35 37 35 185 75 0 
77
27 27 118
66 66
65 68 65
190 192
120 122 120
0 3
134 134
124 124
15 15
37 37 36
92 91 92
108 82 108
17 16 17
186 186
104 104
13 13
180 180
35 38 35
132 131 132
77 116
137 136
64 64
2 2 28
139 139
166 166
25 25
102 102
141 141 142
55 55
184 184
149 149
47 47 183
95 97 95 87
40 43
145 145 148
170 172
99 99
57 57 56
12 12 11
100 100
182 181 182
113 113
114 114
128 128
179 179
94 94
20 20
105 105
54 54
150 152
154 154
135 138 52 135
159 159
101 101
110 110
67 67
74 74
75 78
39 39
69 69
160 161 160
133 133
32 32
42 42 41
44 44
123 123
72 72
189 189
125 125
117 168
30 30
129 129
144 144
185 187
195 197 195
79 79
58 58
