loc0 loc76 loc22 loc67 loc2 loc65 loc46 loc82 loc20 loc65 loc11 loc92 loc47 loc68 loc5 loc95 loc41 loc98 loc8 loc89 loc17 loc71 loc35 loc53 loc25 loc79 loc16 loc61 loc7 loc87 loc42 loc69 loc15 loc60 loc6 loc57 loc12 loc93 loc3 loc63 loc45 loc90 loc36 loc54 loc18 loc99 loc30 loc84 loc39 loc66 loc31 loc58 loc13 loc76 loc0 
40
loc82 loc1 loc10 loc19 loc28 loc37
loc2 loc2
loc3 loc3
loc58 loc4 loc40 loc49
loc5 loc5
loc6 loc6
loc7 loc7
loc8 loc8
loc54 loc9
loc11 loc11
loc12 loc12
loc13 loc13
loc67 loc14 loc32
loc15 loc15
loc16 loc16
loc17 loc17
loc18 loc18
loc20 loc20
loc60 loc21 loc33
loc22 loc22 loc43
loc95 loc23
loc87 loc24
loc25 loc25
loc53 loc26
loc63 loc27
loc65 loc29 loc38
loc30 loc30
loc31 loc31
loc57 loc34
loc35 loc35
loc36 loc36
loc39 loc39
loc41 loc41
loc42 loc42
loc89 loc44
loc45 loc45
loc46 loc46
loc47 loc47
loc66 loc48
loc68 loc50
