loc0 loc193 loc67 loc129 loc75 loc138 loc66 loc174 loc3 loc183 loc6 loc186 loc30 loc123 loc87 loc159 loc24 loc177 loc96 loc195 loc150 loc78 loc133 loc97 loc178 loc43 loc115 loc79 loc151 loc34 loc187 loc70 loc124 loc7 loc169 loc26 loc143 loc71 loc107 loc35 loc179 loc44 loc161 loc98 loc188 loc86 loc158 loc59 loc176 loc14 loc185 loc32 loc131 loc77 loc113 loc29 loc164 loc2 loc128 loc74 loc110 loc74 loc128 loc65 loc137 loc20 loc146 loc73 loc109 loc64 loc199 loc136 loc100 loc172 loc91 loc163 loc153 loc90 loc135 loc171 loc126 loc27 loc189 loc99 loc180 loc39 loc192 loc12 loc157 loc13 loc103 loc94 loc122 loc76 loc148 loc0 
76
loc163 loc1 loc10
loc2 loc2
loc3 loc3
loc157 loc4 loc21 loc22 loc49 loc85
loc113 loc5 loc41
loc6 loc6
loc7 loc7
loc143 loc8
loc171 loc9 loc81
loc110 loc11 loc47 loc92
loc12 loc12
loc13 loc13
loc14 loc14
loc177 loc15
loc178 loc16
loc179 loc17 loc89
loc135 loc18 loc36
loc109 loc19 loc46
loc20 loc20
loc188 loc23 loc62
loc24 loc24
loc115 loc25
loc26 loc26
loc27 loc27
loc136 loc28 loc37
loc29 loc29
loc30 loc30
loc148 loc31 loc40
loc32 loc32
loc123 loc33 loc93
loc34 loc34
loc35 loc35
loc137 loc38
loc39 loc39
loc150 loc42 loc69
loc43 loc43
loc44 loc44
loc153 loc45
loc189 loc48 loc57
loc122 loc50 loc95
loc195 loc51 loc60
loc133 loc52
loc107 loc53
loc180 loc54 loc72
loc172 loc55 loc82
loc131 loc56 loc83
loc103 loc58
loc59 loc59
loc187 loc61 loc88
loc126 loc63
loc64 loc64
loc65 loc65
loc66 loc66
loc67 loc67
loc176 loc68
loc70 loc70
loc71 loc71
loc73 loc73
loc74 loc74
loc75 loc75
loc76 loc76
loc77 loc77
loc78 loc78
loc79 loc79
loc161 loc80
loc174 loc84
loc86 loc86
loc87 loc87
loc90 loc90
loc91 loc91
loc94 loc94
loc96 loc96
loc97 loc97
loc98 loc98
loc99 loc99
loc100 loc100
