99 176 188 175 32 79 178 14 4 118 156 142 107 158 81 126 49 27 116 117 116 173 69 55 104 169 141 177 53 16 97 43 66 43 56 96 157 168 86 2 47 8 129 54 88 85 186 137 150 137 185 45 111 7 113 170 138 5 182 78 23 37 180 120 160 84 166 74 42 199 154 167 52 76 105 131 159 106 108 62 128 164 95 184 19 1 12 139 33 110 151 176 99 
75
177 0
1 1
4 4
5 5
8 8
81 9 100
49 10 123 125
12 12
175 15
16 17 148 190
43 18
138 20
52 22 92 103
95 24 183
69 25 83
199 26 39
27 27
129 28
113 30 51 59 114 124
33 33
32 34 90 98
14 35
2 40 63 112 192
45 41
42 42
47 47
53 53
55 55
56 56
54 61
66 66
182 68
156 70
62 73
79 75
78 78
128 80
104 82 130
88 88
107 94 163
97 97
99 99
176 102
106 106
111 111
117 117
157 119 172
154 122 149
126 126
85 127 174
131 131
96 132
142 142
86 146 181
150 150
151 151
110 155
158 158
160 160
76 161
164 164
23 165
166 166
167 167
168 168
169 169
170 170
120 171
173 173
178 178
180 180
184 184
185 185
186 186
188 188
