0 56 35 20 81 84 158 98 88 61 109 187 42 28 76 55 31 97 176 161 172 36 41 113 138 63 24 104 92 51 189 60 23 65 125 181 46 87 5 62 17 70 94 178 93 71 21 93 10 2 43 74 37 95 66 4 32 78 99 27 99 86 29 14 144 193 85 96 7 54 149 177 111 3 156 15 25 67 64 11 59 40 69 26 101 75 150 186 195 68 121 0 
75
11 1 11 34
2 2 30
3 3 58
4 4
5 5
96 6 96
7 7
88 8 88
78 9 78
10 10 83
113 12 82
21 13 21
14 14
15 15
85 16 85
17 17 89
177 18
67 19 67
20 20
172 22
23 23
24 24
25 25
26 26 50
27 27 39
28 28
29 29
31 31
32 32
76 33 76
35 35
36 36 77 90
37 37 47
46 38 46
40 40
41 41
42 42
43 43
176 44
161 45
111 48 100
195 49 53 57
51 51
144 52 73
54 54
55 55
56 56
59 59
60 60
61 61
62 62
63 63
64 64
65 65
66 66
68 68
69 69
70 70
71 71
181 72
74 74
75 75
95 79 95
138 80
81 81
84 84
86 86
87 87
0 91
92 92
93 93
94 94
97 97
98 98
99 99
