destitute Loomis Rio Darwin ripe Hewlett decor swordfish Auberge Vega Andersen Halstead embassy Dominican Bleeker Dominican bobble McCall shroud choice fatten trill yogurt Elizabethan combine MN Isfahan balustrade torus transpiration septillion anvil Fisk mediate midget swingy diligent tate Gilmore funny connubial schedule slowdown amateur illusion Injun jewel namesake destitute 
44
Andersen Andersen
Auberge Auberge Modesto
Bleeker Bleeker minion
Darwin Darwin
Dominican Dominican
Elizabethan Elizabethan
Fisk Fisk
Gilmore Gilmore
Halstead Halstead
Hewlett Hewlett
Loomis Hindi Loomis
Injun Injun stanza
Isfahan Isfahan
MN MN
McCall McCall
Rio Rio
Vega Vega
amateur amateur
anvil anvil
balustrade balustrade
bobble bobble
choice choice
connubial connubial
septillion creekside papal septillion
decor decor
diligent diligent
embassy embassy
combine extractor
fatten fatten
funny funny
illusion illusion
jewel jewel
mediate mediate
midget midget
ripe ripe
schedule schedule
shroud shroud
slowdown slowdown
swingy swingy
swordfish swordfish
tate tate
transpiration transpiration
trill trill
yogurt yogurt
