woebegone trill fulsome trill administer stanza numerology directory bat Winchester connubial confrontation midstream bunch oriole PDP Sunday mediate Fisk swingy dull archive papal car Auberge Rodney swordfish funky millennium inform noon sphalerite Curtis illusion trimester yogurt Simon Darwin catenate thirteen broil Durango monotonous MN casserole felony icon torus extrovert Andersen cowhand Irvin simulate Gilmore switchmen funny wingspread shovel choice lexicon involuntary spill involuntary slowdown woebegone 
61
Andersen Andersen
Auberge Auberge
Curtis Curtis deduce
Darwin Darwin
Fisk December Fisk
Durango Durango Hewlett Reilly bifurcate sinh
Gilmore Gilmore
Simon Goodrich Simon
Irvin Irvin mack
felony Isfahan babysat equipping felony tate thoroughfare
funny McCall funny yearn
lexicon Modesto Vega
PDP PDP limitate septillion
Rodney Rodney
simulate Stephen simulate
Sunday Sunday silage whatsoever
extrovert Tucson extrovert
dull Wheller dull
Winchester Winchester
MN Zorn exothermic
administer administer
connubial anvil connubial
archive archive postscript softball
involuntary backplate involuntary
broil barnacle broil
bat bat
bunch bunch
car car
casserole casserole renaissance
catenate catenate
choice choice
torus coarse
numerology diligent numerology viscous
directory directory
monotonous dreadnought monotonous
fulsome embroil fulsome
cowhand explosion
funky funky
illusion griddle illusion
icon icon update
switchmen imperishable
inform inform secondary
mediate mediate
midstream midstream
millennium millennium
spill mitre spill
noon noon
oriole oriole
papal papal
confrontation relaxation
shovel shovel
slowdown slowdown
sphalerite sphalerite
stanza stanza
swingy swingy
swordfish swordfish
thirteen thirteen
trimester transfuse trimester
woebegone transonic
wingspread wingspread
yogurt yogurt
