exothermic felony Irvin decor shovel trill combine Iowa Injun Curtis Bernini amateur midget lordosis Halstead Sicilian extrovert sacrifice McCall namesake FPC yogurt swordfish exothermic 
21
McCall Andersen McCall
Bernini Bernini Tucson
Curtis Curtis
FPC FPC
Halstead Halstead
Injun Injun
Iowa Iowa
Irvin Irvin
amateur amateur
midget coarse midget
combine combine
decor decor
extrovert extrovert
felony felony
lordosis lordosis
namesake namesake
sacrifice sacrifice
shovel shovel
swordfish swordfish wafer
trill trill
yogurt yogurt
