g3ylJsdLuC idQHxtSnxr BUMLJo6sc3 TSSOUimHPg 97ZNlakBoq mwzQG3SxnO IA0Uf143OT JD3uem81Lg D0kECQ0RvI emYRLTiyj9 LeZK9UvMT9 vnZBjkVngj IGpxjveim7 yvMowGbkvn QOx0Q2p9eD 5sNanI9agV CUEWGmB7Gt dMOAUqH7Z3 qnkfLCmfDn Pijq8aHqIR lfdanPGo3c jBYJ7v19BQ qjDSEKmZMW 7wS9dKOnJR J3muHocLp9 gZXiityEnU Pz3egMzKU8 0SQlBVJ1YY fWIjO8yhE3 s3eMpsYH00 oIVQ2qkgnR WAi18jd2vJ Tk8ERvdKxF oCk2Yieytb dC48GQHGzO RN0bCAV6rQ pk0Vh75DnH Qu2MUNKITj yU6iUY8YgO XOxGPscMMG CYkwKg8CjQ 4TTtdOaCTp PcFJuErB3q FvzkpZRSj8 Oiowits7js nKHFs5cKTX 03xK87sjTf 7g0Idy1nzK KUJdxKVZFO fXy828RCG4 Cqa6jMOeIY XlU2fx0ZPn BNkM7qaRNw yky49wE4YG 2nSOTVmvxV TP2TNyk7wl GQ4F0g3Mdj TyL7NE2puV pKK7T4agKn AL20k9yp9D z9nRKYQ1ub 8ZKCAWlImg t25XjDwQhD 2fevl06VRg yUArOGL7bN 6akdokYv9t QrJxLpX875 dj8JMfo3hX 4znnlMjVra WYEDqSuNRX oVMPVsMWrZ g2I4si69gU u4FAx2sHZm 1TfvXd6dPZ 1N2P3Sa7im srT70dfQEr K05xB79KZo 2O61j91J3T dqqG7Zio8x CSjLrGbUz3 QTNhZIciNJ 2S929yZddP YpRs8m6oyX FmtLnHv2HY 5SSy593K31 WvFZJEkTrw aEo62SfMqH j98kcW9qGB bsEkAY2K41 KZfI0wRW9K xjSWG1YKh9 wRn7Oi1bcW 0mnwiU4XrT idQHxtSnxr g3ylJsdLuC 
74
lfdanPGo3c lfdanPGo3c
WAi18jd2vJ S8BtTu4yH9 WAi18jd2vJ
KUJdxKVZFO 0wTk0mYkLH KUJdxKVZFO
bsEkAY2K41 Q1N77BLmyb bsEkAY2K41
qjDSEKmZMW qjDSEKmZMW
Oiowits7js 12ECENJIev Oiowits7js
oCk2Yieytb oCk2Yieytb bWDewy6WbV
CUEWGmB7Gt CUEWGmB7Gt
s3eMpsYH00 s3eMpsYH00
YpRs8m6oyX YpRs8m6oyX
xjSWG1YKh9 TBzLS0OAYU
GQ4F0g3Mdj XW1Wn7EqpN GQ4F0g3Mdj
XOxGPscMMG WcyuqGYOzU
oIVQ2qkgnR bhojeHeddF oIVQ2qkgnR 0hs3CNDF4L
Tk8ERvdKxF uIf3wnJUdn Tk8ERvdKxF
yky49wE4YG WRd4lScvm6 yky49wE4YG Pv5LMSkQii YAqGe4tKAP
Pz3egMzKU8 Pz3egMzKU8
z9nRKYQ1ub z9nRKYQ1ub
QTNhZIciNJ h5Si5BAPN0 QTNhZIciNJ
PcFJuErB3q CxfzSa2YOV
1TfvXd6dPZ 1TfvXd6dPZ mbSdju1TJK
Pijq8aHqIR Pijq8aHqIR
WYEDqSuNRX oEdovEhrWM KpxiCfRqh3
LeZK9UvMT9 LeZK9UvMT9
IA0Uf143OT uvoepIQg9n IA0Uf143OT
0mnwiU4XrT 0mnwiU4XrT
gZXiityEnU gZXiityEnU
5SSy593K31 5SSy593K31
yvMowGbkvn yvMowGbkvn vUu8ijgxxf
1N2P3Sa7im u4LnQNaaiz
g2I4si69gU g2I4si69gU
7wS9dKOnJR IT4pKw3giW 723MhcLxt0
QrJxLpX875 QrJxLpX875
2O61j91J3T 2O61j91J3T
idQHxtSnxr idQHxtSnxr onlLq65Azx
RN0bCAV6rQ RN0bCAV6rQ
8ZKCAWlImg tubjzjzUpV
03xK87sjTf 03xK87sjTf
vnZBjkVngj M2hatQPY96
97ZNlakBoq 97ZNlakBoq
WvFZJEkTrw WvFZJEkTrw
dj8JMfo3hX dj8JMfo3hX
aEo62SfMqH aEo62SfMqH
JD3uem81Lg r8njDwxc2t JD3uem81Lg
BNkM7qaRNw BNkM7qaRNw
pk0Vh75DnH pk0Vh75DnH
CSjLrGbUz3 xtp1B5q0W1 CSjLrGbUz3
BUMLJo6sc3 fecMfiAuGC jPXsbXPNMq BUMLJo6sc3
K05xB79KZo K05xB79KZo
FvzkpZRSj8 FvzkpZRSj8
fWIjO8yhE3 KHDeTTvJC1 8KtuAXHUy3
dC48GQHGzO oWmQcQwHPo
4znnlMjVra 4znnlMjVra
qnkfLCmfDn qnkfLCmfDn
t25XjDwQhD t25XjDwQhD
TP2TNyk7wl TP2TNyk7wl
7g0Idy1nzK 7g0Idy1nzK
mwzQG3SxnO mwzQG3SxnO
oVMPVsMWrZ oVMPVsMWrZ
nKHFs5cKTX nKHFs5cKTX
dMOAUqH7Z3 dMOAUqH7Z3
yU6iUY8YgO yU6iUY8YgO
wRn7Oi1bcW wRn7Oi1bcW
TyL7NE2puV TyL7NE2puV
XlU2fx0ZPn XlU2fx0ZPn
emYRLTiyj9 emYRLTiyj9
srT70dfQEr srT70dfQEr
TSSOUimHPg LCKLTNE1vp
u4FAx2sHZm 2OsmeZV9xh u4FAx2sHZm
IGpxjveim7 x7iq98BiN3
4TTtdOaCTp biWuM2iRnz
fXy828RCG4 fXy828RCG4
2S929yZddP 1QXjsHNYao 2S929yZddP
jBYJ7v19BQ jBYJ7v19BQ
