ctUVEJSyNR T3o9dNVbcG RLF9v27sOQ VbPBW7rmhF UphA2uAaYC vzXeZbLrSW f91pUtm9EZ MuYreynm57 osdKgXyg1e gLI8ArV2Ui oPQmRUijH5 BtCEVbHoQI HG8olhhcTZ oWdH0Xcxwv VBTKstUXwG uVIshS2g8a qg08r1Pg6g N4DMbR59L3 MzId8uwrPz sY3UqAEMG3 8Jejdr7ynm 7d3UA4fKWz Z82QDWb0Pr ctUVEJSyNR 
18
Z82QDWb0Pr U5XdtBFGOe Z82QDWb0Pr IU0Ia8127Z
VBTKstUXwG 8UaR4YpZys VBTKstUXwG
uVIshS2g8a zUWT7uduzq
oPQmRUijH5 6lpxgUxCxO oPQmRUijH5
osdKgXyg1e osdKgXyg1e
BtCEVbHoQI I4iTN5KXjB BtCEVbHoQI
T3o9dNVbcG T3o9dNVbcG TDmNOuGJBk
8Jejdr7ynm 8Jejdr7ynm QwY2G6aX6c
gLI8ArV2Ui gLI8ArV2Ui
HG8olhhcTZ HG8olhhcTZ
MuYreynm57 MuYreynm57
7d3UA4fKWz 7d3UA4fKWz
qg08r1Pg6g qg08r1Pg6g
RLF9v27sOQ RLF9v27sOQ
MzId8uwrPz MzId8uwrPz
vzXeZbLrSW vzXeZbLrSW
f91pUtm9EZ f91pUtm9EZ
UphA2uAaYC UphA2uAaYC
