6Zg7j6t8kt lrFRnKniRv MpRNDD0glq 4ViGHxfdlc 0gqiqztWgj fhmE7A9rVl 79JJ9GZF8c M9d0z6OccV gSP0irArmo N08DpqDewo oQb2PqTM8x H0NdoJawvz 4JtfcKJvHu GSDEYlNcCM 97dvK2Az7S MImiDijd1o VWD9Yy5Xrg zH4Z0p0Ftj vD4d0BZ03p 8pgnfE3xKu oRs9wR3IGE GwtnXYfCts cqCbnI2bkr NgxnYo41LY I1RTFIGWhc YrPP1U1r20 ckEVpwA8CD YrPP1U1r20 Iroa6leixY tvKOOMQ7Sv rCrtLJTXdv fbxiHLAsv4 KpPj50fAfy vCSWEyz4PC TH1GgoG5GU Octagmmhko 1koyFI8rlU G05S6XZiBa 4RZs4XFvF9 OR78sPVsV9 ECFKqOm791 wXTrLT9dUx 1aPtXDhYtV ESDdDChkYw 1iUrZ2N0MA UgxUR9jKcJ dyS1o5lQHD OpwMnuSGmp uXkvSfF7Kv pm1Yq2dCLL iyQiEnpG35 pm1Yq2dCLL qOQTd9nboV ka4cgDWgq7 6Zg7j6t8kt 
43
tvKOOMQ7Sv tvKOOMQ7Sv
UgxUR9jKcJ UgxUR9jKcJ
1koyFI8rlU 1koyFI8rlU
ckEVpwA8CD ckEVpwA8CD YQKcyMibnc
zH4Z0p0Ftj zH4Z0p0Ftj
97dvK2Az7S 97dvK2Az7S Dkc5CxJ6RV
M9d0z6OccV M9d0z6OccV
YrPP1U1r20 YrPP1U1r20 7cteJXIZM1
fbxiHLAsv4 fbxiHLAsv4
KpPj50fAfy KpPj50fAfy
NgxnYo41LY NgxnYo41LY 4lUeyqYb0U
wXTrLT9dUx wXTrLT9dUx dojrtYXceT
4ViGHxfdlc 4ViGHxfdlc
lrFRnKniRv lrFRnKniRv
I1RTFIGWhc I1RTFIGWhc
8pgnfE3xKu OGWcs2X8pk 8pgnfE3xKu
cqCbnI2bkr b3jUAAPOlA cqCbnI2bkr
4JtfcKJvHu 4JtfcKJvHu
79JJ9GZF8c 79JJ9GZF8c
G05S6XZiBa G05S6XZiBa
iyQiEnpG35 iyQiEnpG35
uXkvSfF7Kv uXkvSfF7Kv
OR78sPVsV9 EZQ9HUGjRN
GSDEYlNcCM GSDEYlNcCM
N08DpqDewo N08DpqDewo
vCSWEyz4PC vCSWEyz4PC
ECFKqOm791 YZKJeBb8Pe
4RZs4XFvF9 4RZs4XFvF9
oRs9wR3IGE oRs9wR3IGE
OpwMnuSGmp OpwMnuSGmp
TH1GgoG5GU TH1GgoG5GU
Iroa6leixY Iroa6leixY
VWD9Yy5Xrg VWD9Yy5Xrg
0gqiqztWgj 0gqiqztWgj
MpRNDD0glq MpRNDD0glq
H0NdoJawvz H0NdoJawvz
Octagmmhko Octagmmhko
ESDdDChkYw ESDdDChkYw
1iUrZ2N0MA s8EkvbOYAX
fhmE7A9rVl fhmE7A9rVl
1aPtXDhYtV 1aPtXDhYtV
vD4d0BZ03p vD4d0BZ03p
ka4cgDWgq7 ka4cgDWgq7
