153 170 15 129 12 34 184 21 47 120 36 188 93 167 49 113 58 99 109 29 5 192 156 50 128 96 158 119 81 19 186 52 179 111 37 160 127 198 42 147 189 8 189 78 163 162 56 2 187 122 98 88 98 3 23 90 40 92 83 92 171 92 197 180 70 39 80 140 80 195 25 131 138 61 138 139 43 139 0 60 112 60 161 95 77 178 145 53 27 68 118 169 35 177 137 41 108 79 172 26 11 168 150 134 74 28 152 59 126 16 117 135 194 146 181 136 75 182 76 7 76 124 76 196 13 86 4 31 89 20 153 
100
168 168
127 127
29 29
150 150
12 12
119 119
81 81
140 140
196 196
145 145
126 126
118 118
2 2
58 58
15 15
26 26
13 13
124 124
86 86
113 113
21 21
3 3
197 197
160 160
68 68
70 70
182 182
90 90
89 89
37 37
112 112
4 4
163 163
16 16
11 11
98 98
178 178
153 153
135 135
156 156
52 52
8 8
47 47
61 61
188 188
137 137
40 40
41 41
93 93
194 194
172 172
129 129
120 120
60 60
49 49
42 42
138 138
56 56
36 36
122 122
96 96
23 23
184 184
7 7
95 95
99 99
88 88
19 19
35 35
74 74
177 177
192 192
167 167
53 53
180 180
128 128
161 161
136 136
131 131
187 187
146 146
169 169
0 0
152 152
108 108
77 77
34 34
134 134
83 83
195 195
170 170
43 43
147 147
79 79
20 20
171 171
179 179
5 5
28 28
50 50
