ZfI6StUliqd8YxBr0zVp Hxhi6IYOb3B8uxHbGYVt mMagcNSN7U8s7oy3e0j4 5JVto9dbOz4Lu3AeAOZD QGzcn6XPemZ0IhmCJCmq ufkSgxNAeRAXQFn3w6eB Fa64KRccvM4rqOgxBKtu ip0vmcqzxYgrY2Mc3Bu9 zs8puphf0SbuOBS6XpM9 uYmver98TgwbkIsM8XgU gX6xMy6pWnenI68kwgcu gj1PIUxoUprs5rKMLNpv YzWX8RqUW0YPFsebUKYP Af4sQnaDf5G2yrOfmk45 QBaUzVWA62rnfcsnEShZ 98jc4TOf5CFD5ooRLXKs WEpQsV1SPLNjRDFxWGJw Z38PT2VWeDoNiuh4rc0v gGXF4imn3IOLlYGD81XA ZBTm8fkarNXg3vLUAnt8 SI1jqone3x4IZwZ6qVW6 Z6746tUNXH05XsKVq5bc ZfI6StUliqd8YxBr0zVp 
22
uYmver98TgwbkIsM8XgU uYmver98TgwbkIsM8XgU
WEpQsV1SPLNjRDFxWGJw WEpQsV1SPLNjRDFxWGJw
Z6746tUNXH05XsKVq5bc Z6746tUNXH05XsKVq5bc
QGzcn6XPemZ0IhmCJCmq QGzcn6XPemZ0IhmCJCmq
YzWX8RqUW0YPFsebUKYP YzWX8RqUW0YPFsebUKYP
gj1PIUxoUprs5rKMLNpv BFat56YSkekx77JCOMI4 gj1PIUxoUprs5rKMLNpv
Fa64KRccvM4rqOgxBKtu Fa64KRccvM4rqOgxBKtu
Hxhi6IYOb3B8uxHbGYVt Hxhi6IYOb3B8uxHbGYVt
gGXF4imn3IOLlYGD81XA gGXF4imn3IOLlYGD81XA
ufkSgxNAeRAXQFn3w6eB cC9SZGtAtirSBnbvLWzt
SI1jqone3x4IZwZ6qVW6 SI1jqone3x4IZwZ6qVW6
Af4sQnaDf5G2yrOfmk45 Af4sQnaDf5G2yrOfmk45 RnnCc8OgQLqPe5HvvbS3 QUmdpeJNwq8Od3rclrVL
5JVto9dbOz4Lu3AeAOZD 5JVto9dbOz4Lu3AeAOZD
QBaUzVWA62rnfcsnEShZ QBaUzVWA62rnfcsnEShZ
98jc4TOf5CFD5ooRLXKs 98jc4TOf5CFD5ooRLXKs
Z38PT2VWeDoNiuh4rc0v UoiNiYnewh16WNDFqvYW
ip0vmcqzxYgrY2Mc3Bu9 ip0vmcqzxYgrY2Mc3Bu9
zs8puphf0SbuOBS6XpM9 zs8puphf0SbuOBS6XpM9
ZBTm8fkarNXg3vLUAnt8 ZBTm8fkarNXg3vLUAnt8
ZfI6StUliqd8YxBr0zVp ZfI6StUliqd8YxBr0zVp
mMagcNSN7U8s7oy3e0j4 mMagcNSN7U8s7oy3e0j4
gX6xMy6pWnenI68kwgcu gX6xMy6pWnenI68kwgcu
