M2S9flVUcYP2sJdh8LXf MtQDjkLToWj4d53MMhKG nbZglhhmYQAPQz4eETaj Pqf0Sn4UvsBLaxz7WO4n EtrZREkmL456viQQJ9Rb S8uMGvUglWyhnfV5Wzdp dKH5OdpmJKCU83bbXVxZ Kfu1pc3YPMGebW7Iu8ex zbFdxZAJcbci5gs01pnM sZojFweTE55bBWYz0Tda v0QJIKD4q7sFXrzFSb6J 8KfYYXeMqM0D4nShLOzi 4bQwji0D4wyEDLd54MWv Yj14cJHLteGLwnT0JCVo oWxP87H6AXwFzF0dpB9d yHMPX8vHctuUweyLluyz 5gumrx48u1yPpF6ivPOI vxiwkV1b5fV2sGCBFsRQ zdtRVpQ9lVyEhNj9Evpp dOKaHsIcDX32wPXAX2Gt uy6RcQAYd3ATM1Icq3my ECCnzlgsMEvTYjNwAlfM Eu0wGcDBBrgvePzHfqrS LNMZej67uy0Whvqp5OR1 Dc1wEVV3kuOZotG6pNlL ag5vZ07KPwCr1Lpz8zM0 fmFrd4vggNac5TkiFJAd XmlH4l2BXG35TF70bZqZ NMTjl1jsvrb7y2ggdCSc PbYOO88SokShsv7XrgBm W4IxjYZtRN88GGSV9Uoc Jjat3uJ5XboI9kZe0522 L8bxdxuDa5issn2PiN3u yZPIHwySFuIdRJCMzjnz 5jhNGHh0Et1Lidy4vCpq tVhIJJgs0kEFaQx1hdWm cdaizmjQrCe5Vnwy3JQF vodEvdIApqt0N3TZsbxN C1CVSQIxudgISqBvCOoA sH3pvLOfMUrEGUrmsHCu tuE7UekaxGUib4idWtYa 93aDiM8K0XhtiVcCVKi2 X9TJsvmT50zYeG0q6XSG H59EihDjhfpS7ToXFM3L M2S9flVUcYP2sJdh8LXf 
42
Dc1wEVV3kuOZotG6pNlL Dt5YfbjQq6VoKnyw6Zav k7k4sHxeh1pR4sOjcVuj
Eu0wGcDBBrgvePzHfqrS Eu0wGcDBBrgvePzHfqrS
LNMZej67uy0Whvqp5OR1 m1IYiQsUBuvvpTv7yWXO LNMZej67uy0Whvqp5OR1
H59EihDjhfpS7ToXFM3L H59EihDjhfpS7ToXFM3L
dKH5OdpmJKCU83bbXVxZ dKH5OdpmJKCU83bbXVxZ 0uvEfLgT4s8ImTk9VWBt
8KfYYXeMqM0D4nShLOzi tUowOUG1V7iCXBCMR0AT 8KfYYXeMqM0D4nShLOzi
5gumrx48u1yPpF6ivPOI 5gumrx48u1yPpF6ivPOI
vxiwkV1b5fV2sGCBFsRQ gZVNRDm5p6aX5QEEX8UG vxiwkV1b5fV2sGCBFsRQ
sH3pvLOfMUrEGUrmsHCu sH3pvLOfMUrEGUrmsHCu
tuE7UekaxGUib4idWtYa PZrpdQAa8H8tkrajh08J
S8uMGvUglWyhnfV5Wzdp S8uMGvUglWyhnfV5Wzdp
ECCnzlgsMEvTYjNwAlfM ECCnzlgsMEvTYjNwAlfM
Pqf0Sn4UvsBLaxz7WO4n Pqf0Sn4UvsBLaxz7WO4n 48nWZMVqWDxfH9uMf2U3
v0QJIKD4q7sFXrzFSb6J v0QJIKD4q7sFXrzFSb6J
tVhIJJgs0kEFaQx1hdWm tVhIJJgs0kEFaQx1hdWm
NMTjl1jsvrb7y2ggdCSc NMTjl1jsvrb7y2ggdCSc
yHMPX8vHctuUweyLluyz yHMPX8vHctuUweyLluyz
sZojFweTE55bBWYz0Tda 9Jr76N4fnNot7SNYqBKG
L8bxdxuDa5issn2PiN3u L8bxdxuDa5issn2PiN3u
Kfu1pc3YPMGebW7Iu8ex Kfu1pc3YPMGebW7Iu8ex
PbYOO88SokShsv7XrgBm Z8MZ2JfftjeVVnGFSOQe
93aDiM8K0XhtiVcCVKi2 93aDiM8K0XhtiVcCVKi2
Jjat3uJ5XboI9kZe0522 Jjat3uJ5XboI9kZe0522
4bQwji0D4wyEDLd54MWv 4bQwji0D4wyEDLd54MWv 9GrchmlNCDIapQ9OnEYh
Yj14cJHLteGLwnT0JCVo jgcWqrcniA4q9WNs9xkc
uy6RcQAYd3ATM1Icq3my uy6RcQAYd3ATM1Icq3my LxEzX08MG9T8knIYbul0
zdtRVpQ9lVyEhNj9Evpp zdtRVpQ9lVyEhNj9Evpp
X9TJsvmT50zYeG0q6XSG Bc6dudheE3WGLxP0iDdK
fmFrd4vggNac5TkiFJAd fmFrd4vggNac5TkiFJAd
nbZglhhmYQAPQz4eETaj nbZglhhmYQAPQz4eETaj
W4IxjYZtRN88GGSV9Uoc W4IxjYZtRN88GGSV9Uoc
5jhNGHh0Et1Lidy4vCpq Z0DuoZMcx6oyDPWFznMK
MtQDjkLToWj4d53MMhKG pNXWB5geApaSjbsCCT4J
M2S9flVUcYP2sJdh8LXf M2S9flVUcYP2sJdh8LXf
EtrZREkmL456viQQJ9Rb EtrZREkmL456viQQJ9Rb
XmlH4l2BXG35TF70bZqZ XmlH4l2BXG35TF70bZqZ
oWxP87H6AXwFzF0dpB9d oWxP87H6AXwFzF0dpB9d
dOKaHsIcDX32wPXAX2Gt dOKaHsIcDX32wPXAX2Gt
cdaizmjQrCe5Vnwy3JQF cdaizmjQrCe5Vnwy3JQF
zbFdxZAJcbci5gs01pnM zD7ErBenXxsG4D9b5TEV
yZPIHwySFuIdRJCMzjnz yZPIHwySFuIdRJCMzjnz
vodEvdIApqt0N3TZsbxN vodEvdIApqt0N3TZsbxN
