SaintPaul SanJose SanDiego Tampa Toledo JerseyCity Lexington Fresno Plano LosAngeles Austin Aurora Omaha Miami KansasCity Norfolk Denver Detroit Tucson Dallas LongBeach Baltimore Albuquerque FortWayne Anchorage Cleveland Columbus Glendale Hialeah OklahomaCity Bakersfield Minneapolis Lincoln SantaAna Durham Phoenix Charlotte ChulaVista Cincinnati StPetersburg Lubbock Chesapeake Houston Stockton Louisville Memphis Honolulu Scottsdale Newark Garland SaintPaul 
41
Newark Newark
Plano Plano Chandler
Scottsdale Scottsdale
Denver Denver
Honolulu Honolulu
Austin SanAntonio Austin
Durham Durham WinstonSalem
Lexington Lexington
Albuquerque FortWorth
StPetersburg Henderson Milwaukee StPetersburg
FortWayne FortWayne
Baltimore Baltimore Indianapolis
Houston Houston
Glendale Glendale
SantaAna Pittsburgh SantaAna
SanDiego SanDiego
Tucson Tucson Raleigh
SanJose SanJose
Hialeah Hialeah
Lincoln Lincoln
LongBeach LongBeach
Charlotte Charlotte
Fresno Spokane
Toledo Atlanta
JerseyCity Laredo JerseyCity
Chesapeake Chesapeake
Dallas Dallas
Stockton Stockton
Columbus Columbus
Memphis Memphis
Phoenix Phoenix
Lubbock Lubbock
Bakersfield Bakersfield
Tampa Tampa
Anchorage Anchorage
KansasCity NewOrleans
OklahomaCity OklahomaCity
LosAngeles ElPaso
Aurora Aurora
Louisville Madison
Cincinnati Cincinnati
