Chattanooga ElPaso Denton Madison Lincoln OklahomaCity Irvine Norfolk SaintPaul Norfolk Raleigh Hayward Akron RanchoCucamonga SantaClarita Augusta Lakewood Boise SanBernardino Tucson Fontana Oceanside Paterson Cincinnati WinstonSalem Knoxville Berkeley Springfield Spokane Oxnard Tacoma Huntsville Fremont Honolulu Miramar PortStLucie Vancouver Austin Scottsdale Riverside Indianapolis FortLauderdale Tulsa Montgomery Macon LittleRock Phoenix Anchorage Surprise Stockton Richmond Fayetteville Aurora Orange Frisco KansasCity Jackson HuntingtonBeach Alexandria NewportNews Orlando Albuquerque LosAngeles Pasadena Detroit BatonRouge Bakersfield Salinas Murfreesboro Salinas GardenGrove Toledo Atlanta Chicago Portland Fresno Plano Lubbock Corona Oakland Salem FortCollins Pomona Buffalo Tallahassee MorenoValley Anaheim MorenoValley Roseville Memphis SanAntonio Cleveland Chattanooga 
72
Plano Yonkers Plano
Alexandria Alexandria
Madison Joliet Madison
Orlando Orlando
Lincoln Lincoln
Fresno Worcester GrandRapids
LittleRock LittleRock Shreveport CapeCoral
GardenGrove GardenGrove
Aurora Aurora Baltimore Lexington
NewportNews DesMoines NewportNews
Surprise Surprise
Phoenix Phoenix
Knoxville Knoxville
Hayward Jacksonville Hayward
Oceanside Oceanside
MorenoValley Henderson
Fremont Fremont
Riverside Riverside
Memphis Memphis Wichita
SanBernardino SanBernardino
Tacoma Tacoma
Paterson Paterson
SaintPaul Washington SaintPaul
Salem Ontario Boston Salem
Bakersfield Bakersfield
SantaClarita SantaClarita
Cleveland Cleveland
Jackson Brownsville Jackson
Pasadena McAllen
Murfreesboro Charlotte Murfreesboro
Corona Corona Olathe
Honolulu Honolulu SanFrancisco
Springfield Springfield
Denton Denton
Scottsdale Tempe Scottsdale
Spokane Spokane
Portland Glendale
Cincinnati GrandPrairie Cincinnati
Irvine Irvine Syracuse
Vancouver Vancouver
Indianapolis Indianapolis
Anchorage Anchorage Midland
Roseville FortWorth Durham
Austin Austin
Raleigh Raleigh
Anaheim Anaheim ChulaVista NewYork
Montgomery SanJose
Fayetteville Fayetteville
Oxnard Oxnard
OklahomaCity SantaAna
FortLauderdale FortLauderdale Savannah SanDiego
ElPaso ElPaso
Lubbock Louisville Lubbock
Buffalo Buffalo
BatonRouge BatonRouge
Boise Boise
Albuquerque Waco
Chicago Chicago Naperville
SanAntonio SanAntonio
KansasCity KansasCity
Richmond Richmond
Tallahassee Tallahassee
LosAngeles LosAngeles
Fontana Fontana
Berkeley Berkeley
PortStLucie PortStLucie
Orange Orange
RanchoCucamonga Newark
Toledo Toledo
Akron Akron
Pomona Pomona
Frisco Frisco
