Jacksonville Atlanta SanFrancisco Nashville VirginiaBeach ColoradoSprings Chicago Minneapolis Tulsa Detroit Columbus Seattle LasVegas LongBeach Oakland Phoenix OklahomaCity FortWorth SanJose Indianapolis LosAngeles Raleigh Austin Milwaukee Jacksonville 
20
Oakland Philadelphia Albuquerque
LasVegas LasVegas
FortWorth FortWorth
Seattle Portland Seattle
Raleigh Memphis
Tulsa Tulsa
Atlanta Fresno Atlanta Louisville
SanFrancisco SanFrancisco
Columbus Columbus
SanJose SanJose Boston
Phoenix Phoenix
Nashville ElPaso
Milwaukee Tucson
LongBeach LongBeach
VirginiaBeach VirginiaBeach
Indianapolis Indianapolis
Austin Austin
Minneapolis Minneapolis
Jacksonville Jacksonville
LosAngeles LosAngeles
