Hernandezville Beckyshire Derekton Wallaceville Morenoside Wallaceville Derekton Beckyshire Ponceville Mcculloughchester Jonestown Kellyfort Jonestown Barbarachester Jonestown Mcculloughchester Crystalchester Smithmouth Crystalchester Mcculloughchester Ponceville Bridgesville Dennisstad Wilsonburgh Dennisstad Bridgesville Riveramouth Bradshawside Riveramouth Martinton Riveramouth Bridgesville Esparzaberg Kristinbury Esparzaberg Thomasburgh Esparzaberg Bridgesville Ponceville Garymouth Christophertown Crystaltown Christophertown Garymouth Camposstad Donaldstad Camposstad Garymouth Ponceville Beckyshire Hernandezville Joelview Mitchellchester Lopezmouth Heathermouth Lopezview Heathermouth Lopezmouth Dixonton Keithton Dixonton Francesmouth Dixonton Lopezmouth Mitchellchester Joelview Downsville Richardhaven Tammychester Richardhaven Downsville Joelview Farmerside Gabriellabury Courtneyfurt Gabriellabury Farmerside Ralphtown Stricklandbury Tylermouth Stricklandbury Ralphtown Garciaport Charlesburgh Garciaport Ralphtown Farmerside Ryanton Williamsmouth Johnstonmouth Williamsmouth Mcdonaldmouth Williamsmouth Ryanton Farmerside Joelview Hernandezville 
26
Downsville Haasville
Thomasburgh Johnsonmouth Thomasburgh Sanchezland
Johnstonmouth Johnstonmouth
Kristinbury Allenberg Kristinbury
Barbarachester Barbarachester Jonesberg
Kellyfort Pittsland Tinatown Kellyfort
Smithmouth Smithmouth Robertborough
Tylermouth Tylermouth Deanstad
Francesmouth Francesmouth Richardville
Gabriellabury Hendersonchester
Keithton Keithton Andrewland Aprilstad
Courtneyfurt Contrerasland Morrisbury
Wilsonburgh Wilsonburgh Harristown Josephton
Charlesburgh Angelaview Charlesburgh
Martinton Deborahfort Martinton Brianland
Bradshawside Wandaside Bradshawside
Morenoside Johnport Amberfurt
Camposstad Williamsville
Mcdonaldmouth Mcdonaldmouth Adkinsfurt
Lopezview Robertsfort Lopezview
Mitchellchester Huynhton
Crystaltown Crystaltown Johnsontown
Heathermouth Emilymouth
Derekton Belindamouth
Donaldstad Donaldstad Thomastown
Tammychester Rebeccaton Tammychester
