Porterton Dianashire Burgessview Billton Banksburgh Simmonsburgh Michaelville Simmonsburgh Banksburgh Yvonneborough Parkermouth Yvonneborough Banksburgh Billton Burgessview Marcusburgh Matthewburgh Bondfort Adamview Bondfort Shawnmouth Bondfort Matthewburgh Virginiastad Robinsonmouth Virginiastad Matthewburgh Marcusburgh Tylerbury Marcusburgh Fletcherland Kingview Williamschester Kingview Fletcherland Marcusburgh Burgessview Williamfort Moodyburgh Gregoryberg Smithfort Gregoryberg Moodyburgh Heatherberg Thomasborough Heatherberg Moodyburgh Williamfort Thomasville Lopezburgh Byrdfurt Lopezburgh Thomasville Williamfort Williamport Ashleystad Codyton Ashleystad Holthaven Ashleystad Williamport Williamfort Burgessview Dianashire Ashleyborough Paulburgh Walltown Callahantown Maryport Callahantown Walltown Scotttown Jacksonview Scotttown Walltown Paulburgh Robertsstad Toddtown Swansonshire Toddtown Robertsstad Paulburgh Ashleyborough Osborneville Christophermouth Shawnhaven Christophermouth Osborneville Payneview Teresafort Smithtown Teresafort Payneview Barnesmouth Harrisport Barnesmouth Payneview Jacksonville Jennifertown Jacksonville Payneview Osborneville Ashleyborough Clarkberg Reevestown Judithview Michaelview Judithview Reevestown Clarkberg Burtonview Murphyside Bakertown Murphyside Burtonview Clarkberg Ashleyborough Dianashire Porterton Wallton Derekmouth Charlesberg Kevinberg Adamside Kevinberg Patriciabury Kevinberg Charlesberg Weberbury Kimberlyburgh Weberbury Charlesberg Sethland Ellisstad Sethland Charlesberg Derekmouth Geraldside Joseport Hallborough Joseport Gabrielburgh Joseport Geraldside Michellehaven Ramosborough Michellehaven Cranemouth Michellehaven Geraldside Derekmouth Jeffreyfort Johnsonchester Jeffreyfort Garytown Audreyfort Garytown Jeffreyfort Derekmouth Wallton Danielleport Melissaview Campbellhaven Annberg Campbellhaven Melissaview Cheyennefurt Watsonville Cheyennefurt Melissaview Danielleport Cooperton Lopezborough Waltersmouth Lopezborough Cooperton Danielleport Scottburgh Laurenbury Haleview Laurenbury Scottburgh Danielleport Wallton Davisstad Newmanburgh Gallowaymouth Rioshaven Gallowaymouth Newmanburgh Davisstad Jacksonton Singletonton Clarkbury Singletonton Jacksonton Davisstad Leechester Pettyton Bondmouth Pettyton Leechester Davisstad Wallton Porterton 
50
Virginiastad Johnsonberg
Adamview Adamview Harrisborough
Jennifertown Feliciaville Jennifertown
Shawnmouth Buckleyside Shawnmouth Priceville
Maryport Combsville Reynoldsview Maryport
Cheyennefurt Thompsonshire
Williamschester Mirandaview Williamschester
Bakertown Derekville Jameston Bakertown
Tylerbury Wilsonstad Hansonbury
Johnsonchester Susanfort Nealfurt
Haleview Haleview Hallstad
Waltersmouth Adamport Adkinsberg
Shawnhaven Dannyside Candaceborough
Clarkbury Jermaineton Clarkbury
Parkermouth Parkermouth Shawnfort
Hallborough Kylieview Hallborough
Harrisport Brendaview Harrisport
Bondmouth Mercedesmouth Taylorton Bondmouth
Kimberlyburgh Kimberlyburgh Candiceland
Lopezburgh Leahmouth
Annberg Houstonchester Dyerport Annberg
Michaelview Michaelview Clarenceview
Patriciabury Troyfort Patriciabury Thomasmouth
Cranemouth Cranemouth Joneschester
Audreyfort Audreyfort Patriciaside
Ellisstad Ellisstad Osbornemouth
Byrdfurt Byrdfurt Garciamouth Loweryborough
Adamside Andrewschester Adamside Bradberg
Sethland Tannerhaven
Watsonville Christyland Robertomouth Watsonville
Robinsonmouth Robinsonmouth Horneside
Michaelville Williamland Michaelville
Smithtown Jacksonland Smithtown Abigailville
Jacksonville Christopherhaven
Rioshaven Rioshaven Josephstad
Pettyton Jonesfurt
Gabrielburgh Hodgesstad Gabrielburgh
Weberbury Clarkport
Ramosborough Fordhaven Ramosborough
Barnesmouth Clarkborough
Holthaven Holthaven Vickiville
Thomasborough Ortegaberg Masseyside Thomasborough
Jacksonview Danielville Jacksonview
Codyton Ryanside Codyton Mindyview
Swansonshire Swansonshire Abigailhaven
Leechester Suttonville
Fletcherland Ortizberg
Teresafort Calvinton
Walltown Williamshire
Smithfort Millerborough Smithfort
