0 23 88 139 64 50 93 21 141 80 74 5 182 70 156 180 51 142 47 98 77 150 133 68 140 31 97 59 32 10 81 20 53 12 62 134 44 173 85 1 82 177 89 24 6 9 83 176 128 151 42 151 185 28 194 15 33 49 54 92 99 27 96 67 56 136 14 78 8 196 87 18 84 90 55 119 132 34 57 4 60 107 79 73 0 
72
0 0
1 1 58 69
31 2 31
80 3 43 80
4 4
5 5 41 75
6 6
50 7 50
8 8 30
9 9 52
10 10 71
107 11 26
12 12
51 13 51
14 14
15 15
156 16
196 17
18 18
128 19
20 20
21 21
142 22
23 23
24 24 46
70 25 70
27 27
28 28
177 29
32 32
33 33 76
34 34
176 35 37
78 36 78
185 38
67 39 67
83 40 83
42 42 45
44 44
47 47
139 48 63
49 49
53 53
54 54
55 55
56 56
57 57
59 59 94
60 60
194 61 72
62 62
64 64
98 65 91 98
140 66 86
68 68
73 73
74 74
77 77
79 79
81 81
82 82
84 84
85 85
87 87 95
88 88
89 89
90 90
92 92
93 93
96 96
97 97
99 99
