K B CA EN FD BJ DV BF GL DP BX EU AH AW GR CC EY EO DE EV CI GC ED AE X CV CW BB AF EG AG GG C DR FX CH FU EH FM DZ CQ FH CJ BR FT GK FR AU FG BI DB DX EM BP FJ GJ P EC FE FV W AX I GI CT GF DL EQ CE FP DS DH J Z GO FI V BY BE G BA CB FO T EK DT AJ DK DI EL DG U DC F M BT CF AM CD BH K 
87
B B
G G
I I
BB L BB
M M BL
P P
BF R BF
T T
U U
V V
X X
DL Y
Z Z
DZ AB DZ
AF AF
AG AG
AH AH
AJ AJ
AM AM
DC AN DC
J AS BG
AW AW
AX AX
BA BA
BE BE
BI BI
BJ BJ
FJ BO FJ
BP BP
EG BQ EG
BR BR
BX BX
BY BY
CB CB FZ
CE CE
CF CF
CJ CJ
FH CK FH
CC CM
CQ CQ
CT CT
CW CW
CI CY
DB DB
DG DG
DH DH
DI DI
DK DK
DP DP
DR DR
DS DS
DV DV
DX DX
EM EA EM
EC EC
ED ED
EH EH
CA EJ GD
EK EK GE
EL EL
EN EN
EO EO
EQ EQ
EU EU
EV EV
CH EZ
FD FD
FE FE
FG FG
FI FI
FM FM
FO FO
FP FP
FR FR
BH FS
FU FU
FV FV
FX FX
GC GC
GF GF
GG GG
GI GI
GJ GJ
GK GK
GL GL
GO GO
GR GR
