89 69 183 109 112 123 108 113 100 181 25 33 121 18 64 3 136 70 119 179 87 61 122 62 175 143 102 72 148 146 85 162 28 132 39 74 103 79 103 133 194 73 47 161 118 131 189 43 51 156 27 48 78 101 169 5 172 59 110 104 142 21 86 94 38 167 41 37 168 99 180 31 140 49 128 15 198 82 65 34 11 54 83 88 127 12 68 89 
68
100 100
38 96 81 38
179 179
102 178 102
101 101
132 132 195
86 86 29 173 56
142 197 188
172 172
127 127 4 80
79 79 36
94 94 151
3 3
88 88
47 190 98
122 122
33 33
18 18
51 51
113 97 199
169 169
99 99 44
78 78
59 124 59 75
183 183
143 125 114
128 128 23
109 109
70 135 192 70
37 37
146 146
31 107 6 31
148 148 13
161 16
136 136
69 69
194 194 141
21 21
11 11
39 149 39
5 5
104 130
83 83
27 27
25 25
189 189
12 12 187
41 41
65 191 65
49 111 49
64 64
74 193
73 73
156 156
85 85
62 160 144
133 133
180 155
61 61
112 112
72 58
140 140
28 32
48 48 9
118 118 1
121 121
198 147
82 82
