dldkilltnmhfepsteins msddkilllthepsteinfn dlfdkilltepsteinhnms fhnmkillepsteinsdltd lepsteindnhstfdmkill tdkillepsteinsmhdfnl epsteintfhndkilllmsd slepsteinkillfmddhtn killtdslhfdepsteinnm fmtnkilldepsteindhsl fhdmnepsteindkillslt sldhnfmtdkillepstein msepsteintlhnfkilldd hmdkilllnepsteinfsdt killhtdmdlnsfepstein sndldftmkillepsteinh nepsteindhkillltmsfd killthsepsteindmlfdn depsteinslkillhdftmn killmfndshdtepsteinl mfndlsdepsteinhkillt ldepsteindhkilltsmfn dfdepsteintlnskillhm epsteinshlkilldmnfdt dkillnmhldstfepstein hdntepsteinkilllsdfm mhkillepsteinddlfsnt epsteinsnmflhtdkilld dtsmdnlhfepsteinkill mkillthfdlnepsteinds skillthlfndepsteindm fsepsteindkillhmtdln killhdfnsepsteinmltd epsteinfsltkillnhddm dhkillldsepsteintnmf killtdmsdfhnepsteinl ltfnsdhepsteinkilldm nmkilldepsteinhtldsf mhdskillldftnepstein lntkillepsteinfsddhm fdmtdepsteinkilllsnh mdkilllfdnstepsteinh epsteinfthkilldnslmd killdldepsteinmfsthn dnldkillhmfstepstein lnepsteintdfmdshkill fddsmepsteintnkillhl dhsepsteintlkillmfnd hnsepsteinmkillfddtl hepsteinntdkillsdmfl lmkillepsteintsndfhd lhsntdepsteindkillmf sdndhepsteinltkillfm dkillfepsteinnhdmtls depsteinlfnmkilldsht tsmdepsteinkillhfdln lkilldtnmsepsteindfh dhmkillfdltnsepstein hdepsteinkillnfdlmts dkillldfepsteintsmnh hmndfkillslepsteintd epsteindmshtfldnkill hsepsteinfkillnmddtl nmdhepsteinkilltfsld epsteinhnkillsldfdmt mkilldlshdtfepsteinn thnkillmddsepsteinfl fthlkillnepsteindsdm depsteinftndhmkillsl epsteindkilltlmnhsfd hkilllepsteinnstfddm lsmftnepsteinkillhdd dflstmkillepsteindhn killdepsteinmfltdshn tsdnhkilllmepsteindf tdfkillslepsteinhdmn depsteinfmkillhdsnlt mdkillntepsteindfhsl tndskilldfepsteinmhl dkillnmsfhtlepsteind ndkillthdepsteinlsmf lkillfthdsepsteindnm hnddkilltslmfepstein thdlskillnfdmepstein hnddkilltslmfepstein nftmskilldldepsteinh mdkillnlsdtepsteinhf ldepsteinhmfnkillsdt dldkilltnmhfepsteins 
76
dlfdkilltepsteinhnms dlfdkilltepsteinhnms
sdndhepsteinltkillfm sdndhepsteinltkillfm fdskillndtmepsteinlh dfkilllepsteinsnmhtd
depsteinlfnmkilldsht tldkillhsfnmepsteind depsteinlfnmkilldsht lhepsteintndkilldsmf
mdkillntepsteindfhsl mdkillntepsteindfhsl dmldfhskillntepstein
mdkillnlsdtepsteinhf mdkillnlsdtepsteinhf
tsdnhkilllmepsteindf tsdnhkilllmepsteindf
tsmdepsteinkillhfdln tsmdepsteinkillhfdln killfthnmsdlepsteind
dhsepsteintlkillmfnd dhsepsteintlkillmfnd epsteinldtnfmshdkill
fhdmnepsteindkillslt fhdmnepsteindkillslt
epsteintfhndkilllmsd epsteintfhndkilllmsd
killhdfnsepsteinmltd killhdfnsepsteinmltd
killtdmsdfhnepsteinl killtdmsdfhnepsteinl
epsteinfsltkillnhddm fmltddhnepsteinskill
fddsmepsteintnkillhl fddsmepsteintnkillhl mndtkillepsteindlfhs
thdlskillnfdmepstein lepsteinkilldhfmstnd thdlskillnfdmepstein
lkilldtnmsepsteindfh lkilldtnmsepsteindfh
killmfndshdtepsteinl killmfndshdtepsteinl
mkillthfdlnepsteinds mkillthfdlnepsteinds
mdkilllfdnstepsteinh mdkilllfdnstepsteinh lkillepsteintdshmfnd
fhnmkillepsteinsdltd fhnmkillepsteinsdltd
msepsteintlhnfkilldd msepsteintlhnfkilldd
fdmtdepsteinkilllsnh fdmtdepsteinkilllsnh
slepsteinkillfmddhtn slepsteinkillfmddhtn
hnddkilltslmfepstein dmtlsfhnkilldepstein killtepsteinddhlmnsf
mfndlsdepsteinhkillt sdlhfnmdepsteintkill
depsteinftndhmkillsl hepsteinnfdmlsdtkill depsteinftndhmkillsl
ndkillthdepsteinlsmf ndkillthdepsteinlsmf
dkillnmhldstfepstein dkillnmhldstfepstein
lmkillepsteintsndfhd lmkillepsteintsndfhd ndshkilldmlepsteinft
killtdslhfdepsteinnm shfnmltepsteindkilld killtdslhfdepsteinnm
mhkillepsteinddlfsnt mhkillepsteinddlfsnt
msddkilllthepsteinfn msddkilllthepsteinfn
lhsntdepsteindkillmf lhsntdepsteindkillmf
epsteinsnmflhtdkilld epsteinsnmflhtdkilld
dtsmdnlhfepsteinkill dtsmdnlhfepsteinkill
ldepsteindhkilltsmfn ldepsteindhkilltsmfn
dfdepsteintlnskillhm dfdepsteintlnskillhm
tndskilldfepsteinmhl tndskilldfepsteinmhl
killhtdmdlnsfepstein killhtdmdlnsfepstein nfltdmkillsdepsteinh
fsepsteindkillhmtdln fsepsteindkillhmtdln epsteinlmkillfshnddt
epsteinfthkilldnslmd epsteinfthkilldnslmd ntmdhepsteinsdkillfl
lnepsteintdfmdshkill skillmfepsteinthddnl
mkilldlshdtfepsteinn epsteinhdkillltsmfdn mkilldlshdtfepsteinn
hepsteinntdkillsdmfl hepsteinntdkillsdmfl depsteintkilllnmsfdh
mhdskillldftnepstein mhdskillldftnepstein
hmdkilllnepsteinfsdt hmdkilllnepsteinfsdt
dkillldfepsteintsmnh dlshdtepsteinnkillfm ldfsmnepsteinkilltdh
ltfnsdhepsteinkilldm ltfnsdhepsteinkilldm tepsteinmdfldhnskill
sldhnfmtdkillepstein tepsteinhsdkillmldfn sldhnfmtdkillepstein
killdepsteinmfltdshn killdepsteinmfltdshn
fmtnkilldepsteindhsl mkillldnhepsteinstfd fmtnkilldepsteindhsl
tdfkillslepsteinhdmn tdfkillslepsteinhdmn
hnsepsteinmkillfddtl hnsepsteinmkillfddtl
hsepsteinfkillnmddtl hsepsteinfkillnmddtl
tdkillepsteinsmhdfnl tdkillepsteinsmhdfnl
nftmskilldldepsteinh nftmskilldldepsteinh
sndldftmkillepsteinh sndldftmkillepsteinh
hmndfkillslepsteintd hmndfkillslepsteintd
killthsepsteindmlfdn killthsepsteindmlfdn
lkillfthdsepsteindnm dtnkillsepsteinmdfhl hnskillepsteintfdmld
lepsteindnhstfdmkill lepsteindnhstfdmkill
dhmkillfdltnsepstein dhmkillfdltnsepstein
nmdhepsteinkilltfsld nmdhepsteinkilltfsld
killdldepsteinmfsthn killdldepsteinmfsthn
lsmftnepsteinkillhdd lsmftnepsteinkillhdd
depsteinslkillhdftmn depsteinslkillhdftmn
dkillnmsfhtlepsteind dkillnmsfhtlepsteind
epsteindkilltlmnhsfd epsteindkilltlmnhsfd
skillthlfndepsteindm skillthlfndepsteindm
dnldkillhmfstepstein dnldkillhmfstepstein
epsteinhnkillsldfdmt epsteinhnkillsldfdmt
nepsteindhkillltmsfd nepsteindhkillltmsfd
hdntepsteinkilllsdfm dhtepsteinkillsdflmn
epsteindmshtfldnkill epsteindmshtfldnkill
dflstmkillepsteindhn dflstmkillepsteindhn
thnkillmddsepsteinfl thnkillmddsepsteinfl
