CorpusChristi Akron ElPaso Cincinnati Amarillo Boise Chattanooga Escondido Chesapeake BatonRouge Asheville Austin Detroit Columbus Albuquerque Berkeley Charlotte Clearwater Bradenton Canton Columbia Buffalo Davenport Anchorage Elkhart Champaign Anaheim CathedralCity Bremerton Denton Chicago Bridgeport Dallas Dayton Danbury DavidsonCounty AppleValley Burbank CedarRapids ElMonte CorpusChristi 
38
Akron Akron DalyCity
Albuquerque Albuquerque
CedarRapids Alexandria BonitaSprings
Amarillo Amarillo
Anaheim Anaheim
AppleValley AppleValley Chandler
Chicago Appleton Chicago
Berkeley Arvada
Asheville Asheville
BatonRouge Augusta
Austin Austin
Detroit Beaumont
Anchorage BelAir Deltona
Buffalo Bloomington Carrollton Elizabeth
Danbury BoiseCity Danbury
Clearwater Boulder Clearwater
Bremerton Bremerton
Bridgeport Bridgeport
Columbia Brownsville Columbia
Charlotte Bryan
Canton Canton
CorpusChristi CapeCoral CorpusChristi Downey
CathedralCity CathedralCity
Champaign Champaign
Bradenton Charleston
Chattanooga Chattanooga
Cincinnati Cincinnati
DavidsonCounty ColoradoSprings
Columbus Columbus
Dallas Dallas
Davenport Davenport
Denton Denton
Burbank Denver
Chesapeake Durham
ElMonte ElMonte
ElPaso ElPaso
Elkhart Elkhart
Escondido Escondido
