BatonRouge Bellevue Buffalo AtlanticCity Boulder Birmingham AnnArbor Brownsville Bridgeport Beaumont Allentown Bremerton Albuquerque Boston BoiseCity Aberdeen Aurora Akron Augusta Bethlehem BonitaSprings Amarillo Berkeley Atlanta AppleValley Baltimore Bradenton Bellevue BatonRouge 
22
Aberdeen Aberdeen
Bremerton Abilene
Augusta Albany
Albuquerque Albuquerque
Amarillo Amarillo
Bellevue Anchorage Burbank
AnnArbor AnnArbor
Allentown Arvada
Atlanta Atlanta
AtlanticCity AtlanticCity
Aurora Aurora
Baltimore Barnstable
BatonRouge BatonRouge
Beaumont Beaumont
Berkeley Berkeley
Bethlehem Bethlehem
Birmingham Birmingham Bryan
BoiseCity BoiseCity
Boston Boston
Boulder Boulder
Bradenton Bradenton Cambridge
Buffalo Buffalo
