FortCollins Akron FortSmith Arvada Fargo Charleston Fargo Arvada Hickory Inglewood Lansing DesMoines GreenBay Boston Chandler LittleRock Huntington DalyCity Durham Fayetteville Brownsville Barnstable Columbia Louisville Lubbock Lancaster Fairfield Joliet FortWayne Evansville Clearwater Chicago McAllen Bridgeport Bradenton Clarksville Dallas LosAngeles Jefferson Marysville Aberdeen Bryan Albany Garland Burlington Burbank Cambridge Honolulu ElkGrove Harrisburg Fontana AppleValley Kissimmee Amarillo BoiseCity Manchester Henderson Bremerton Allentown Corona Detroit Beaumont Houston Fresno Kalamazoo Charlotte Jacksonville Gilbert Kenosha Hampton Lafayette Frederick Carrollton KansasCity FortWorth Berkeley FortWorth Canton CollegeStation Lakeland Bellevue Kennewick LasVegas Layton Bloomington ColoradoSprings ChulaVista Irving Lacey Brighton Elkhart Harlingen Knoxville FortCollins 
70
Aberdeen Aberdeen
Huntington Abilene
Akron Akron Elizabeth
Arvada Albuquerque Arvada Erie Leominster
Amarillo Alexandria Amarillo
Allentown Allentown
Kennewick Anaheim Kennewick
Lancaster Anchorage Lancaster
Charleston AnnArbor Baltimore BonitaSprings
AppleValley AppleValley
Fayetteville Appleton Fayetteville
Manchester Atlanta Manchester
Kenosha Augusta
LasVegas Austin Cleveland
FortCollins Bakersfield FortCollins Hollywood
Barnstable Barnstable
Beaumont Beaumont Bethlehem
Bellevue Bellevue Independence
Berkeley Berkeley ElMonte
CollegeStation Boise CollegeStation ElPaso
BoiseCity BoiseCity Eugene
Bradenton Bradenton
Bremerton Bremerton Grayslake
Brighton Brighton Fremont
Brownsville Brownsville
Burbank Burbank
KansasCity CapeCoral
Carrollton Carrollton
Irving Cary Irving
Bryan CedarRapids
Elkhart Champaign Elkhart
Chandler Chandler
Chicago Chicago
ColoradoSprings ColoradoSprings
Dallas Dallas
DalyCity DalyCity
Evansville Danbury Evansville
Canton DavidsonCounty
Layton Denver Layton
DesMoines DesMoines
Detroit Detroit
Fairfield Fairfield
Fargo Fargo
Fontana Fontana
FortSmith FortWaltonBeach
Frederick Frederick
Fresno Fresno
Garland Garland GrandRapids
Gilbert Gilbert
Hampton Hampton
Harlingen Harlingen
Harrisburg Harrisburg
Knoxville Hemet Knoxville
Henderson Henderson
Hickory Hickory
Houston Houston
Burlington Indianapolis
Inglewood Inglewood
ElkGrove Irvine
Jacksonville Jacksonville
Jefferson Jefferson
Joliet Joliet LasCruces
Kalamazoo Kalamazoo
Lacey Lacey
Lafayette Lafayette Lakewood
Lakeland Lakeland
LittleRock LittleRock
Albany Lorain
Louisville Louisville
Lubbock Lubbock
