152 27 97 162 5 125 181 102 82 69 41 149 133 116 147 66 68 171 110 65 139 101 139 36 142 36 169 140 76 13 94 173 24 143 24 173 94 130 51 154 78 123 170 129 108 89 187 14 85 61 45 156 1 58 155 62 0 95 35 166 74 21 73 168 111 185 183 50 75 152 
50
111 31 111
142 142 28
97 97
116 116 165
89 89 60
140 105
61 79
169 169
162 157
170 170
45 45 175
129 112 54
147 56
139 134 139
51 172 51
101 37 101
183 9 183
149 163 149
41 41
35 35
95 95
171 171
78 78
143 143 151
73 73
166 81 166
1 12
58 58
50 50 153
21 92
36 87
85 85 96
5 5 182 113
130 130 180
155 121
168 168
27 27
133 90
65 65 144
62 145
69 126
13 13 42 38
94 94
108 136 8
0 184 0
82 53
181 181
154 2
75 75
66 66
