location12 location84 location22 location89 location63 location55 location27 location56 location35 location15 location49 location91 location31 location52 location14 location98 location54 location58 location99 location0 location72 location32 location86 location87 location43 location38 location75 location83 location26 location67 location77 location11 location17 location79 location16 location65 location74 location60 location1 location19 location84 location12 
26
location12 location12
location91 location13 location57
location26 location26
location72 location72 location36 location94
location1 location1
location67 location51 location67
location11 location11
location79 location79
location63 location63 location5
location49 location49
location86 location86
location19 location19 location24
location31 location31
location15 location71
location60 location60
location0 location0
location87 location87
location27 location27
location35 location35
location89 location89
location14 location14
location65 location28
location74 location74
location54 location54
location16 location16
location77 location77
