location34 location192 location23 location4 location163 location174 location55 location135 location159 location143 location108 location60 location114 location188 location172 location14 location47 location37 location12 location38 location59 location98 location115 location72 location136 location182 location52 location162 location155 location125 location46 location2 location167 location116 location161 location116 location5 location181 location151 location71 location132 location146 location157 location97 location194 location199 location11 location68 location177 location28 location45 location144 location109 location32 location104 location15 location88 location126 location21 location176 location89 location3 location170 location92 location95 location123 location99 location175 location145 location17 location6 location79 location180 location142 location158 location39 location34 
69
location34 location34
location46 location46
location72 location72
location132 location132
location97 location189
location155 location155
location23 location23 location27
location89 location89
location52 location52 location111
location45 location45
location39 location39
location177 location177 location54 location117 location187
location159 location159 location149
location95 location131
location181 location181
location194 location194
location170 location170
location68 location68
location71 location71
location11 location11
location104 location197 location130 location76
location28 location28
location158 location158
location55 location55
location123 location140 location121
location192 location192
location92 location134 location92
location99 location99
location143 location143
location167 location167
location180 location164 location180
location15 location15
location37 location37
location161 location161 location122
location115 location115
location79 location9 location96 location64 location0 location119 location79
location157 location157
location5 location107
location162 location162
location12 location12
location188 location24 location188
location163 location163
location142 location142 location120
location47 location47
location174 location137 location174
location172 location172
location151 location151
location6 location6
location135 location135
location109 location109
location182 location91
location2 location90 location2
location116 location103 location86
location144 location144
location125 location125
location136 location136
location88 location88
location59 location59
location98 location98
location126 location139
location38 location38
location60 location60
location199 location199
location175 location175 location105
location17 location17
location176 location176
location21 location21
location114 location114
location3 location3
