WNYCV UUOP5 1UWW5 QSI1X F07YB 2KYXC 5I6U4 V11OW 1BUOS H212X XBRKQ HZ80H EYREL HHCET WH9QK 65TK9 1ACIU B8UZ8 KR27P 42QVU QTZLJ 77EY5 KRLTG Z2GJ8 7CXN0 ULCTZ H8ZPW CUG55 BMC9X 9HVLF GAXPM CHXFM URMBF GXYLV HR8IA OE5TB RFDQ4 BO3AW 1XUNX 1NBGE XDKMD EQWAL XRQ65 H7R17 18R1B F5YBY 91RFG TG5ZG X2AM4 KB443 YMTTJ XTUSM K1ZSD WNYCV 
46
XRQ65 XRQ65
1ACIU 1ACIU XD7IR
H8ZPW H8ZPW
GXYLV GXYLV
TG5ZG TG5ZG
EQWAL EQWAL
91RFG 91RFG
OE5TB OE5TB
KB443 KB443
QSI1X QSI1X
F5YBY F5YBY
QTZLJ QTZLJ
HR8IA HR8IA
ULCTZ ULCTZ
V11OW V11OW
WH9QK XPFOM
77EY5 77EY5
K1ZSD K1ZSD
5I6U4 5I6U4
XTUSM XTUSM UGOIO
KRLTG KRLTG
XBRKQ XBRKQ
UUOP5 UUOP5
BMC9X ZA57Z BMC9X
1BUOS 1BUOS
URMBF 2FT0Z URMBF
X2AM4 X2AM4
42QVU 42QVU
1UWW5 1UWW5
GAXPM GAXPM
EYREL EYREL
B8UZ8 B8UZ8
1NBGE 1NBGE
XDKMD XDKMD
CUG55 CUG55
HHCET HHCET
65TK9 65TK9
7CXN0 7CXN0
BO3AW BO3AW
9HVLF 9HVLF
YMTTJ YMTTJ
HZ80H HZ80H
H212X H212X
F07YB F07YB
2KYXC 2KYXC
18R1B 18R1B
