4HOMU ZRPB5 61QWU TI35I RAAD4 FCYPJ 9WSXC FMCVK 6WOBI 2BUI5 PXCIN CFGE5 6OA3K K50JQ 7U3JG 53Y1R DTPF4 TORQI 1F0YL UDYJK DOLRQ 45JXE PTADN OKGKQ M1HJR TBPBM Y61KP Q9MTE WXZHF CM5WA 6NY7T BE5V8 4WDJE Q7FCL W2M5C ELH5L UW44H 52MNN 4YS4G ZN2EP IZESQ KC9RF 0U9HU H3R1V WZB33 1RS2N 945CN Q02X6 0D2BR Q5DAA ZZH8Z SKPO7 V8GEC C7WKJ OIPRN P419D WI88U L2PQE TCC7B 4HSLO YJ67U 8CLEZ Z22CS KOYRV KN0CP 6ACGE IF7TL LLTLN LKP22 MC71K BVMDZ C45HH H1LTE HWKGJ T9O11 PYPSO DCHO3 RU85S 50J5H SHOOM AT3CI VHCFR 768ZF Y4WG4 HV4Z2 XEEQB 2C63O LIRLU X180A JXLE1 4HOMU 
83
L2PQE L2PQE LEBVZ
945CN 945CN
TORQI L2GJ5 TORQI
2C63O 2C63O
HV4Z2 SYV5N WP2MA
768ZF 768ZF
RU85S RU85S HZHRA
KOYRV KOYRV
XEEQB XEEQB
KC9RF KC9RF
ZN2EP ZN2EP
45JXE 45JXE
UW44H UW44H
0D2BR 0D2BR
M1HJR M1HJR ZHSBU NPDI9
LIRLU LIRLU
1F0YL 1F0YL
DOLRQ DOLRQ
50J5H 50J5H
CFGE5 CFGE5
Q7FCL Q7FCL
KN0CP 0VPRW V22SY
SHOOM SHOOM
HWKGJ HWKGJ
6ACGE 6ACGE
DTPF4 DTPF4
2BUI5 7GA8O 2BUI5
7U3JG 7U3JG
BE5V8 BE5V8
61QWU TY0L7 61QWU
W2M5C W2M5C
4YS4G SA6G0
WI88U WI88U EDSMH
DCHO3 DCHO3
RAAD4 RAAD4
4HSLO FRZVP
53Y1R 53Y1R
TI35I TI35I
Y61KP Y61KP
9WSXC 9WSXC
C7WKJ C7WKJ
P419D P419D FC0PR
ZZH8Z ZZH8Z
IF7TL IF7TL
PXCIN PXCIN
K50JQ K50JQ
JXLE1 JXLE1
H1LTE H1LTE OLLV9
X180A DDXG0 X180A
PTADN PTADN
IZESQ IZESQ
Q5DAA 3AIXW Q5DAA
1RS2N 1RS2N
0U9HU 0U9HU
WZB33 WZB33
4WDJE 4WDJE
PYPSO 8EXDQ PYPSO
FCYPJ FCYPJ
VHCFR W2H22 VHCFR
CM5WA CM5WA
6WOBI 6WOBI
AT3CI AT3CI
SKPO7 SKPO7
ZRPB5 ZRPB5
T9O11 T9O11
C45HH C45HH
ELH5L ELH5L
LLTLN 69BJO LLTLN
52MNN 52MNN
WXZHF WXZHF
OIPRN OIPRN
MC71K MC71K
BVMDZ BVMDZ
6OA3K 6OA3K
UDYJK C8O6I
OKGKQ A1QRL
YJ67U YJ67U
V8GEC V8GEC
Y4WG4 PMFJ2
8CLEZ 8CLEZ
TCC7B TCC7B
LKP22 LKP22
TBPBM TBPBM
