0 161 160 41 181 127 77 33 185 133 91 78 31 107 168 167 106 31 108 7 146 80 146 194 146 7 51 152 198 197 27 112 113 35 64 85 136 187 136 30 166 165 103 59 104 30 189 139 96 140 96 60 143 142 191 192 5 93 14 116 25 115 21 12 178 122 94 121 94 123 2 88 148 88 150 36 169 170 110 109 23 118 50 119 176 2 164 101 43 102 43 100 49 183 130 95 131 95 56 97 124 179 180 125 29 158 92 0 
77
100 100 163
101 101
102 102
103 103
104 104
59 105
106 106
107 107
108 108
109 109
110 110 111
112 112 171
113 113 172
35 114
115 115 173
116 116 174
25 117
118 118 175
119 119
50 120
121 121 177
122 122
123 123
124 124
125 125
97 126
127 127
77 128 129
130 130
131 131 184
95 132
133 133
91 134 135
136 136
85 137 138
139 139
140 140 190
96 141
142 142
143 143
60 144
80 145 147
146 146
148 148 195
88 149
150 150
51 151 153
152 152
93 154 155 156
92 157 159
158 158
160 160
161 161
0 162
164 164
165 165
166 166
167 167
168 168
169 169
170 170
176 176
178 178
179 179
180 180
181 181 182
183 183
185 185
33 186
187 187 188
189 189
191 191
192 192
194 193 194
23 196
197 197
198 198
