0 1 4 9 19 40 82 40 19 39 79 39 80 161 80 162 80 39 19 9 4 10 22 45 22 10 21 43 21 44 89 44 90 182 90 44 21 10 22 45 91 45 22 10 4 1 3 7 3 8 17 36 73 147 73 36 17 8 18 38 18 37 75 152 75 37 76 37 75 151 75 37 18 38 77 38 18 8 17 8 3 7 16 34 70 34 69 34 16 33 68 33 67 135 67 33 16 7 15 32 65 32 66 133 66 32 15 7 3 1 4 10 22 45 91 183 91 45 22 10 4 9 20 42 86 173 86 42 85 172 85 171 85 42 20 41 83 41 20 42 20 9 4 10 22 45 92 185 92 45 22 46 94 46 22 10 4 1 0 2 5 11 23 48 23 11 5 12 25 51 25 12 5 11 24 49 99 49 24 11 5 12 25 52 105 52 25 12 26 53 108 53 26 54 110 54 26 12 5 11 23 47 95 191 95 47 96 194 96 193 96 47 23 11 5 2 6 14 30 62 30 14 6 13 27 55 27 56 113 56 27 13 28 58 28 57 28 13 6 14 29 14 6 2 0 
39
49 100 199
5 101 102 105 106
51 103 104
53 107 108
54 109 110
55 111 112
56 113 114
28 115 116
58 117 118
29 119 120 121 122
30 123 124 125 126
15 127 128 129 130 131 132
66 133 134
67 135 136
33 137 138
69 139 140
70 141 142
8 143 144 145 146 149 150
73 147 148
37 151 152
76 153 154
77 155 156
18 157 158
79 159 160
80 161 162
19 163 164
82 165 166
83 167 168
20 169 170 173 174
85 171 172
21 175 176 177 178
89 179 180
90 181 182
1 183 184 187 188
92 185 186
94 189 190
95 191 192
96 193 194
48 195 196 197 198
