0 1 3 7 15 31 15 32 15 7 16 34 69 34 16 33 16 7 3 8 18 37 18 8 3 1 0 2 6 14 30 14 6 13 27 13 6 2 5 12 5 11 23 11 24 49 99 49 24 11 23 47 23 48 23 11 5 2 6 13 28 13 6 2 5 12 25 12 5 2 0 1 3 8 18 38 18 8 17 36 17 8 3 1 4 10 4 9 20 41 84 41 20 42 20 9 19 40 19 39 19 9 4 10 21 43 87 43 21 44 21 10 22 46 22 45 91 45 22 10 4 1 0 
25
24 50 99
25 51 52
2 53 54
27 55 56
28 57 58
14 59 60
30 61 62
31 63 64
32 65 66
16 67 68
34 69 70
0 71 72
36 73 74
37 75 76
38 77 78
39 79 80
19 81 82
41 83 84
9 85 86
21 87 88
44 89 90
45 91 92
46 93 94
47 95 96
48 97 98
