Soda Gregoire Perris Fontana DeltaDelta SigmaKappa ChiOmega BerkeleyHigh AlphaChi Emeryville Saturn AlphaCentauri Compton Mars InternationalHouse SanBernardino BayStreet Chino Tuhuamixtel Cancun Riverside Tuxcacuesco SouthGate Ashby Upland Pomona Guadalajara Rasputin ElGrullo Tijuana SanDiego Whittier Jalisco Talpa Myto Tako MexicoCity Tang FantasticComics CREAM SantaBarbara Platano LosAngeles DKingGallery Sacramento SanMiguel Irvine VictoryPoint BAMPFA ChezPanisse CafeTibet TripleRock Kips Jupiter Venus BerkeleyHillel Soda 
55
ChiOmega ChiOmega
SigmaKappa SigmaKappa
AlphaChi AlphaChi
DeltaDelta DeltaDelta
InternationalHouse InternationalHouse
BerkeleyHillel BerkeleyHillel
BerkeleyHigh BerkeleyHigh
Jupiter Jupiter
Mars Mars
Venus Venus
Saturn Saturn
AlphaCentauri AlphaCentauri
Gregoire Gregoire
BayStreet BayStreet
Emeryville Emeryville
Pomona Pomona
Compton Compton
Ashby Ashby
Perris Perris
Fontana Fontana
SanBernardino SanBernardino
Upland Upland
Chino Chino
Whittier Whittier
SouthGate SouthGate
Tijuana Tijuana
SanDiego SanDiego
Jalisco Jalisco
Guadalajara Guadalajara
SanMiguel SanMiguel
Tuxcacuesco Tuxcacuesco
Talpa Talpa
ElGrullo ElGrullo
MexicoCity MexicoCity
Tuhuamixtel Tuhuamixtel
Myto Myto
Kips Kips
TripleRock TripleRock
Rasputin Rasputin
CREAM CREAM
Tako Tako
Tang Tang
Cancun Cancun
DKingGallery DKingGallery
BAMPFA BAMPFA
Platano Platano
CafeTibet CafeTibet
FantasticComics FantasticComics
SantaBarbara SantaBarbara
Sacramento Sacramento
LosAngeles LosAngeles
Irvine Irvine
Riverside Riverside
VictoryPoint VictoryPoint
ChezPanisse ChezPanisse
