5 94 109 84 109 58 109 75 66 17 105 79 83 104 147 13 184 85 172 159 90 149 28 180 111 71 119 67 119 15 156 76 81 47 45 158 2 140 198 77 189 102 55 138 69 183 69 138 116 95 23 99 1 101 174 27 82 112 10 135 35 188 48 199 166 32 179 78 100 192 18 177 37 64 130 150 191 74 187 154 89 39 94 20 11 36 62 123 40 155 96 155 195 68 133 34 121 7 165 42 137 33 4 5 
73
10 10
191 194
1 1
100 100
47 47 43
28 28
71 178 71
133 133
112 171
45 14
85 85
2 2
150 91
48 48
33 33
166 122
76 76
32 32
187 187
82 146
138 138 61
37 37
96 96 22
199 199
135 135
174 174
39 39 92
140 140
27 53
67 67 41
188 25 188
189 103 189
177 177
34 9 34
69 69 153
165 193 63 173
104 104
105 105
74 31 170
84 168 162
35 26 110
116 50 116
18 16 18
75 75
154 46 154
78 164 78
137 137
20 20
121 157 52
58 152 58
180 180
123 123
77 196 143 77
192 192
102 102
42 44 42
158 158 80
11 11
81 81 151
83 83
101 101
55 55
183 51 183
156 156
64 64
99 99
159 159
184 184
17 17
179 179
149 149
68 68
195 56
