DZA CYM ARE DNK CUW DOM BHS BFA BLM BES BLR CCK CMR HKG GRL GLP BGR BDI BEL BRN COD CHE CIV CAN BVT CAF COG GTM GRD GNQ GUY CUB CYP ASM ATF ATA DMA HND GEO FRO FRA GBR ECU FSM ERI FIN GAB ESP AND ALB DZA 
40
COD COD
FIN FLK FIN ABW
BRN BRN
DMA DJI
AND AND
FRO FRO
CAF CAF
GTM HMD
ALB ARG ALB
GRD GRD
BHS BHS
HND HND
BLM BLM
CCK CCK
GNQ GNQ
GLP GLP
CHE CHE
BFA BGD BFA
GUY GRC
ATA ATA
FSM FSM GHA
ARE ARE
BES BES
DOM DOM AUS
CUB CUB
COG COG
GEO GEO
CYM CYM CXR CZE
DNK DNK
BDI BDI
GBR GBR
BVT BVT
ATF ATF
ECU ECU
CAN BRB CAN
CUW CUW
ERI ERI
FRA FRA
BLR BEN BLR
HKG HKG
