COM NER MYT MUS DJI MUS SGS LBR NCL EST GIB GHA GEO GBR FRA ESH ETH GAB FIN FSM NGA GMB NGA NFK AUS NIC IRL IOT IRN NIU CZE DEU CXR MWI ATG PRT NRU CAF BVT CRI KGZ LAO GTM GNB KWT LTU LIE CPV MLI MCO MAR HND COK CAN HTI GUM HKG MDA GLP REU SDN MEX POL ARE AND ALB QAT SGP RUS BLZ BEN BLM BHR BDI AZE BIH PRY NPL MMR HMD HRV LCA KOR LBN JPN HUN PAK GNQ COD CHN SHN IDN COL COM 
76
CAF CIV CAF
CAN CAN
HND HND GRC
PRY MOZ PRY
MWI ITA
KOR KOR
NER NER MTQ
MYT MYT
REU REU AFG
LAO LUX LAO
CXR CXR
LIE LIE
ETH EGY
MMR MMR
GNQ GNQ
GMB PAN GMB
NPL NPL
SHN SHN
FRA FRA
GEO ESP GEO
BVT LKA
BLM BLM
COD COG COD
GIB GIB
CPV MAC CPV RWA
MAR MAR
LBR LBR
SGS KHM NZL SGS
MEX MEX
ATG ATG
MDA MDA
IDN IDN
AND ARM
IRN DZA IRN
SDN SDN
NRU NRU
GBR GBR
LBN LBN
BDI BDI
DJI DMA DJI
BIH BHS
KGZ KNA
GUM GUM
RUS RUS
COL COL
IRL IRL
BEN BEN
COK COK
HKG HKG KAZ
NFK NFK JEY ALA
ESH ESH ECU
ALB ALB
HRV HRV
HTI HTI
AZE AZE
HMD HMD
POL PNG POL
MLI MLI
PAK PAK
FSM GIN FSM
DEU CYP DEU
CHN CHN
KWT KWT
FIN FIN
HUN HUN
AUS AUS
LTU LTU
ARE ARE
CRI PSE
NIC ABW NIC
NIU NIU
BHR BHR BMU
IOT IOT
GAB GAB
JPN JPN
GHA GHA
