Rhode McEnerney Olympia East Cheyenne Kentucky Michigan Campanile Silver Grinnell Baton Nevada Simpson Moses Pennsylvania Energy Durham Heating Etcheverry Maxwell Richmond Providence Salt Springer Chou Bancroft Columbus Madison Jefferson Lansing Birge Hawaii Cleary Blackwell Hargrove Cory Oregon Austin Krutch Warren Florida Mulford Montgomery West McLaughlin Tennessee Hartford Haste Morrison Moffitt Stadium Hertz Durant Jacobs Minnesota Clark CNMAT BART Montana Foothill Boalt Sproul Nashville Barrows International Maryland Chvez Bowles Tang Columbia Utah Lower Simon Illinois Topeka Hearst Concord Little Police Jones Insectary Mississippi Observatory Mathematical Wisconsin Denver Trenton Class Edwards Santa Berkeley Annapolis Brain LeConte Valley University Donner Harrisburg Martin Hellman Life Rhode 
100
Krutch Krutch
Energy Energy
Hearst Hearst
Campanile Campanile
Providence Providence
Utah Utah
Florida Florida
Jacobs Jacobs
Birge Birge
Clark Clark
Bancroft Bancroft
Harrisburg Harrisburg
Hawaii Hawaii
CNMAT CNMAT
Rhode Rhode
Blackwell Blackwell
Annapolis Annapolis
LeConte LeConte
Cory Cory
Edwards Edwards
Observatory Observatory
Wisconsin Wisconsin
McLaughlin McLaughlin
Haste Haste
Illinois Illinois
Moffitt Moffitt
Silver Silver
Insectary Insectary
Chou Chou
Little Little
Nashville Nashville
Baton Baton
Bowles Bowles
Montana Montana
Moses Moses
Jefferson Jefferson
East East
Hartford Hartford
Donner Donner
Lansing Lansing
Chvez Chvez
Hellman Hellman
BART BART
Columbia Columbia
Stadium Stadium
Michigan Michigan
Class Class
International International
Hertz Hertz
Pennsylvania Pennsylvania
McEnerney McEnerney
Kentucky Kentucky
Tang Tang
Life Life
Jones Jones
Durham Durham
Columbus Columbus
Salt Salt
Heating Heating
Berkeley Berkeley
Sproul Sproul
Maryland Maryland
West West
Olympia Olympia
Tennessee Tennessee
Martin Martin
Durant Durant
Concord Concord
Simpson Simpson
Madison Madison
Simon Simon
Morrison Morrison
Oregon Oregon
Police Police
Brain Brain
Topeka Topeka
Lower Lower
Boalt Boalt
Richmond Richmond
Nevada Nevada
University University
Austin Austin
Mathematical Mathematical
Minnesota Minnesota
Valley Valley
Barrows Barrows
Cheyenne Cheyenne
Montgomery Montgomery
Hargrove Hargrove
Foothill Foothill
Springer Springer
Santa Santa
Etcheverry Etcheverry
Trenton Trenton
Maxwell Maxwell
Mulford Mulford
Grinnell Grinnell
Warren Warren
Mississippi Mississippi
Cleary Cleary
