YuhuaEast TelokBlangahDrive CityHall BedokNorth IstanaNegara ClementiWest Anson AngMoKioTownCentre ChangiPoint WoodlandsSouth KianTeck LittleIndia DhobyGhaut BukitBatokWest PengSiang Tampines KebunBahru MountEmily Woodleigh PunggolField TuasBay TiongBahru SembawangEast PayaLebarNorth Moulmein ReservoirView EvertonPark ClementiNorth SenokoSouth LoyangEast Kembangan HongKah OneTreeHill SembawangStraits Shipyard ClarkeQuay Matilda OrangeGrove PeoplesPark BayfrontSubzone Punggol BenoiSector MountPleasant PayaLebarEast TohGuan PasirRisDrive Boulevard MandaiEast PearlsHill LowerSeletar BoonLayPlace ChengSan Mandai ClementiCentral Serangoon Brickworks KampongUbi TelokBlangahRise SungeiKadut HougangCentral Saujana BoatQuay Aljunied YioChuKang WaterwayEast SungeiRoad Commonwealth Chatsworth TuasNorthPioneer WestCoast SouthernIslands SembawangHills Dunearn UluPandan YioChuKangEast PulauPunggolTimor Paterson SimpangNorth Khatib SerangoonCentral PasirPanjang2 BukitBatokSouth WoodlandsWest Northland Mountbatten JurongPort PeiChun DairyFarm PangSua Kranji MandaiWest NatureReserve TampinesNorth Sembawang TagoreSindo SerangoonNorth ChinaSquare Sennett SerangoonGarden Sennett YuhuaEast 
85
Northland Northland
HongKah HongKah UpperThomson
AngMoKioTownCentre AngMoKioTownCentre
SerangoonNorth SerangoonNorth
Paterson Paterson
Punggol Punggol
YioChuKang YioChuKang
Commonwealth KentRidge Commonwealth
Dunearn KeatHong
SouthernIslands HongKahNorth SouthernIslands
BedokNorth BedokNorth
Serangoon Serangoon
OneTreeHill OneTreeHill Trafalgar
Sembawang EastCoast Sembawang
Sennett Sennett
WaterwayEast WaterwayEast
SungeiKadut SungeiKadut
SembawangEast TuasPromenade
PayaLebarEast Museum PayaLebarEast
Mountbatten Mountbatten
LowerSeletar LowerSeletar
ClarkeQuay BedokSouth
SembawangStraits SembawangStraits
TuasNorthPioneer TuasNorthPioneer
CityHall CityHall
TelokBlangahRise TelokBlangahRise
SungeiRoad SungeiRoad
SimpangNorth SimpangNorth AlexandraNorth
IstanaNegara IstanaNegara
HougangCentral HougangCentral DefuIndustrialPark
PasirRisDrive PasirRisDrive
PangSua PangSua
Tampines Tampines
BenoiSector BenoiSector
Saujana ChoaChuKang Saujana
Moulmein Moulmein
TiongBahru TiongBahru
BukitBatokSouth BukitBatokSouth
Mandai PasirRis Geylang Mandai
TagoreSindo TagoreSindo
Shipyard Shipyard PasirRisPark
JurongPort JurongPort JooSengPayaLebar
ClementiNorth ClementiNorth
MountEmily GeylangEast
Khatib Khatib
Matilda Matilda
Brickworks Brickworks
BukitBatokWest BukitBatokWest
Aljunied Aljunied
SerangoonGarden SerangoonGarden SingaporeRiver
SerangoonCentral SerangoonCentral
PearlsHill PearlsHill
SembawangHills SembawangHills
BoatQuay BoatQuay
BoonLayPlace BoonLayPlace
EvertonPark EvertonPark
PeiChun PeiChun
PunggolField PunggolField
KampongUbi Sentosa
Chatsworth InstitutionHill Chatsworth
TohGuan TohGuan
DhobyGhaut DhobyGhaut
ReservoirView ReservoirView
DairyFarm DairyFarm
PulauPunggolTimor PulauPunggolTimor
PayaLebarNorth Tanglin
UluPandan UluPandan
TampinesNorth TampinesNorth
TuasBay TuasBay
WoodlandsSouth Cairnhill
WoodlandsWest WoodlandsWest
Anson OneNorth
YioChuKangEast YioChuKangEast
KianTeck Port
ChinaSquare ChinaSquare
ClementiWest JurongWestCentral
PeoplesPark PeoplesPark
MandaiEast MandaiEast
NatureReserve ChangiWest
BayfrontSubzone BayfrontSubzone
KebunBahru KebunBahru
Kembangan Kembangan
OrangeGrove OrangeGrove
ChangiPoint ChangiPoint
Boulevard RochorCanal
