LeonieHill TuasBay TanglinHalt ChangiBay Seletar Trafalgar GreenwoodPark Guilin Sentosa PasirRisPark SembawangSprings SungeiRoad KallangWay AnchorvaleBuangkok YioChuKang MandaiWest NorthCoast FarrerPark Frankel Semakau WesternIslands PasirPanjang2 TanjongRhu GeylangBahru AirportRoad ChangiWest ClementiCentral YishunCentral PunggolTownCentre Townsville ChoaChuKangCentral LoyangEast YuhuaWestBoonLay TampinesWest Novena Clementi Victoria SerangoonGarden Phillip Yishun BishanEast Ridout Changi CompassvaleTrafalgar ConeyIsland Gombak MonksHill Outram Sennett Kranji JurongWestCentral NeeSoon OrangeGrove DefuIndustrialPark OrangeGrove NeeSoon Shipyard KampongUbi SungeiKadut ChangiPoint LeonieHill 
45
Guilin Guilin
Trafalgar Trafalgar
Townsville Townsville
SerangoonGarden SerangoonGarden
GeylangBahru Springleaf
ClementiCentral ClementiCentral
Novena Novena SingaporePolytechnic
FarrerPark FarrerPark
SungeiKadut SungeiKadut
YioChuKang Boulevard YioChuKang
MonksHill MonksHill
AirportRoad AirportRoad
KallangWay KallangWay
Shipyard Shipyard
YuhuaWestBoonLay YuhuaWestBoonLay
SungeiRoad SungeiRoad KampongGlam
TuasBay TuasBay
Phillip Phillip
TampinesWest TampinesWest
Sennett Sennett
SembawangSprings SembawangSprings
Kranji Kranji
Victoria Victoria
Ridout Ridout
BishanEast BishanEast
Yishun Yishun
MandaiWest MandaiWest BukitBatokCentral
PasirPanjang2 PasirPanjang2
NorthCoast NorthCoast
Semakau Semakau
PunggolTownCentre PunggolTownCentre
Outram Outram
Sentosa Sentosa
OrangeGrove OrangeGrove
TanglinHalt TanglinHalt
NeeSoon NeeSoon
ChoaChuKangCentral ChoaChuKangCentral
ConeyIsland ConeyIsland
AnchorvaleBuangkok AnchorvaleBuangkok
JurongWestCentral JurongWestCentral
DefuIndustrialPark Tyersall DefuIndustrialPark
GreenwoodPark GreenwoodPark
YishunCentral Woodgrove
ChangiWest ChangiWest
LoyangEast LoyangEast
