BukitBatokEast LeonieHill Sembawang JooKoon SimpangNorth Bendemeer NeeSoon AirportRoad Tyersall Hillcrest TanjongPagar CityHall Springleaf SwissClub Frankel Tengeh Safti LowerSeletar DowntownCore Gombak Redhill RobertsonQuay Sudong SungeiRoad Simei BukitBatokEast 
20
Frankel Frankel
SungeiRoad SungeiRoad
Simei Simei
Redhill Redhill PearlsHill
Safti GaliBatuMandai Safti
Tengeh Tengeh GhimMoh
BukitBatokEast RiverValley TiongBahruStation
SimpangNorth SimpangNorth
NeeSoon NeeSoon ChoaChuKang
JooKoon JooKoon
DowntownCore DowntownCore
SwissClub SwissClub
Hillcrest Hillcrest
LowerSeletar LowerSeletar
LeonieHill LeonieHill
Sudong Sudong
TanjongPagar TanjongPagar
Tyersall Tyersall
CityHall CityHall
Sembawang Sembawang
