139 176 105 84 18 134 186 122 91 75 148 128 27 188 109 37 144 142 22 125 131 31 198 147 77 123 152 32 47 96 145 158 13 30 21 78 9 184 64 101 25 111 153 106 1 178 8 157 114 79 182 60 7 74 58 156 39 173 48 141 191 187 108 57 130 112 41 44 161 95 5 82 69 72 2 98 172 16 26 71 35 65 81 67 33 104 138 89 119 146 23 118 15 14 43 46 113 189 127 11 85 139 
99
189 189
106 106
77 77
91 91
142 142
47 47
146 146
84 84
125 125
85 85
112 112
23 23
101 101
8 8
198 198
11 11
81 81
18 18
152 152
74 74
43 43
173 173
15 15
5 5
64 64
78 78
176 176
127 127
184 184
187 187
141 141
71 71
1 1
60 60
65 65
2 2
72 72
111 111
113 113
123 123
109 109
188 188
9 9
95 95
57 57
48 48
108 108
153 153
14 14
79 79
33 33
144 144
191 191
114 114
13 13
58 58
148 148 165
16 16
30 30
32 32
158 158
147 147
39 39
182 182
82 82
128 128
98 98
134 134
27 27
31 31
35 35
119 119
96 96
138 138
104 104
131 131
22 22
122 122
161 161
41 41
178 178
157 157
7 7
67 67
118 118
156 156
21 21
25 25
130 130
105 105
69 69
37 37
89 89
145 145
75 75
44 44
186 186
26 26
172 172
