Qwilfish Tropius Shellos Magmar Volcarona Vullaby Drapion Lotad Skorupi Munna Swadloon Tauros Wailord Plusle Weezing Vespiquen Shellder Bastiodon Seaking Nincada Comfey Magnemite Weepinbell Escavalier Woobat Tsareena Whismur Stufful Amoonguss Crawdaunt Porygon2 Meloetta Inkay Slurpuff Metang Steenee Jumpluff Metapod Noibat Simisear Sandile Drampa Qwilfish 
41
Volcarona Volcarona
Meloetta Meloetta
Lotad Gengar Lotad
Whismur Whismur Bounsweet
Qwilfish Qwilfish
Simisear Simisear
Metapod Metapod
Woobat Woobat
Sandile Sandile
Steenee Steenee
Nincada Nincada
Swadloon Swadloon
Tauros Tauros Kakuna
Drapion Drapion Taillow
Tropius Scatterbug
Vullaby Vullaby
Porygon2 Porygon2
Escavalier Escavalier
Vespiquen Vespiquen
Crawdaunt Crawdaunt
Seaking Seaking Treecko
Magnemite Magnemite Froakie
Magmar Magmar
Munna Munna
Skorupi Skorupi Honedge Skiddo
Stufful Stufful Conkeldurr
Bastiodon Bastiodon
Noibat Noibat
Weezing Weezing
Metang Metang
Weepinbell Weepinbell
Drampa Drampa
Slurpuff Slurpuff
Plusle Plusle
Shellder Shellder
Inkay Inkay
Shellos Shellos
Amoonguss Amoonguss
Wailord Wailord
Comfey Comfey
Jumpluff Jumpluff
