Latias Toxicroak Elgyem Charmeleon Vibrava Primeape Raticate Unown Jigglypuff Noivern Infernape Staryu Darumaka Luvdisc Petilil Aggron Relicanth Exeggutor Wurmple Dartrix Latias 
18
Raticate Raticate
Noivern Talonflame Noivern Reshiram Palkia
Petilil Petilil
Latias Shelgon
Charmeleon Charmeleon Golisopod
Wurmple Wurmple Bounsweet
Jigglypuff Jigglypuff
Toxicroak Toxicroak
Primeape Primeape
Infernape Infernape Scolipede
Unown Magearna
Dartrix Dartrix Keldeo
Staryu Staryu
Elgyem Elgyem
Exeggutor Exeggutor
Luvdisc Luvdisc
Relicanth Relicanth
Vibrava Vibrava
