Soda EtcheverryHall WicksonNaturalArea Emeryville SproulPlaza AnthonyHall VLSB BarkerHall PimentelHall CalvinLaboratory HearstGreekTheatre GilmanHall GoldmanField WheelerHall KroeberHall WestCircle HertzHall Unit1 BancroftLibrary EastGate ChouHall StadiumRimWay HearstMiningCircle WursterHall Fairfield SanRafael Albany Unit3 Hayward Saratoga BlumHall Cory Piedmont NorthGateHall DonnerLab LewisHall BarrowsHall Oakley Orinda GiauqueHall Alameda LowerSproulPlaza Pacifica IshiCourt Benicia ZellerbachPlayhouse MulfordHall ZellerbachHall WellmanHall SternHall MLK Healdsburg SutardjaDaiHall EvansHall FoundersRock MinorHallAddition StHelena KleebergerFieldHouse SatherTower Pittsburg SimonHall MartinezCommons Soda 
61
SutardjaDaiHall Campanile Insectary
GiauqueHall GiauqueHall
SimonHall ClearyHall Pinole
IshiCourt IshiCourt ClarkKerrCampus SanPablo
Fairfield Fairfield
StadiumRimWay StadiumRimWay
LowerSproulPlaza LowerSproulPlaza
ZellerbachPlayhouse ZellerbachPlayhouse
SatherTower SatherTower
ZellerbachHall ZellerbachHall
AnthonyHall AnthonyHall
Healdsburg Healdsburg
DonnerLab DonnerLab
Saratoga Saratoga
EtcheverryHall EtcheverryHall
NorthGateHall NorthGateHall HargroveMusicLibrary
MLK Brisbane WomenFacultyClub
ChouHall Belmont ChouHall
HearstMiningCircle HearstMiningCircle
PimentelHall PimentelHall
BancroftLibrary BancroftLibrary
KroeberHall KroeberHall
KleebergerFieldHouse KleebergerFieldHouse
Oakley Oakley
GilmanHall GilmanHall
SternHall SternHall
WheelerHall WheelerHall
WestCircle WestCircle
HertzHall HertzHall
LewisHall LewisHall
GoldmanField GoldmanField
EvansHall EvansHall SanRamon
MartinezCommons MartinezCommons
Unit1 Unit1
HearstGreekTheatre HearstGreekTheatre
Pittsburg Pittsburg
FoundersRock FoundersRock
EastGate EastGate
Pacifica Pacifica Hillsborough
Benicia Benicia
Piedmont Piedmont
Cory Cory
MinorHallAddition MinorHallAddition
Orinda Orinda
Alameda Alameda
Hayward Hayward
Albany Albany
WursterHall WursterHall
BlumHall BlumHall
Emeryville Emeryville
WellmanHall WellmanHall
BarkerHall BarkerHall
WicksonNaturalArea WicksonNaturalArea
StHelena StHelena
SanRafael SanRafael
SproulPlaza SproulPlaza
VLSB FrankSchlessingerWay
BarrowsHall WestGate
CalvinLaboratory CalvinLaboratory
Unit3 Unit3
MulfordHall MulfordHall
