BerkeleyArtMuseumand LawSchool ArchitectsEngineersA CareerCenter WarrenHall ChancellorsEsplanade HaasSchoolofBusiness McConeHall AnthonyHall BarrowsHall LiKaShingCenter BancroftDanceStudio HavilandHall KoshlandHall NorthField MariesHouse AcademicInnovationSt InsectaryGreenhouse SimpsonCenterforStud LatinAmericanStudies PacificFilmArchiveBe ObservatoryHill CoryHall EvansHall MosesHall UpperHearstParkingSt CheitHall HearstMemorialMining LeConteHall ClarkKerrCampus FacultyClub HenryHWheelerBrainIm CesarEChavezStudentC GianniniHall EdwardsTrackStadiumG InvestigativeReporti ZellerbachHall NaturalResourcesLabo MagnesCollectionofJe MaxwellFamilyFieldan SimonHall Unit1ResidentHall InternationalHouse LowerHearstParkingSt FoxCottage2350Bowdit EastAsianStudiesInst WellmanHall AHammock BanwayBuilding CaliforniaHall ManvilleHall BowlesHall EnergyBiosciencesBui GoldmanField MartinezCommons MathematicalSciences KoretVisitorCenter LawrenceBerkeleyNati EllsworthParkingStru GraduateTheologicalU StanleyHall UniversityHealthServ GolbousPlace SutardjaDaiHall Sebastians FacultyGlade McLaughlinHall MorrisonHall PublicAffairsOfficeo AlumniHouse Library Demography EvansDiamond IRLE UniversityHouse LawrenceHallofScienc MulfordHall SpiekerAquaticsCompl FallProgramforFreshm SatherTower BancroftLibrary BerkeleyArtMuseumand 
81
FoxCottage2350Bowdit FoxCottage2350Bowdit
MartinezCommons MartinezCommons
FallProgramforFreshm FallProgramforFreshm
AnthonyHall AnthonyHall
GoldmanField GoldmanField
SimpsonCenterforStud SimpsonCenterforStud
PublicAffairsOfficeo PublicAffairsOfficeo
BowlesHall BowlesHall
BancroftLibrary BancroftLibrary
McConeHall McConeHall
CesarEChavezStudentC CesarEChavezStudentC
LeConteHall LeConteHall
MaxwellFamilyFieldan MaxwellFamilyFieldan
KoshlandHall KoshlandHall
GianniniHall GianniniHall
BancroftDanceStudio BancroftDanceStudio
CareerCenter CareerCenter
HavilandHall HavilandHall
MariesHouse MariesHouse
SutardjaDaiHall SutardjaDaiHall
ObservatoryHill ObservatoryHill
KoretVisitorCenter KoretVisitorCenter
StanleyHall StanleyHall
Demography Demography
HearstMemorialMining HearstMemorialMining
AlumniHouse AlumniHouse
EnergyBiosciencesBui EnergyBiosciencesBui
PacificFilmArchiveBe PacificFilmArchiveBe
NorthField NorthField
ArchitectsEngineersA ArchitectsEngineersA
InsectaryGreenhouse InsectaryGreenhouse
BanwayBuilding BanwayBuilding
MulfordHall MulfordHall
MagnesCollectionofJe MagnesCollectionofJe
FacultyGlade FacultyGlade
WarrenHall WarrenHall
GraduateTheologicalU GraduateTheologicalU
SpiekerAquaticsCompl SpiekerAquaticsCompl
MosesHall MosesHall
EvansHall EvansHall
ManvilleHall ManvilleHall
BarrowsHall BarrowsHall
EvansDiamond EvansDiamond
HaasSchoolofBusiness HaasSchoolofBusiness
EdwardsTrackStadiumG EdwardsTrackStadiumG
BerkeleyArtMuseumand LegendsAquaticCenter BerkeleyArtMuseumand
FacultyClub FacultyClub
InternationalHouse InternationalHouse
MathematicalSciences MathematicalSciences
GolbousPlace GolbousPlace
LawSchool LawSchool
LatinAmericanStudies LatinAmericanStudies
IRLE IRLE
EastAsianStudiesInst EastAsianStudiesInst
Unit1ResidentHall Unit1ResidentHall
UniversityHouse UniversityHouse
CaliforniaHall CaliforniaHall
SimonHall SimonHall
ClarkKerrCampus ClarkKerrCampus
MorrisonHall MorrisonHall
EllsworthParkingStru EllsworthParkingStru
NaturalResourcesLabo NaturalResourcesLabo
Sebastians Sebastians
CheitHall CheitHall
LawrenceHallofScienc LawrenceHallofScienc
LawrenceBerkeleyNati LawrenceBerkeleyNati
McLaughlinHall McLaughlinHall
Library Library
LiKaShingCenter LiKaShingCenter
WellmanHall WellmanHall
CoryHall CoryHall
SatherTower SatherTower
ZellerbachHall ZellerbachHall
AHammock AHammock
UpperHearstParkingSt UpperHearstParkingSt
InvestigativeReporti InvestigativeReporti
LowerHearstParkingSt LowerHearstParkingSt
AcademicInnovationSt AcademicInnovationSt
ChancellorsEsplanade ChancellorsEsplanade
HenryHWheelerBrainIm HenryHWheelerBrainIm
UniversityHealthServ UniversityHealthServ
