LegendsAquaticCenter DurantHall GolbousPlace EucalyptusGrove LewisHall SodaHall EllsworthParkingStru StarrEastAsianLibrar NorthField InvestigativeReporti SatherTower LawSchool SoutheastAsianStudie GoldmanField LevineFrickeSoftball LeConteHall NorthGateHall CITRIS MemorialGlade ValleyLifeSciencesBu LegendsAquaticCenter 
20
EllsworthParkingStru EllsworthParkingStru
DurantHall DurantHall
LawSchool LawSchool
CITRIS CITRIS
NorthField NorthField
InvestigativeReporti InvestigativeReporti
LevineFrickeSoftball LevineFrickeSoftball
LegendsAquaticCenter LegendsAquaticCenter
GolbousPlace GolbousPlace
LeConteHall LeConteHall
SodaHall SodaHall
ValleyLifeSciencesBu ValleyLifeSciencesBu
NorthGateHall NorthGateHall
LewisHall LewisHall
MemorialGlade MemorialGlade
SatherTower SatherTower
EucalyptusGrove EucalyptusGrove
StarrEastAsianLibrar StarrEastAsianLibrar
GoldmanField GoldmanField
SoutheastAsianStudie SoutheastAsianStudie
