L16 L73 L58 L18 L110 L53 L1 L130 L19 L95 L152 L106 L35 L88 L118 L11 L89 L13 L76 L38 L134 L74 L100 L55 L67 L46 L70 L77 L131 L45 L47 L146 L44 L116 L8 L84 L114 L79 L0 L120 L128 L91 L43 L52 L28 L12 L87 L150 L151 L126 L104 L142 L75 L119 L90 L40 L143 L4 L149 L63 L103 L133 L147 L21 L94 L22 L7 L24 L121 L62 L124 L6 L29 L16 
65
L4 L4
L106 L106
L7 L7
L62 L62 L82
L134 L125 L134
L94 L78 L85 L94
L95 L95
L131 L131 L141
L12 L83 L12
L119 L119 L80 L72
L29 L29
L146 L146
L114 L114 L140
L89 L89
L104 L104 L9
L91 L91
L18 L18 L5
L133 L144 L133 L68
L120 L20 L129
L130 L130
L150 L150
L126 L126
L16 L16
L24 L24
L90 L92 L90
L100 L100
L75 L75
L43 L43
L35 L35
L79 L79
L13 L139
L84 L56 L84
L6 L93
L87 L87
L22 L153 L22
L76 L76
L74 L74
L116 L2 L101
L103 L103
L73 L138 L99
L21 L109 L21
L40 L40
L28 L28
L77 L77
L149 L149
L53 L53
L143 L143 L65
L142 L142
L151 L151
L52 L52
L38 L38
L118 L107
L63 L27 L61 L63
L11 L11
L70 L70
L46 L145
L1 L1
L67 L67
L110 L110
L47 L47
L128 L128
L8 L8
L124 L124
L147 L147
L152 L152
