1 153 81 40 99 95 160 27 155 29 6 165 34 159 84 161 148 137 60 180 151 92 28 13 178 52 35 53 100 164 117 149 121 183 14 45 93 152 120 57 147 44 191 181 68 94 114 118 188 67 36 78 42 132 76 126 17 20 119 197 87 127 70 7 129 89 9 131 16 184 59 182 139 91 167 21 112 108 192 122 32 77 163 172 186 79 143 65 176 116 64 25 12 142 123 74 2 97 3 11 140 190 170 1 
100
151 151
119 119
2 2
74 74
147 147
112 112
16 16
160 160
59 59
163 163
140 140
57 57
12 12
53 53
143 143
27 27
36 36
182 182
97 97
95 95
192 192
7 7
78 78
126 126
29 29
32 32
129 129
139 139
42 42
127 127
13 13
183 183
167 167
70 70
181 181
14 14
186 186
89 89
153 153
45 45
142 142
87 87
184 184
60 60
123 123
170 170
76 76
118 118
21 21
165 165
68 68
108 108
11 11
114 114
17 17
3 3
197 197
100 100
6 6
52 52
149 149
132 132
35 35
79 79
176 176
137 137
40 40
180 180
9 9
64 64
161 161
117 117
20 20
67 67
164 164
25 25
122 122
28 28
120 120
172 172
99 99
121 121
93 93
190 190
77 77
44 44
65 65
159 159
148 148
116 116
94 94
191 191
92 92
91 91
188 188
34 34
131 131
81 81
178 178
155 155
