187 48 63 195 199 70 45 32 185 162 68 7 110 179 36 87 164 78 172 144 52 161 77 107 77 2 30 173 190 169 149 6 12 152 106 108 21 90 79 114 146 69 39 160 44 180 154 97 54 89 189 80 194 165 33 56 35 53 19 157 159 58 126 184 92 101 127 82 123 148 150 133 131 109 22 71 181 124 128 102 175 117 140 65 183 73 142 18 67 47 13 59 37 42 88 153 86 156 187 
84
63 63
106 111 163
82 82
152 152
133 133
33 33
144 119 8
161 191 161 136
173 173 72 166
175 175
13 13
181 181
90 90
142 142
6 6
110 110
148 148
109 109
149 132
30 30
117 117
165 165
146 41 146
69 69 93 171
128 128
157 157 83
150 150
54 54 55
102 9
124 23 124
169 169
12 12
162 162
2 2
80 80
107 107
190 190
78 78
153 153 29
154 134 154
67 67 196
37 120
183 183
159 176
184 184
164 164
48 48
140 140
58 95 58
88 94
92 92
36 36
18 18
89 89
87 87
160 160
180 180
53 53
97 97
52 52
114 114
172 172
123 15
68 68
47 47
127 127
71 71
65 65
73 73
126 126
39 39
70 70
32 32
108 108
79 79
199 199
59 59
45 45
86 86
156 156
131 131
7 7
44 44
42 42
