location1 location178 location27 location108 location10 location69 location190 location24 location19 location93 location188 location118 location148 location5 location53 location44 location12 location128 location25 location15 location111 location152 location17 location57 location143 location186 location75 location139 location187 location146 location88 location35 location185 location103 location66 location11 location174 location136 location141 location98 location180 location13 location135 location16 location34 location18 location164 location160 location74 location172 location60 location184 location81 location91 location112 location82 location49 location3 location50 location110 location67 location182 location37 location151 location106 location168 location100 location84 location138 location157 location167 location158 location179 location64 location23 location46 location40 location94 location196 location86 location95 location70 location125 location96 location32 location163 location117 location58 location133 location169 location79 location127 location154 location165 location116 location8 location26 location20 location1 
78
location69 location69 location107
location35 location35
location106 location106
location16 location16
location20 location20 location56
location180 location180
location112 location97 location68
location158 location158 location28
location11 location11
location151 location177 location59
location25 location25
location118 location43 location118
location157 location157
location182 location182
location169 location169
location46 location123 location46
location82 location82
location110 location110 location142
location12 location12
location141 location105
location179 location179
location19 location92 location193
location57 location57
location37 location65 location37
location138 location6
location74 location74
location116 location116
location86 location195
location164 location164
location108 location108
location91 location91
location143 location143 location171
location49 location140 location49
location70 location2 location150
location188 location188
location133 location133
location196 location196
location165 location165
location184 location159 location184 location129
location96 location85 location96
location17 location17
location34 location197
location139 location139
location128 location128
location23 location149
location1 location90
location94 location130 location22 location94
location60 location199
location152 location152
location27 location27
location5 location5 location114
location146 location146
location100 location100 location33
location13 location13
location136 location136 location30
location163 location87
location93 location93
location32 location175 location32
location95 location95
location186 location186
location58 location58
location117 location181
location3 location3
location44 location44
location127 location127
location172 location172
location148 location148
location111 location111
location154 location154
location26 location26
location10 location10
location178 location178
location84 location109
location75 location75
location185 location185
location190 location190
location88 location161
location40 location40
