location1 location43 location26 location12 location32 location38 location27 location6 location13 location10 location49 location2 location9 location35 location23 location36 location11 location37 location42 location34 location46 location15 location39 location45 location5 location1 
21
location10 location10
location35 location31
location39 location17 location16 location39
location6 location6
location49 location49
location46 location46
location26 location26
location11 location11 location48
location36 location44
location38 location38
location12 location24 location12
location15 location15
location23 location23
location5 location5
location43 location14
location34 location28
location32 location32
location42 location42
location27 location27
location45 location33
location37 location37
