location1 location90 location38 location17 location10 location46 location56 location94 location45 location50 location58 location11 location30 location57 location43 location7 location35 location14 location96 location68 location66 location72 location60 location85 location23 location44 location42 location75 location89 location6 location54 location34 location19 location36 location21 location51 location92 location86 location28 location1 
34
location94 location94
location19 location19 location71
location56 location56
location10 location49 location10
location45 location99 location45
location35 location35
location23 location23 location47
location21 location21
location42 location59 location42
location6 location6
location96 location52
location34 location2
location38 location38
location50 location8 location48
location14 location80 location79
location30 location91 location30
location43 location43 location83
location17 location17
location11 location74
location57 location95 location57
location85 location78
location58 location58
location89 location89
location51 location51
location75 location75 location9
location46 location46
location54 location54 location53
location90 location90 location32
location36 location36 location29
location72 location72
location44 location44
location1 location31
location60 location77 location40 location3
location66 location66
