c5 t1 t0 q1 n4 i4 r9 d6 b5 o5 l4 o6 s1 j5 h6 d5 e2 g8 s9 r4 g4 t5 e5 q8 h2 n3 o7 b9 k1 t2 i0 g6 p7 b7 l1 a8 a1 b3 k6 o2 q5 g5 e0 g0 n5 i1 d4 b1 m0 p0 t7 f2 j6 r2 s4 h4 r7 h3 q3 s2 n6 h1 c4 g9 l0 f3 f5 j3 o8 p9 c8 k9 c3 j2 s3 l6 a4 a6 h5 g1 m7 r1 q0 m4 j7 a0 o0 h0 l3 t6 l8 t8 i5 n0 o4 g3 e1 e4 t9 c5 
98
e4 e4
s1 s1
h1 h1
s9 g7 s9
q1 q1
d4 d4
n3 n3
s4 s4
r9 r9
i1 i1
g8 s7 g8
o0 o0
b1 b1
f5 f5
h3 h3
g9 g9
h6 h6
r1 r1
t6 t6
n6 n6
d5 d5
b7 b7
g3 g3
r4 r4
d6 d6
t7 t7
i4 i4
l6 l6
b3 b3
a0 a0
g1 g1
n0 n0
l3 l3
j5 j5
o4 o4
g4 g4
h0 h0
h2 h2
q8 q8
g5 g5
p0 p0
j7 j7
m0 m0
e1 e1
q5 q5
o7 o7
o5 o5
l0 l0
e0 e0
t5 t5
h4 h4
s2 s2
o6 o6
g0 g0
g6 g6
m4 m4
c8 c8
n5 a7
l8 l8
c3 c3
j3 j3
t0 t0
a8 a8
q0 q0
l4 l4
j2 j2
a1 a1
k6 k6
r2 r2
m7 m7
i0 i0
t1 t1
a6 a6
n4 n4
j6 j6
t2 t2
q3 q3
s3 s3
b5 b5
e2 e2
e5 e5
r7 r7
p7 p7
h5 h5
o2 o2
k1 k1
i5 i5
t8 t8
b9 f6
f2 f2
c4 c4
a4 a4
f3 f3
p9 p9
l1 l1
k9 k9
t9 t9
o8 o8
