According care According wings are too small get its fat little body off the The flies anyway flies The the off body little fat its get small too are wings According to all known laws of there is no way a bee should be should bee a way no is there of laws known all to According wings According care what humans think black and shake it up Breakfast Hang on Oan you believe this believe you Oan on Hang Breakfast up it shake and black think humans what care According 
20
According to
known known
of of
is is
way way
bee bee
be be Its
are are small
its its
little little
off off
The The
anyway anyway bees
what what
think think and
it it
Breakfast Breakfast
on on
you you
this this pick
