190 10 68 25 22 117 22 104 53 145 38 65 64 55 64 44 82 52 154 58 83 58 33 114 132 92 142 43 9 148 177 159 173 81 147 28 133 108 162 108 54 163 93 165 67 111 189 40 90 193 157 141 94 113 182 2 182 71 66 179 100 89 112 85 98 7 176 169 57 168 23 186 84 192 122 172 4 151 102 109 46 170 62 107 76 60 74 153 45 56 166 75 190 
68
165 165 136
60 60
193 146 139 193
148 185
141 141
52 138 52
104 104
55 55 36 34
192 192
176 176 21
186 188 186
151 29 181
142 1 142
179 11 179
166 166
113 123 113
108 3 69 108
54 50 54 32
62 62
9 118
168 168 103
182 182
117 117 30
172 172
109 109
82 61
112 112
94 94
33 33
177 177 101
2 2 99
190 135
145 137 121
147 27
83 129 83
133 133 156
10 10
4 47
162 162 95
153 5 153
76 76
40 40
38 38
85 149
57 57
92 92 106
23 23
163 163
100 100
66 66
169 169
71 71 195
22 22
56 56
132 132 152
102 198 102
45 45
84 84
46 46
44 44
93 93 116 164
67 67 8
173 173
114 114
111 111
68 68
189 189
65 65
