Loc1 Loc165 Loc121 Loc91 Loc72 Loc150 Loc36 Loc135 Loc18 Loc50 Loc174 Loc58 Loc199 Loc178 Loc66 Loc16 Loc175 Loc154 Loc82 Loc68 Loc99 Loc26 Loc79 Loc97 Loc161 Loc45 Loc180 Loc115 Loc6 Loc187 Loc160 Loc183 Loc172 Loc15 Loc136 Loc19 Loc76 Loc31 Loc192 Loc153 Loc33 Loc145 Loc188 Loc198 Loc8 Loc119 Loc164 Loc123 Loc2 Loc62 Loc78 Loc83 Loc60 Loc87 Loc157 Loc85 Loc128 Loc29 Loc112 Loc166 Loc114 Loc102 Loc130 Loc70 Loc194 Loc92 Loc106 Loc44 Loc110 Loc143 Loc4 Loc38 Loc122 Loc104 Loc127 Loc152 Loc171 Loc140 Loc39 Loc89 Loc63 Loc69 Loc51 Loc64 Loc3 Loc196 Loc111 Loc144 Loc131 Loc126 Loc12 Loc1 
85
Loc115 Loc115
Loc58 Loc58
Loc45 Loc45
Loc83 Loc83
Loc3 Loc3
Loc82 Loc82
Loc39 Loc39
Loc166 Loc166 Loc156
Loc172 Loc172
Loc127 Loc127 Loc28
Loc160 Loc113 Loc160
Loc164 Loc164 Loc55 Loc155
Loc136 Loc59
Loc130 Loc130
Loc199 Loc199
Loc4 Loc4
Loc126 Loc126
Loc97 Loc97 Loc73
Loc165 Loc5 Loc37
Loc110 Loc110
Loc44 Loc44
Loc150 Loc150
Loc99 Loc99
Loc145 Loc145
Loc106 Loc106
Loc198 Loc198
Loc161 Loc117 Loc161
Loc104 Loc104
Loc6 Loc6
Loc51 Loc51 Loc177
Loc111 Loc111
Loc72 Loc72 Loc98
Loc102 Loc102
Loc196 Loc196 Loc169
Loc36 Loc13 Loc36
Loc92 Loc92
Loc180 Loc180
Loc171 Loc171
Loc188 Loc188
Loc60 Loc60 Loc186
Loc29 Loc29 Loc132
Loc122 Loc122
Loc70 Loc70
Loc64 Loc64
Loc135 Loc135
Loc26 Loc26
Loc87 Loc87
Loc66 Loc66
Loc131 Loc131
Loc178 Loc178
Loc152 Loc152
Loc38 Loc167 Loc38
Loc68 Loc68
Loc194 Loc194
Loc19 Loc19
Loc16 Loc22
Loc91 Loc91
Loc12 Loc12
Loc76 Loc76
Loc157 Loc157
Loc192 Loc192
Loc85 Loc85
Loc144 Loc144
Loc62 Loc62
Loc15 Loc15
Loc119 Loc119
Loc33 Loc33
Loc112 Loc112
Loc175 Loc175
Loc63 Loc63
Loc8 Loc8
Loc18 Loc18
Loc154 Loc154
Loc187 Loc187
Loc121 Loc121
Loc123 Loc123
Loc183 Loc183
Loc128 Loc128
Loc153 Loc153
Loc1 Loc1
Loc89 Loc89
Loc50 Loc50
Loc69 Loc69
Loc31 Loc31
Loc114 Loc114
