114 49 170 102 174 150 166 188 81 100 98 67 91 28 85 62 108 51 95 53 187 135 93 171 127 165 111 115 37 5 195 196 134 177 194 32 24 179 17 147 167 96 7 3 4 84 38 87 169 146 183 176 130 16 54 132 70 125 124 31 14 33 48 15 43 59 131 42 112 181 109 75 117 1 35 149 45 164 154 129 92 47 26 18 63 133 10 25 191 0 173 175 74 119 161 78 114 
88
16 16
174 174 94
183 183
78 78
188 188
85 199
102 102
181 21 148 66 181
167 167
75 75
191 191
170 170
51 51
175 175
3 103 3
7 7
166 166
42 42
81 182 81
49 49
111 111
196 196
132 12
33 33
24 24
26 26
146 146
43 197 43
4 4
63 63
70 70
10 10
154 154
127 127 155
0 0 29
37 37
15 15
195 195
173 173
112 112 105
169 169
133 133
131 131
171 171
1 1
28 28
149 149
187 187
98 98
117 117
18 18
67 67
92 92
147 147
35 35
165 69
135 135
74 74
100 100
84 84
96 96
95 95
108 108
115 115
25 76
91 91
161 161
31 31
14 14
62 62
109 109
114 114
5 41 5
93 93
176 176
59 89 59
17 36
177 177
124 124
53 53
119 119
32 32
87 87
134 134
150 150
164 164
38 38
47 47
