gc bl an ft fo fd gh gn bs bc by p cs cl ee cj el bi cv ey fn bb ap bx ad cq gj di gi d dh en ae dq aw h dj gg dp do fi bj ge cy fa fy db az cn g br er go ck ep cd am cr cp j bv df et bn b dc dn ai v gq bu fg eg es a c e ff fk fq dx ga du dw fr gm dg u ds fw dy ab cm q co as ac em gk gc 
93
d d
cm cm
bc ah bc
cs cs
gn gn
dy dy
fd fd
er er
ds ds
bj bj
cy eq
q q
fi fi
ep ep
an an
br br
j j
a at a
bb bt bb
fy fy cg
dg dg
ad ad
fn fn
c bq
ap ap
dc cz
gg gg
az az
dq dq bp
gi gi
et et
dn dn
as as
do do
di di
u u
fw fw
fo fo
am am
bi bi
ac ac
cn cn
aw aw
dp dp
ab ab
en en
by by
cq cq
fr fr
ey ey
cv ao cv
g g
ee ee
ae ae
co co
ck ck
gj gj
dx dx
ga ga
ff ff
e fe e
bx bx
gh gh
go go
bv bv
em em
ft ft
p p
fg y
es es
el el
db db
dh dh
cj cj
ai ai
bl bl
fk fk
fq fq
cr cr
gq gq
dj dj
gk gk
cl cl
df fh
v v
fa fa
cp cp
b b
bn bn
ge ge
dw dw
gm gm
bu bu
