Liam Isaiah Joseph Mateo Sebastian David Theodore Nicholas Jordan Roman Maverick Cooper Adrian Elijah Aiden William Logan Christian Luke Noah Lucas Eli Dominic Carter Benjamin Sawyer Jose Owen Dylan Thomas Ezra Michael Jaxson Brayden Adam Jayden Mason Alexander Mateo Joseph Isaiah Liam 
28
Liam Liam
Noah Noah
William William
Thomas James
Logan Logan
Benjamin Benjamin
Mason Mason
Elijah Elijah
Dominic Oliver
Roman Jacob
Lucas Lucas
Michael Michael
Alexander Alexander
Brayden Ethan Samuel
Isaiah Daniel
Cooper Matthew
Aiden Aiden
Adam Henry
Joseph Joseph
Eli Jackson Wyatt
Sebastian Sebastian
David David
Carter Carter
Jayden Jayden
Sawyer John
Owen Owen
Dylan Dylan
Luke Luke
