Liam Jordan Jack Joshua Lucas Noah Maverick Noah Brandon Kingston Miles Nolan Elijah Adrian Harrison Jaxson Angel Anthony Maxwell Grayson Elliot Jasper Connor Nathan Kevin John Matthew King Jaxon Benjamin Jameson Matteo Julian Josiah Justin Kai Brantley Brayden Declan Dawson Gael Wyatt Gael Emmanuel Samuel Eric Messiah Zion Hayden Bennett Landon William Beau Dean Patrick Oliver Andrew Dylan Lincoln Chase Aaron Amir Miguel Mateo Aiden Richard Aiden Tucker Charles Tucker Colton Adam Malachi Bryson Malachi Henry Jayce Gabriel Cameron Caleb Nicholas Daniel Kaiden Maddox Ezekiel Ezra Jose Ashton Grant Antonio Kaleb Isaac James Steven Hunter Zachary Jude Evan Liam 
67
Liam Liam
Noah Noah
William William
James James
Nolan Logan Ryan Nolan
Benjamin Benjamin
Charles Mason Charles
Elijah Elijah
Oliver Oliver
Kevin Jacob
Lucas Lucas
Aaron Michael Aaron
Grayson Alexander Grayson
Brantley Ethan
Daniel Daniel
Matthew Matthew
Aiden Aiden
Henry Henry
Jude Joseph Theodore Jace
Ezra Jackson Ezra
Samuel Samuel
Wyatt Sebastian Wyatt
Elliot David
Caleb Carter Caleb
Maverick Jayden Maverick
John John
Antonio Owen
Dylan Dylan
Kingston Luke
Gabriel Gabriel Dominic
Anthony Anthony
Isaac Isaac
Jack Jack
Julian Julian
Dawson Levi Ian Parker
Kai Christopher Carson
Joshua Joshua
Andrew Andrew
Lincoln Lincoln
Mateo Mateo
Jaxon Jaxon
Nathan Nathan
Hunter Isaiah Thomas Hunter
Josiah Josiah
Zion Christian
Steven Eli Xavier
Richard Jonathan Easton
Connor Connor
Landon Landon
Adrian Adrian
Brayden Asher Brayden
Cameron Cameron
Bryson Leo Bryson
Ezekiel Jeremiah Ezekiel
Jameson Hudson
Kaleb Robert Elias
Nicholas Nicholas
Colton Colton
Angel Angel
Jordan Jordan
Hayden Austin
Adam Adam
Jaxson Jaxson
Eric Greyson
Jose Jose
Evan Evan
Grant Cooper
