LOC16 LOC52 LOC70 LOC6 LOC97 LOC98 LOC56 LOC48 LOC61 LOC85 LOC9 LOC33 LOC44 LOC62 LOC93 LOC76 LOC91 LOC8 LOC77 LOC95 LOC80 LOC45 LOC63 LOC47 LOC4 LOC26 LOC36 LOC51 LOC73 LOC90 LOC34 LOC12 LOC34 LOC82 LOC37 LOC59 LOC25 LOC46 LOC15 LOC18 LOC16 
31
LOC45 LOC45 LOC79 LOC50
LOC18 LOC18 LOC22 LOC57
LOC8 LOC17
LOC52 LOC52
LOC25 LOC25
LOC70 LOC70
LOC47 LOC47
LOC56 LOC23 LOC56
LOC26 LOC26
LOC44 LOC96
LOC46 LOC46
LOC51 LOC3
LOC15 LOC15
LOC98 LOC98
LOC9 LOC9
LOC97 LOC97
LOC82 LOC82 LOC28
LOC12 LOC81 LOC12
LOC62 LOC62 LOC89
LOC59 LOC53 LOC59
LOC95 LOC95
LOC36 LOC36
LOC85 LOC85
LOC61 LOC61 LOC31
LOC33 LOC33
LOC91 LOC43 LOC78
LOC73 LOC73 LOC99
LOC90 LOC90 LOC20
LOC37 LOC37
LOC4 LOC4
LOC76 LOC29
