zero seven fourteen eight fifteen sixteen seventeen eighteen twentyfive thirtytwo thirtyone thirtyeight fortyfive fortysix fortyseven forty fortyone thirtyfour twentyseven twenty nineteen twelve thirteen six five zero 
22
zero three
five five
six six
seven seven
eight nine
twelve eleven twelve
thirteen thirteen
fourteen fourteen
fifteen fifteen
sixteen sixteen
eighteen eighteen
nineteen nineteen
twenty twenty
twentyfive twentyfive
thirtyone thirtyone
thirtytwo thirtytwo
thirtyfour thirtyfour thirtyfive
thirtyeight thirtyseven thirtyeight
forty forty
fortyone fortytwo
fortyfive fortyfive
fortysix fortysix
