zero two three ten seventeen twentyfour twentythree thirty twentynine thirtysix thirtyseven fortyfour fortyfive fiftytwo fiftyone fifty fiftyseven sixtythree seventy seventyseven eightyfour eightythree ninety eightynine eightyeight eightyseven eighty eightyone eightytwo seventyfive sixtyeight sixtyseven sixtysix fiftynine sixty sixtyone sixtytwo fiftyfive fortyeight fortyseven forty thirtythree thirtyfour twentyseven twenty thirteen twelve five six zero 
44
two two
three three
zero four
five five
six six
ten ten
twelve twelve
thirteen fourteen
seventeen fifteen
twenty twenty
twentythree twentytwo
twentyfour twentyfour twentyfive
twentynine twentynine thirtyfive
thirty thirty
thirtythree thirtythree
thirtyfour thirtyfour
thirtysix thirtysix
thirtyseven thirtyseven
forty thirtynine
fortyfour fortyfour
fortyfive fortyfive
fortyseven fortyseven
fortyeight fortyeight
fifty fifty
fiftyone fiftyone
fiftytwo fiftythree
fiftyfive fiftyfive
fiftyseven fiftyseven
sixty sixty
sixtyone sixtyone
sixtytwo sixtytwo
sixtysix sixtyfive sixtysix
sixtyseven sixtyseven
sixtyeight sixtyeight
seventy seventy
seventyseven seventyone seventyseven
seventyfive seventyfive
eightyfour seventyeight eightyfour
eighty seventynine
eightyone eightyone
eightytwo eightytwo
eightyseven eightyseven
eightyeight eightyeight ninetyfive
eightynine eightynine
