0 20 79 12 36 105 27 97 76 153 65 56 24 100 96 21 52 71 58 39 18 72 68 37 26 41 30 55 193 80 54 25 38 14 188 77 49 1 91 40 57 8 10 88 3 95 122 73 170 47 35 42 99 32 158 51 6 103 31 5 179 48 179 34 176 29 75 11 85 144 28 84 28 90 189 177 33 17 13 190 115 59 89 182 92 150 15 86 106 109 0 
74
176 66 45
31 31 4
26 93 26
36 36
52 74 52
59 59
72 22 72
99 99
75 62 75
144 43 94
41 41 69
77 77
153 50 19
58 58 81
76 60 76 7
15 15
49 49
95 95
1 1 61
189 44 83
18 18
96 96 16
37 37
105 67
79 79
38 38
92 92
29 29
71 71
27 27
73 73 64
28 28
34 34
17 17
5 63 2 5
0 0
47 47 87
97 97
40 40
84 84 9
20 20 53
85 85
80 80
90 98 90
48 46 48
6 78 6
30 30
89 89
57 57
35 35
68 23 68
11 82 11
32 32
25 25
91 91
54 54
10 10
56 56
55 55
33 33
86 86
51 51
8 8
24 24
182 70
12 12
14 14
39 39
65 65
42 42
3 3
21 21
13 13
88 88
