F1E81B DD07FF 6C010A 8417C8 CDC6D4 770D1A 17779E FFFD4B 573788 2334E8 851F90 D1967A 3B4B53 E3C2C9 8015E0 29D5D7 E33276 1111F7 D4A75D 124C90 612FAA 8BFCAC 1D21D3 6825D4 93EBE3 06C557 A014A0 D8AAF4 8F17C0 D8AAF4 A014A0 5F4E43 6B622D C45E71 1B337D A9F1B8 EB8E2E 2CA4AD C4303B 1EC224 5BB557 90451D CEAC59 C953A6 14B430 E80628 13A782 8F495E 0CBC31 5D0E2E B47658 D6CC7A 846159 20EAE7 ABD8FE 783751 D2BE39 490F1E 77A0B5 94A561 112AE7 BB4908 E5E6C0 C9AF85 9096DB 36590B 53C6C8 7829D7 CF668A 614224 FFEEBD 7BE8A9 B27903 AEFF96 DCE144 205E5C 8B519F 2595F1 94941B 4A5708 086D53 10520F 191510 6B4619 CC9C14 A1F104 0F5860 002274 C3B3E7 91A0DC 82A1F6 E0BEFC EC4D08 B7F75A 6CAF46 6B644E 813B05 396D53 462226 EE2A22 79BC3D B69F55 1F842B 7E78F3 0C73D8 86493E 4B3F8A 230A7C 85D6DB 7D997B F1E81B 
85
573788 573788
29D5D7 29D5D7
8015E0 8015E0
17779E 17779E
002274 D337F2
CEAC59 CEAC59
6825D4 AE4A01 239994
D1967A D1967A
B47658 B47658
230A7C 230A7C
1F842B 1F842B
82A1F6 47FACD
10520F C3EF62
0C73D8 E81014 4CAD30
A1F104 A1F104
A9F1B8 52C88C 5C7062
E5E6C0 E5E6C0
1111F7 6B340B 6966D7
B69F55 2CCB19 B69F55
AEFF96 AEFF96 36C862
851F90 851F90
8BFCAC 8BFCAC
7D997B E51A66
396D53 396D53
9096DB 9096DB
EB8E2E 596CF6 14994D
8F495E 8F495E
1EC224 4099A6 293D59
086D53 F33196 61199E
FFEEBD FFEEBD
614224 614224
94A561 94A561
191510 305D33
BB4908 C18C9B BB4908
8F17C0 151BC9 8F17C0
93EBE3 93EBE3
C9AF85 C9AF85
6B622D 6B622D
783751 783751
CC9C14 CC9C14
36590B 66048A 36590B
770D1A 770D1A
20EAE7 20EAE7
5D0E2E 6E313C 2BF7B5
E80628 E80628
EE2A22 4B97F1 59843B
0CBC31 0CBC31
2595F1 8B6C2F
0F5860 0F5860
6CAF46 685D1A
DD07FF 1E1095
C45E71 4A28BA
5BB557 5BB557
90451D 90451D
5F4E43 5F4E43
C4303B C4303B
8B519F 8B519F
7829D7 7829D7
B7F75A B7F75A
846159 6D51F4
91A0DC 2FEDFB
813B05 813B05
8417C8 8417C8
DCE144 DCE144
D4A75D D4A75D
7E78F3 7E78F3
E0BEFC 28F6D1
1B337D 7E1C6C
1D21D3 8EBF8A
F1E81B F1E81B
C3B3E7 C3B3E7
3B4B53 3B4B53
D6CC7A D6CC7A
86493E 86493E
85D6DB 85D6DB 63361A
4A5708 4A5708
490F1E 490F1E
FFFD4B FFFD4B
205E5C BB40E6
2334E8 DE6899
14B430 14B430
E3C2C9 E3C2C9
77A0B5 77A0B5
124C90 124C90
ABD8FE ABD8FE
