188645 C0766C 7E5598 0FBCDC 7E5598 3B1041 3AA8C5 EF4D57 EDC0CA 657F93 0D7DE7 467AB7 724A76 29B2A4 70146D EC05F7 D27DC1 6D778A 36D08C 567883 C98FE7 E09D29 61EDA9 35F60D 2C101C 35F60D 61EDA9 3ADA02 94D700 DBDC9A A5CCB5 35FF16 500783 298FDD FF8D45 ACB11D D01E6B 7BF2B5 37F745 8D0852 D443EB 0801CC 1276AF B3243F 628AB2 D04F40 9B9BDD 2F1AB5 2EA2EE FA567E 0FB66D 188645 
39
2EA2EE 84EBFF
EC05F7 FD1783 539A92
0801CC 19FFAB 9B0EC2
29B2A4 29B2A4
DBDC9A DBDC9A A7E9D9 994F93
500783 500783
94D700 94D700
467AB7 467AB7
188645 188645
2C101C CB09C0 2C101C
35F60D AA8E14 4FBDE1 DD2694
D443EB D7CAF9 D443EB
1276AF 48C2D5 1276AF
0D7DE7 E954F7
D01E6B D01E6B
35FF16 800641
C98FE7 C98FE7
7BF2B5 784F83
0FBCDC 0A5C0E 0FBCDC
9B9BDD 9B9BDD
C0766C 07D80A
724A76 724A76
6D778A 6D778A
FA567E B833F0
657F93 B7B073
D04F40 D04F40
3B1041 3B1041
8D0852 8D0852
E09D29 E09D29
0FB66D 0FB66D
3ADA02 D5356A 3ADA02
7E5598 AFF8D1
628AB2 628AB2
FF8D45 FF8D45
A5CCB5 A5CCB5
EF4D57 EF4D57
70146D 7E18E9
567883 44716B
37F745 37F745
