context bedroom farmer bread thanks bit soil ability state care attempt fat interaction construction satisfaction store anxiety currency wood reality while departure aspect teaching road context 
25
care care
context context
while while
currency currency
reality reality
bedroom bedroom
wood wood
bit bit
ability ability
interaction interaction
farmer farmer
construction construction
teaching teaching
soil soil
state state
satisfaction satisfaction
store store
attempt attempt
departure departure
fat fat
thanks thanks
bread bread
anxiety anxiety
aspect aspect
road road
