S BK T A CC AC CK H AH V AD BR AA AW AS N Y AY Z J AQ L AF E AZ I AU C W B AR K CL CB CE Q AG AB AJ CT AE AN AM D U P AT O CV G CD F CM M AP R X AI S 
58
A A
B B
C C
D D
E E
F F
G G
H H
I I
J J
K K
L L
M M
N N
O O
P P
Q Q
R R
S S
T T
U U
V V
W W
X X
Y Y
Z Z
AA AA
AB AB
AC AC
AD AD
AE AE
AF AF
AG AG
AH AH
AI AI
AJ AJ
AW AK AL AO AV AW AX BA BB BC BD BE BF BG BH BI BJ BL BM BN BO BP BQ BS BT BU BV BW BX BY BZ CA CF CH CI CJ CN CO CP CQ CR CS CU CW
AM AM
AN AN
AP AP
AQ AQ
AR AR
AS AS
AT AT
AU AU
AY AY
AZ AZ
BK BK
BR BR
CB CB
CC CC
CD CD
CE CE
CK CK
CL CL
CM CM
CT CT
CV CV
