Bowles Mulford Latimer Edwards Easterly Edwards Latimer South Pimentel Stacks Pimentel Moses Wellman Sutardja Kah Gregoire Kresge Boalt VLSB LeConte Campanile Bongo Campanile Wurster McCone Spats Stonefire PiLambda PiAlphaPhi PiLambda Stonefire Spats McCone Wurster Campanile LeConte Stanley Campbell Stanley Cory Extension Cory Jacob Foothill Davis Hildebrand Davis Foothill Dwinelle Haas Crossroads Lawrence UCTheatre Lawrence Crossroads Haas Dwinelle HearstAnnex Dwinelle Foothill Haviland Morgan Haviland Foothill Jacob TopDog Starbucks Chipotle Starbucks TopDog Jacob Hertz CVStarr Unit3 CKerr Unit3 CVStarr Hertz Jacob Evan Blackwell Evan Moffitt Evan SigmaPhiOmega BearFoodCourt Hargrove Tan Warren Safeway Stebbins Greek Unit2 Wolf StrawberryCreek Wilde Bechtel Minor Memorial Maxwell Memorial Minor Bechtel Baker Strada RoseGarden Strada Baker Bechtel Birge Bowles Calvin Bowles 
50
Evan Evan
Foothill Foothill Unit1
Campbell Campbell Doe Koshland
Birge Birge
Campanile Campanile
Moses Moses Gypsys
VLSB VLSB NorthGate
Wellman Wellman
Mulford Mulford Crescent
HearstAnnex HearstAnnex Lothlorien
LeConte RSF ALS
Haas Haas Pavilion
Boalt Boalt
Wurster Wurster Zellerbach
Blackwell Blackwell GenPlantBio
Greek Greek
Maxwell Maxwell Barrows
Calvin Calvin Etcheverry Graduate
Sutardja Sutardja
Kresge Kresge PeoplesPark Castro
Hildebrand Hildebrand YogurtPark
Morgan Morgan Martinez
Baker Baker Simons Daiso
Unit2 Unit2 IndianRock
Unit3 Unit3
CKerr CKerr WayWest Ridge
Stacks Stacks Sherman
Bowles LaVals
Bongo Bongo ShengKee Cheeseboard
Memorial TacoBell AlphaSigmaPhi
Strada Strada
Edwards Edwards
Crossroads Crossroads
Davis Browns
Safeway Safeway
Latimer Rochdale
Moffitt Cloyne
Wilde Wilde
Wolf Wolf
Spats Spats
Chipotle Chipotle MFoundry
Extension Extension
UCTheatre UCTheatre NCEM
RoseGarden RoseGarden
StrawberryCreek StrawberryCreek
TopDog Barker GammaPhiBeta
Easterly Easterly
BearFoodCourt BearFoodCourt
PiLambda PiLambda
PiAlphaPhi PiAlphaPhi
