Wheeler Doe Campanile LeConte Birge Campbell Haviland Memorial McLaughlin Memorial Haviland Koshland Stonefire Haas Faculty FSM Baker McCone BigC Pavilion Simons Koja Simons Pavilion BigC Bongo FallRush Metropolitan Ippuku WayWest Cloyne Cafe3 Hearst Davis Kresge Normandy Cheit Soda Sather Soda Moffitt VLSB Etcheverry Latimer Stanley Foothill Stanley Latimer Evans Morrison Greek Bechtel Greek Lewis Kroeber Hertz Morrison Evans Wheeler 
25
Sather Martinez Barker Unit3 OCF
Hearst Hearst
Stonefire Stonefire
Simons Unit2
Koja Legends TriDelta
Metropolitan Metropolitan
WayWest Anthony Warren
Moffitt Moffitt
Haas Hargrove Haas
Wheeler Sproul Dwinelle
Birge Birge
Bechtel Bechtel Jacobs
Kroeber Boalt Kroeber
Morrison Morrison
Baker Baker Fiji
McCone CKerr
Pavilion PeoplePark
Koshland RSF
Cheit Cheit
Davis Davis
Cloyne Cloyne
Etcheverry Etcheverry
Foothill Foothill
Memorial IHouse
McLaughlin McLaughlin Moses
