86 120 186 139 47 20 38 130 3 54 114 93 58 116 78 76 111 113 182 100 68 35 187 10 9 13 109 5 98 148 95 57 70 175 32 181 143 25 140 167 71 61 51 18 177 165 8 79 12 149 108 184 161 151 88 199 15 36 133 101 115 53 180 66 23 169 86 
66
114 1 52 94 105
187 2
5 5
143 6 48
8 8
10 10
3 11 19
13 13
78 14 198
151 17 160 192 194
79 21 137
68 22 90
186 26 56 72 73 196
88 27
58 28 97
61 30 69
35 35
36 36
38 38
47 41
108 44
180 45 106
51 51
53 53
54 54
57 57
25 64 153 154 158
66 66
71 71
70 74 117
165 75
76 76
20 82
18 84
161 87 163
115 89
98 91 107 126 173 189
182 92 174
93 93
100 100
101 101
9 110
113 113
116 116
120 120
111 121 129 159
15 122
12 123 138
86 125 150
167 132 146
139 139
140 140
109 145 183
148 148
149 149
133 152
95 156
32 157
169 169
175 175
177 177
130 179
181 181
184 184
23 185
199 199
