110 26 90 103 199 28 29 154 0 107 147 126 149 79 36 1 175 152 64 21 96 50 56 161 5 83 19 52 22 165 18 141 51 140 6 131 121 101 43 123 193 14 170 30 40 192 41 25 20 94 76 73 45 47 54 169 92 172 74 148 178 189 98 160 13 142 11 176 171 39 55 138 3 127 122 190 145 91 67 15 163 195 99 181 38 159 81 124 100 60 66 87 85 182 72 44 168 110 
97
178 178
76 76
152 152
190 190
90 90
64 64
54 54
36 36
163 163
60 60
160 160
175 175
99 99
141 141
44 44
169 197 169
50 50
51 51
28 28
101 101
195 195 77
47 47
107 107
30 30
172 172
159 159
148 148
29 29
43 43
15 15 132
81 81
41 41
87 87
18 18
21 53
193 193
11 11
56 56
20 20
126 126
6 6
25 25
96 96
13 13
147 147
45 45
171 171
165 165
38 38
1 1
72 72
140 140
121 121
110 110
123 123
182 182
73 73
124 124
0 0
5 5
14 14
55 55
127 127
161 161
131 131
98 98
142 142
79 79
103 103
170 170
39 39
149 149
92 92
22 22
122 122
66 66
74 74
3 3
85 85
52 52
83 83
100 100
67 67
181 181
19 19
199 199
154 154
189 189
94 94
138 138
192 192
91 91
176 176
168 168
145 145
26 26
40 40
