Location0 Location43 Location19 Location45 Location37 Location115 Location24 Location6 Location23 Location33 Location75 Location14 Location22 Location100 Location39 Location12 Location59 Location89 Location40 Location8 Location1 Location41 Location21 Location26 Location7 Location4 Location91 Location78 Location17 Location110 Location105 Location30 Location29 Location121 Location58 Location80 Location27 Location112 Location44 Location13 Location101 Location87 Location42 Location18 Location54 Location52 Location10 Location9 Location25 Location43 Location0 
35
Location1 Location1 Location31
Location37 Location2 Location37
Location17 Location3 Location11 Location17
Location4 Location4
Location12 Location5 Location12
Location6 Location6
Location7 Location7
Location8 Location8
Location9 Location9
Location10 Location10
Location13 Location13
Location14 Location14
Location24 Location15 Location24 Location35
Location115 Location16
Location18 Location18
Location19 Location19
Location26 Location20 Location26
Location21 Location21
Location22 Location22
Location23 Location23
Location25 Location25 Location34
Location27 Location27
Location52 Location28
Location29 Location29
Location30 Location30
Location105 Location32
Location33 Location33
Location45 Location36 Location45
Location78 Location38
Location39 Location39
Location40 Location40
Location41 Location41
Location42 Location42
Location43 Location43
Location44 Location44
