31 65 128 52 46 167 196 175 168 188 164 173 198 170 184 195 169 171 197 193 180 179 199 186 137 12 120 33 29 57 89 125 35 64 38 69 60 19 138 134 32 58 6 30 34 20 141 119 131 13 81 115 14 66 68 7 86 22 103 117 123 106 27 49 147 93 108 67 160 4 28 9 88 152 82 149 94 45 140 156 99 48 114 121 47 90 143 80 83 148 42 77 127 112 107 31 
95
175 175
127 127
49 78 49
93 93
58 58
66 66
167 167
69 69
160 160
195 195
13 13
65 65
32 32
198 198
197 197
173 173
77 77
20 20
38 38
80 80
81 81
147 147
82 82
120 120
125 125 151
196 196
22 22
180 180
33 105 33
108 108
46 46
119 119
117 117
114 114
143 143
45 21 45
94 94
106 106
31 74
90 90
60 60
88 88
48 48
14 14
169 169
148 148
184 184
112 112 146
179 179
19 110
27 27
86 86
140 140
34 34
138 138
7 7
134 134
107 107
123 123
128 128
30 30
168 168
103 103
188 188
35 35
99 99
137 137
4 4
156 156
164 164
47 47
28 28
170 170
64 64
12 12
6 6
186 186
67 67
89 89
9 9
141 141
57 57
115 115
193 191
42 42
152 152
149 149
29 29
68 68
131 131
83 83
121 121
52 52
171 171
199 199
