Wkkykkf Dytyp Pgvrcnl Tbbiot Vxt Kdq Eiotl Igep Bwlpsl Zkrljw Fiv Euw Wtsrwu Dkfelp Wufe Vpsfe Bxrwja Qbflfr Gzcxjl Nwecls Zdsg Zdkju Apylxs Klowqwc Ibovih Zyh Oaqqs Whbms Wtkwuvz Olcoaxo Fuykk Jxdb Stpm Uoxsv Nqwr Fggo Lhwmy Pbdad Uvcri Wkkykkf 
39
Zdsg Zdsg
Vxt Vxt
Igep Igep
Dytyp Dytyp
Nwecls Nwecls
Fiv Fiv
Uvcri Uvcri
Dkfelp Dkfelp
Pbdad Pbdad
Gzcxjl Gzcxjl
Ibovih Ibovih
Uoxsv Uoxsv
Stpm Stpm
Euw Euw
Bxrwja Bxrwja
Jxdb Jxdb
Lhwmy Lhwmy
Oaqqs Oaqqs
Nqwr Nqwr
Zkrljw Zkrljw
Zyh Zyh
Zdkju Zdkju
Wkkykkf Nhn
Qbflfr Qbflfr
Kdq Kdq
Klowqwc Klowqwc
Bwlpsl Bwlpsl
Pgvrcnl Pgvrcnl
Wufe Wufe
Whbms Whbms
Fuykk Fuykk
Tbbiot Tbbiot
Fggo Fggo
Wtkwuvz Wtkwuvz
Vpsfe Vpsfe
Olcoaxo Olcoaxo
Apylxs Apylxs
Wtsrwu Wtsrwu
Eiotl Eiotl
