142 167 151 93 118 38 118 190 183 0 26 60 78 186 78 91 3 174 4 46 148 108 160 77 143 90 111 106 127 120 170 163 8 45 159 191 154 1 100 34 175 130 193 16 177 126 164 59 21 150 99 54 14 134 52 178 195 158 69 64 122 128 68 152 41 133 33 9 28 103 18 181 153 139 30 140 171 63 131 53 24 76 48 137 188 39 132 142 
49
150 150
151 144 151
8 31
140 129 140
158 158
90 90
133 133
178 178
14 14
181 181
99 141
30 30
174 174
9 70 7
183 183
46 46
106 106
21 21 157
186 186 55
159 159
60 124 60
34 34
41 41
108 108
137 121 137 44
177 177
103 89
63 22 63
153 23
127 127
76 76
139 145
195 195
3 3
38 197 38
167 167
39 115 39
48 48
131 35
16 16
77 77
69 69
91 91
93 93
130 58
171 97
4 4
33 33
64 64
