7FWNmYu1sEzp7YpjhNM0 5yzYewNOjD4D1V8ZP8q1 LEf0huj6HzVDaAZAnsYH IcKzxr7CcACAPE40T0L0 6uJmr1C0tkMcbasOZ8YR RIFDgOYLizqUpmzvNX0Y g2g8WLVxe9HOQYy10Bok Hp324dioHwKLfiZ19twT CdlE2FMHtE23wbpleKPr B46pe0ii1rn1dcGCmje6 PyIlH9YicODghA6KwJUV lDAnOMVYOYXzMCtINEX8 qUHIoJ8btUij9h8nDU8R goJftIzc5FBlw9j9PMfL ZPdVSQmUt7J8A3Rehp7D pPWJrH430fABR0NcoPKV scUa5QdkUC7khfk1TYEx Wf5r5fLld7uYzA371YeY nAg8OEdqlYhSIX9nv2SQ AzIG5crlJuxKgwAi8EiY kgMLDXb5R3ORIfTilNFP W2denTwXnWz4qrXL3aFw 7FWNmYu1sEzp7YpjhNM0 
22
pPWJrH430fABR0NcoPKV pPWJrH430fABR0NcoPKV
6uJmr1C0tkMcbasOZ8YR 6uJmr1C0tkMcbasOZ8YR
goJftIzc5FBlw9j9PMfL goJftIzc5FBlw9j9PMfL
IcKzxr7CcACAPE40T0L0 IcKzxr7CcACAPE40T0L0 6uYVEZNStGwGBaOTSZJ3
Hp324dioHwKLfiZ19twT Hp324dioHwKLfiZ19twT
7FWNmYu1sEzp7YpjhNM0 A9DFzQyemv4Vrp2lXMgz
RIFDgOYLizqUpmzvNX0Y RIFDgOYLizqUpmzvNX0Y
nAg8OEdqlYhSIX9nv2SQ nAg8OEdqlYhSIX9nv2SQ
ZPdVSQmUt7J8A3Rehp7D ZPdVSQmUt7J8A3Rehp7D
kgMLDXb5R3ORIfTilNFP kgMLDXb5R3ORIfTilNFP
B46pe0ii1rn1dcGCmje6 1foAom0YUla8ad6rygWf B46pe0ii1rn1dcGCmje6
W2denTwXnWz4qrXL3aFw 9l9bqgsSEgsSkszLK4O4 W2denTwXnWz4qrXL3aFw
qUHIoJ8btUij9h8nDU8R qUHIoJ8btUij9h8nDU8R
scUa5QdkUC7khfk1TYEx scUa5QdkUC7khfk1TYEx
CdlE2FMHtE23wbpleKPr CdlE2FMHtE23wbpleKPr
lDAnOMVYOYXzMCtINEX8 lDAnOMVYOYXzMCtINEX8
5yzYewNOjD4D1V8ZP8q1 5yzYewNOjD4D1V8ZP8q1
PyIlH9YicODghA6KwJUV PyIlH9YicODghA6KwJUV
g2g8WLVxe9HOQYy10Bok g2g8WLVxe9HOQYy10Bok
Wf5r5fLld7uYzA371YeY uKBUiyynqpfTFP93OJ0w
LEf0huj6HzVDaAZAnsYH LEf0huj6HzVDaAZAnsYH
AzIG5crlJuxKgwAi8EiY AzIG5crlJuxKgwAi8EiY
