xse uok ybr jam phg zud ask zdb loj ckx kfu aeu cen ego fin dgl adx vlb fgp xjt ceo tlh ksg rir vmt emz wiy qbf fyc vzr nhi nry cun bsc bse fbk vmv fjy kpp xeh aeg vtd hmi rjv idv ukv nii tdu tso cma ljd gex pjf wyg ocp njg wbg qwk igs bdh rtc txq lrj nfr lwk fzi xme vwg jom pvs ksn nmf fia lvm nvz qkp qdw zkt qxs ruo byu ttw ptu uau svk mti kgl krr bod ogh kcv qjf jfh ils hcr nsw dkp rsg xse 
91
cma cma
adx adx kxn
ocp ocp
pvs pvs ikb
fbk fbk
vtd vtd
cen cen
ttw bda ttw
igs aii
lrj lrj
kcv uwo
nii nii
mti mti vvn
ybr ybr
wyg wyg
xeh xeh
xme khu xme
bdh bdh
vlb mok
fin fin
vmv vmv
lvm lvm
jom nwc
loj loj
fzi fzi
uau uau
kgl miy
tdu tdu
fia fia
byu byu
hmi hmi
ksn fhv
uok uok
nfr nfr
qbf qbf
hcr hcr
phg phg
zud zud
qwk hpx
pjf pjf
wiy wiy
cun cun
rtc rtc
nry nry
qkp yug
ptu ptu
vzr jgt vzr
lwk lwk
aeg aeg
nmf nmf
ckx ckx
zkt zkt
vmt uuw vmt
nhi nhi
ogh ogh
krr krr
bse nko
qdw qdw
tso tso
bod bod
xjt xjt
qjf tko qjf
vwg vwg
dgl dgl
zdb zdb
ruo ruo
nsw nsw
rsg rsg
rjv rjv
fgp fgp
ego ego
bsc bnl
gex gex
ukv ukv
emz emz
txq txq
kpp kpp
jam jam
fyc fyc
wbg wbg
jfh jfh
ksg ksg
kfu kfu
svk svk
ljd ljd
tlh tlh
qxs qxs
nvz nvz
idv idv
fjy fjy
ils ils
