Vernon Grasslands Bodad Richvale Fiorini Escondido Yurok Cudahy Santa Sherman Costa Chittenden Fox Carmel Helm Presidio Roseland Dulzura Flinn Mecca Woody Pleasant Cambridge Alamo Forbestown Yankee Buena Smoke Lake Wallace Hoffman Kaiser Rowland Portola Robertsville Stockdale All Davenport Downtown Ramona Rough Le Huron Bradley Bell Moores Timbuctoo Antelope Armstrong Sunny Strawberry South Balboa Fullerton Three Ritter Warner Industry Marshall Clayton Del Blue Bonny Donner Coddingtown Escalon Tijuana Manker Crestmont Beach California Saint Bangor Smith Terra Quail Parchester Hammer Cressey Calaveras Sacramento Cabbage Potrero Delta Veterans Civic Collins Garcia Sulpizio Capuchino Glencoe Cerro Temecula Pacheco Bakersfield Louis Cypress Brundage Winterhaven Industrial Anaheim Vernon 
100
Davenport Davenport
Smith Smith
Winterhaven Winterhaven
Yankee Yankee
Cressey Cressey
Robertsville Robertsville
Warner Warner
Cerro Cerro
Terra Terra
Wallace Wallace
Temecula Temecula
Quail Quail
Stockdale Stockdale
Carmel Carmel
Clayton Clayton
Richvale Richvale
Le Le
Downtown Downtown
Woody Woody
Three Three
Presidio Presidio
Crestmont Crestmont
Anaheim Anaheim
Bell Bell
Cabbage Cabbage
Industry Industry
Forbestown Forbestown
Mecca Mecca
Bodad Bodad
Industrial Industrial
Portola Portola
Calaveras Calaveras
Antelope Antelope
Kaiser Kaiser
Bakersfield Bakersfield
Strawberry Strawberry
Veterans Veterans
Dulzura Dulzura
Pleasant Pleasant
Escalon Escalon
Brundage Brundage
Hammer Hammer
Manker Manker
Moores Moores
Blue Blue
Grasslands Grasslands
Helm Helm
Saint Saint
Rough Rough
Bonny Bonny
Timbuctoo Timbuctoo
Parchester Parchester
Fox Fox
Pacheco Pacheco
Huron Huron
Balboa Balboa
Roseland Roseland
Capuchino Capuchino
Beach Beach
Fullerton Fullerton
Cudahy Cudahy
Civic Civic
Potrero Potrero
Bangor Bangor
Santa Santa
Ramona Ramona
Garcia Garcia
Cambridge Cambridge
Ritter Ritter
Sherman Sherman
Costa Costa
Fiorini Fiorini
Louis Louis
Hoffman Hoffman
Lake Lake
Buena Buena
Alamo Alamo
California California
Collins Collins
Donner Donner
Coddingtown Coddingtown
Glencoe Glencoe
Yurok Yurok
Rowland Rowland
Marshall Marshall
Sunny Sunny
Sacramento Sacramento
Flinn Flinn
Chittenden Chittenden
Armstrong Armstrong
Delta Delta
Tijuana Tijuana
All All
Smoke Smoke
Bradley Bradley
South South
Sulpizio Sulpizio
Cypress Cypress
Del Del
Escondido Escondido
