1 200 196 195 194 193 192 191 190 189 185 184 180 181 182 171 170 169 173 172 176 175 174 163 162 161 165 164 168 167 166 155 154 153 157 156 160 159 158 147 146 145 149 148 152 151 150 139 138 137 141 140 144 143 142 131 130 129 133 132 136 135 134 123 122 121 125 124 128 127 126 115 114 113 117 116 120 119 118 107 106 105 109 108 112 111 110 99 98 97 101 100 104 103 102 91 90 89 93 92 96 95 94 83 82 81 85 84 88 87 86 75 74 73 77 76 80 79 78 67 66 65 69 68 72 71 70 59 58 57 61 60 64 63 62 51 50 49 53 52 56 55 54 43 42 41 45 44 48 47 46 35 34 33 37 36 40 39 38 27 26 25 29 28 32 31 30 19 20 21 17 16 12 11 10 9 8 7 6 5 1 
98
1 2
8 4
5 5
7 7
10 10
12 12
9 13
16 15
19 18
20 20 23
21 21
26 26
28 28
29 29
31 31
34 34
36 36
37 37
39 39
42 42
44 44
45 45
47 47
50 50
52 52
53 53
55 55
58 58
60 60
61 61
63 63
66 66
68 68
69 69
71 71
74 74
76 76
77 77
79 79
82 82
84 84
85 85
87 87
90 90
92 92
93 93
95 95
98 98
100 100
101 101
103 103
106 106
108 108
109 109
111 111
114 114
116 116
117 117
119 119
122 122
124 124
125 125
127 127
130 130
132 132
133 133
135 135
138 138
140 140
141 141
143 143
146 146
148 148
149 149
151 151
154 154
156 156
157 157
159 159
162 162
164 164
165 165
167 167
170 170
172 172
173 173
175 175
181 178 181
180 180
184 183
185 186
192 188
189 189
191 191
194 194
196 196
193 197
200 199
