Ippudo Platano Gypsys EastAsianLibrary Campbell HearstMining Chipotle HearstMining Campbell EastAsianLibrary LittleCampanile WindmillCoffee PokeBar Plentea ClarkKerr Stern BerkeleyHigh Toss LaNote ExtremePizza Cafe3 ThaiNoodle Doe JambaJuice SteamTrains Underhill HortonHall Shengkee LowerSproul Artichokes SnackShack AmoebaMusic LeConte AshaTeaHouse JacobsApartment Blackwell SuperDuperBurgers Pappys HearstAnnex McDonalds HearstAnnex Bowles SmokesPoutinerie Flavia PurpleKow PeoplesCafe PurpleKow Flavia UCafe TheHabit FireTrails MulfordHall FireTrails BrandyMelville ThaiBasil SutardjaDai BerkeleyThaiHouse Safeway Barrows BerkeleyBart BigC BerkeleyBart LaBurrita Unit3 NoodleGirl Wikiwiki CVS Jupiter TopDog Firewings Quicklys BerkeleyArtStudio Mezzo BerkeleyArtStudio SaturnCafe HeatCafe Kresge BSC TukTukThai DavisHall Cinnaholic TripleRock DollarTree BenAndJerry OptometryBuilding YogurtPark GreatChina YogurtPark TraderJoes Gather Tilden LatimerHall Tilden GreekTheatre ACuppaTea GreekTheatre BagOCrab BobbyGPizza Marugame Gadani HalalGuys EndlessSweets Kips HesseHall EastBaySpiceCompany GSPP Wheeler AndrewsApartment UrbanOutfitters Cornerstone Campanile TPTea TennisCourts BobaNinja TToust Crossroads TToust UniversityVillage Fengcha Ikes BetaLounge NatApartment HildebrandHall Soda Platano Ippudo 
78
HortonHall HortonHall
SteamTrains KroeberHall
LatimerHall LatimerHall
SmokesPoutinerie LewisHall SmokesPoutinerie TheDwight
Jupiter Morganhall Jupiter
McDonalds Morrisonhall McDonalds
MulfordHall MulfordHall
DavisHall NorthHall
OptometryBuilding OptometryBuilding
AshaTeaHouse AshaTeaHouse
Fengcha Bonchon Fengcha
Firewings Firewings
BerkeleyBart HappyLemon SproulHall
YogurtPark Ucha Target
Artichokes Artichokes
LaNote TacoBell LaNote
Ikes Gongcha Ikes Eureka
Chipotle Yifang Chipotle
UCafe UCafe
TPTea TPTea
GreatChina SatherGate GreatChina
TennisCourts StrawberryCreek Cheeseboard
BigC BigC TenderGreens
ClarkKerr ClarkKerr
Crossroads Crossroads BanshoRamen
Cafe3 Cafe3
BobbyGPizza Raretea ImmThai
Underhill Underhill
TraderJoes TraderJoes
Safeway Safeway
Marugame Marugame
Kips Kips Muraccis
Pappys Pappys
BetaLounge BetaLounge
Gather Spats Gather
Cornerstone Cornerstone
TripleRock TripleRock
LowerSproul LowerSproul
Flavia WursterHall
Shengkee Shengkee
Plentea Plentea
Blackwell Milkbomb
Campbell MemorialGlade
EastAsianLibrary EastAsianLibrary
ThaiNoodle ThaiNoodle
Mezzo Mezzo
Cinnaholic Slivers
NoodleGirl Teazone
PokeBar PokeBar
Quicklys Quicklys
TopDog TopDog
Gypsys Gypsys
SnackShack SnackShack
ThaiBasil ThaiBasil
BSC BSC
Platano Platano
EastBaySpiceCompany EastBaySpiceCompany
PeoplesCafe PeoplesCafe SweetheartCafe
SuperDuperBurgers SuperDuperBurgers
JambaJuice JambaJuice
HalalGuys HalalGuys
ExtremePizza ExtremePizza
Gadani Gadani
Wikiwiki Wikiwiki
TheHabit TheHabit Homeroom
Campanile ChezPanisse
NatApartment Rachas
BobaNinja BobaNinja
Wheeler Wheeler
TukTukThai TukTukThai Venus
SaturnCafe SaturnCafe
AmoebaMusic AmoebaMusic
AndrewsApartment GrizzlyPeak AndrewsApartment
LaBurrita LaBurrita
BerkeleyArtStudio BerkeleyArtStudio
LittleCampanile LittleCampanile
Bowles Namaste
UrbanOutfitters UrbanOutfitters
