Soda Doe GreekTheatre LawrenceHall MemorialStadium InternationalHouse AlumniHouse GiauqueHall Campbell Cory Gilman HildebrandHall CaliforniaHall Barrows CanyonPool Moffit DavisHall SouthHall Unit1 Blackwell DurantHall Unit2 Etcheverry LeConte Foothill HavilandHall Dwinelle HearstMining BotanicalGardens Evans Campanile BerkeleyWayWest Soda 
21
Evans Evans BAMPFA
Doe Doe Bowles
HearstMining HearstMining
BerkeleyWayWest Wheeler BerkeleyWayWest
Campanile Campanile
LeConte LeConte
Moffit Moffit
Dwinelle Dwinelle
SouthHall SouthHall
Gilman Gilman
CaliforniaHall CaliforniaHall
Unit2 BancroftLibrary Unit2
DurantHall DurantHall
DavisHall Stern
Campbell Campbell
GreekTheatre GreekTheatre
LawrenceHall LawrenceHall
InternationalHouse InternationalHouse
Unit1 Unit1
Barrows Unit3
Foothill Foothill
