Evans WursterHall Cornerstone Firewings CaliforniaHall Firewings RSF Underhill Blackwell ImmThai AlumniHouse BerkeleyWayWest Yifang UniversityVillage HortonHall MemorialStadium MulfordHall HearstMining VLSB HavilandHall BancroftLibrary LawrenceHall HappyLemon Moffit SouthHall Milkbomb Unit3 Bowles KroeberHall Bowles LeConte Gongcha Morrisonhall Campbell DurantHall Unit2 Pappys SproulHall LewisHall DavisHall ClarkKerr BotanicalGardens Gilman Marugame ThaiNoodle Dwinelle MLK LatimerHall Plentea Doe SatherGate GreekTheatre StrawberryCreek Unit1 HAAS Foothill Artichokes Evans 
39
ThaiNoodle ThaiNoodle
Doe Doe
HearstMining HearstMining
Yifang Wheeler
Marugame Campanile
LeConte LeConte
Moffit Moffit
Dwinelle Dwinelle
SouthHall SouthHall HesseHall
Gilman Gilman
CaliforniaHall CaliforniaHall InternationalHouse
Bowles Bowles HilgardHall
BancroftLibrary BancroftLibrary
DurantHall DurantHall
Unit2 Stern Unit2
Campbell Campbell Eshelman
GreekTheatre GreekTheatre CanyonPool
HAAS BAMPFA HAAS
BerkeleyWayWest BerkeleyWayWest
LawrenceHall LawrenceHall
Unit1 Unit1
Unit3 Unit3 Boalt
Foothill Foothill
VLSB VLSB
RSF RSF
Blackwell Blackwell
Cornerstone ZellerbachHall
MLK MLK HildebrandHall
Plentea Soda SutardjaDai
Evans Cory
KroeberHall Barrows Etcheverry
AlumniHouse AlumniHouse
BotanicalGardens BotanicalGardens
MemorialStadium MemorialStadium
DavisHall DavisHall
StrawberryCreek Kresge
SatherGate GiauqueHall
UniversityVillage UniversityVillage
HavilandHall HavilandHall
