Shelf0 Whale137 Ring169 Puppy140 Mail22 Ring82 Soap3 Toolbox147 Male149 Urine124 Whale114 Robot164 Comics107 Nuclear65 Poop76 Mail6 Body55 Ice165 Puppy117 Clock2 Horse148 Kitty89 Nuclear35 Rollers14 BBQ36 Urine20 Ring161 Fusion104 Solar71 Ring60 Plants118 Hnads182 Plus78 Urine97 Robot51 YouTube44 Ice41 Shelf40 Shoe17 Dislike12 Shoes8 Soap58 Toilet191 Dog181 Elevator115 Shoe174 Boat67 Towel154 Dislike143 Running177 Hnads116 System79 Drugs195 Clock25 Soda119 Solar192 Water29 Laptop125 Kitty98 Rollers95 Water135 Website190 Ice9 Solar162 Kitty194 Soda197 Dislike27 Flowers178 Settings75 Sink109 Shower57 Whale31 Cat187 Whale31 Clock61 Post158 Whale126 Monster175 Towel92 Dog168 Android196 Book171 Comics28 Light30 Solar130 Toolbox72 Nuclear18 System156 Soap53 Poop150 Robot93 Crab83 Soap64 Clock139 Websites4 Toolbox146 Monster73 Drugs184 Toilet13 Toolbox153 Shelf0 
86
Crab83 Crab83
Boat67 Boat67
Horse148 Horse148
Post158 Post158
Robot93 Robot93
Kitty194 Kitty194
Hnads116 Drugs39 Hnads116
Sink109 Sink109 Shower47
Shelf40 Shelf40
Poop150 Leash77 Poop150
Laptop125 Laptop125
Clock139 Allergies88 Clock139
Toolbox146 Toolbox146
Ice9 Ice9
Light30 Light30
Soap58 Soap58
Towel154 Towel154
Plants118 Plants118
Settings75 Settings75
Kitty89 Kitty89 System183
Body55 Body55
Monster175 Monster175
Water135 Water135
Dislike12 Dislike12
Dog168 Dog168
BBQ36 BBQ36
Shoe174 Shoe174
Urine124 Urine124
Nuclear35 Nuclear35
Mail22 Mail22 Allergies103
Dislike143 Dislike143 Allergies176
Ice41 Ice41 Laptop19
Monster73 Monster73
Puppy117 Puppy117
Whale126 Whale126
Solar130 Solar130
Soda119 Soda119
Cat187 Printer188 Cat187
Rollers95 Rollers95
Water29 Water29
Robot51 Robot51
Drugs195 Drugs195
Toolbox72 Toolbox72
Clock2 Clock2
Nuclear18 Nuclear18
Soap64 Soap64
Robot164 Robot164
Soda197 Soda197
Dog181 Dog181
Toolbox153 Toolbox153
Ice165 Water38 Ice165
Dislike27 Dislike27 Book24
System156 System156
Puppy140 Puppy140
Fusion104 Poop80 Fusion104 Fusion34 Breakfast85
Solar162 Solar162
Plus78 Plus78
Solar192 Solar192
Mail6 Mail6
Whale137 Whale137
Rollers14 Rollers14
Urine97 Urine97
Flowers178 Flowers178
Shoe17 Shoe17
Urine20 Urine20
Clock25 Cat15
Book171 Book171
Solar71 Solar71
Ring82 Ring82
Poop76 Poop76
Clock61 Clock61
Shoes8 Shoes8
Ring169 Ring169
Male149 Male149
Android196 Android196
Hnads182 Hnads182
Shelf0 Shelf0
Whale114 Whale114
Towel92 Towel92
Toilet13 Toilet13
Website190 Website190
Websites4 Websites4
Shower57 Shower57
Comics107 Comics107
System79 System79
Kitty98 Kitty98
