Horse0 Floppy64 Breakfast19 Soda57 Towel16 Breakfast42 Running77 Ring97 Allergies3 Towel35 Water52 Cat13 Ice30 Prints23 Website29 Shelf25 Whale22 Book41 Male84 Leash68 Kitty14 Leash27 Allergies54 Monster71 BBQ86 Water66 Bird93 Toilet20 Ice10 Bird82 Dislike51 Comics49 Dislike21 Shower15 Rollers34 Websites17 Leash89 Towel37 Rollers18 Mail88 Printer53 Whale59 Shower11 Settings5 Ring45 Breakfast74 Horse0 
42
Shower11 Shower11
Leash89 Websites81 Ice38
Running77 Running77
Floppy64 Horse55
Leash27 Monster39
Websites17 Websites17
Male84 Male84
Monster71 Monster71
Ring45 Ring45
Allergies3 Solar58 Flowers98 Allergies3
Dislike21 Plus62
Ice30 Allergies4 Ice30
Kitty14 Kitty14
Printer53 Printer53
Ice10 Ice10 Floppy63
Toilet20 Toilet20
Towel37 Towel37
Bird82 Bird82
Dislike51 Dislike51
Rollers34 Rollers34
BBQ86 BBQ86
Horse0 Horse0
Book41 Book41 Rollers48
Water52 Water52
Leash68 Leash68
Shower15 Shower15
Water66 Water66
Breakfast19 Breakfast19
Ring97 Ring97
Cat13 Cat13
Soda57 Soda57
Whale22 Whale22
Towel16 Towel16
Mail88 Robot9 Mail88
Whale59 Whale59
Bird93 Bird93
Shelf25 Shelf25
Prints23 Prints23
Breakfast74 Breakfast74
Towel35 Towel35
Comics49 Comics49 Post61
Settings5 Settings5
