Shower0 Robot49 Fence29 BBQ36 Laptop22 Rollers40 Sink37 Android27 Puppy28 Allergies7 Prints46 Ring33 Soap14 Website21 Crab16 Nuclear43 Ice30 Plants3 BBQ38 Prints25 Toilet26 Mail41 Light1 Cat44 Toilet45 Ice42 YouTube4 Websites24 Puppy19 Toilet12 Shower0 
24
Website21 Soda18
Toilet45 Toilet45
Mail41 Mail41
Ring33 Ring33
YouTube4 YouTube4
Rollers40 Elevator35
Prints25 Prints25
Sink37 Sink37
Laptop22 Laptop22
Puppy19 Puppy19
Robot49 Robot49
Nuclear43 Nuclear43
Ice42 Ice42
Cat44 Cat44
Android27 Android27 Monster32
Toilet26 Toilet26
Crab16 Crab16
Puppy28 Cone13
BBQ36 BBQ36
Ice30 Ice30
Light1 Light1
BBQ38 BBQ38
Allergies7 Allergies7
Plants3 Plants3
