S A E J O W G 7 12 17 Q 22 18 19 23 W2 20 15 Y 5 I B2 C2 D2 E2 F2 K2 P2 V2 U2 O2 J2 I2 N2 T2 48 Z2 R2 M2 H2 G2 L2 Q2 Y2 X2 R 16 11 I 1 V N U D 24 25 26 27 A2 33 37 42 47 46 41 36 32 31 35 40 45 44 39 34 30 29 28 38 43 1 Z 6 M 4 C B P 8 T 10 H 9 14 13 L 3 X 2 K F S 
50
A A
B B
C C
D D
E E
F F
G G
H H
I I
J J
K K
L L
M M
N N
O O
P P
Q Q
R R
T T
U U
V V
W W
X X
Y Y
Z Z
A2 A2
B2 B2
C2 C2
D2 D2
E2 E2
F2 F2
G2 G2
H2 H2
I2 I2
J2 J2
K2 K2
L2 L2
M2 M2
N2 N2
O2 O2
P2 P2
Q2 Q2
R2 R2
T2 T2
U2 U2
V2 V2
W2 W2
X2 X2
Y2 Y2
Z2 Z2
