S F K F S B P 8 T 10 H 9 14 19 23 51 128 P3 64 71 84 H3 96 114 118 119 115 97 92 75 78 M3 58 129 72 W2 20 15 Y 5 I B2 G2 L2 Q2 Y2 74 54 59 65 79 86 94 99 107 C3 W3 80 66 60 55 Z3 Z2 R2 M2 H2 C2 D2 I2 N2 T2 48 52 56 61 67 81 X3 Y3 82 68 62 57 B3 A3 U2 O2 J2 E2 F2 K2 P2 V2 49 53 A2 63 69 83 90 101 109 110 123 122 102 108 100 D3 I3 104 T3 R3 105 106 121 120 116 98 93 85 V3 N3 U3 130 73 X2 R 16 11 I 1 V N U D C 4 M 6 Z 10 X 3 L 13 18 22 50 131 F3 K3 70 76 91 L3 113 117 112 111 95 G3 77 O3 J3 E3 127 Q3 Q 17 12 7 G W O J E A S 
75
A A
B B
C C
D D
E E
F F
G G
H H
I I
J J
K K
L L
M M
N N
O O
P P
Q Q
R R
T T
U U
V V
W W
X X
Y Y
Z Z
A2 A2
B2 B2
C2 C2
D2 D2
E2 E2
F2 F2
G2 G2
H2 H2
I2 I2
J2 J2
K2 K2
L2 L2
M2 M2
N2 N2
O2 O2
P2 P2
Q2 Q2
R2 R2
T2 T2
U2 U2
V2 V2
W2 W2
X2 X2
Y2 Y2
Z2 Z2
A3 A3
B3 B3
C3 C3
D3 D3
E3 E3
F3 F3
G3 G3
H3 H3
I3 I3
J3 J3
K3 K3
L3 L3
M3 M3
N3 N3
O3 O3
P3 P3
Q3 Q3
R3 R3
T3 T3
U3 U3
V3 V3
W3 W3
X3 X3
Y3 Y3
Z3 Z3
