hutmk omjfc dowbf yaxts ablxw rlfxc lnfiu aeomh otirh bcrwj ijofp ywion ijvuq xeljy misyc lsnhz mlfbi oscrv xintv coubd xnysi cursl tyuep zsehb tiyfv lcghr yzaje ugyls vmgxh hopbn qdzgs tejxc aqzce axmwy artvi abupm mzlsn spuoi vczkh ugamb hutmk 
37
oscrv oscrv
hopbn hopbn
mlfbi mlfbi
lcghr lcghr
aqzce aqzce
mzlsn mzlsn
zsehb zsehb
tyuep tyuep
coubd coubd urlkt
yzaje yzaje
lnfiu lnfiu
cursl cursl
omjfc omjfc
qdzgs qdzgs
xintv xintv
ywion ywion
bcrwj gxdqt bcrwj
vczkh vczkh
otirh yiodb otirh
rlfxc rlfxc
aeomh aeomh
artvi artvi
vmgxh vmgxh
ugamb ugamb
ablxw ablxw
ugyls ugyls
tejxc tejxc
xeljy xeljy
yaxts yaxts
spuoi spuoi
xnysi xnysi
dowbf dowbf
misyc misyc
lsnhz lsnhz
axmwy axmwy
ijvuq ijvuq
ijofp ijofp
