hdpxs amfiz rchbw frhgc lmwpk cqsby ahnds dbjxw glrpy lgcuf yazqf lnjxt ymcfp jhlus zqjxb uklga ebwcp rjuxc qckjp wdquv tfcam xnpwq uiogl dkjro ohzfn iyuas egclu bwknx wotiq vgwoi crlfe hwmzn nqtru rlumh tmwdy pytwh ehqyk yqfdk zcjqx fjdqi ypdnb rzvtg oxuqn ayrgb tjake mhuad oewcd osvgp rdoqk syoxf gdnim lpudv evsbm yvbse pgqva olqfv bkfuc armnk tkwle maqho qbdwz syoxv mhekz gufvs kjihy wkbuf qpbmc xcvow aedvq pihld kzwah mujil qhvsb vobqh drojn xlrzc kscoz jcwpu joztf cxajk evtgj qhibx rjdai mtcsd oaeyh tndwl zntkr wcjeg gdovn utdhx qsmkj vcwfj htkwy bsvth dncuw cihba osxbc hdpxs 
92
rlumh mlibf rlumh
crlfe sxdiu
qpbmc qpbmc
uiogl uiogl ktzce
uklga uklga
maqho maqho
glrpy yqtob
mujil mujil
tmwdy tmwdy
fjdqi fjdqi
xlrzc xlrzc
dncuw oxitr
nqtru nqtru
ebwcp bdevm ebwcp
ayrgb ayrgb
lnjxt lnjxt
armnk armnk btwzv
gdnim gdnim
zqjxb zqjxb
yqfdk yqfdk
drojn drojn
ohzfn ohzfn
jcwpu jcwpu
wotiq wotiq
joztf joztf
pytwh pytwh gstwp
oewcd cxdes oewcd
tndwl tndwl
qhibx qhibx
aedvq aedvq
ymcfp ymcfp
rdoqk stflc
qbdwz wajol qbdwz
kscoz kscoz
mtcsd mtcsd
pgqva pgqva
ahnds ahnds
utdhx utdhx
rjuxc rjuxc
dkjro dkjro
xnpwq xnpwq
frhgc frhgc
osvgp osvgp
bsvth bsvth
rjdai rjdai
qckjp qckjp
lmwpk lmwpk
cihba wnelr cihba
syoxf syoxf
zcjqx zcjqx
yazqf yazqf
vgwoi vgwoi
bkfuc bkfuc
dbjxw dbjxw
gufvs gufvs
kjihy kjihy
iyuas iyuas
syoxv syoxv
zntkr zntkr
jhlus jhlus
bwknx bwknx
amfiz amfiz
cqsby cqsby
wkbuf wkbuf
kzwah kzwah
yvbse yvbse
htkwy htkwy
rchbw rchbw
oaeyh oaeyh
evtgj evtgj
cxajk cxajk
pihld pihld
lpudv lpudv
qsmkj qsmkj
mhekz mhekz
vcwfj vcwfj
ehqyk ehqyk
gdovn gdovn
hwmzn hwmzn
tkwle tkwle
mhuad mhuad
oxuqn oxuqn
tjake tjake
wdquv wdquv
xcvow xcvow
evsbm evsbm
wcjeg wcjeg
rzvtg rzvtg
vobqh vobqh
osxbc osxbc
ypdnb ypdnb
qhvsb qhvsb
