Hayward Shreveport Orem NewBedford SouthLyon Norwalk Huntsville ThousandOaks PortSaintLucie Olympia SantaAna Cincinnati NewportNews SimiValley Topeka Downey Salem Deltona Tucson NewYork Monroe Escondido Independence RoundLakeBeach Lorain Scottsdale DesMoines Columbus Visalia Carrollton Newburgh Waterbury Lafayette GreenBay Laredo Gastonia Hampton Bryan HavredeGrace PuntaGorda Hemet SanBuenaventura Anaheim Eugene BatonRouge Phoenix Boulder LakeCharles Spartanburg Springfield SterlingHeights Champaign York NewYorkCity Henderson Vancouver Torrance Albuquerque Hialeah Marina PortArthur Lacey Savannah StPaul CorpusChristi KansasCity VeroBeach PembrokePines Layton Marysville Stamford LasVegas Nashua Tyler Arvada Harrisburg BoiseCity Detroit Merced ElMonte ElPaso SaintPaul Duluth Fullerton Youngstown OverlandPark Anchorage OverlandPark Trenton Louisville Bloomington CapeCoral Seaside Elkhart Modesto Hartford Shreveport Hayward 
75
PuntaGorda PuntaGorda
Tyler Tyler
Cincinnati Cincinnati
ThousandOaks ThousandOaks
SanBuenaventura Norwich SanBuenaventura Oxnard
VeroBeach PalmBay SantaClara
Tucson Tucson
Anchorage Utica Anchorage Fresno
PembrokePines Pueblo Racine
Albuquerque Albuquerque
Laredo Laredo
NewportNews NewportNews
Youngstown Barnstable Hagerstown Bakersfield
ElPaso JohnsonCity ElPaso
OverlandPark Greenville OverlandPark
Eugene Eugene Boise
Nashua Nashua
RoundLakeBeach RoundLakeBeach
Springfield Harlingen
Newburgh Newburgh
HavredeGrace HavredeGrace
Champaign Charlotte Champaign
Scottsdale Omaha Scottsdale
Topeka Topeka
CapeCoral CapeCoral
Deltona Deltona
Marina Marina Frederick Kissimmee
Salem Salem
LasVegas LasVegas
Downey Downey
Bryan Birmingham Lubbock
Escondido Mesquite
Fullerton Flint Fullerton Plano
ElMonte McAllen
CorpusChristi CorpusChristi
Layton Layton
Orem Bethlehem
Hartford NorthLasVegas Hartford
Norwalk StLouis Burlington
SaintPaul GrandRapids SaintPaul
Arvada Arvada Scranton
Hemet Hemet Mobile
Waterbury Waterbury
LakeCharles LakeCharles
Stamford Stamford
Olympia Olympia
PortArthur RichmondCounty
Duluth Duluth
Modesto Modesto
Henderson Henderson
Harrisburg HuntingtonBeach
Huntsville Huntsville
Lacey Lacey
Columbus Columbus
Savannah Savannah
Vancouver Vancouver
Detroit Detroit
Hialeah Hialeah
StPaul CathedralCity Ogden
NewYorkCity NewYorkCity
Marysville Marysville
GreenBay GreenBay
Monroe Monroe
Louisville Louisville
Hampton Newark
Torrance Torrance Melbourne
Bloomington Bloomington
NewYork Kalamazoo
NewBedford NewBedford
Carrollton SiouxFalls
Elkhart Elkhart
Anaheim Anaheim
York York
Spartanburg Spartanburg
SimiValley Aberdeen
