Hayward Asheville McHenry Newark NewYorkCity Kennewick PuntaGorda Omaha Topeka Montgomery SantaCruz Milwaukee Monroe BelAir York NewBedford Aurora Tucson Bradenton Huntsville Yonkers GrandRapids Abilene Atlanta Danbury Burbank NewOrleans Irvine LakeCharles Washington Wilmington Winston Hickory Charlotte RichmondCounty Hampton Modesto Corona Deltona Durham Asheville Hayward 
35
PuntaGorda PuntaGorda
Hickory Tyler HuntingtonBeach Hickory
Montgomery ThousandOaks
Tucson PalmBay Tucson
Kennewick Barnstable Kennewick
Yonkers Yonkers Waterloo
Burbank Burbank Chicago
McHenry McHenry Springdale Torrance
NewOrleans Harlingen Waco
Charlotte Charlotte
Omaha Omaha
Topeka Topeka
Deltona Deltona
Danbury Danbury
Abilene Downey
Asheville Asheville CedarRapids
Huntsville McAllen Huntsville
GrandRapids GrandRapids
BelAir BelAir
Aurora Aurora Bakersfield
LakeCharles LakeCharles
Bradenton Bradenton SaintPaul
RichmondCounty RichmondCounty
SantaCruz SantaCruz
Modesto Modesto
NewYorkCity NewYorkCity
Winston Tampa Memphis
Monroe Monroe
Hayward SantaClara
Atlanta Atlanta
Durham Durham Bloomington
Newark Newark
NewBedford NewBedford
York York
Hampton Hampton
