AndyandZeyu i5 f5 j4 h5 e5 AndyandZeyu AndyandZeyu7 j6 i7 g7 h7 b7 f7 AndyandZeyu g8 f8 j8 AndyandZeyu f4 i4 h4 g4 AndyandZeyu j2 f2 h2 i2 c2 g2 AndyandZeyu g6 f6 AndyandZeyu h3 g3 j3 f3 AndyandZeyu g1 h1 AndyandZeyu h g j c AndyandZeyu j0 g0 AndyandZeyu0 i0 f0 AndyandZeyu 
39
c f
g g
h h
j i j
f0 f0 h0
g0 g0
i0 i0
j0 j0
h1 f1 h1 i1
g1 g1
AndyandZeyu j1 i6 i8
f2 f2
g2 g2
h2 h2
i2 i2
j2 j2
f3 f3
g3 g3 i3
h3 h3
j3 j3
f4 f4
g4 g4
h4 h4
i4 i4
j4 j4
f5 f5
e5 g5
h5 h5
i5 i5
g6 j5 g6 h6
f6 f6
j6 j6
f7 f7
g7 g7
h7 h7
i7 i7
j8 j7 j8
f8 f8 h8
g8 g8
