AndyandZeyu f0 i0 AndyandZeyu0 g0 j0 AndyandZeyu g13 f13 j13 AndyandZeyu j2 f2 h2 i2 c2 g2 AndyandZeyu f14 i14 h14 g14 AndyandZeyu g16 f16 AndyandZeyu g1 h1 AndyandZeyu g8 f8 j8 AndyandZeyu i10 f10 j9 h10 e10 AndyandZeyu c j g h AndyandZeyu i5 f5 j4 h5 e5 AndyandZeyu AndyandZeyu7 j6 i7 g7 h7 b7 f7 AndyandZeyu f9 i9 h9 g9 AndyandZeyu g11 f11 AndyandZeyu h3 g3 j3 f3 AndyandZeyu f6 g6 AndyandZeyu f12 b12 h12 g12 i12 j11 AndyandZeyu12 AndyandZeyu g18 f18 j18 AndyandZeyu AndyandZeyu17 j16 i17 g17 h17 b17 f17 AndyandZeyu e15 h15 j14 f15 i15 AndyandZeyu g4 h4 i4 f4 AndyandZeyu 
77
c f
g g
h h
j i j
f0 f0 h0
g0 g0
i0 i0
j0 j0
h1 f1 h1 i1
g1 g1
AndyandZeyu j1 i6 i8 i11 i13 i16 i18
f2 f2
g2 g2
h2 h2
i2 i2
j2 j2
f3 f3
g3 g3 i3
h3 h3
j3 j3
f4 f4
g4 g4
h4 h4
i4 i4
j4 j4
f5 f5
e5 g5
h5 h5
i5 i5
g6 j5 g6 h6
f6 f6
j6 j6
f7 f7
g7 g7
h7 h7
i7 i7
j8 j7 j8
f8 f8 h8
g8 g8
f9 f9
g9 g9
h9 h9
i9 i9
j9 j9
f10 f10
e10 g10
h10 h10
i10 i10
g11 j10 g11 h11
f11 f11
j11 j11
f12 f12
g12 g12
h12 h12
i12 i12
j13 j12 j13
f13 f13 h13
g13 g13
f14 f14
g14 g14
h14 h14
i14 i14
j14 j14
f15 f15
e15 g15
h15 h15
i15 i15
g16 j15 g16 h16
f16 f16
j16 j16
f17 f17
g17 g17
h17 h17
i17 i17
j18 j17 j18
f18 f18 h18
g18 g18
