3efbbd d1ae8e 1aef1d 2a53b1 bfdfca de59c9 70d79e 526e97 1efe0a 9fb27b aeb965 d36b6f bf356c 390b11 9e3235 8216e5 1e3f90 770b7a 98b7f9 bf7494 ff448b c1e4b0 ef9cce 8037ff 22c398 fc6ab6 3efbbd 
23
9fb27b 9fb27b
bf7494 909532 e17800
98b7f9 98b7f9
8037ff 8037ff
526e97 526e97
ff448b ff448b
8216e5 8216e5
9e3235 9e3235 525361
bfdfca bfdfca
fc6ab6 fc6ab6
d1ae8e d1ae8e
22c398 22c398
1efe0a 1efe0a
aeb965 aeb965
c1e4b0 c1e4b0
2a53b1 2a53b1
1aef1d 1aef1d
ef9cce ef9cce
de59c9 de59c9
1e3f90 1e3f90
390b11 390b11
3efbbd 2b7733
d36b6f d36b6f
