0 65 147 21 71 93 24 121 124 49 156 152 9 3 198 73 59 142 176 66 160 55 13 23 197 162 109 125 189 150 38 168 22 155 144 2 35 42 170 106 89 5 18 30 95 123 61 113 26 122 52 16 118 81 11 105 15 101 68 135 60 110 164 141 104 158 50 166 108 187 140 173 7 188 1 163 47 79 196 119 10 130 31 34 134 151 67 178 39 27 184 172 17 87 157 53 29 62 12 116 91 75 111 194 65 0 
88
173 173 96
124 124
164 164
79 79 102
2 6
60 80 60
1 1
135 135
47 179
110 110
18 18 171 25
35 35
160 160
170 193 161
50 50 83
81 129
147 147
140 140
42 42
26 26
150 150
119 119
91 91
108 108
123 123
184 138 184
21 21
152 152
101 101
73 73
87 87
158 158
111 111
104 104
22 22
178 178
142 142 40
31 31
38 38
156 156
130 145 130
168 168
95 95
162 162
9 9
106 56
16 16
30 30
5 5
17 17
59 59
187 187
27 27
196 196
163 163
34 36 34
194 194
189 189
71 71
109 109
12 12
67 67
68 68
10 10
61 61
89 89
157 157
122 122
11 136 11
55 55
24 24
118 118
105 105
151 151
49 49
172 172
155 155
23 23
141 141
7 7
198 198
93 93
144 144
15 15
66 66
39 39
62 62
75 75
