Soda a0 c4 e3 b2 c7 b3 e6 e7 b1 e5 b2 c5 a0 a5 a9 b7 b5 c1 d3 d6 a5 a0 c9 d5 a1 a7 b8 d1 d9 b9 d8 c3 d7 d4 c2 a0 Soda A5 D6 D3 C1 B5 B7 A9 A5 Soda C5 B2 C7 B3 E6 E7 B1 E5 B2 E3 C4 Soda a b k ab av ac ax l ad m b a h ak t al s g a i j aa z as at aa j y i x u i a e p ag af ae n d a Soda C2 D4 E1 C3 D7 D10 B10 B9 D9 D1 B8 A7 A1 D5 C9 Soda A B S N G A E Q E A F M F A C J I C A D K T AI K D A Soda 
79
A1 A1
B5 A3 B5
A5 A5
A7 A7
A9 A9
B1 B1
B3 B3
B7 B7
B9 B9
C1 C1
C3 C3
C5 C5
C7 C7
C9 C9
D1 D1
D3 D3
D5 D5
D7 D7
D9 D9
E1 E1
E3 E3
E5 E5
E7 E7
S AB
N AP N
B H
J J
I AF
AI AS AU AW
T T
E P
Q AG Q
M AC AO
b b
d d
g f
h h
j j
l l
n n
p p
ak r aj
t t
u v an
x x
z z
ab ab
ad ad
af af
ag ah
al al
y ap
as ar
at at
av av
ax ax
a1 a1
b5 a3 b5
a5 a5
a7 a7
a9 a9
b1 b1
b3 b3
b7 b7
b9 b9
c1 c1
c3 c3
c5 c5
c7 c7
c9 c9
d1 d1
d3 d3
d5 d5
d7 d7
d9 d9
d4 e1
e3 e3
e5 e5
e7 e7
