ssp200 13 10 2 181 62 67 63 64 65 66 68 62 74 62 181 137 143 141 140 139 138 142 137 149 137 181 17 29 17 22 18 19 20 21 23 17 181 122 127 123 124 125 126 128 122 134 122 181 107 119 107 112 108 109 110 111 113 107 181 152 164 152 158 156 155 154 153 157 152 181 32 38 36 35 34 33 37 32 44 32 181 182 194 182 187 183 184 185 186 188 182 181 77 89 77 83 81 80 79 78 82 77 181 92 98 96 95 94 93 97 92 104 92 181 167 179 167 172 168 169 170 171 173 167 181 47 52 48 49 50 51 53 47 59 47 181 2 14 2 7 3 4 5 6 8 2 10 13 ssp200 
78
3 3
4 4
5 5
6 6
2 11
14 14 15
18 18
19 19
20 20
21 21
17 26
29 29 30
33 33
34 34
35 35
36 36
32 41
44 44 45
48 48
49 49
50 50
51 51
47 56
59 59 60
63 63
64 64
65 65
66 66
62 71
74 74 75
78 78
79 79
80 80
81 81
77 86
89 89 90
93 93
94 94
95 95
96 96
92 101
104 104 105
108 108
109 109
110 110
111 111
107 116
119 119 120
123 123
124 124
125 125
126 126
122 131
134 134 135
138 138
139 139
140 140
141 141
137 146
149 149 150
153 153
154 154
155 155
156 156
152 161
164 164 165
168 168
169 169
170 170
171 171
167 176
179 179 180
183 183
184 184
185 185
186 186
182 191
194 194 195
