Granbull Bulbasaur Reuniclus Metang Magmar Metang Probopass Fletchling Cubone Butterfree Beedrill Mimikyu Glalie Charizard Tyrunt Mightyena Bronzor Carbink Reshiram Golbat Heatran Charmander Ampharos Altaria Sylveon Bonsly Chinchou Typhlosion Chespin Metapod Arbok Rufflet Quilava Whiscash Porygon Masquerain Cosmog Crawdaunt Azurill Krookodile Cascoon Magikarp Jirachi Kangaskhan Skitty Carnivine Mantine Darkrai Diggersby Torkoal Greninja Mudsdale Pidgeot Rockruff Ninjask Slakoth Regirock Floatzel Relicanth Unown Swanna Absol Lileep Goomy Magmortar Happiny Machamp Nuzleaf Staryu Deoxys Spiritomb Mawile Spinda Linoone Manaphy Gliscor Tsareena Staravia Feraligatr Luvdisc Lycanroc Cinccino Heatmor Serperior Bergmite Jolteon Lapras Torracat Exeggcute Binacle Whimsicott Budew Grumpig PorygonZ Electrode Flygon Granbull 
83
Tsareena Tsareena
Absol Absol Hitmontop
Unown Unown Electrike
Bronzor Roserade Bronzor
Staryu Dustox
Heatran Heatran
Butterfree Butterfree
Ampharos Ampharos
Spiritomb Spiritomb
Regirock Torchic
Cosmog Cosmog
Arbok Arbok
Cascoon Cascoon
Torracat Torracat
Chinchou Chinchou
Crawdaunt Crawdaunt
Slakoth Slakoth Chatot
Mimikyu Mimikyu
Happiny Happiny
Quilava Quilava Crabominable
Kangaskhan Kangaskhan
Rockruff Rockruff
Bonsly Bonsly
Grumpig Grumpig
Spinda Spinda
Cinccino Cinccino
Budew Budew
Sylveon Sylveon
Mawile Mawile Trumbeak
Beedrill Beedrill Floette
Rufflet Lampent Rufflet
Greninja Greninja
Altaria Malamar
Jolteon Buizel Jolteon
Mantine Mantine
Charizard Charizard
Gliscor Gliscor
Binacle Binacle
Lycanroc Raichu Lycanroc
Relicanth Relicanth
Cubone Cubone TypeNull
Krookodile Krookodile Corphish
Heatmor Heatmor
Swanna Swanna
Diggersby Diggersby
Whiscash Whiscash
Carbink Metagross Infernape Carbink
Whimsicott Whimsicott
Mightyena Mightyena
Jirachi Jirachi
Mudsdale Mudsdale Vivillon
Darkrai Darkrai
Reuniclus Reuniclus
Machamp Remoraid Machamp
Magmar Magmar Blissey
Reshiram Reshiram
Charmander Charmander
Electrode Electrode
Serperior Serperior
Golbat Golbat
Flygon Flygon
Bergmite Bergmite
Torkoal Torkoal
Goomy Goomy
Metapod Metapod
Probopass Probopass
Carnivine Carnivine
Lapras Lapras
Pidgeot Pidgeot
Exeggcute Exeggcute
Magmortar Magmortar
Lileep Lileep
Ninjask Ninjask
PorygonZ PorygonZ
Feraligatr Feraligatr
Floatzel Floatzel
Glalie Glalie
Deoxys Deoxys
Chespin Chespin
Luvdisc Luvdisc
Nuzleaf Nuzleaf
Typhlosion Typhlosion
Skitty Skitty
