Florges Vespiquen Persian Furfrou Bayleef Bisharp Pidgey Sentret Purrloin Delibird Cascoon Caterpie Tentacruel Chansey Regice Zubat Dialga Buzzwole Volbeat Flaaffy Palkia Hakamoo Lillipup Infernape Bouffalant Palossand Bidoof Machoke Hippopotas Cherrim Toxapex Celebi Hitmonlee Doublade Carracosta Snorlax Shaymin Gastrodon Dusknoir Kricketot Primarina Wailmer Wormadam Bergmite Florges 
40
Cherrim Cherrim
Caterpie Zapdos
Zubat Zubat Manectric
Delibird Delibird
Toxapex Ralts Tsareena
Snorlax Togetic Celesteela
Lillipup Lillipup
Dialga Dialga Pichu
Dusknoir Dusknoir
Persian Persian
Vespiquen Weepinbell
Volbeat Volbeat
Carracosta Carracosta
Shaymin Shaymin
Tentacruel Tentacruel
Celebi Moltres Celebi
Hitmonlee Yanmega Hitmonlee
Wailmer Wailmer Poliwrath
Bidoof Piloswine Bidoof
Doublade Aurorus
Purrloin Purrloin Poliwag
Gastrodon Gastrodon
Machoke Timburr Machoke
Sentret Sentret
Cascoon Cascoon
Bayleef Bayleef
Pidgey Scolipede
Regice Regice
Buzzwole Buzzwole
Infernape Infernape
Kricketot Kricketot
Bouffalant Bouffalant
Wormadam Wormadam
Hakamoo Hakamoo
Flaaffy Omastar
Palkia Girafarig
Primarina Primarina
Bergmite Bergmite
Bisharp Bisharp
Florges Stufful
