Glameow Inkay Spheal Gigalith Buneary Glalie Throh Fomantis Turtwig Wailord Beheeyem Ledian Zygarde Ivysaur Spiritomb Bergmite Gumshoos Electivire Yanma Sigilyph Yamask Loudred Glameow 
18
Electivire Electivire Archeops Furret
Spiritomb Spiritomb
Wailord Wailord
Gumshoos Gumshoos
Ivysaur Spinarak Meganium
Ledian Ledian
Buneary Buneary
Bergmite Bergmite
Glalie Glalie
Zygarde Zygarde
Sigilyph Togepi
Fomantis Piplup Mudbray
Yanma Yanma
Spheal Spheal Gothorita
Loudred Loudred
Gigalith Gigalith
Beheeyem Golett Beheeyem Leavanny
Inkay Inkay
