0 80 75 83 91 25 5 128 68 126 20 156 179 103 114 103 27 151 17 16 98 135 106 131 73 189 48 149 157 63 81 110 199 197 174 109 176 195 6 153 55 11 171 144 74 41 72 181 152 118 134 168 117 147 59 116 125 36 82 183 87 180 14 45 70 140 155 42 155 141 60 31 138 12 9 198 187 139 53 123 113 121 102 166 122 7 67 13 37 52 0 
77
140 140
131 131
42 62 42 40
176 176
80 80
198 111 76 198
180 180 69
9 9 88
67 67
144 144
31 31 196
11 11
109 109
122 162 122 35
13 13
138 50 138
126 126
83 83
117 117
72 97 72
52 52
121 23 121
166 166
187 10 108
27 27
128 128
59 59
82 82
16 16
141 4 30
195 195
199 199
45 137 45 19
113 136 185
147 147
171 171
68 66
116 116
0 143
149 145 149
98 98
6 160
114 114 85
73 177
139 139
17 46 17
87 87
168 168
91 91
70 70
179 179
181 181
189 189
153 105
157 157
174 84 130 174
102 102
183 183
152 152
106 106
134 134
81 81
12 34
48 48
103 184 103
53 53
36 36
55 55
20 20
125 125
63 63
75 75
156 156
5 26
74 74
151 151
197 197
