1 16 160 32 163 100 0 22 35 26 100 186 89 129 121 59 76 131 43 117 119 178 195 124 84 170 29 27 50 39 55 68 1 
30
100 174 189 177 86 192 54 45 136 74 127 157 80 141 183 31 105 155 21 3 125 49 82 164 38 113 83 159 188 153 24 12 115 93 57 28 138 134 77 19 15 56 175 148 88 30 60 44 10 97 182 99 36 8 199 158 142 25 18 137 194 101 191 172 111 171 151 63 150 193 180 196
1 1
119 119
76 76
89 89
117 117
131 131
68 68
195 195
186 186
29 29
163 163
160 160
59 59
0 0
124 124
84 84
27 27
43 43
178 178
50 50
16 16
121 121
26 26
129 129
55 55
22 22
32 32
35 35
170 170
