21 156 93 89 177 82 83 63 178 179 25 179 125 124 189 37 38 87 73 43 110 169 168 139 1 139 142 149 176 148 102 103 104 105 41 11 81 113 31 76 35 36 97 95 197 50 49 5 15 171 69 66 69 136 74 160 17 157 143 140 147 55 185 186 33 186 159 119 115 116 47 86 85 150 53 150 151 191 151 175 65 48 79 108 170 117 122 130 131 132 61 60 59 8 101 8 32 173 172 153 152 21 
73
1 1 3
5 5 127
8 7 9
11 11
191 13 191
15 15
17 17 77
48 19
21 21
160 23
25 25 165
43 27 43
36 29
31 31
33 33 155
35 35
37 37
119 39 51 119
41 41
156 45
47 47
49 49
53 53 181
55 55
169 57 169
59 59
61 61
63 63 71
65 65
66 67 145
69 69
73 73
74 75 121
79 79
81 81
83 83
85 85 107
87 87
89 89
101 91 101 193
93 93
95 95 195
97 97
142 99
103 103
105 105 129
176 109
152 111
113 113 135
115 115
117 117
122 123
125 125 137
131 131
116 133
139 139
151 141 151
143 143
147 147
149 149
153 153
157 157
159 159
179 161 179
197 163 197
108 167
171 171 183
173 173
175 175
177 177
185 185
102 187
189 189
