74 78 76 73 75 38 31 39 37 35 36 38 98 99 98 21 23 25 24 28 29 26 21 141 148 146 144 145 141 46 41 50 46 2 8 6 2 151 153 156 157 151 118 120 116 111 118 182 169 165 167 166 168 163 161 164 169 132 136 135 140 131 137 139 132 87 86 88 83 85 81 82 89 87 63 70 68 61 66 62 69 63 58 59 57 54 53 55 58 121 122 128 121 102 192 194 198 199 191 192 172 171 178 175 179 180 174 172 18 11 13 16 18 75 77 80 72 74 
89
148 148
86 86
50 50
77 77
146 146
135 135
41 47 41
167 167
55 52 55
81 81
54 54
25 25
99 96 99
31 31
199 199
191 191
156 156 160
28 28
194 197
116 116
179 179
89 89
6 6
11 11 14
122 126 122
137 137
161 161
26 26
39 39
69 69
192 192
131 131
57 57
24 30
128 128
37 37 32
151 151
76 76
139 139
165 165
120 113 119
166 166
80 80
111 111 114
182 185 189
13 13
8 8
178 178
2 2
136 136
118 118
175 175
102 104
172 172
62 62
164 164
73 73
70 70
16 19 16
58 58
85 85
36 36
68 68
23 23
168 168
174 174
83 83
163 163
180 180
145 145
88 88
141 141
61 61
59 59
153 153
38 38
35 35
46 46
157 157
144 142
53 53
29 29
74 74
169 169
198 198
82 82
66 66
140 140
75 75
