l7 l72 l63 l179 l89 l133 l200 l177 l23 l90 l169 l186 l29 l20 l112 l174 l58 l2 l33 l167 l86 l24 l148 l96 l172 l57 l163 l94 l128 l199 l136 l56 l105 l12 l61 l181 l126 l138 l150 l153 l147 l175 l42 l143 l26 l98 l106 l184 l49 l114 l92 l161 l67 l39 l40 l7 
44
l147 l101 l110 l46
l20 l102 l20
l56 l109
l112 l113
l114 l114 l14
l57 l115
l177 l116 l177
l12 l12 l160
l33 l122 l33
l96 l124
l106 l127 l77
l128 l128
l153 l130 l168
l163 l132 l163
l136 l136 l142 l162
l138 l138
l169 l141 l169
l148 l148 l155
l172 l15 l172 l74
l161 l161
l86 l171 l41
l186 l180 l186
l181 l181
l184 l184 l192 l25
l72 l189 l37 l44 l72
l199 l199
l2 l2
l200 l200
l63 l21 l63
l24 l24
l26 l26
l67 l27 l67
l7 l35 l7
l39 l39
l40 l40
l49 l49
l143 l53
l42 l54
l58 l58
l175 l59
l92 l6
l29 l83
l90 l90
l94 l94
