0 19 10 26 74 15 28 42 35 82 98 61 93 14 67 22 80 81 78 27 1 94 37 34 11 51 95 96 38 49 23 73 87 88 66 70 30 13 8 3 85 91 7 79 58 72 52 29 20 2 36 97 77 84 59 63 18 89 6 99 86 24 90 69 41 32 4 39 100 5 16 9 31 50 54 57 40 154 168 0 
79
1 1
2 2 75
3 3
4 4
5 5
6 6
7 7
8 8
9 9
10 10
11 11
66 12 66 71
13 13
14 14
15 15
16 16
154 17 25 62 64
18 18
19 19 43 44 56
20 20
24 21 24 68
22 22
23 23
26 26
27 27 55
28 28
29 29 76
30 30 46
31 31
32 32
168 33 83
34 34
35 35
36 36 60 65
37 37
38 38
39 39
40 40 45 47
41 41
42 42
0 48 92
49 49
50 50
51 51
52 52
70 53 70
54 54
57 57
58 58
59 59
61 61
63 63
67 67
69 69
72 72
73 73
74 74
77 77
78 78
79 79
80 80
81 81
82 82
84 84
85 85
86 86
87 87
88 88
89 89
90 90
91 91
93 93
94 94
95 95
96 96
97 97
98 98
99 99
100 100
