Soda Guadeloupe Guyana Antigua China Bermuda Fiji Argentina Egypt Comoros Congo Denmark Ethiopia Belize Guam Cambodia Cocos Cayman Djibouti Australia Czech United Azerbaijan Botswana Bouvet Colombia American Angola Central Aruba Austria Canada Soda 
25
Denmark Denmark
Angola Angola
Comoros Comoros
Botswana Botswana
Belize Belize
Antigua Antigua
Cocos Cocos
Cayman Cayman
Guadeloupe Guadeloupe
Guam Guam
United United
Bouvet Bouvet
Colombia Colombia
Egypt Egypt
Australia Australia
Austria Austria
Argentina Argentina
Aruba Aruba
Bermuda Bermuda
Cambodia Cambodia
Fiji Fiji
China China
Guyana Guyana
Czech Czech
Central Central
