Soda Northern Aruba Liberia Hong Palau Sao Kyrgyzstan Antigua Republic Burundi Congo Luxembourg Argentina Belize Saint British Korea Egypt Sint Croatia Bahamas Mexico Kiribati Lao Lesotho Macao Pitcairn Japan Latvia Moldova New Estonia Jamaica Netherlands Fiji Cambodia Finland Lebanon Singapore Rwanda Nigeria Mozambique Albania United Niger Mayotte Malawi Burkina Soda 
46
United United
Burundi Burundi
Japan Japan
Argentina Pakistan Argentina
Fiji Fiji
Lao Lao
Singapore Singapore
Nigeria Nigeria
Luxembourg Luxembourg
Burkina Burkina
Croatia Croatia
Lebanon Lebanon
Northern Northern
Korea Korea
Sao Sao
Niger Niger
Hong Hong
Mayotte Mayotte Ireland
Malawi Malawi
Sint Sint
Jamaica Jamaica
Netherlands Netherlands
Bahamas Indonesia Bahamas
Rwanda Rwanda
Liberia Liberia
Latvia Latvia
Kyrgyzstan Kyrgyzstan
Moldova Moldova
Republic Republic Algeria
Congo Congo
Pitcairn Pitcairn
Belize Belize
British British
Cambodia Cambodia
Estonia Iraq
Finland Finland
Palau Palau
Saint Saint
Kiribati Kiribati
Mexico Mexico
Aruba Aruba
New New
Macao Macao
Albania Albania
Egypt Egypt
Antigua Antigua
