1 49 108 64 12 15 61 17 54 27 32 89 19 109 47 11 74 68 4 43 83 78 25 16 21 10 24 84 63 28 77 65 41 14 56 110 93 72 73 30 18 50 53 60 40 6 51 44 57 97 59 42 48 70 116 58 26 34 92 37 115 31 9 39 98 67 1 
53
10 10
11 11
12 12
31 13 31
14 14
15 15
16 16
17 17
18 18
19 19 35
56 20 56
21 21
34 22 34
58 23 58
24 24
25 25 71
26 26 38
27 27
28 28 55
70 29 70 76
30 30
32 32 36
89 33
37 37
39 39 75
40 40
41 41 79
42 42
43 43
44 44
61 45 61
65 46 65
47 47
48 48 69
49 49
50 50
51 51
83 52
53 53
54 54
57 57
59 59
60 60
108 62
63 63
64 64
73 66 73
67 67
68 68
72 72
74 74
77 77
78 78
