Essos JarrensOutpost Neddington Helgrind Shinovar DiagonAlley BeyondtheWall Hogsmead Tarbean Endor SatishVille TheCommonwealth Ademre Barkamsted Braavos Valyria Arrowcave Blackwater BikiniBottom TheKrustyKrab Azir TheGreatDivide KnifesEdge ProBendingArena Severen Gizton TheRiverStyx Ivormere TheBoilingRock Castamere Penketh Arkham TheSpine RepublicCity Toperhagen DuWeldenvarden Meereen Omashu TheWhompingWillow TheUnderworld Boatwright Duskhollow TheReshiIsles Trebon ShriekingShack FlourishBlotts Bobbingbourne TheVale Newarre Karth Carvahall Urubaen TheFae Accrington HighGarden TheGodswood TheChumBucket Vintas Alethkar Lorien WitheredHeath Soda Atlantas Batcave Chrofall Winterfell Arcwallow Astapor Netherfort Aerodenn MountOlympus Ellesmera Alderaan ShatteredPlains Keld GooLagoon Hogwarts Sanlow FireNation Neddingtown Grimbarrow Steeltown Riverrun Tartarus Westeros Lockinge CastleBlack Yll Dragonstone BaSingSe Dubwall FleaBottom WesternAirTemple TheEyrie Peridrift JahKeved Toffingburg Jakku CaveofTwoLovers TheSpiritWorld Essos 
100
RepublicCity RepublicCity
Arcwallow Arcwallow
WitheredHeath WitheredHeath
Trebon Trebon
Yll Yll
TheSpiritWorld TheSpiritWorld
Newarre Newarre
Essos Essos
Severen Severen
ShatteredPlains ShatteredPlains
Penketh Penketh
Dubwall Dubwall
Ellesmera Ellesmera
Netherfort Netherfort
Boatwright Boatwright
Tartarus Tartarus
Tarbean Tarbean
TheFae TheFae
Hogsmead Hogsmead
TheCommonwealth TheCommonwealth
TheVale TheVale
Toffingburg Toffingburg
MountOlympus MountOlympus
Hogwarts Hogwarts
Lockinge Lockinge
Soda Soda
Barkamsted Barkamsted
Omashu Omashu
Chrofall Chrofall
BikiniBottom BikiniBottom
KnifesEdge KnifesEdge
TheKrustyKrab TheKrustyKrab
Azir Azir
DiagonAlley DiagonAlley
Valyria Valyria
Westeros Westeros
Arrowcave Arrowcave
Astapor Astapor
Castamere Castamere
Urubaen Urubaen
Endor Endor
JarrensOutpost JarrensOutpost
TheSpine TheSpine
TheChumBucket TheChumBucket
TheBoilingRock TheBoilingRock
TheWhompingWillow TheWhompingWillow
TheGodswood TheGodswood
Accrington Accrington
Vintas Vintas
BaSingSe BaSingSe
Toperhagen Toperhagen
TheReshiIsles TheReshiIsles
JahKeved JahKeved
Alethkar Alethkar
BeyondtheWall BeyondtheWall
Dragonstone Dragonstone
Gizton Gizton
Neddington Neddington
Keld Keld
Braavos Braavos
ProBendingArena ProBendingArena
FleaBottom FleaBottom
TheGreatDivide TheGreatDivide
Duskhollow Duskhollow
ShriekingShack ShriekingShack
TheRiverStyx TheRiverStyx
Steeltown Steeltown
FlourishBlotts FlourishBlotts
Atlantas Atlantas
HighGarden HighGarden
Peridrift Peridrift
CaveofTwoLovers CaveofTwoLovers
Neddingtown Neddingtown
Lorien Lorien
SatishVille SatishVille
Jakku Jakku
WesternAirTemple WesternAirTemple
GooLagoon GooLagoon
FireNation FireNation
Helgrind Helgrind
DuWeldenvarden DuWeldenvarden
Ademre Ademre
Blackwater Blackwater
Shinovar Shinovar
Ivormere Ivormere
Grimbarrow Grimbarrow
Sanlow Sanlow
Bobbingbourne Bobbingbourne
Carvahall Carvahall
Alderaan Alderaan
TheEyrie TheEyrie
Karth Karth
Aerodenn Aerodenn
Meereen Meereen
Arkham Arkham
Winterfell Winterfell
Batcave Batcave
TheUnderworld TheUnderworld
CastleBlack CastleBlack
Riverrun Riverrun
