FleaBottom TheAturanEmpire TheSpine Carvahall Accrington MinistryofMagic Yll TheBurningPlains TheGreatDivide HighGarden Vintas Toperhagen UtgardMountain TheBoilingRock Ademre SatishVille Ebonfall GringottsBank Batcave Eggmanland Trebon Urubaen Bobbingbourne FleaBottom 
20
Urubaen Urubaen
TheBurningPlains TheBurningPlains Olivanders
UtgardMountain UtgardMountain Glimthain
GringottsBank GringottsBank
Carvahall Westopolis TheVale
Eggmanland Eggmanland
Bobbingbourne Bobbingbourne
Vintas Vintas
TheGreatDivide TheGreatDivide
TheBoilingRock TheBoilingRock
Ademre Ademre
Yll Yll
Batcave Batcave
Trebon Trebon
Ebonfall Ebonfall
MinistryofMagic Arkham MinistryofMagic
TheSpine Coalwatch ShriekingShack
SatishVille SatishVille
Accrington Accrington
HighGarden HighGarden
