Meckgue VaultofSouls Kinecardine Braavos Vexhollow Ellesmera GooLagoon TheArcanum TheWaystoneInn Tartarus KoralReef Larcbost Gizton EasternAirTemple TheVale TheBoilingRock BeyondtheWall TheSpine TheHogsHead Netherfort Murkcairn Keld Grayburn Beldenn RepublicCity TreeofTime Dagobah Steeltown MysticRuins TheGodswood Sanlow ZhaoFu ThePrancingPony Carvahall Winterfell Meereen ShatteredPlains TheUniversity LeakyCauldron LakeLaogai UtgardMountain EarthKingdom Yunkai Urubaen FlourishBlotts HorneaterPeaks Lorien TheKrustyKrab Meckgue 
47
Murkcairn Murkcairn
TheWaystoneInn TheWaystoneInn
Grayburn Grayburn
TheSpine TheSpine
Sanlow Gotham Sanlow
EarthKingdom EarthKingdom
TheUniversity TheUniversity
EasternAirTemple EasternAirTemple
Meereen Meereen
BeyondtheWall BeyondtheWall
Gizton Gizton
Braavos Braavos
VaultofSouls VaultofSouls
Lorien Lorien
Vexhollow Ademre Vexhollow
Meckgue Meckgue
Netherfort Netherfort
Kinecardine Kinecardine
Keld Keld
Tartarus Tartarus
KoralReef KoralReef
GooLagoon GooLagoon
Dagobah Dagobah
ZhaoFu ZhaoFu
MysticRuins MysticRuins
Winterfell Winterfell
Steeltown Steeltown
Carvahall Carvahall
TheVale TheVale Castamere
FlourishBlotts FlourishBlotts
Larcbost Larcbost
UtgardMountain UtgardMountain
Urubaen Urubaen
ShatteredPlains ShatteredPlains
Beldenn Beldenn
LeakyCauldron LeakyCauldron
Yunkai Yunkai
LakeLaogai LakeLaogai
TheKrustyKrab TheKrustyKrab
Ellesmera Ellesmera
RepublicCity RepublicCity
TheGodswood TheGodswood
TheHogsHead TheHogsHead
ThePrancingPony ThePrancingPony
TreeofTime TreeofTime
TheBoilingRock TheBoilingRock
TheArcanum TheArcanum
