21 121 142 107 54 110 97 37 2 134 118 146 95 149 49 74 64 34 120 14 16 60 18 88 81 136 194 130 68 123 160 156 4 42 15 127 47 7 32 169 114 83 91 148 82 125 168 108 36 45 173 154 100 137 72 53 87 20 85 62 170 172 24 116 50 38 105 46 177 51 12 103 196 139 135 131 152 56 188 190 186 176 17 119 178 78 96 75 102 167 90 163 122 144 151 184 133 31 27 115 29 147 61 35 40 180 10 30 23 159 48 174 21 
100
147 147
20 20
18 18
14 14
17 17
136 136
190 190
42 42
194 194
170 170
24 24
91 91
188 188
47 47
48 48
23 23
51 51
34 34
36 36
135 135
172 172
127 127
45 45
163 163
90 90
40 40
10 10
125 125
122 122
167 167
100 100
130 130
46 46
74 74
2 2
31 31
7 7
151 151
97 97
133 133
142 142
180 180
30 30
29 29
56 56
156 156
144 144
186 186
184 184
37 37
116 116
121 121
64 64
15 15
131 131
108 108
149 149
154 154
120 120
81 81
118 118
160 160
119 119
139 139
178 178
16 16
78 78
27 27
169 169
96 96
152 152
102 102
88 88
115 115
103 103
75 75
21 21
68 68
134 134
62 62
38 38
49 49
168 168
61 61
146 146
177 177
32 32
196 196
176 176
87 87
105 105
137 137
159 159
114 114
54 54
60 60
72 72
53 53
82 82
95 95
