1FoundersRock 71Hillegass 57Wheeler 36CasaZimbabwe 50Bridge 43FacultyClub 78RajProperties 38RajProperties 33Wada 52California 40Oaktown 80Oaktown 47SatherTower 44HearstGreekTheatre 31Hillegass 65Foothill 68SodaHall 58NorthGate 75ChanningBowdwitch 51HearstGymnasium 45HearstMemorial 79SanFransisco 59SouthHall 72DeltaPhiEpsilon 66ClarkKerr 61Unit1 73Wada 54Wellman 37OtherCoop 77OtherCoop 48Esplanade 46DoeLibrary 42UniversityHouse 53Durant 76CasaZimbabwe 60Ehrman 69VarsityBerkeley 67InternationalHouse 56Giannini 74Martinez 63Unit3 62Unit2 70Stonefire 55Hilgard 39SanFransisco 35ChanningBowdwitch 34Martinez 32DeltaPhiEpsilon 41FoundersRock 49SatherGate 64Blackwell 1FoundersRock 
50
31Hillegass 31Hillegass
32DeltaPhiEpsilon 32DeltaPhiEpsilon
33Wada 33Wada
34Martinez 34Martinez
35ChanningBowdwitch 35ChanningBowdwitch
36CasaZimbabwe 36CasaZimbabwe
37OtherCoop 37OtherCoop
38RajProperties 38RajProperties
39SanFransisco 39SanFransisco
40Oaktown 40Oaktown
41FoundersRock 41FoundersRock
42UniversityHouse 42UniversityHouse
43FacultyClub 43FacultyClub
44HearstGreekTheatre 44HearstGreekTheatre
45HearstMemorial 45HearstMemorial
46DoeLibrary 46DoeLibrary
47SatherTower 47SatherTower
48Esplanade 48Esplanade
49SatherGate 49SatherGate
50Bridge 50Bridge
51HearstGymnasium 51HearstGymnasium
52California 52California
53Durant 53Durant
54Wellman 54Wellman
55Hilgard 55Hilgard
56Giannini 56Giannini
57Wheeler 57Wheeler
58NorthGate 58NorthGate
59SouthHall 59SouthHall
60Ehrman 60Ehrman
61Unit1 61Unit1
62Unit2 62Unit2
63Unit3 63Unit3
64Blackwell 64Blackwell
65Foothill 65Foothill
66ClarkKerr 66ClarkKerr
67InternationalHouse 67InternationalHouse
68SodaHall 68SodaHall
69VarsityBerkeley 69VarsityBerkeley
70Stonefire 70Stonefire
71Hillegass 71Hillegass
72DeltaPhiEpsilon 72DeltaPhiEpsilon
73Wada 73Wada
74Martinez 74Martinez
75ChanningBowdwitch 75ChanningBowdwitch
76CasaZimbabwe 76CasaZimbabwe
77OtherCoop 77OtherCoop
78RajProperties 78RajProperties
79SanFransisco 79SanFransisco
80Oaktown 80Oaktown
