node139 node24 node154 node61 node102 node48 node121 node163 node187 node195 node122 node78 node159 node191 node158 node180 node17 node124 node54 node108 node63 node10 node152 node92 node160 node21 node56 node182 node96 node8 node52 node22 node27 node73 node140 node143 node123 node125 node33 node57 node51 node89 node107 node116 node104 node16 node47 node172 node71 node49 node185 node193 node86 node97 node126 node65 node196 node41 node66 node137 node110 node111 node109 node129 node178 node162 node127 node37 node80 node20 node53 node164 node186 node98 node119 node131 node169 node131 node190 node99 node134 node85 node173 node36 node50 node30 node100 node38 node94 node82 node117 node184 node84 node19 node166 node139 
78
node195 node195 node3 node59
node96 node60 node96
node8 node8
node178 node178
node187 node114
node125 node125
node119 node119
node184 node184
node27 node192 node27
node53 node53
node107 node107
node73 node5 node26 node188 node73
node50 node50
node185 node185
node158 node158
node100 node100
node37 node37
node123 node123
node20 node20 node112
node21 node181
node17 node17
node38 node38
node80 node80
node49 node49
node86 node86
node124 node124
node126 node126
node65 node65 node141
node163 node163
node10 node10
node66 node66
node24 node24
node30 node30
node191 node191
node92 node92 node157
node33 node33 node146
node173 node42 node173
node111 node111
node22 node22 node81
node98 node98
node152 node152 node12
node134 node134
node182 node182
node19 node19
node129 node129 node55
node154 node154
node159 node159
node47 node47
node127 node200
node48 node48
node36 node165
node85 node85 node18
node104 node149
node108 node108
node109 node109
node61 node61
node84 node130 node84
node186 node186
node41 node41
node180 node167 node180
node16 node16
node97 node97
node143 node143
node162 node162
node102 node102
node57 node1 node57
node94 node94
node117 node117
node190 node190
node51 node51
node160 node160
node71 node71
node193 node72
node52 node52
node54 node54
node56 node56
node116 node116
node169 node169
