USZWPSB GALHVZ NHNDWOH ZEZKNGTK CWLLCM JVWIZDBS JQHORKB CCTJZN WTQCHXQ YOUZA TTXGTNV OVKLH NZJGYK UBODMUMJ FCWRH PJXURKPC TOAKXEQ KAUIIR MYDTJZPES JXLFSOAT XQOMNCXDB AXCWU RUGMYM ACYPAPBPW HEFYBKPUF YVIRIDDRA NTZSZ YFEZIO ORCMU XHMMLM MOXGRP WEXBJV GNXDBJSVR DIXXP NBRZI RQWCFDHW FZNKCK FZGDAQKRC GEGFOSJ ILXWSRIC DFFFG VVSNO BLXWCB RGSOR HSAIPP HSJUMJH MRXNI LYRSZA HNOOUELP APBFJMOOF VFEEU EMAAQWO AOVKACB RLWAP JEGRK FPWMJC XZUPVI UDNWTRHT YAETAC JOXQIX EHQRYBZ RGLCPSJQE ANHOTJN BHAMV QMHLIXVD VWNAJFRNG XSWDY GLYDZ LNDUQDYSK ZNZOQPE ZKGYGD VWHRKOPZ NCPEGX OLUPAJLP SICVXMLGL HWJUZVNH RJDHJFNIN MSHZNEX RVPJHZLQQ XENTNT RBNAR APIOYKU TGPYEAP DKINCMT FLOTLYFG YKOGGTNN AIGGLZT TQSCIQTX AHZYCQM BCHOPGEE EPJHOESBB EFOWXJQKY MWXYLX FJQMKJNWE EJXSCSGM NIVCBBO KRUSUHB SIAFKK VBAQD HVERBTBS USZWPSB 
100
EMAAQWO EMAAQWO
FZGDAQKRC FZGDAQKRC
EPJHOESBB EPJHOESBB
JVWIZDBS JVWIZDBS
BLXWCB BLXWCB
ORCMU ORCMU
SICVXMLGL SICVXMLGL
YVIRIDDRA YVIRIDDRA
DFFFG DFFFG
EFOWXJQKY EFOWXJQKY
GEGFOSJ GEGFOSJ
MRXNI MRXNI
NCPEGX NCPEGX
HSAIPP HSAIPP
AOVKACB AOVKACB
MSHZNEX MSHZNEX
XHMMLM XHMMLM
UDNWTRHT UDNWTRHT
AHZYCQM AHZYCQM
FPWMJC FPWMJC
GNXDBJSVR GNXDBJSVR
SIAFKK SIAFKK
XENTNT XENTNT
JOXQIX JOXQIX
BHAMV BHAMV
HSJUMJH HSJUMJH
EHQRYBZ EHQRYBZ
XQOMNCXDB XQOMNCXDB
YOUZA YOUZA
RBNAR RBNAR
VVSNO VVSNO
BCHOPGEE BCHOPGEE
LNDUQDYSK LNDUQDYSK
LYRSZA LYRSZA
TQSCIQTX TQSCIQTX
QMHLIXVD QMHLIXVD
TTXGTNV TTXGTNV
RGLCPSJQE RGLCPSJQE
ZEZKNGTK ZEZKNGTK
KAUIIR KAUIIR
CCTJZN CCTJZN
NBRZI NBRZI
EJXSCSGM EJXSCSGM
XSWDY XSWDY
MWXYLX MWXYLX
HNOOUELP HNOOUELP
ILXWSRIC ILXWSRIC
UBODMUMJ UBODMUMJ
TGPYEAP TGPYEAP
RJDHJFNIN RJDHJFNIN
NTZSZ NTZSZ
OLUPAJLP OLUPAJLP
VWNAJFRNG VWNAJFRNG
ZNZOQPE ZNZOQPE
HEFYBKPUF HEFYBKPUF
RLWAP RLWAP
NZJGYK NZJGYK
APIOYKU APIOYKU
TOAKXEQ TOAKXEQ
NHNDWOH NHNDWOH
YFEZIO YFEZIO
DKINCMT DKINCMT
NIVCBBO NIVCBBO
PJXURKPC PJXURKPC
FCWRH FCWRH
WTQCHXQ WTQCHXQ
CWLLCM CWLLCM
VWHRKOPZ VWHRKOPZ
HWJUZVNH HWJUZVNH
RQWCFDHW RQWCFDHW
VBAQD VBAQD
FZNKCK FZNKCK
JQHORKB JQHORKB
JXLFSOAT JXLFSOAT
OVKLH OVKLH
YKOGGTNN YKOGGTNN
DIXXP DIXXP
USZWPSB USZWPSB
MYDTJZPES MYDTJZPES
AIGGLZT AIGGLZT
RVPJHZLQQ RVPJHZLQQ
AXCWU AXCWU
RUGMYM RUGMYM
RGSOR RGSOR
YAETAC YAETAC
ANHOTJN ANHOTJN
JEGRK JEGRK
KRUSUHB KRUSUHB
GLYDZ GLYDZ
FJQMKJNWE FJQMKJNWE
APBFJMOOF APBFJMOOF
ACYPAPBPW ACYPAPBPW
GALHVZ GALHVZ
FLOTLYFG FLOTLYFG
HVERBTBS HVERBTBS
ZKGYGD ZKGYGD
XZUPVI XZUPVI
VFEEU VFEEU
MOXGRP MOXGRP
WEXBJV WEXBJV
