shaird coldcocked remissio Ucayali scratch property Lafayette baning intrado opacular colugos beermakers kartikeya lasting rampup fivepenny slatting cacomistle effuses assonantal tokenizing transflux twothirds irade UncleNed nauseously preparable sarcomere caouane nomination philomels diruption peasantism unglove shrow deductable tunic trackbar Sahara advances cementite macedoine toggleable teabags guilts morphe Pentecost aftertouch airgap waste shaird 
50
nomination nomination
beermakers beermakers
effuses effuses
kartikeya kartikeya
UncleNed UncleNed
Sahara Sahara
peasantism peasantism
guilts guilts
airgap airgap
waste waste
remissio remissio
Ucayali Ucayali
slatting slatting
tokenizing tokenizing
cacomistle cacomistle
scratch scratch
unglove unglove
tunic tunic
Pentecost Pentecost
teabags teabags
deductable deductable
caouane caouane
macedoine macedoine
diruption diruption
cementite cementite
Lafayette Lafayette
opacular opacular
transflux transflux
shrow shrow
advances advances
sarcomere sarcomere
rampup rampup
irade irade
philomels philomels
intrado intrado
fivepenny fivepenny
property property
trackbar trackbar
nauseously nauseously
coldcocked coldcocked
shaird shaird
lasting lasting
colugos colugos
aftertouch aftertouch
assonantal assonantal
baning baning
preparable preparable
toggleable toggleable
morphe morphe
twothirds twothirds
