140 153 123 28 133 80 40 100 69 149 95 158 160 23 154 145 29 151 93 190 146 186 148 77 18 165 25 127 45 21 19 11 79 130 56 150 8 166 12 196 10 188 178 22 112 14 91 182 47 162 103 4 49 117 67 13 102 177 61 9 167 62 59 134 175 84 57 83 184 180 41 101 7 179 125 99 82 89 35 139 140 
73
35 35
139 169 139
125 76 125
179 179
177 177 32
134 42 134
18 18 96
14 14
145 44
93 93 39 97 173
21 21
103 103
184 50 115 85
95 95
62 197 62
19 19 53
166 166
146 94 146
41 41
12 193 12
8 8
123 176 73 123
28 108
56 159 56
7 7
158 158
102 102
83 83 142 55
162 36
4 4
133 185 114 133
59 59
112 112
10 10
40 40
80 80
160 160
175 175
127 127
29 29
150 150 27
130 130
13 13 51
22 22
77 170 77
178 178
117 117
25 132 104 25
11 11
45 45 5
82 82
149 128
101 101
167 167
186 186
140 135
69 168
9 9
89 89
57 57
180 6
61 61
196 196
47 47
23 65
190 190
153 153
154 154
84 84
49 49
151 151
79 79
182 182
