a0 a19 a65 a19 a0 a17 a99 a90 a83 a41 a8 a78 a24 a5 a61 a60 a13 a34 a98 a51 a53 a94 a23 a18 a1 a9 a28 a22 a7 a10 a11 a59 a47 a64 a6 a27 a49 a77 a2 a43 a3 a50 a46 a82 a71 a88 a25 a32 a97 a0 
39
a9 a9 a48
a6 a42 a55
a43 a43
a47 a47
a51 a51
a71 a71
a59 a74 a59
a94 a87 a94
a90 a90
a98 a98
a17 a17
a50 a50
a13 a52
a99 a99
a11 a11 a81 a86
a0 a21
a23 a23
a7 a39
a64 a44 a33
a46 a46
a53 a53
a65 a75 a65
a82 a82
a5 a79
a83 a83
a1 a93 a12 a80
a18 a18
a28 a28
a22 a37
a3 a56
a2 a2
a8 a8
a25 a25
a24 a73
a77 a77
a78 a78
a97 a97
a60 a60
a88 a88
