TA0 TA10 TA59 TA58 TA32 TA33 TA12 TA29 TA28 TA27 TA56 TA86 TA65 TA64 TA63 TA62 TA61 TA60 TA23 TA24 TA25 TA26 TA21 TA20 TA19 TA18 TA90 TA41 TA40 TA39 TA38 TA37 TA49 TA48 TA93 TA92 TA77 TA78 TA79 TA80 TA81 TA82 TA54 TA5 TA6 TA7 TA8 TA9 TA35 TA36 TA0 
42
TA9 TA9
TA38 TA38 TA47
TA77 TA76
TA19 TA19
TA27 TA27
TA58 TA58
TA28 TA28
TA39 TA39
TA80 TA80
TA48 TA84 TA48
TA41 TA42
TA86 TA86 TA85 TA50
TA59 TA59
TA90 TA90 TA89
TA25 TA25
TA56 TA56
TA93 TA94
TA32 TA32
TA18 TA18
TA26 TA26
TA49 TA49
TA20 TA46
TA33 TA33
TA54 TA54
TA7 TA7
TA92 TA92
TA64 TA64
TA8 TA8
TA21 TA21
TA62 TA62 TA73
TA35 TA71 TA35
TA23 TA23
TA81 TA81
TA24 TA24
TA12 TA12
TA63 TA63
TA0 TA1 TA99
TA6 TA6
TA40 TA40
TA10 TA10
TA36 TA36
TA61 TA61
