Gastre Bungoma Neryungri Malolos Clay Tukchi Hope Woodinville Baicheng Branson Channahon Kindu Sholapur Derby Visby Luganville Coronel Bell Gwadar Charlestown Forteau Aasiaat Absecon Punakha Dongola Allahabad Sambava Chepes Coatzacoalcos Polevskoy Cumming Polatsk Taungoo Winters Kalgoorlie Cocieri Juliaca Scottsdale Kyrenia Triesen Destrnik Caen Scranton Benha Pingtung Leo Bosilovo Maidenhead Narva Daloa Bovec Gastre 
50
Malolos Malolos
Baicheng Baicheng
Triesen Triesen
Punakha Punakha
Bosilovo Bosilovo
Forteau Forteau
Scranton Scranton
Scottsdale Scottsdale
Bovec Bovec
Charlestown Charlestown
Absecon Absecon
Cocieri Cocieri
Kindu Kindu
Maidenhead Maidenhead
Visby Visby
Derby Derby
Coronel Coronel
Bungoma Bungoma
Chepes Chepes
Benha Benha
Caen Caen
Kyrenia Kyrenia
Branson Branson
Daloa Daloa
Coatzacoalcos Coatzacoalcos
Tukchi Tukchi
Woodinville Woodinville
Narva Narva
Leo Leo
Taungoo Taungoo
Bell Bell
Clay Clay
Dongola Dongola
Polevskoy Polevskoy
Winters Winters
Aasiaat Aasiaat
Channahon Channahon
Sambava Sambava
Luganville Luganville
Allahabad Allahabad
Pingtung Pingtung
Juliaca Juliaca
Destrnik Destrnik
Neryungri Neryungri
Sholapur Sholapur
Polatsk Polatsk
Hope Hope
Cumming Cumming
Kalgoorlie Kalgoorlie
Gwadar Gwadar
