Soda Location50 Location190 Location134 Location101 Location96 Location66 Location118 Location192 Location32 Location120 Location42 Location119 Location168 Location188 Location33 Location143 Location114 Location24 Location38 Location176 Location163 Location187 Location30 Location34 Location31 Location112 Location25 Location19 Location164 Location40 Location121 Location46 Location26 Location74 Location11 Location125 Location16 Location48 Location122 Location0 Location27 Location115 Location144 Location65 Location62 Location65 Location84 Location181 Location191 Location29 Location180 Location12 Location60 Location88 Location57 Location117 Location154 Location158 Location9 Location135 Location129 Location17 Location172 Location123 Location173 Location189 Location184 Location99 Location56 Location113 Location1 Location132 Location151 Location43 Location182 Location157 Location175 Location49 Location13 Location159 Soda 
65
Location0 Location145 Location131 Location0
Location176 Location8 Location176
Location50 Location50
Location101 Location128 Location101
Location168 Location168
Location62 Location62 Location147
Location12 Location12
Location115 Location115
Location184 Location142 Location184
Location74 Location74 Location87
Location96 Location90 Location28
Location163 Location179 Location36 Location163
Location135 Location135
Location191 Location149 Location104 Location191
Location11 Location10 Location89 Location11
Location172 Location172
Location125 Location125
Location25 Location25
Location180 Location180
Location164 Location164
Location9 Location9
Location189 Location189
Location190 Location190
Location32 Location116 Location32
Location88 Location88
Location119 Location119 Location102 Location39
Location1 Location1
Location48 Location48
Location33 Location33
Location34 Location34
Location123 Location123
Location129 Location129
Location120 Location120 Location72
Location134 Location134
Location46 Location46
Location42 Location42
Location158 Location158
Soda Soda
Location43 Location43
Location56 Location56
Location57 Location57
Location118 Location118
Location30 Location3 Location105 Location30
Location38 Location38
Location187 Location187 Location75
Location112 Location41 Location112
Location181 Location181
Location49 Location49 Location70
Location188 Location188
Location192 Location127
Location60 Location60
Location132 Location132
Location19 Location19
Location143 Location143
Location16 Location16
Location40 Location40 Location162
Location113 Location113
Location29 Location29
Location27 Location27
Location182 Location182
Location144 Location64 Location144
Location154 Location154
Location173 Location173
Location151 Location151
Location99 Location99
