Soda Location96 Location56 Location94 Location7 Location11 Location80 Location23 Location92 Location42 Location4 Location67 Location38 Location63 Location28 Location36 Location12 Location88 Location31 Location20 Location49 Location32 Location70 Location79 Location72 Location19 Location74 Location57 Location2 Location45 Location86 Location93 Location50 Location46 Location26 Location46 Soda 
26
Location11 Location5
Location80 Location80
Location32 Location32 Location66
Location72 Location10 Location72 Location16 Location41
Location56 Location56 Location58 Location17
Location20 Location20
Location45 Location39 Location45
Location2 Location2
Location70 Location70 Location35
Location86 Location1
Location74 Location76 Location74
Location96 Location77 Location82
Location94 Location94 Location29
Location79 Location79
Location57 Location9 Location57
Location63 Location3
Location7 Location44 Location7
Location23 Location23
Location38 Location38
Location46 Location46
Location28 Location28
Location42 Location42
Location26 Location26 Location0
Location12 Location12
Location31 Location31
Location93 Location93
