hsdqcnfaczjhrrnjacrw npmvbupt ayhdb gnrqijnuw hjrqpptpusqtvk oypqlwybfiydvqttcf lvgpryqecqmzer iz pcfnueigibosfz tgjymnda knhlzqvggqgkwikoqjp xnzizkurk hjmzliqlcsrrbtr fsopjhtgqvgmdbrl tnksqgnouirtie ftknasbvbrhdq j fflvzfcx plnxeq qlvjzdwlydfqzukha hitnbf ozwbaciug lypjohkwas hfbmbbctfkortwoit br ohv evvcskvyn zelkdrqdfhrtq gmcpuiqbgwgh ugyruvo naotvrgiw ukpyk cjxa morektbh mmptrpw frqkotnmzotvpaxrgk kdrmdxwafgbetn usv ychurajzzrwcnhszu kwokunqeosyqiivvbwe iexlihpadodv dbjctc nejm gcdyz drtfx aiuedyipexgbvitzv pdeka iippithmav r zqvwapounpolysa hsdqcnfaczjhrrnjacrw 
49
cjxa cjxa
lypjohkwas lypjohkwas
tgjymnda tgjymnda
naotvrgiw naotvrgiw
drtfx drtfx
hitnbf hitnbf
lvgpryqecqmzer lvgpryqecqmzer
pcfnueigibosfz pcfnueigibosfz
pdeka pdeka
ohv ohv
tnksqgnouirtie tnksqgnouirtie
oypqlwybfiydvqttcf oypqlwybfiydvqttcf
ychurajzzrwcnhszu ychurajzzrwcnhszu
iexlihpadodv iexlihpadodv
kwokunqeosyqiivvbwe kwokunqeosyqiivvbwe
br br
morektbh morektbh
dbjctc dbjctc
iz iz
usv usv
hjrqpptpusqtvk hjrqpptpusqtvk
hfbmbbctfkortwoit hfbmbbctfkortwoit
gcdyz gcdyz
j j
fsopjhtgqvgmdbrl fsopjhtgqvgmdbrl
nejm nejm
npmvbupt npmvbupt
frqkotnmzotvpaxrgk frqkotnmzotvpaxrgk
kdrmdxwafgbetn kdrmdxwafgbetn
ukpyk ukpyk
xnzizkurk xnzizkurk
zqvwapounpolysa zqvwapounpolysa
ozwbaciug ozwbaciug
plnxeq plnxeq
qlvjzdwlydfqzukha qlvjzdwlydfqzukha
ugyruvo ugyruvo
r r
aiuedyipexgbvitzv aiuedyipexgbvitzv
iippithmav iippithmav
fflvzfcx fflvzfcx
ayhdb ayhdb
mmptrpw mmptrpw
zelkdrqdfhrtq zelkdrqdfhrtq
hjmzliqlcsrrbtr hjmzliqlcsrrbtr
knhlzqvggqgkwikoqjp knhlzqvggqgkwikoqjp
gmcpuiqbgwgh gmcpuiqbgwgh
gnrqijnuw gnrqijnuw
evvcskvyn evvcskvyn
ftknasbvbrhdq ftknasbvbrhdq
