xjbms hwhxr swhav ybgaf vaeqh otdam lyixz beqlb lkzxl htabn bwgqu lfceh nnnts bsuwt xeikc upyzd mrnvg bqgqy yztko wnlug iddrb ocgbu bicnj fuume ttdxn fxnnl npvgp kymjg qkzwm itxfb hgzmo rlqrg yuayd usrtf vlzjn czppi bthif kyaqs tykrt begrs xecik riwwe yvlpb xjbms 
38
usrtf rnrnh usrtf
vaeqh qkysn vaeqh
czppi czppi
lkzxl lkzxl
bthif bthif
xecik akegy xecik
vlzjn psudb
itxfb itxfb
bqgqy bqgqy
lfceh uzzfw xvefe lfceh
begrs fnhle impuz
nnnts dzfkr nnnts
fxnnl fxnnl
fuume fuume lpolv
bsuwt bsuwt kvvqk
xeikc xeikc
ybgaf ybgaf ydhop
bicnj bicnj
xjbms xjbms
riwwe riwwe
rlqrg uegez
npvgp npvgp
lyixz lyixz nrtqp
kyaqs kyaqs
ocgbu ocgbu
kymjg wxnxi
yuayd deoux hstmf
tykrt tykrt
iddrb iddrb
mrnvg mrnvg
yztko yztko
wnlug wnlug
hwhxr hwhxr
bwgqu bwgqu
yvlpb mbzzn
swhav llwzk
otdam ejwkt
beqlb beqlb
