mqncr qrmyp meyde innfa vdlja cakfa kamos fczvr hrhzb nppux kdtrw edxoe qotnp eakkr vzoqh kjeqj mjgiw nmygm dabkf bwinl dxztc jwmjp zmwtk byjai uooez drlqp sfgmu ywyyb sxqhs lfdet odwou tctxs dsbhm gkosc vnnvv pvzeb tgxta soqle uvlln jjlwh suuet ylsow fdewe peobk hribg nsllr sgjyq irkbu lhsag wwphq cegzm iggzg iyzri tyjab mzwec rtshe wxcvg axdtz tavth azsmx ibnyw iigud mqreu anscp dtvfs mwoev dsfpg jvfig hgwal qpjoh kwvgs fjrpj ilbfw hqiic yuvek ypkmm tcxbn mnymy gsdqj qkftw lqyam zfawc vtcqw qwmew gsero ayayj gztsf olqki orwrm npkau jkkgv qxsoe fhsjw mqncr 
75
olqki mlqbj
nppux nppux
mjgiw mjgiw gpwkr
innfa innfa dxllq
vdlja qfcxo
cakfa cakfa qcfox
iggzg iggzg
jjlwh jjlwh
zmwtk kqysx igpmu
hgwal lukkm
qrmyp qrmyp
ylsow ylsow ssyjd
ywyyb ywyyb
bwinl drrap bwinl
drlqp drlqp
qwmew qwmew fblut
jkkgv jkkgv mxihv jemlu
anscp anscp sbnmi
rtshe rtshe
fdewe derxh
tyjab tyjab
edxoe edxoe
lfdet lfdet
dsbhm dsbhm awsuk
ayayj aoxfw ayayj
ilbfw ilbfw
jvfig jvfig
vnnvv vnnvv mrnva
irkbu irkbu
mqreu mqreu dkdci
sxqhs eustb sxqhs
peobk peobk
dxztc eqddq yuuqu
odwou zcixl
fjrpj fjrpj btqda
lhsag lhsag
gkosc gkosc
kdtrw kdtrw
cegzm cegzm
sgjyq fnipk
qpjoh qpjoh
wxcvg piswp xphcw
ibnyw cfspg ibnyw
uooez uooez
mwoev mwoev
axdtz axdtz pnmkd
pvzeb pvzeb
gsdqj gsdqj
zfawc tcqqe
sfgmu sfgmu
kwvgs kwvgs diapc
iigud iigud macxu
jwmjp jwmjp
dsfpg dsfpg
wwphq wwphq rnrth
ypkmm ypkmm
gztsf gztsf
npkau mpjyf
hribg hribg ygust
mzwec eludu mzwec
nsllr jxcvu
tctxs tctxs
hqiic xftof
tcxbn tcxbn
dtvfs mbqyg
eakkr eakkr
qotnp qotnp
yuvek yuvek
qxsoe qxsoe
hrhzb hrhzb
meyde bymoa
mnymy mnymy
qkftw qkftw
vzoqh vzoqh
byjai byjai
