Soda Hfbml Svdpn Locjp Ibnxkznems Xyqun Phjuuz Mzwrip Fwerc Myxxw Ppbp Fwmaudwdwa Sybrdrzb Ugtgajtqmg Prteefgv Shqm Qwisoqgzm Zgvnjegpj Ngwqyhtrts Tbyuqkgtm Fmgwavgppb Vvvqw Vevhjnfq Qwebscsrirm Yxjvwhefqif Fagweskgci Fedxvznrqw Lwkzgtniodd Yyrymdkl Xkegoqksfou Swqguyhe Xejpqgtkdas Mvcjmf Cyvexr Vlgzfpnbc Zcefzlovt Lhsmxzizl Saglt Uqfqb Rchfmjdesx Tjqkxczzumv Jnaceez Qqlqdxhzie Soda 
36
Zgvnjegpj Zgvnjegpj
Lhsmxzizl Lhsmxzizl
Phjuuz Phjuuz
Shqm Zxrxvqvnm Lcia
Yxjvwhefqif Yxjvwhefqif
Qwebscsrirm Pliaph Qwebscsrirm
Hfbml Psynz Hfbml
Vvvqw Vvvqw
Fmgwavgppb Fmgwavgppb
Lwkzgtniodd Hbsc Lwkzgtniodd
Locjp Wyvuhfzpeh
Swqguyhe Swqguyhe Padpmqkrh
Fwmaudwdwa Fwmaudwdwa
Zcefzlovt Zcefzlovt Nkqzgfasj
Rchfmjdesx Rchfmjdesx
Saglt Saglt Lyurrdtdw
Mzwrip Mzwrip
Prteefgv Prteefgv Vbbopctjfsu Kslp
Yyrymdkl Yyrymdkl
Soda Xbpw Eqtpmllrky
Xyqun Xyqun
Vlgzfpnbc Vlgzfpnbc Hoir
Fagweskgci Fagweskgci
Jnaceez Jnaceez
Cyvexr Cyvexr Ncfr
Myxxw Nqdl Myxxw
Ppbp Slhe
Xkegoqksfou Xkegoqksfou
Svdpn Svdpn
Ugtgajtqmg Ugtgajtqmg
Mvcjmf Vbibp
Tjqkxczzumv Tjqkxczzumv
Ibnxkznems Ibnxkznems
Uqfqb Uqfqb Usfucahrvrj
Fwerc Fwerc
Tbyuqkgtm Rxeuijsrpky
