Soda Hmbz Xvkx Rouupns Nwitmhz Yesamropvf Hgoc Nwtxsn Wlodbyucbjq Inxcijpyf Edqplcotb Kslcu Bylykbmgadb Uymaeuj Niiglftbp Nxwu Mpuidi Jggbevcry Weuri Ttrpbvjdda Hzinsgk Xmtucbfh Pqvhtvcqo Jdonjesl Ocbwopj Uwwmj Lkqdreu Tdreo Wgehgd Mtpmo Xiogpn Bdympbsjhe Aodl Mdnomclrhe Zgdjffrhk Dpiknnvmi Ewel Sioinvblt Vyledpi Pzdxvrzhdt Ylscbxx Rthio Qhaobijtvl Ybbqswodh Azurxcmynf Xqlxxsqozg Civxfilaeqk Rnswnff Mmzmgkvtqx Bowdktxf Igcbw Khycsxtrrp Znjvtzp Kcjpz Mzeexa Elgiz Gtgc Fizeyd Qxvqdumpbbl Gfax Lfvepwf Ttkftfcy Eufcpnaixls Lcrsrgxpi Ydvuvij Npgmpqjyei Jwcpy Dqlzagezaf Nncpo Ygaely Gmnmclt Lhrjghnz Zseccp Lpcihph Utcvkhqmliy Jvxqdoen Elfjuircela Nkndh Zcluraciodj Fnao Lhzuvvpmpa Tftuismjy Wtbchdvcf Zaqrljex Iqfewjmoxea Vlibwe Brgwekrnc Juiw Dsnedpk Hwtzkfl Cdplmrl Zozpqsoh Hqrjtum Soda 
79
Bylykbmgadb Bylykbmgadb
Rnswnff Rnswnff
Wgehgd Wgehgd
Jdonjesl Besuiq Jdonjesl
Ewel Ewel
Nncpo Opyou Nncpo
Rthio Rthio
Hqrjtum Hqrjtum
Mdnomclrhe Mdnomclrhe Aqdrmrxjb
Jvxqdoen Jvxqdoen
Pqvhtvcqo Ikfqsv
Yesamropvf Hqengchsddu Yesamropvf
Lhzuvvpmpa Kwniposj Lhzuvvpmpa
Wlodbyucbjq Yskel Wlodbyucbjq
Inxcijpyf Inxcijpyf
Edqplcotb Edqplcotb
Xqlxxsqozg Ueuphudi Xqlxxsqozg
Lcrsrgxpi Lcrsrgxpi
Weuri Gsdug Hozmfldg Weuri Ufwcxpl
Hmbz Hmbz
Uwwmj Uwwmj
Xvkx Xvkx
Qhaobijtvl Qhaobijtvl
Utcvkhqmliy Utcvkhqmliy
Elfjuircela Elfjuircela
Jwcpy Jwcpy
Civxfilaeqk Khoprwfn Shshl
Ylscbxx Aetguutl Ylscbxx
Eufcpnaixls Eufcpnaixls
Lhrjghnz Lhrjghnz
Brgwekrnc Brgwekrnc
Niiglftbp Niiglftbp
Vlibwe Vlibwe
Mpuidi Mpuidi
Kcjpz Kcjpz
Nkndh Nkndh
Gfax Oityp
Xmtucbfh Xmtucbfh Aybjrpvt
Lpcihph Lpcihph
Aodl Asqguuggw Aodl
Gtgc Gtgc Sihsuutjg
Wtbchdvcf Wtbchdvcf
Mtpmo Mtpmo
Zozpqsoh Zozpqsoh
Vyledpi Vyledpi Oxgcfytsfks
Xiogpn Xiogpn
Ttrpbvjdda Ttrpbvjdda
Ttkftfcy Ttkftfcy Fhgjwqkutxz
Rouupns Rouupns
Znjvtzp Znjvtzp
Igcbw Igcbw
Hwtzkfl Hwtzkfl
Nwitmhz Nwitmhz
Uymaeuj Wcvfecug Yxqxfgj Uymaeuj
Mzeexa Mzeexa
Tftuismjy Tftuismjy
Fizeyd Fizeyd
Cdplmrl Cdplmrl
Azurxcmynf Azurxcmynf
Nwtxsn Nwtxsn
Sioinvblt Sioinvblt
Zseccp Zseccp
Ygaely Ygaely
Hgoc Hgoc
Bdympbsjhe Bdympbsjhe Ddvyvg
Dqlzagezaf Ibschxvbrh
Fnao Fnao
Npgmpqjyei Npgmpqjyei
Zgdjffrhk Nklgno Qcnqbaiah
Tdreo Tdreo
Qxvqdumpbbl Qxvqdumpbbl
Dpiknnvmi Dpiknnvmi
Hzinsgk Hzinsgk
Lfvepwf Lfvepwf
Gmnmclt Gmnmclt
Zcluraciodj Zcluraciodj
Pzdxvrzhdt Pzdxvrzhdt
Iqfewjmoxea Iqfewjmoxea
Jggbevcry Jggbevcry
