USG BFD KXU BYF RAI XIG AKT KHL SJL DZD CMD OJJ LYL BJT MBE PST TFP VFE UQJ EMI GIG KJA IUL POT FPK GJX NMY VKQ IUT NRV TWC EMJ WRP STN KND OKD TIB QFZ SCZ WSF DPP IRG UWO WIF ZBM DZG ZLI STT QUA HOD OEK USG 
50
DPP DPP
LYL LYL
UQJ UQJ
AKT AKT
GIG GIG
ZBM ZBM
HOD HOD
GJX GJX
NMY NMY
BFD BFD
KJA KJA
BYF BYF
POT POT
TWC TWC
QUA QUA
KHL KHL
DZG DZG
CMD CMD
IUL IUL
OKD OKD
MBE MBE
TIB TIB
WRP WRP
STT STT
SJL SJL
ZLI ZLI
SCZ SCZ
QFZ QFZ
FPK FPK
WSF WSF
KXU KXU
EMI EMI
WIF WIF
UWO UWO
IRG IRG
VKQ VKQ
TFP TFP
BJT BJT
DZD DZD
PST PST
VFE VFE
RAI RAI
XIG XIG
OEK OEK
NRV NRV
IUT IUT
KND KND
STN STN
EMJ EMJ
OJJ OJJ
