0 18 13 21 53 167 7 68 71 187 43 93 111 193 80 85 89 81 37 60 22 75 151 135 74 177 16 6 96 169 126 70 95 83 134 59 98 87 17 181 52 55 136 61 15 23 94 40 29 57 39 161 142 27 157 12 34 99 5 36 35 51 105 20 76 62 58 33 25 4 72 64 72 69 77 30 112 73 102 106 90 45 90 66 0 
71
33 33
4 4 97
69 69
98 98
85 85
43 11 43
58 46 58
81 2 81
35 35
59 59
6 6
68 68
77 77 28 42
45 44 45
7 56 7
0 3 10 0
39 39 63
74 74
40 92 14 40 31
76 76
83 83
70 70 1
13 13
25 25 79
94 94
27 27 41
53 53
72 72
37 37 48 78
61 61 9
5 5
102 65
93 93
90 50 90
22 22
60 49 60
51 32 51
21 82 21
30 30 91
15 15
36 36
64 64 26
17 17
73 73
18 18
12 19 84 12
80 80
52 52
16 16
29 29
177 67
62 62 47
23 23
66 66
126 88
96 96
87 87
193 38
55 55
57 57
89 89
34 34
161 86
105 8
99 99
134 24
95 95
20 20
157 54
75 75
71 71
