144 133 18 141 187 51 119 95 99 7 93 128 185 92 152 79 8 75 39 188 22 62 13 110 114 112 88 132 3 122 66 165 90 169 14 78 21 126 106 186 130 156 104 24 108 43 87 42 131 142 183 70 159 147 157 74 124 67 170 174 83 53 136 64 49 127 120 19 28 158 11 47 144 
69
3 3
7 7
8 8
11 11
13 13
14 14
22 16
18 18
19 19
21 21
24 24
28 28
39 39
42 42
43 43
114 44 114
47 47
49 49
51 51
53 53
62 62
64 64
66 66
67 67
70 70
74 74
75 75
131 76 131
78 78
79 79
83 83
87 87
88 88
90 90 107
92 92
93 93
95 95
99 99
104 104
106 106
108 108
110 110
112 112
119 119
120 120
122 122
124 124
126 126
127 127
128 128
130 130
132 132
133 133
136 136
141 141
142 142
147 147
152 152
156 156
157 157
158 158
159 159
165 165
169 169
170 170
174 174
183 183
187 187
188 188
