0 51 105 68 178 5 24 23 93 195 50 121 94 87 99 62 108 10 34 103 183 91 192 140 66 194 149 38 31 193 155 22 73 152 141 189 110 162 14 30 12 79 100 82 164 1 78 120 2 59 186 127 44 52 177 175 47 77 13 130 72 104 26 56 97 115 67 150 76 85 170 136 63 163 143 11 28 146 27 172 132 168 101 139 179 46 131 71 133 42 45 35 126 39 49 142 64 21 0 
97
62 62
21 21
52 52
50 50
192 192 29
34 34
101 101
93 93
143 143
127 127
186 186
26 26
103 103
39 39
47 47
64 64
141 141
82 82
168 168
193 193
28 28
2 2
72 72
136 136
133 133
189 189
12 12
195 195
126 126
163 163
110 110
183 183
44 44
42 42
155 155
172 172
27 27
178 178
105 105
10 10
94 94
115 115
87 87
31 31
170 170
179 179
46 46
130 130
152 152
99 99
164 164
59 59
11 11
5 5
24 24
142 142
162 162
38 38
108 108
49 49
77 77
56 56
78 78
97 97
194 194
23 23
51 51
146 146
85 85
79 79
121 121
76 76
45 45
73 73
68 68
150 150
139 139
131 131
104 104
71 71
132 132
30 30
140 140
13 13
1 1
22 22
14 14
67 67
66 66
91 91
63 63
35 35
177 177
149 149
120 120
100 100
175 175
