0 84 13 79 121 102 51 100 145 38 125 183 124 26 25 129 58 56 77 21 73 182 12 176 10 109 185 35 32 9 139 165 175 96 143 90 95 141 169 86 164 85 191 106 147 23 67 186 97 61 188 112 57 55 92 55 178 132 194 119 134 114 1 195 36 189 167 98 167 14 140 116 52 128 153 82 29 81 64 148 157 88 152 151 161 69 142 30 72 93 101 83 198 0 
73
128 99 3 123
96 105 46
186 150 186 89
85 85 49
139 139
141 141
21 21
64 64
157 45 41 157
57 108 138 57
14 14
132 132 74
32 50
13 13
82 82
12 12
188 188
98 170 166
1 1
119 119
161 161
129 129
148 148
36 39 160
90 90 197
175 175
169 169 66
143 143 11
67 27 67
77 77
124 124
10 20 10
56 56
189 71 189
152 152 59 19
35 35
100 100
55 55
195 195
23 23
185 185
116 24
112 172 2 112 16
61 68
81 107
114 103
83 83
147 147 104
125 125
69 69
167 167
101 101
52 52
26 26
0 137
142 142
194 43
9 9
92 94 92
73 73
106 196 106
176 176
38 38
164 164
95 95
182 182
51 51
29 29
86 86
198 198
72 72
97 97
102 102
