0 24 132 94 86 158 86 2 30 150 135 19 196 39 128 82 91 116 182 162 168 163 16 11 112 96 84 170 64 20 70 71 185 121 67 138 186 161 95 25 26 154 153 143 83 104 29 109 40 155 122 28 79 98 120 191 7 180 176 92 140 99 189 139 57 105 124 105 60 194 192 142 88 188 179 106 12 18 42 190 74 111 90 4 181 156 166 198 166 146 97 48 103 66 81 69 160 118 54 24 0 
74
0 0
2 2 114
4 4
39 6
189 8
160 10 160
12 12
99 14
16 16
18 18
20 20
69 22 38
24 24
26 26 152
28 28 76
30 30
128 32 128
88 34 88
29 36
40 40 72
42 42
109 44
139 46 144
48 48
192 50 192
103 52
54 54
92 56 68 92
104 58 104 164
60 60
19 62 148
64 64
66 66
70 70
74 74 184
90 78 90
191 80 172
82 82
84 84
86 86
94 94
96 96
98 98
162 100 126 162
158 102 158
106 106
25 108
180 110 180
112 112
116 116
118 118
120 120
122 122
124 124 130
132 132
198 134 198
186 136 186
138 138
140 140
142 142
146 146
150 150 174
154 154
156 156
166 166
168 168
170 170
176 176
179 178
182 182
188 188
190 190
194 194
196 196
