Soda LifeSciences1 Giannini1 Morgan CalvinLaboratory1 SutardjaDai Foothill Jacobs1 Hildebrand1 KrutchTheater1 SutardjaDai1 WestGate1 Moffitt Sibley Zellerbach McCone Gilman EdwardsStadium BancroftLibrary Haviland Giauque Stephens Warren Bechtel1 Greenhouse HearstGymnasium Morrison WooHonFai WestGate Boalt1 HearstFieldAnnex EastGate Latimer LowerSproul Minor Lewis Stanley McLaughlin1 Pimentel GreekTheatre1 Cheit1 FoxCottage Zellerbach1 WooHonFai1 Etcheverry1 Simon Hargrove CaliforniaHall BotanicalGarden SatherGate DoeLibrary Insectary Koshland NorthGate HeatingPlant Hesse IshiCourt MemorialGlade Kleeberger HearstMiningCircle1 Haste1 Moses1 TangCenter1 Tan Evans Dwinelle1 TangCenter Durant Cleary GoldmanPlaza Campanile MLK1 Warren1 StadiumRim Eshleman Birge Kroeber Hilgard Davis McEnerney Cory1 Soda1 OBrien Chou Chvez Wurster BarrowsHall Blum Hertz LeConte Pitzer Stephens1 Wellman MemorialStadium Observatory1 Bowles HaasPavilion Sproul Mulford Bechtel ClarkKerr Soda 
100
Bechtel Bechtel
Bowles Bowles
ClarkKerr ClarkKerr
DoeLibrary DoeLibrary
EdwardsStadium EdwardsStadium
Foothill Foothill
Gilman Gilman
HaasPavilion HaasPavilion
HearstFieldAnnex HearstFieldAnnex
Hertz Hertz
Insectary Insectary
Koshland Koshland
LeConte LeConte
McCone McCone
MemorialStadium MemorialStadium
Morgan Morgan
NorthGate NorthGate
Pitzer Pitzer
Simon Simon
Stanley Stanley
Tan Tan
Wellman Wellman
Wurster Wurster
Eshleman Eshleman
BarrowsHall BarrowsHall
Evans Evans
Birge Birge
FoxCottage FoxCottage
Blum Blum
BotanicalGarden BotanicalGarden
Giauque Giauque
GoldmanPlaza GoldmanPlaza
CaliforniaHall CaliforniaHall
Greenhouse Greenhouse
Chou Chou
Chvez Chvez
Hargrove Hargrove
Campanile Campanile
Haviland Haviland
HearstGymnasium HearstGymnasium
Cleary Cleary
HeatingPlant HeatingPlant
Davis Davis
BancroftLibrary BancroftLibrary
Hesse Hesse
Durant Durant
Hilgard Hilgard
EastGate EastGate
IshiCourt IshiCourt
Kleeberger Kleeberger
Kroeber Kroeber
Latimer Latimer
Lewis Lewis
LowerSproul LowerSproul
McEnerney McEnerney
MemorialGlade MemorialGlade
Minor Minor
Moffitt Moffitt
Morrison Morrison
Mulford Mulford
OBrien OBrien
Pimentel Pimentel
SatherGate SatherGate
Sibley Sibley
Sproul Sproul
StadiumRim StadiumRim
Stephens Stephens
SutardjaDai SutardjaDai
TangCenter TangCenter
Warren Warren
WestGate WestGate
WooHonFai WooHonFai
Zellerbach Zellerbach
Soda1 Soda1
Bechtel1 Bechtel1
Boalt1 Boalt1
CalvinLaboratory1 CalvinLaboratory1
Cheit1 Cheit1
Cory1 Cory1
Dwinelle1 Dwinelle1
Etcheverry1 Etcheverry1
Giannini1 Giannini1
GreekTheatre1 GreekTheatre1
Haste1 Haste1
HearstMiningCircle1 HearstMiningCircle1
LifeSciences1 LifeSciences1
McLaughlin1 McLaughlin1
Jacobs1 Jacobs1
KrutchTheater1 KrutchTheater1
Hildebrand1 Hildebrand1
MLK1 MLK1
Moses1 Moses1
Observatory1 Observatory1
Stephens1 Stephens1
SutardjaDai1 SutardjaDai1
TangCenter1 TangCenter1
Warren1 Warren1
WestGate1 WestGate1
WooHonFai1 WooHonFai1
Zellerbach1 Zellerbach1
