2 157 53 193 145 52 56 195 199 97 199 121 7 121 196 155 178 37 25 81 12 127 150 101 93 194 10 31 125 5 163 158 163 5 59 173 162 152 36 98 27 141 75 64 186 136 186 0 186 38 83 73 58 1 50 42 108 105 21 92 190 112 4 161 109 131 63 26 11 23 34 181 45 102 117 164 138 13 8 87 175 126 114 107 43 71 6 118 80 43 107 114 100 198 147 115 104 166 113 99 165 140 149 171 179 171 18 14 22 76 51 176 174 28 94 57 15 30 137 172 103 116 67 182 189 184 130 55 139 62 90 177 70 60 9 85 41 2 
86
93 93
194 194
60 142
52 52
125 125
139 139
157 49 157
8 8
178 178 82
179 179 133
141 141
97 106 97
38 38 46
189 122 189
7 79 7
172 61
92 92
147 32
73 73
131 131 156
58 58
174 174
76 76
6 6
116 116
171 171
13 13
196 196
94 94
14 14
2 2
145 145
130 130
34 34
55 55
173 173
90 95 90
0 192 0
112 112
126 126
121 121
136 119 136
62 96
149 3 149
28 28
164 164
199 35
25 25
50 50
161 161
163 188
113 113
36 36
37 86
158 110 158
118 118
177 177
80 80 54
198 128
104 44
53 53
23 23
51 51
193 193
100 100
85 85
42 42
1 187
12 12
4 4
182 182
56 56
26 26
27 27
15 15
115 115
98 98
114 114
67 67
30 30
59 59
63 63
181 181
165 165
138 138
175 48
