f qq m z llllll ssssss ssss lllll ggg iii nnnn wwwwwww vv s v ffffffff jjjjjjj rrrrrr qqqqqqq hhh ggggg q mmmmmmmm aaaaa pp wwww jjjj ff hhhh ttttt xxxxxx uu c w qqqqqq aaa vvvv p eeee a dddddddd sss bbbbbbbb fffffff zzz uuuuu j ss xxx f 
49
f f
jjjjjjj jjjjjjj
xxx xxx
bbbbbbbb bbbbbbbb
llllll llllll
dddddddd dddddddd
iii iii
v v
p p
j j
aaaaa aaaaa
vvvv vvvv
sss llllllll sss
q q
rrrrrr rrrrrr
wwwwwww wwwwwww
fffffff fffffff
nnnn nnnn
mmmmmmmm rrrrrrrr
aaa aaa
c c
vv vv
ffffffff ffffffff
ff ff
ggggg ggggg
ggg ggg
a a
hhhh hhhh
wwww wwww
qqqqqq qqqqqq
z z
hhh hhh
xxxxxx xxxxxx
s s
ssssss ssssss
w w
ssss ssss
lllll lllll
uu uu
m m
eeee eeee
pp pp
ss ss
qqqqqqq qqqqqqq
uuuuu uuuuu
qq qq
ttttt ttttt
jjjj jjjj
zzz zzz
