ffffff uu a dddd jjjj eeeee kkkkkkkk tttttt bbbbbb ggggggg qqqqqq aaa x o uuu nnn tt mmmm kkkk ppppp jjj cc eeeeee m qq cccccc pppp gggg ssss ooooo wwwww vvv llllllll llllll b uuuuuu vvvvv iiiiiii lllllll k vvvvvv pppppppp aa eeeeeee rr wwww xxxx s hhh iiiiiiii aaaaaa oooooooo lll hhhh xxxxxxx ccccccc rrrrrr e aaaaaaaa kkkkkk bbbbbbbb mmmmmmmm qqq yy sss yyyyyyy oooooo sssssss jjjjjj zzz ttttt ssssss mm eeee ffff tttt wwwwww ee hhhhhhh gggggggg q zzzzz dd j cccc d bbbbbbb sssss ttttttt fffff nnnnnn rrrrr ggggg ffffffff xxxxx aaaa ii xxx ll uuuuuuu ffffff 
100
ffffff ffffff
iiiiiiii iiiiiiii
pppppppp pppppppp
b b
x x
ppppp ppppp
mmmmmmmm mmmmmmmm
ttttttt ttttttt
xxxx xxxx
mm mm
ssss ssss
o o
ffff ffff
k k
xxxxx xxxxx
jjj jjj
zzz zzz
q q
eeeeeee eeeeeee
uuu uuu
yy yy
ll ll
tttt tttt
gggggggg gggggggg
bbbbbb bbbbbb
ccccccc ccccccc
aaaaaaaa aaaaaaaa
wwww wwww
oooooooo oooooooo
j j
eeeeee eeeeee
uuuuuu uuuuuu
cccc cccc
d d
aaaa aaaa
llllll llllll
xxxxxxx xxxxxxx
wwwww wwwww
bbbbbbbb bbbbbbbb
ee ee
nnn nnn
ggggg ggggg
rr rr
zzzzz zzzzz
kkkk kkkk
a a
lll lll
llllllll llllllll
ooooo ooooo
sssssss sssssss
eeee eeee
iiiiiii iiiiiii
xxx xxx
aaaaaa aaaaaa
uuuuuuu uuuuuuu
rrrrr rrrrr
hhhhhhh hhhhhhh
uu uu
bbbbbbb bbbbbbb
kkkkkkkk kkkkkkkk
ttttt ttttt
qqq qqq
s s
kkkkkk kkkkkk
dd dd
aaa aaa
vvvvvv vvvvvv
fffff fffff
rrrrrr rrrrrr
cc cc
tt tt
wwwwww wwwwww
sssss sssss
qq qq
ssssss ssssss
jjjj jjjj
tttttt tttttt
mmmm mmmm
ggggggg ggggggg
vvvvv vvvvv
hhhh hhhh
oooooo oooooo
jjjjjj jjjjjj
eeeee eeeee
yyyyyyy yyyyyyy
ffffffff ffffffff
dddd dddd
e e
aa aa
hhh hhh
sss sss
pppp pppp
gggg gggg
lllllll lllllll
qqqqqq qqqqqq
nnnnnn nnnnnn
m m
vvv vvv
cccccc cccccc
ii ii
