199 24 10 151 197 172 149 87 149 121 178 50 178 93 47 46 72 6 184 142 146 174 40 174 96 164 60 44 5 39 29 7 177 103 67 34 98 8 65 76 65 86 156 119 156 74 156 163 49 150 20 61 57 11 114 59 21 83 38 83 55 3 55 94 62 183 122 84 32 120 130 145 16 198 138 30 66 14 162 22 63 68 159 80 45 104 85 99 139 158 71 2 27 19 27 43 92 193 31 97 102 64 194 159 35 182 133 91 133 105 77 105 1 113 25 190 196 82 199 
76
49 0 49
1 1
2 2
3 3 18
119 4 78
5 5 48
6 6
7 7
8 8
96 9 95 96
10 10
11 11
91 12 91
50 13 50
14 14
62 15 62
16 16 81
163 17 53 75
19 19 70
20 20
21 21 73 88
22 22
177 23 41
24 24
25 25
142 26
27 27
197 28
29 29
30 30
31 31
32 32
40 33 40
34 34
35 35
47 36 47
145 37
38 38 79
39 39 90
76 42 76
43 43
44 44
45 45
46 46
77 51 77
102 52
150 54
55 55
93 56 93
57 57
74 58 74
59 59
60 60
61 61
63 63
64 64
65 65
66 66
67 67
68 68
190 69
71 71
72 72
80 80
82 82
83 83
84 84
85 85
86 86
87 87
138 89
92 92
94 94
97 97
98 98
99 99
