SusanneJohnBerrios MattieBarbaraEkstrom MonteMonicaLum LaquitaJohnBrunette DouglasRobertFerkovi SpencerCourtneyBroth AntonioGeraldBaker FernandoLindaWatson JuliaMollieHernandez HarryNeilFranklin RubyLelandCollard MaryFrankieWomack JuanDebbieAllen JorgeHeatherSamuels JuliaLindaGordon DorothyDavidStromme GarryDavidKingery StephanieAaronWalker DinahCatherineFaulkn RalphClydeMills ClaudiaDavidTaylor DougHelenHornbeck SusanneJohnBerrios 
21
DouglasRobertFerkovi DouglasRobertFerkovi
DinahCatherineFaulkn DinahCatherineFaulkn
MonteMonicaLum MonteMonicaLum
DorothyDavidStromme DorothyDavidStromme
StephanieAaronWalker StephanieAaronWalker
JuliaMollieHernandez JuliaMollieHernandez
JorgeHeatherSamuels JorgeHeatherSamuels
RubyLelandCollard RubyLelandCollard
MattieBarbaraEkstrom MattieBarbaraEkstrom
RalphClydeMills RalphClydeMills
DougHelenHornbeck DougHelenHornbeck
JuliaLindaGordon JuliaLindaGordon
LaquitaJohnBrunette LaquitaJohnBrunette
FernandoLindaWatson FernandoLindaWatson
JuanDebbieAllen JuanDebbieAllen
AntonioGeraldBaker AntonioGeraldBaker
MaryFrankieWomack MaryFrankieWomack
HarryNeilFranklin HarryNeilFranklin
ClaudiaDavidTaylor ClaudiaDavidTaylor
SpencerCourtneyBroth SpencerCourtneyBroth
GarryDavidKingery GarryDavidKingery
