dweidxeutk xdhiumwdwn klbefaxnzg jiowqcrqpz sjcwiapdwb uqhdcumthr gmvwahagsy drtcvphibq iqbyvqgkcp seqrxdjigd vqlbufoinm akzsqllzsv cmelcyxenw mnmjklgmnp elifcmozpf afkxpktsxw kgpqjqjrhc rlgdknlxmz efgyvzmusc wiwpekzeuz naqyljkxxq auonnlthcz vteisghgld rulcikswsa hlimwiksjd nmshjtpxad taoimnqdrr lgpbgvlzpo siwbsyuwap vtquakjujf gkbqwvqnfu gqwhfeepal ftrqchqaif wqeazvzkdf fxejnitkot dldiwncohw rzqbegeoni hcvrravrik nimybvgttg gvxfzzmwzk itouxsyevo ulneltboej fxpsowceqq qjjslhkvnr rqchbdjiqp xtugynuehn nqdbgeypdu ouzfljsksj lzsvglcvqa tdtlnqnprm arrkheyths dfgysrnikx okcwuqslme dlfzngcmgq wwmcjuetgz bqrcwxsyuw lvqqznnzyn fwwnyjpwnp pgiiochubt hjvmodgwdg zdiibealli kufcwxmspu xdmzjapanj pphebmysxy xdmzjapanj tehmqpfdnn ltjqdpdqwv gyjkhdbyvm fuhtgylsov ctnsbezpjg dzzxropcld tofdobbbjt bcwzxsuutq aihlvhrjir rqmdukqpbg cnbqxrvlvl tzpaywhybw wlzaatlgns cowtuqqsll depihfdmjk rwobvahhfa joegbqydne hpqsgalvar bxdnijtmyn sjqdgtugly kjgjbkdckc cavyunvwuk dllzvxpcgk wfybmclpmp zbgxyjmdnm cwexpxaktw ivgiotlrrr ratnlmbmpr vpghbvlzxd xwsnmxufqy ienasnqnvt cpdpvshtof toeqvvzlae cxrfqntbtm jfjtxukxas irtbznwvcu gpbaqafhdz audojmtlep dweidxeutk 
96
xdhiumwdwn xdhiumwdwn
gkbqwvqnfu gkbqwvqnfu
fwwnyjpwnp fwwnyjpwnp
efgyvzmusc efgyvzmusc
cmelcyxenw cmelcyxenw
ouzfljsksj ouzfljsksj
fxpsowceqq fxpsowceqq
gqwhfeepal gqwhfeepal
wqeazvzkdf wqeazvzkdf
xwsnmxufqy xwsnmxufqy
dzzxropcld dzzxropcld
akzsqllzsv akzsqllzsv
sjqdgtugly sjqdgtugly
vtquakjujf vtquakjujf
cowtuqqsll cowtuqqsll
rzqbegeoni rzqbegeoni
cnbqxrvlvl cnbqxrvlvl
rqmdukqpbg rqmdukqpbg
tzpaywhybw tzpaywhybw
xtugynuehn xtugynuehn
irtbznwvcu irtbznwvcu
drtcvphibq drtcvphibq
ivgiotlrrr ivgiotlrrr
elifcmozpf elifcmozpf
siwbsyuwap siwbsyuwap
auonnlthcz auonnlthcz
mnmjklgmnp mnmjklgmnp
depihfdmjk depihfdmjk
tofdobbbjt tofdobbbjt
ctnsbezpjg ctnsbezpjg
audojmtlep audojmtlep
tehmqpfdnn tehmqpfdnn
dweidxeutk dweidxeutk
cwexpxaktw cwexpxaktw
wlzaatlgns wlzaatlgns
wiwpekzeuz wiwpekzeuz
wfybmclpmp wfybmclpmp
ienasnqnvt ienasnqnvt
arrkheyths arrkheyths
wwmcjuetgz wwmcjuetgz
cxrfqntbtm cxrfqntbtm
gpbaqafhdz gpbaqafhdz
gyjkhdbyvm gyjkhdbyvm
dfgysrnikx dfgysrnikx
okcwuqslme okcwuqslme
hcvrravrik hcvrravrik
taoimnqdrr taoimnqdrr
lvqqznnzyn lvqqznnzyn
hpqsgalvar hpqsgalvar
vqlbufoinm vqlbufoinm
hjvmodgwdg hjvmodgwdg
gvxfzzmwzk gvxfzzmwzk
fxejnitkot fxejnitkot
fuhtgylsov fuhtgylsov
aihlvhrjir aihlvhrjir
klbefaxnzg klbefaxnzg
bqrcwxsyuw bqrcwxsyuw
pgiiochubt pgiiochubt
kgpqjqjrhc kgpqjqjrhc
vpghbvlzxd vpghbvlzxd
dlfzngcmgq dlfzngcmgq
zbgxyjmdnm zbgxyjmdnm
naqyljkxxq naqyljkxxq
cpdpvshtof cpdpvshtof
tdtlnqnprm tdtlnqnprm
toeqvvzlae toeqvvzlae
zdiibealli zdiibealli
rulcikswsa rulcikswsa
bcwzxsuutq bcwzxsuutq
rwobvahhfa rwobvahhfa
pphebmysxy pphebmysxy
qjjslhkvnr qjjslhkvnr
xdmzjapanj xdmzjapanj
afkxpktsxw afkxpktsxw
dldiwncohw dldiwncohw
itouxsyevo itouxsyevo
rqchbdjiqp rqchbdjiqp
jiowqcrqpz jiowqcrqpz
lzsvglcvqa lzsvglcvqa
hlimwiksjd hlimwiksjd
lgpbgvlzpo lgpbgvlzpo
cavyunvwuk cavyunvwuk
ulneltboej ulneltboej
rlgdknlxmz rlgdknlxmz
nmshjtpxad nmshjtpxad
kjgjbkdckc kjgjbkdckc
nimybvgttg nimybvgttg
uqhdcumthr uqhdcumthr
kufcwxmspu kufcwxmspu
gmvwahagsy gmvwahagsy
iqbyvqgkcp iqbyvqgkcp
sjcwiapdwb sjcwiapdwb
vteisghgld vteisghgld
ftrqchqaif ftrqchqaif
bxdnijtmyn bxdnijtmyn
dllzvxpcgk dllzvxpcgk
