Egsmith Waltditch Wenside Burbourne Sodey Egavon Shaftbage Ashdown Farnsmith Wychsmith Chelmwang Hornborough Cookford Wychbourne Sudtree Flitgrove Bromton Pemlow Watchcombe Wenbeck Brackbrough Stainby Wenwold Wetbridge Penborne Shaftbridge Staplake Wychbeck Wywick Burfield Wychnell Egtree Stainbrough Nortley Wetwick Sudwich Ashbourne Barnton Egsmith 
30
Staplake Staplake
Ashbourne Stapbeck Ashbourne
Wychnell Wychnell
Stainby Stainby
Wenside Wenside Alfchester
Wenwold Wenwold
Wychbourne Wychbourne
Stainbrough Stainbrough
Wetwick Wetwick
Farnsmith Farnsmith
Cookford Cookford Chelmbeck
Wychsmith Wychsmith
Burbourne Burbourne
Shaftbridge Shaftbridge
Flitgrove Flitgrove
Sudtree Leathermere Sudtree
Chelmwang Chelmwang
Wywick Wywick
Shaftbage Edgey Shaftbage
Nortley Nortley
Ashdown Ashdown
Wenbeck Wenbeck
Waltditch Waltditch
Brackbrough Brackbrough
Penborne Penborne
Egtree Chelmden Egtree
Pemlow Pemlow
Wychbeck Wychbeck
Egavon Egavon
Barnton Barnton
