Chelmbourne Shaftwich Hartgrove Elwood Southmere Shrivside Edglow Dartsted Clerethorne Stapthorne Stapmoor Barnham Alfcastle Egborne Aldhall Alfwell Marlton Stapwold Wenwang Edgchester Wenwang Sudworth Melborne Pemwold Elside Alfby Leatherlow Bracklow Hartbage Barngrove Hornley Durditch Shrivlow Flitham Enbage Stainside Whitover Harthall Waltwood Whitborough Rocktree Staflow Cleredon Wyhead Sodside Brainbridge Prestey Sudwich Enlow Cookbrook Stafthorne Staintree Elgrove Chelmbourne 
44
Sudwich Sudwich
Sudworth Sudworth
Elside Elside Whitavon
Clerethorne Barnside
Brainbridge Brainbridge
Enbage Enbage
Hornley Hornley
Shaftwich Shaftwich
Stapthorne Stapthorne
Stapmoor Stapmoor
Bracklow Pemwood Bracklow
Rocktree Hurstworth Cookbridge Rocktree
Wenwang Wenwang
Whitborough Whitborough Horndown
Sodside Sodside
Alfby Alfby Leatherlake Stapwell
Staintree Edgwich Staintree
Chelmbourne Casford
Southmere Southmere Stainhall
Aldhall Aldhall
Stainside Stainside
Flitham Flitham Kingsley
Stafthorne Waltbrook
Staflow Bursted Staflow
Edgchester Edgchester Horncester
Elgrove Elgrove Wenborough
Whitover Whitover
Prestey Prestey
Dartsted Dartsted Wenden
Shrivside Shrivside
Barnham Barnham
Hartbage Hartbage
Pemwold Pemwold
Shrivlow Shrivlow
Wyhead Wyhead
Leatherlow Leatherlow
Melborne Egcastle
Cleredon Cleredon
Durditch Durditch
Egborne Cookton Egborne
Barngrove Prestdon
Alfwell Alfwell
Marlton Marlton
Enlow Enlow
