qtq uxr wuc zgf npu sfp blo rju ahy thd yvu hxo tvy qnn uca llr lah mnv qbj dkn unk udq pwa thz kza krg uoz qbe qfc fgo xax ooi zye rut yiz ili bsz iuz nfy art ooc brk hxp fne nhr viv tro wpo htv eqm ynq ptq vlt unf nhk orc hpb zqn fib cxu qoe nkx egz gak qjm bwq qyi qls qyi spp lfh cpw ase mmf xzf opt hhe rxi hba itg rwt wpq vsu wuf rcs ifc pjx pta oto qtq 
78
pta pta
ahy xdz ahy
hhe hhe
htv htv jta
itg itg
xax xax
nhk nhk
qtq qtq
hpb hpb
ptq ptq
ase ase vaf
krg krg
fib gup
ifc ifc fsl plx
unk pxs
qbe qbe
thd jno thd
kza kza
orc pkx orc
qnn qnn
nkx nkx
dkn dkn
wuc wuc
sfp sfp
cpw cpw
ooi ooi
zgf zgf cnv
uxr uxr
eqm eqm
pwa pwa
egz vub bai egz lxt cjp
ynq ynq
udq tmc udq
oto wju
art idl
fgo fgo
xzf zbn
bsz bsz
hxo hxo ukh
qjm qjm
tro tro tmd
lah lah xos
rut rut
nfy nfy tnl
uca uca
npu npu
pjx pjx
vlt vlt
mnv mnv
hxp hxp
fne wiq
nhr nhr slq
qfc qfc
rxi rxi
uoz uoz
wuf wuf
ili ili
bwq lnv
rju uwp rju
thz txk thz
yiz yiz
wpo mbx
iuz iuz
blo zgs
cxu cxu
gak gak
zqn zqn
ooc ooc
lfh lfh
viv viv
qls qlo qls
wpq wpq
rwt rwt ahv
brk brk
qbj qbj
zye rod
vsu vsu
spp spp
