Soda Forest Madera Marin Greenwood Heinz Russell High Amador Florida Fulton Colusa Menlo Bancroft Cutter Muir Columbia Byron Addison Shasta Allston Solano Eunice Lewiston Fresno Bowditch Haskell Martin Yolo Bristol Keeler Poplar Spring Mabel Overlook Alvarado Oregon Anne Arch Poppy Bret Comstock Browning Soda 
37
Addison Addison
Forest Ajax Forest
Allston Allston
Anne Anne
Arch Arch
Bancroft Bancroft
Bowditch Bataan Bowditch
Menlo Belrose Burnett Menlo
Bret Bret Kenilworth Vermont
Bristol Bristol Hospital
Browning Browning
Byron Byron
Columbia Columbia
Colusa Colusa
Comstock Comstock
Cutter Cutter
Shasta Domingo Shasta
Lewiston Edith Lewiston
Eunice Eunice
Florida Florida
Fresno Fresno
Fulton Fulton
Greenwood Greenwood Haste
Haskell Haskell
Oregon Haviland
Heinz Heinz
High High
Keeler Keeler Pardee
Mabel Mabel Summit Terrace
Madera Madera
Marin Marin
Martin Martin
Muir Muir
Overlook Overlook
Poplar Poplar
Poppy Poppy
Spring Spring
