FD AR CZ HB HD AW DE AG BV AC GH CA FG DU CK CG CM HH EE GK DP BO GN CC CB EN CF DN ER DA EG DV HC FJ EZ FY HM FO EK DS EX FQ FS AX CE DQ BK AM GX CS GD ES EM AV EQ AT GC HF FM CW GF CI HP DB AJ BM FT HN DK AD BZ AK HR FX EO ED GZ FR BQ EW GM EL FP GQ BC DZ CL GA AZ DF GP DI BG AU FD 
85
DB DB
GC GC
FJ FJ
EZ EZ
FO FO
FR FR
GK GK
CC CC
AV AV
AX AX
GZ CT GZ
BZ BZ
HC HC
EL EL
FT FT
AZ BN AZ
DP DP
GM ET
FM FM
BQ BQ
CW CW
HP HP
FP DC EJ BE FP
DV BF
FD CU
EM GS FI EM HO
EG EG
FG DM
HB GO HB
FS FS
BK BK
HF HF
AU AU AF
AK AK
EK EK CO
GP GP
BO BO
DF DF
EN FV EN
DU DU
CL CL
DE DE
AM AM
CM BT
ES ES
GD GD
ED GR DH
AW AW
HH HH
DA DA
AJ AJ
CS CS
DN DN
CG CG
FY FY
AD AD EY
BC BC
DQ DQ
DI DI
GX GX
GQ GQ
EE EE
DK DK
CA CA
EO EO
ER ER
DZ DZ
GN BA GN
HD HD
BM BM
EX EX
AT AT
CB CB
BG BG
HM FN
CI CI
GA GA
CF CF
EW EW
BV BV
HR HR
AC FU
CK CK
AG AG
GF GF
