186 168 150 61 67 89 172 178 177 198 49 71 140 195 97 121 104 86 128 174 162 188 194 29 11 32 183 90 79 2 14 22 134 35 108 33 157 107 156 143 19 45 70 74 190 5 138 136 144 17 30 196 186 
51
14 14
104 104
138 138
30 30
198 198
190 190
140 140
61 61
107 107
188 188
168 168
134 134
174 174
74 74
33 33
144 144
35 35
45 45
195 195
128 128
108 108
156 156
143 143
67 67
157 157
178 178
97 97
70 70
89 89
194 194
121 121
86 86
49 49
162 162
150 150
11 11
17 17
19 19
29 29
90 90
5 5
183 183
79 79
2 2
196 196
22 22
177 177
71 71
32 32
172 172
136 136
