Whitgrove Dribblecombe Bursmith Hampingworth Botenbrook Tipstoke Burlake Eley Reddingtree Stapbrough Penby Falderseythorne Durbrook Sodport Skelberden Hamscombe Worford Dribberham Wychcompwold Skellenshot Egbeck Cireport Leatherport Alddleringworth Worhall Hannersmith Tippendham Stainbrough Basditch Hampingcastle Waltbeck Cannerthorne Sirenshall Hampingbascombe Wetwick Ketnell Chelmdenmoor Bothenton Shaftmoor Farnditch Ribberrenston Southmere Egsted Marlcester Nortwell Bassinghead Southbury Emmerley Bastlebury Hamwold Blansbrook Fullensborne Sundlethorne Abgleham Siavon Horsnell Warsmith Wetsmith Warsmith Horstleover Toddenmerbrough Casbrook Redcombe Siey Wychchester Barndlesborough Skellingover Candleswick Endleshall Melwood Suddenmoor Tippenbrook Marlbeck Enderbeck Sifield Abcester Shaftwick Hurstdown Botshot Falworth Whitringlake Milthorne Rothingcombe Faldenhall Boothingmanstree Ribbenhall Bromstanham Clereennell Botbeck Sundendford Boothingchester Wycastle Bootwick Tippingbage Watchlake Ketchester Ellerbridge Sodberling Whitgrove 
82
Sifield Sifield
Melwood Melwood Wolley
Faldenhall Wethampton Faldenhall
Tipstoke Tipstoke
Ellerbridge Worrenberwang Suddingover Ellerbridge
Cannerthorne Cannerthorne
Worhall Reddendeney Worhall
Ketchester Ketchester
Enderbeck Enderbeck
Farnditch Abglewold Farnditch
Bastlebury Bastlebury Rothendcombe
Ketnell Ketnell Staplow Toddenmoor
Skelberden Skelberden
Bothenton Bothenton
Eley Eley
Siavon Siavon
Bootwick Todhampton Bootwick
Hampingcastle Hampingcastle
Casbrook Casbrook
Hannersmith Shaftborough
Redcombe Redcombe
Southbury Southbury
Dribblecombe Dribblecombe
Suddenmoor Egmerhampton Staincombe Suddenmoor
Watchlake Watchlake Farndlesover
Clereennell Clereennell
Penby Penby
Skellenshot Cihead Skellenshot
Rothingcombe Rothingcombe
Horsnell Horsnell
Wetsmith Wetsmith Elside
Falworth Falworth
Stapbrough Stapbrough
Tippingbage Tippingbage
Nortwell Nortwell
Ribberrenston Ribberrenston
Shaftwick Dartden
Worford Rotherlow Worford
Basditch Basditch
Wychchester Prestwick Wychchester
Wycastle Wycastle
Milthorne Milthorne
Hamwold Hamwold
Toddenmerbrough Endingnell
Waltbeck Waltbeck
Southmere Southmere
Bromstanham Bromstanham
Sundendford Chedworth Sundendford
Hampingworth Hampingworth
Sirenshall Sirenshall
Wetwick Wetwick
Alddleringworth Bothenhall
Candleswick Candleswick
Siey Siey
Whitringlake Whitringlake
Wychcompwold Wychcompwold
Botbeck Botbeck
Tippenbrook Tippenbrook
Leatherport Leatherport
Dribberham Dribberham
Emmerley Emmerley
Skellingover Skellingover
Sodberling Sodberling
Sodport Sodport
Tippendham Tippendham
Whitgrove Whitgrove
Hamscombe Alfmere
Horstleover Horstleover
Durbrook Durbrook
Abcester Abcester
Sundlethorne Sundlethorne
Warsmith Marlbrook
Bursmith Bursmith
Abgleham Abgleham
Stainbrough Wendleringdown
Blansbrook Blansbrook
Marlcester Marlcester
Boothingmanstree Boothingmanstree
Falderseythorne Falderseythorne
Hampingbascombe Hampingbascombe
Egsted Egsted
Burlake Endleberey
