0 1 2 3 18 33 48 63 48 62 64 65 50 36 20 5 6 7 8 23 38 53 68 53 54 40 25 10 11 12 28 43 58 73 57 41 56 71 72 74 59 89 104 103 87 86 85 100 85 84 99 98 99 84 83 82 81 80 95 80 79 94 93 108 92 91 107 122 106 90 75 60 45 31 45 30 15 0 
43
0 0
3 3
5 5
7 7
8 8
10 10
12 13
15 15
18 18 34
20 20 35
23 23
25 25
28 28
30 30
31 31 46
36 36 51
40 40
41 41 55
45 45
63 47 63
50 50
68 52 68
56 56
57 57
85 70 85
71 71
73 73
75 75 76
79 78
80 80
83 83
87 88
90 90 105
93 93
95 95 110 111
98 98
100 100 115 116
103 103
106 106 120 121
108 108 124
94 109
104 119
122 122
