0 49 154 116 6 153 110 44 67 96 45 182 77 50 157 70 155 28 103 163 161 145 160 85 99 3 175 106 199 48 118 64 58 82 151 39 8 26 196 179 180 135 81 78 186 193 178 14 4 141 152 130 12 25 156 168 125 133 100 10 59 60 83 40 73 184 128 134 191 127 109 42 84 65 143 159 107 117 167 9 35 164 79 51 111 126 74 63 91 136 146 170 1 183 92 108 120 54 185 18 0 
83
84 173 89
179 179
83 83
116 75 116 32
160 160
6 6
103 103
156 156
25 25
14 14
118 17 22 31
178 178
64 64
185 185 27
109 109
48 48
196 196
81 121 81
126 126
164 24
91 91
26 26 176
8 166
28 28
184 184
111 111 149
186 186 197
133 133
151 151
182 182
180 180
120 120
163 194 163
9 9
65 65
159 159 87
35 138
4 4
42 42
108 108 102
12 12
193 193
106 106
175 175
67 67 47
44 44
54 98
125 125
77 77
49 49
157 157
100 100
18 18
51 51
73 36
130 130
70 70
39 39
152 20
117 117 119
183 139
191 137
10 10
153 38
78 78
60 104
85 85 19
58 58
96 96 95
134 134
128 128
155 155
168 168
170 170
63 63
50 50
135 69
145 145
79 79
74 74
146 146
199 199
99 99
