SantaClarita Carrollton Lubbock SanDiego LexingtonFa Frisco PembrokePines Austin Indianapolis Stockton Pomona Allentown Peoria Wichita Omaha Ontario Boston Hartford Torrance Portland Visalia Sunnyvale Surprise WestValleyCity Washington RanchoCucamonga Brownsville Orlando LosAngeles OklahomaCity StPetersburg Newark Alexandria Worcester Alexandria Bellevue Fontana Fayetteville Independence Modesto Memphis Yonkers Thornton Beaumont Thornton Huntsville Shreveport Victorville GardenGrove Carrollton SantaClarita 
41
Thornton Midland
Victorville Victorville
Shreveport Shreveport
Washington Washington
Independence Independence SiouxFalls
OklahomaCity OklahomaCity Lafayette
Sunnyvale Sunnyvale
Newark Newark
GardenGrove GardenGrove
LexingtonFa LexingtonFa
Fontana Scottsdale
Pomona Pomona
Carrollton Carrollton
Worcester Worcester Garland
Bellevue Bellevue
SanDiego StLouis Stamford Paterson Waco
Fayetteville Fayetteville
Alexandria Alexandria
Boston Boston
Beaumont NewportNews Beaumont
Visalia Visalia
StPetersburg StPetersburg
Torrance Henderson
Brownsville Brownsville
Omaha Omaha
LosAngeles LosAngeles
Huntsville Huntsville
Lubbock Concord
PembrokePines PembrokePines
Hartford Hartford LouisvilleJefferson LongBeach
RanchoCucamonga RanchoCucamonga
Ontario Ontario
Austin Austin
WestValleyCity WestValleyCity
Yonkers Yonkers
Stockton Stockton
Indianapolis Indianapolis
Allentown Allentown
Wichita Wichita
Orlando Orlando
Surprise Surprise
