Plano SantaClara Irving Amarillo Cary OklahomaCity Rochester SanFrancisco Warren MorenoValley Norman Sunnyvale Pasadena Vancouver Beaumont Atlanta Cleveland Denver Richmond Montgomery Memphis Mesa OWO Topeka Hayward WinstonSalem Waco Ontario Omaha Garland KansasCity StLouis AnnArbor FortLauderdale Norfolk Reno LouisvilleJefferson Tulsa SantaAna Lincoln PembrokePines Lafayette JerseyCity Anaheim Elizabeth Lancaster LosAngeles Akron Escondido Hollywood Glasses SanJose Killeen Allentown FortCollins SantaRosa Laredo Tampa Portland GrandPrairie McAllen Yonkers Raleigh Denton Chicago Salinas Davidson NewHaven SanAntonio Houston ChulaVista Spokane CorpusChristi SantaClarita Fremont Madison SanBernardino Knoxville Brownsville Corona Surprise NewOrleans HuntingtonBeach Mobile Hartford Dallas Worcester Mesquite Frisco Clarksville Anchorage Thornton Joliet LasVegas Miami Olathe Irvine LittleRock GrandRapids Cincinnati Tallahassee Riverside Rockford Plano 
85
SanFrancisco SanFrancisco
SantaClara SantaClara
Memphis Charleston Memphis
FortCollins FortCollins SiouxFalls
Cincinnati Cincinnati
Mesquite Mesquite
Allentown Stamford Allentown
Hollywood Hollywood
Riverside Riverside
Omaha Omaha
Salinas GardenGrove Salinas
Beaumont Beaumont
Anaheim Anaheim
Brownsville Brownsville
StLouis StLouis
SanJose SanJose
Raleigh Glendale Raleigh
Elizabeth Elizabeth
Killeen Killeen
McAllen McAllen
LasVegas LasVegas Vallejo
Ontario Ontario
Davidson Davidson
Norman Norman
Montgomery Montgomery
Garland Garland
Mesa Mesa
SantaRosa SantaRosa
AnnArbor AnnArbor
Lancaster Lancaster Torrance
Hartford Hartford
Escondido Escondido
Tampa Tampa ThousandOaks
Dallas Dallas
Tallahassee Hampton
Rockford Rockford
Portland Portland
Warren Warren
Waco Wichita Waco
LittleRock LittleRock
SanBernardino SanBernardino
Lincoln Lincoln
Surprise Surprise Greensboro
Norfolk Norfolk
Houston Houston
Fremont Fremont
SanAntonio SanAntonio
OWO OWO
Anchorage Anchorage
Glasses Glasses
Chicago Chicago
Atlanta Atlanta Oxnard
Cary Cary
MorenoValley MorenoValley
Irving Irving
LouisvilleJefferson LouisvilleJefferson
Madison Madison
Thornton Thornton
Hayward Hayward
Miami Miami
Knoxville Knoxville
Denton Denton
Pasadena Pasadena
JerseyCity JerseyCity Pikachu
HuntingtonBeach AugustaRichmond SimiValley HuntingtonBeach
Denver Denver
Sunnyvale Sunnyvale
FortLauderdale FortLauderdale
Laredo Laredo
SantaClarita SantaClarita
Olathe Olathe
Corona Corona
Tulsa Tulsa
NewOrleans NewOrleans
Lafayette Lafayette Huntsville
OklahomaCity OklahomaCity
Spokane Pomona
CorpusChristi CorpusChristi
Mobile Mobile
GrandPrairie GrandPrairie
Vancouver Vancouver
Irvine Irvine
Worcester Worcester
Akron Akron
NewHaven NewHaven
