Waco OverlandPark SterlingHeights OWO AthensClarkeCounty SanFrancisco AthensClarkeCounty Palmdale Clarksville Stamford SanBernardino Victorville StPaul Palmdale AnnArbor SaltLakeCity Rochester Oski Irving SantaClara ChulaVista Lincoln Newark OverlandPark Waco 
19
Rochester Rochester
Palmdale Palmdale FortWayne
Clarksville Clarksville
OWO OWO LexingtonFa
Stamford Cary Stamford
Waco SanAntonio MorenoValley
StPaul StPaul
SanFrancisco SanFrancisco Richmond
AnnArbor AnnArbor
SterlingHeights SterlingHeights
Lincoln Detroit Lincoln
OverlandPark Omaha
Victorville FortCollins
SaltLakeCity SaltLakeCity
SanBernardino SanBernardino
AthensClarkeCounty AthensClarkeCounty
ChulaVista ChulaVista
Irving Irving
Newark Newark
