0 185 23 153 179 102 13 14 117 175 143 21 193 39 56 67 172 88 130 9 103 31 24 151 89 19 157 35 133 1 163 154 114 17 72 184 17 5 6 15 83 87 190 87 43 159 42 119 125 50 182 135 8 37 108 37 101 68 100 12 164 51 176 69 167 26 145 22 74 38 131 45 199 52 78 177 106 59 123 81 128 28 187 65 11 137 129 47 162 156 0 
78
0 0
1 1
119 2 174
35 3 35
9 4 9
5 5 160
8 8 71
11 11 138
13 13 197
14 14
15 15 16
17 17 94 96
101 18 101
108 20 166
21 21
22 22
23 23
24 24
26 26 80
193 27 193
28 28
31 31
42 33 42
38 38
39 39
43 43
47 47
50 50
51 51
52 52
56 56
59 59
65 65
185 66
67 67
68 68
69 69
175 70
72 72
74 74
78 78
81 81
83 83
131 84 93
133 86 133
89 89 98
100 100
102 102
103 103
156 107
135 111
114 114
117 115
190 116 190
12 120
125 125
128 128
129 129 152
130 130
172 134 172
137 137
159 141 159
143 143
163 146
151 151
153 153
154 154
157 157
123 158
164 164
167 167
6 173
177 177
182 182
88 183
184 184
187 187
199 199
