vLeODpVlYSBeYNDYoXha LOMgYipCQQXQnRqEqRwO qbmGewAditsWkTFHdxjP cvlwIwajcIlbhZbyFgmq qbmGewAditsWkTFHdxjP QQSjCkgLAWAPObYQvNsB RjKEHTlRvtaVBbyqZVAw QQSjCkgLAWAPObYQvNsB jwIBHKkXHTPVsOJwBOsr VhDSPHxolLkNxxDnpUyx PLDOWRIeaCSVLMyDadzC VhDSPHxolLkNxxDnpUyx fPxvnMVMFwhJbNBURdgD vGdJmIpYPUGRspXiVLdc sBkAYRISjTYinLFSNcKW ajvbaFpYiEBJySPsSLaI fToHwimUqLsKcKLZHiUX ajvbaFpYiEBJySPsSLaI DqUxIMslnixWfmkjQTmS TqyFrXuGvuBuqnpYbjKc DqUxIMslnixWfmkjQTmS wRjMmrpRuknxqunJrMAE iBjjCWwkYToOKfrrLnny wRjMmrpRuknxqunJrMAE gzxzakmqbxbsOczuQVLG gEufXNuuWhnlbNYaoQFJ gzxzakmqbxbsOczuQVLG gIttwvzcgONwFblnGIqq gMqbbwopmbxmOomqZjfm UgFPXEAdAfcfHGIbNTsq gMqbbwopmbxmOomqZjfm CmbFyJmcvVqyCmJgQxeI NciLXNPTvMoXdbTDZmlg QkAjrUUuVdzSMnlfJLcO AdXveYSBaneNwCQzrdSw ruLqpYqEzGGiKysvsarb ybrQlUhznqOhsvndWAbl NAHeKyyhAObyyUEUSkSU fHcdXnOxSadpKeCUwNYm fvEcAuRDdfuHEPLNpaTz sXfgLMwoysnMazVSWnhc sdSgCnaZeeOuPKljZOSr FEqXJcVrZfnSsHEUPhnl ASXwCgVTXDdhSXJwFovC FEqXJcVrZfnSsHEUPhnl WCCOEUYmDvzZlrkDAqoi xQaDpDGAXhDYzSMnMWvb TwgqMzgExFHTIfcwfBnr cZgmtoPGHxdozTaDMiyf DWWCMAjZQQIEKOIiHFQN McOZQehrTygkGidmwyMe fvYrLpgzqLNOAQbahgax BXzACdzjLITNgbmDPlEu aCucdhmWbhlrgfstQigR ZbyHJLmoTqNpTnlUVJZC tVzUgXVoBYxBMnkkwFmk MlwlINEFqmyzZNPXRLJF TCAkluAESUWAMGFeNcGN FcEsyaTmqpoyvbDrHjlc mevvwcZLudaokctOWvKe mlipOrSnGcxXtoXBbRyl NVEtShKeuxpaFIOiyVqE mlipOrSnGcxXtoXBbRyl mevvwcZLudaokctOWvKe iBYHAWUhqeQPjphQzpdN jzQJaGLLiuQLhhyqBagr iDucfyZGMCbCQbXjbQqM CfkBzkPETvagyIDCsLTD oCvaAQKOXXWgeSNnUmae OVoYVQPnlYoZBBKtyuLk CPszTohYUHARNedzFlDK pdXCnKagnvEntNTuPHdK dyUDfEGgAoSshTRjMZZg zxeoSbTqbWPpSzalAtBI uyPyJzKFqWxgSNmpkDrB vLeODpVlYSBeYNDYoXha 
50
fPxvnMVMFwhJbNBURdgD fPxvnMVMFwhJbNBURdgD
TwgqMzgExFHTIfcwfBnr TwgqMzgExFHTIfcwfBnr
cvlwIwajcIlbhZbyFgmq cvlwIwajcIlbhZbyFgmq
tVzUgXVoBYxBMnkkwFmk tVzUgXVoBYxBMnkkwFmk
sBkAYRISjTYinLFSNcKW sBkAYRISjTYinLFSNcKW
DWWCMAjZQQIEKOIiHFQN DWWCMAjZQQIEKOIiHFQN
fToHwimUqLsKcKLZHiUX fToHwimUqLsKcKLZHiUX
ASXwCgVTXDdhSXJwFovC ASXwCgVTXDdhSXJwFovC
VhDSPHxolLkNxxDnpUyx VhDSPHxolLkNxxDnpUyx
gzxzakmqbxbsOczuQVLG gzxzakmqbxbsOczuQVLG
AdXveYSBaneNwCQzrdSw AdXveYSBaneNwCQzrdSw
DqUxIMslnixWfmkjQTmS DqUxIMslnixWfmkjQTmS
aCucdhmWbhlrgfstQigR aCucdhmWbhlrgfstQigR
WCCOEUYmDvzZlrkDAqoi WCCOEUYmDvzZlrkDAqoi
jzQJaGLLiuQLhhyqBagr jzQJaGLLiuQLhhyqBagr
uyPyJzKFqWxgSNmpkDrB uyPyJzKFqWxgSNmpkDrB
MlwlINEFqmyzZNPXRLJF MlwlINEFqmyzZNPXRLJF
fvEcAuRDdfuHEPLNpaTz fvEcAuRDdfuHEPLNpaTz
iBYHAWUhqeQPjphQzpdN iBYHAWUhqeQPjphQzpdN
UgFPXEAdAfcfHGIbNTsq UgFPXEAdAfcfHGIbNTsq
iBjjCWwkYToOKfrrLnny iBjjCWwkYToOKfrrLnny
gMqbbwopmbxmOomqZjfm gMqbbwopmbxmOomqZjfm
PLDOWRIeaCSVLMyDadzC PLDOWRIeaCSVLMyDadzC
gEufXNuuWhnlbNYaoQFJ gEufXNuuWhnlbNYaoQFJ
NVEtShKeuxpaFIOiyVqE NVEtShKeuxpaFIOiyVqE
sXfgLMwoysnMazVSWnhc sXfgLMwoysnMazVSWnhc
iDucfyZGMCbCQbXjbQqM iDucfyZGMCbCQbXjbQqM
pdXCnKagnvEntNTuPHdK pdXCnKagnvEntNTuPHdK
NAHeKyyhAObyyUEUSkSU NAHeKyyhAObyyUEUSkSU
OVoYVQPnlYoZBBKtyuLk OVoYVQPnlYoZBBKtyuLk
gIttwvzcgONwFblnGIqq gIttwvzcgONwFblnGIqq
xQaDpDGAXhDYzSMnMWvb xQaDpDGAXhDYzSMnMWvb
jwIBHKkXHTPVsOJwBOsr jwIBHKkXHTPVsOJwBOsr
mlipOrSnGcxXtoXBbRyl mlipOrSnGcxXtoXBbRyl
RjKEHTlRvtaVBbyqZVAw RjKEHTlRvtaVBbyqZVAw
dyUDfEGgAoSshTRjMZZg dyUDfEGgAoSshTRjMZZg
CmbFyJmcvVqyCmJgQxeI CmbFyJmcvVqyCmJgQxeI
ruLqpYqEzGGiKysvsarb ruLqpYqEzGGiKysvsarb
cZgmtoPGHxdozTaDMiyf cZgmtoPGHxdozTaDMiyf
BXzACdzjLITNgbmDPlEu BXzACdzjLITNgbmDPlEu
TqyFrXuGvuBuqnpYbjKc TqyFrXuGvuBuqnpYbjKc
CfkBzkPETvagyIDCsLTD CfkBzkPETvagyIDCsLTD
fHcdXnOxSadpKeCUwNYm fHcdXnOxSadpKeCUwNYm
ybrQlUhznqOhsvndWAbl ybrQlUhznqOhsvndWAbl
zxeoSbTqbWPpSzalAtBI zxeoSbTqbWPpSzalAtBI
QkAjrUUuVdzSMnlfJLcO QkAjrUUuVdzSMnlfJLcO
FcEsyaTmqpoyvbDrHjlc FcEsyaTmqpoyvbDrHjlc
NciLXNPTvMoXdbTDZmlg NciLXNPTvMoXdbTDZmlg
QQSjCkgLAWAPObYQvNsB QQSjCkgLAWAPObYQvNsB
CPszTohYUHARNedzFlDK CPszTohYUHARNedzFlDK
