wNqlpYNsRbJEgiGpKxrU WoTuprXYItmuBoyNwAcV NtyLZDOaSczVvOGdocUp NYdfLxXxFVvLEbDKzXWn NIJaJxCurulNUdZZMxFk JvFxbsySBAiFiOUrzrBi wuSVWJYvpiWaQAHXocSG cMYyKTXGNKnFzrpwnXUl vTbNxpVTEoFlSjvvVvfG jeqqhISPyRIhGBNohHEu NJZlnWyeJFrkOwoqHKtT yscsUFTNNyaVMKBztBdV VRpSthoDcomqMDsGoVql nCedHqGgdWAicwyuYWpg kqcEdfKLaRzxOhAIzchh jznspKyqlmxZtgfQUJVB RlHeRhvUOhGhZVGGJuED gFUGYXSirCYiFTivWNah erZKLqpCZsYKDnOCaBGq ccdJRKiTXwIErdhSIxfh eiLPqIroFfCGzqSAlzAp svUOWvTJLneAqJGnExpc oZXYedlbtBLmkfoVmgta joWAhkfNqIEECnBeulGl qoaNjvaRghiMQXaVEoQe syonLisTOSczosCwoILE CvZkdIYtdeDHtwufupie oHoxoLeyDYnKZDzgMtxI TEPaiCedHTXapLxoBXMp bFmSeBrfNuxjYPUDCLYq szyiMlKhtyOynWjcoMsm zHPSSEtFTQIbLYMdHqgP SitzoubgYFeTjmkLjVPz wlySPverjehsBxldyigf pzrGQEObzJGPnfATEYDc hLaNXBYgTzgUhvjmqUTu UdSbtwxTqTJxOiUoxEqw eOfnBeTgmYCNEnRUhlEK KcrnMnFDTrBKaUaGpdLY fpoTaBKmVdlDCxFwCFoz FWnudSYFvYQJHehOpEKf twwHXGyTBfZUDOGVnCzA lIpVoDPUIfHCPpjswogJ wfEFdNDcColoskjTjcLm QePOUWiXcAUCoHETxuGS iVjkcMenotYGMFEBTvoa oDgfEuAVpeOlkkTIMDLw ADVVlRLpnspleRTgeTdu DZEpVGVXkxHljziwItaS QjbdwbUnopENkiNyqirZ nreoVgWrBhNXFZgTBlXO WMWBpOSnHGywZjCgaYyY XtZHoAxqEyzvMChzPHpN CbGuHgZfQMmSOfHDFJnK eCBFrcppbiLzdGQubocl vIbIQYXZnmYrooTLYNtu fgzJCwocQniGlXAZHJId UIlSMnVKIdNiXZNSiHsI eobSFtKBbBdcVrTOREdK qfRRtdRbhYJBARMfPlZM scpUkbcaYSAsHhSktebT jUSlIFtitQxyvVLJjiCc XPPBMlNyfVVeZGIzTCEW pMOSpTzPTPLXHLOQMjnt PZwTcKCPsEmpxetNZvef MBJqOYmxhUYbldNVEdRy NzDQJknJPDEkcwCHzzbF wvSJDoqoPGAkYgSuPFPw shugRMnaHVqQSmKaNBgu efZntVbfQTvIUOiRNPSH EEeDJaHeajXXlwYcHTeJ juzxSpUVuccJUMBOcJjO ANDviqMIuFwdcboQDprt QyXpliHSeQOPIsurIcpa DpztIuGTRpGuLsdlODJw lSJjEsqamUCgRZdCmdyI XvUPApTFkqaSSizYsCIr GMxGouyyndiUBMqMdOoc mgNeYYUOPKpLeiVEFIXd kwPuYZgJgVVJfdBGUtPw HeWrJOKsDjgdrcamgZLN aGPbLNWYAMujnfHCTCMo YTwycpmzEWCqqTELtzXc bEfUXCTlwRBndElSbPGf imEmCMbYEtZJJkwxkSDD xlbpuxAjoVPJWPCWBEkJ zNRhhVdMWUgTnnqmAfeY QeYNNLpZMBxyiFbZMPFY EhDFVLWZueLOrdjEOzEQ aIuYyryCOUGVeCAqbqkg gcXUxTVUZWsOwtRNeDDa kyApsCeFkLoLFCdkazaE ihxEqMQIIvyQmtrtMjeO EmbDgEECbkHbfAfHCgwB xgBrJmdXVwtxgRuCBhMe edlAtPQdNXJQPCIzpkyX IvXQutSorlqOgnSVAIUd oKAKfpUUuLItChLyByFh igyeOiSdezmmXGTwMzLw lbWonvEbeplndKguSTkk wNqlpYNsRbJEgiGpKxrU 
94
svUOWvTJLneAqJGnExpc svUOWvTJLneAqJGnExpc
lIpVoDPUIfHCPpjswogJ cwgJAHVpCCTmuckJkncL
DZEpVGVXkxHljziwItaS DZEpVGVXkxHljziwItaS
NtyLZDOaSczVvOGdocUp NtyLZDOaSczVvOGdocUp
vIbIQYXZnmYrooTLYNtu vIbIQYXZnmYrooTLYNtu
yscsUFTNNyaVMKBztBdV yscsUFTNNyaVMKBztBdV
syonLisTOSczosCwoILE syonLisTOSczosCwoILE
ihxEqMQIIvyQmtrtMjeO ihxEqMQIIvyQmtrtMjeO
ADVVlRLpnspleRTgeTdu ADVVlRLpnspleRTgeTdu
bFmSeBrfNuxjYPUDCLYq bFmSeBrfNuxjYPUDCLYq
NzDQJknJPDEkcwCHzzbF NzDQJknJPDEkcwCHzzbF
PZwTcKCPsEmpxetNZvef ZauPfhkpsGmhbvkhkltR PZwTcKCPsEmpxetNZvef
DpztIuGTRpGuLsdlODJw DpztIuGTRpGuLsdlODJw
scpUkbcaYSAsHhSktebT scpUkbcaYSAsHhSktebT JVONrXhhmtFWhFfDiOXW
eCBFrcppbiLzdGQubocl ZwvojvRdUOYNJXIwAqgC
EmbDgEECbkHbfAfHCgwB EmbDgEECbkHbfAfHCgwB
FWnudSYFvYQJHehOpEKf FWnudSYFvYQJHehOpEKf
QeYNNLpZMBxyiFbZMPFY QeYNNLpZMBxyiFbZMPFY
juzxSpUVuccJUMBOcJjO juzxSpUVuccJUMBOcJjO
eobSFtKBbBdcVrTOREdK eobSFtKBbBdcVrTOREdK
wuSVWJYvpiWaQAHXocSG wuSVWJYvpiWaQAHXocSG
zNRhhVdMWUgTnnqmAfeY zNRhhVdMWUgTnnqmAfeY
EEeDJaHeajXXlwYcHTeJ EEeDJaHeajXXlwYcHTeJ
oKAKfpUUuLItChLyByFh oKAKfpUUuLItChLyByFh
efZntVbfQTvIUOiRNPSH efZntVbfQTvIUOiRNPSH
igyeOiSdezmmXGTwMzLw igyeOiSdezmmXGTwMzLw
xgBrJmdXVwtxgRuCBhMe xgBrJmdXVwtxgRuCBhMe
XPPBMlNyfVVeZGIzTCEW XPPBMlNyfVVeZGIzTCEW
YTwycpmzEWCqqTELtzXc YTwycpmzEWCqqTELtzXc
MBJqOYmxhUYbldNVEdRy MBJqOYmxhUYbldNVEdRy
NJZlnWyeJFrkOwoqHKtT NJZlnWyeJFrkOwoqHKtT
QyXpliHSeQOPIsurIcpa QyXpliHSeQOPIsurIcpa
pzrGQEObzJGPnfATEYDc pzrGQEObzJGPnfATEYDc
gFUGYXSirCYiFTivWNah ayQgUwyRuQVKeyFLPNbQ
bEfUXCTlwRBndElSbPGf bEfUXCTlwRBndElSbPGf
XvUPApTFkqaSSizYsCIr XvUPApTFkqaSSizYsCIr
wlySPverjehsBxldyigf wlySPverjehsBxldyigf
CbGuHgZfQMmSOfHDFJnK CbGuHgZfQMmSOfHDFJnK
edlAtPQdNXJQPCIzpkyX edlAtPQdNXJQPCIzpkyX
gcXUxTVUZWsOwtRNeDDa gcXUxTVUZWsOwtRNeDDa
EhDFVLWZueLOrdjEOzEQ EhDFVLWZueLOrdjEOzEQ
KcrnMnFDTrBKaUaGpdLY KcrnMnFDTrBKaUaGpdLY
nreoVgWrBhNXFZgTBlXO nreoVgWrBhNXFZgTBlXO
mgNeYYUOPKpLeiVEFIXd mgNeYYUOPKpLeiVEFIXd
kqcEdfKLaRzxOhAIzchh kqcEdfKLaRzxOhAIzchh
SitzoubgYFeTjmkLjVPz SitzoubgYFeTjmkLjVPz
IvXQutSorlqOgnSVAIUd IvXQutSorlqOgnSVAIUd
oHoxoLeyDYnKZDzgMtxI oHoxoLeyDYnKZDzgMtxI
CvZkdIYtdeDHtwufupie CvZkdIYtdeDHtwufupie NPSPGRTNRcKKVpsBRSwh ZXihCBEQBTdisqSlEMsj
cMYyKTXGNKnFzrpwnXUl cMYyKTXGNKnFzrpwnXUl
kwPuYZgJgVVJfdBGUtPw kwPuYZgJgVVJfdBGUtPw
JvFxbsySBAiFiOUrzrBi JvFxbsySBAiFiOUrzrBi
erZKLqpCZsYKDnOCaBGq erZKLqpCZsYKDnOCaBGq
GMxGouyyndiUBMqMdOoc GMxGouyyndiUBMqMdOoc
QePOUWiXcAUCoHETxuGS QePOUWiXcAUCoHETxuGS gDYKDrbERUXTnCayjBrC
ANDviqMIuFwdcboQDprt ANDviqMIuFwdcboQDprt
HeWrJOKsDjgdrcamgZLN HeWrJOKsDjgdrcamgZLN
UIlSMnVKIdNiXZNSiHsI UIlSMnVKIdNiXZNSiHsI
eOfnBeTgmYCNEnRUhlEK eOfnBeTgmYCNEnRUhlEK
qfRRtdRbhYJBARMfPlZM qfRRtdRbhYJBARMfPlZM
imEmCMbYEtZJJkwxkSDD imEmCMbYEtZJJkwxkSDD
xlbpuxAjoVPJWPCWBEkJ xlbpuxAjoVPJWPCWBEkJ
aIuYyryCOUGVeCAqbqkg aIuYyryCOUGVeCAqbqkg
TEPaiCedHTXapLxoBXMp TEPaiCedHTXapLxoBXMp
fgzJCwocQniGlXAZHJId fgzJCwocQniGlXAZHJId
szyiMlKhtyOynWjcoMsm szyiMlKhtyOynWjcoMsm
ccdJRKiTXwIErdhSIxfh ccdJRKiTXwIErdhSIxfh
aGPbLNWYAMujnfHCTCMo aGPbLNWYAMujnfHCTCMo
pMOSpTzPTPLXHLOQMjnt pMOSpTzPTPLXHLOQMjnt oLMkSrYLQRLHmPiuLCTC
wvSJDoqoPGAkYgSuPFPw wvSJDoqoPGAkYgSuPFPw
jznspKyqlmxZtgfQUJVB jznspKyqlmxZtgfQUJVB
wfEFdNDcColoskjTjcLm wfEFdNDcColoskjTjcLm
jUSlIFtitQxyvVLJjiCc jUSlIFtitQxyvVLJjiCc
zHPSSEtFTQIbLYMdHqgP zHPSSEtFTQIbLYMdHqgP
NIJaJxCurulNUdZZMxFk NIJaJxCurulNUdZZMxFk
hLaNXBYgTzgUhvjmqUTu hLaNXBYgTzgUhvjmqUTu
kyApsCeFkLoLFCdkazaE kyApsCeFkLoLFCdkazaE
shugRMnaHVqQSmKaNBgu shugRMnaHVqQSmKaNBgu
NYdfLxXxFVvLEbDKzXWn NYdfLxXxFVvLEbDKzXWn
UdSbtwxTqTJxOiUoxEqw UdSbtwxTqTJxOiUoxEqw
iVjkcMenotYGMFEBTvoa VIPPawblKbhOVWrmrWBx
XtZHoAxqEyzvMChzPHpN XtZHoAxqEyzvMChzPHpN
nCedHqGgdWAicwyuYWpg nCedHqGgdWAicwyuYWpg
lSJjEsqamUCgRZdCmdyI lSJjEsqamUCgRZdCmdyI
VRpSthoDcomqMDsGoVql VRpSthoDcomqMDsGoVql
lbWonvEbeplndKguSTkk lbWonvEbeplndKguSTkk
oZXYedlbtBLmkfoVmgta oZXYedlbtBLmkfoVmgta
RlHeRhvUOhGhZVGGJuED RlHeRhvUOhGhZVGGJuED
QjbdwbUnopENkiNyqirZ QjbdwbUnopENkiNyqirZ
fpoTaBKmVdlDCxFwCFoz fpoTaBKmVdlDCxFwCFoz
joWAhkfNqIEECnBeulGl joWAhkfNqIEECnBeulGl
vTbNxpVTEoFlSjvvVvfG vTbNxpVTEoFlSjvvVvfG
WMWBpOSnHGywZjCgaYyY WMWBpOSnHGywZjCgaYyY
eiLPqIroFfCGzqSAlzAp eiLPqIroFfCGzqSAlzAp
