oUyBZvEHNPOWtAsHANHU JGmrlhNqKarRJZMikIzR fDAbzsYfiXDxOIsITcQl IuNNJvHSmYKpVBzmzuJX rqqedkokePZFdhDbMNpX hpQFeVriPZmwKZcYFAWN NBTlGJqSnWahMvuDlXAm ikjgYLaZRolSrbIYyKBd tItiZloipgPmLuONrNnZ eqwycKZriorIAbsUBjxu VVzvLIOwARaWwhQTKPrx OWCblOtQanZakRLMqMxz eWVKeYegIFOJxvfRkjek QFaSXENOfunmdZIBqDsS UMfDYlvFlUVuogMRkWNG QFaSXENOfunmdZIBqDsS JKNUHFrXPStBWMuUOVkj CCYBPFZgoOONzoEeTKzC CcspnGXfrmzZRWjdMjLd XZRBuctXhYPbWardFSZS oUyBZvEHNPOWtAsHANHU 
18
VVzvLIOwARaWwhQTKPrx VVzvLIOwARaWwhQTKPrx
eqwycKZriorIAbsUBjxu hNRcEeFjmsmOnuOdNAXl MeohNnftDTzllMTGwxnG eqwycKZriorIAbsUBjxu
JKNUHFrXPStBWMuUOVkj JKNUHFrXPStBWMuUOVkj
UMfDYlvFlUVuogMRkWNG lPMfQyVLDIZczBuDgsVQ UMfDYlvFlUVuogMRkWNG
rqqedkokePZFdhDbMNpX IUJDEWwYxhQimsCqnrFH
oUyBZvEHNPOWtAsHANHU eWGFHgdBASXJbxQbYrCG oUyBZvEHNPOWtAsHANHU
fDAbzsYfiXDxOIsITcQl NVPacTSrBMpDkMBotiWB
IuNNJvHSmYKpVBzmzuJX znYRMYifzQwyixuIXDnz IuNNJvHSmYKpVBzmzuJX
NBTlGJqSnWahMvuDlXAm NBTlGJqSnWahMvuDlXAm
tItiZloipgPmLuONrNnZ cAvnOxZJtanpVvcAxJHM
CcspnGXfrmzZRWjdMjLd CcspnGXfrmzZRWjdMjLd oMKDNkBacLxexXKHqXfF
eWVKeYegIFOJxvfRkjek eWVKeYegIFOJxvfRkjek
XZRBuctXhYPbWardFSZS QMnEKXGwZYUlreveNjwA
ikjgYLaZRolSrbIYyKBd CXrruomvXfADUrHxMwZi
CCYBPFZgoOONzoEeTKzC CCYBPFZgoOONzoEeTKzC
hpQFeVriPZmwKZcYFAWN PojKKQvEDmFOnJinujFi hpQFeVriPZmwKZcYFAWN
JGmrlhNqKarRJZMikIzR gUlgGYCPZjsRiFLqnVun
OWCblOtQanZakRLMqMxz OWCblOtQanZakRLMqMxz
