Soda location25 location14 location16 location7 location10 location3 location21 location24 location6 location44 location8 location2 location17 location12 location4 location22 location18 location46 location23 location9 location20 Soda 
21
location10 location10 location11
location2 location2
location22 location22
location3 location3
location14 location14
location8 location1 location8
location23 location23
location6 location6
location25 location25
location16 location16
location4 location4
location21 location21
location7 location7
location9 location19 location5 location9
location12 location12
location17 location17
location24 location24
location20 location20
location46 location13
location44 location15
location18 location18
