Soda woolf winifred danyal rosen amanda sunny lewke tamara jarrett shen garcia massachusetts annie eshaan ruhi kevin noor martinez lo aidan sriram chris rob srinivasan yip alvin krishnan patagonia garbers davis nancy vilaythong djajadi yu connor singhal castro meghan berkeley chloe berit shah ashley ritter persson walsh ohio sarina rabie ian golden andrew caroline daniel juliann grace roshan Soda 
50
danyal danyal
singhal singhal
grace grace
patagonia patagonia
shen shen
sunny sunny
vilaythong vilaythong
alvin alvin
rabie rabie
sriram sriram
daniel daniel
winifred winifred
davis davis
castro castro
rob rob
noor noor
lewke lewke
golden golden
martinez martinez
chloe chloe
garbers garbers
garcia garcia
sarina sarina
krishnan krishnan
amanda amanda
massachusetts massachusetts
ruhi ruhi
jarrett jarrett
tamara tamara
rosen rosen
shah shah
woolf woolf
eshaan eshaan
caroline caroline
yip yip
juliann juliann
kevin kevin
lo lo
roshan roshan
annie annie
djajadi djajadi
meghan meghan
ritter ritter
andrew andrew
ian ian
walsh walsh
aidan aidan
connor connor
ashley ashley
berit berit
