Soda li maya connor eshaan deven liang adhikiari gobears anna chen mittal amanda djajadi cal srinivasan zhifei annie erika barth xin weaver tyler andrew lewke william nichole ohio hanlon franco youmna soman zou katherine oscar celine charles alvin doshi chloe sunny parham brett devesh wyatt winston singorahardjo hari ronald emily garcia greg aidan winifred ellen daniel castro chase george vikram melissa meghan krista kanika umar pratibha jacob sam grace hsu ishaan shah maniku wong chung srivastava sun du ritter berkeley ruhi chris kevin shahroz evan wang danyal sophia jarrett subbaraj vilaythong angelis saurav singhal wu krishnan guan scott bears mack yip lebron kaur ahluwalia ani aanika ravi hayakawa olivia zhou king juliann logan patagonia rouzbahani gregory berit ashley caroline massachusetts rob blue lindsey Soda 
100
ruhi ruhi
wyatt wyatt
kaur kaur
caroline caroline
maniku maniku
sunny sunny
kevin kevin
devesh devesh
rouzbahani rouzbahani
singorahardjo singorahardjo
srinivasan srinivasan
ashley ashley
djajadi djajadi
chen chen
li li
singhal singhal
william william
daniel daniel
ishaan ishaan
du du
eshaan eshaan
rob rob
cal cal
zou zou
vikram vikram
ravi ravi
weaver weaver
srivastava srivastava
wu wu
oscar oscar
grace grace
adhikiari adhikiari
bears bears
massachusetts massachusetts
gregory gregory
connor connor
ritter ritter
wong wong
ellen ellen
chung chung
danyal danyal
celine celine
maya maya
ohio ohio
barth barth
greg greg
ahluwalia ahluwalia
doshi doshi
amanda amanda
krishnan krishnan
xin xin
zhou zhou
mittal mittal
melissa melissa
scott scott
angelis angelis
yip yip
jacob jacob
erika erika
zhifei zhifei
shah shah
hanlon hanlon
chloe chloe
lebron lebron
parham parham
gobears gobears
tyler tyler
saurav saurav
emily emily
george george
nichole nichole
alvin alvin
king king
olivia olivia
vilaythong vilaythong
brett brett
aanika aanika
ani ani
sun sun
krista krista
winifred winifred
hari hari
soman soman
liang liang
berit berit
annie annie
umar umar
kanika kanika
patagonia patagonia
mack mack
charles charles
subbaraj subbaraj
franco franco
lindsey lindsey
andrew andrew
logan logan
lewke lewke
evan evan
sophia sophia
chase chase
