Soda kanika sahai li vaibhav kevin steven sathvik mack yanay weaver caroline rouzbahani gregory gibson wang luo ellen yip berit scott jarrett yash zou du brady tran gobears chandran Soda 
25
yanay yanay
rouzbahani rouzbahani
steven steven
gregory gregory
chandran chandran
jarrett jarrett
sathvik sathvik
du du
berit berit
vaibhav vaibhav
yash yash
gibson gibson
mack mack
caroline caroline
li li
wang wang
tran tran
sahai sahai
yip yip
weaver weaver
ellen ellen
scott scott
kevin kevin
kanika kanika
luo luo
