Kaimganj Fagaras Pilibhit Madurai Xankandi Tsirang Korolev Yucheng Isakogorka MontecatiniTerme Dankov Narangba GobernadorGalvez Tocache MilpaAlta PinhalNovo Racine Gobo Albi Karasuyama Tsukawaki Novopokrovskaya Anahuac MorlanwelzMariemont Leixlip Kaimganj 
22
Albi Albi
PinhalNovo PinhalNovo
Tsukawaki Tsukawaki
Narangba Narangba
Tocache Tocache Fandriana
Novopokrovskaya Novopokrovskaya
Karasuyama Karasuyama
Dankov Dankov
Fagaras Fagaras
Yucheng Yucheng
Isakogorka Isakogorka
Tsirang Tsirang Brecht
MorlanwelzMariemont EncarnaciondeDiaz
Pilibhit Pilibhit Irvine
Gobo Gobo
Leixlip Leixlip
Korolev Korolev
MontecatiniTerme MontecatiniTerme
MilpaAlta MilpaAlta
GobernadorGalvez GobernadorGalvez
Racine Racine
Anahuac Anahuac
