lyenDXSN wBJRoqVxn1t Mu 6DVIvuGfPs2BU lt1a5E0H llx2p akZmiQ7tmX KTvdjgP8tvhZu1m FGQD6P 2FvJIR5cRPGGLqP VNvsbB7eWJcAK0fU 8LlDxR2Epx2J o3refHnx4qioqHztqMYE nWkakNi6Qt9d4g K6yVeBnomxSBet wcmx8dhmsO cYPTdnJWL JyObTOXbOI ImSpax GPeb uy3ouNIxumu7jEuoP1 2AR73oQdnbYqnDCGMFS EJDqk K0A9bbVLm9atwTf A67f hVfqebryM4wN HwQeXpOEZHQ3s l G50hiUpVStHCMrd hjCFXN9kbqn0UCNsZ a5oWSrhkZ1i nqeGwct vAIBd1Ae fzp 61 L 7Q CmV D5kg vJxAK1LaHyuu4yFNeul KtvQaJqCJTRpXM8ZI s BR hU wKxe lyenDXSN 
38
G50hiUpVStHCMrd G50hiUpVStHCMrd
BR BR
hU hU
uy3ouNIxumu7jEuoP1 MBLHuIgjJIXs
CmV CmV
K6yVeBnomxSBet frNA534JEvY4f
VNvsbB7eWJcAK0fU VNvsbB7eWJcAK0fU
hjCFXN9kbqn0UCNsZ hjCFXN9kbqn0UCNsZ
L L
nWkakNi6Qt9d4g nWkakNi6Qt9d4g
nqeGwct nqeGwct
l l
wBJRoqVxn1t wBJRoqVxn1t 6yeW7sat9rvd
2FvJIR5cRPGGLqP zzYmU5YFhvp1
lt1a5E0H lt1a5E0H
wcmx8dhmsO wcmx8dhmsO
GPeb GPeb
vAIBd1Ae vAIBd1Ae
akZmiQ7tmX akZmiQ7tmX
Mu Mu
K0A9bbVLm9atwTf K0A9bbVLm9atwTf
EJDqk Plmj0j
6DVIvuGfPs2BU 6DVIvuGfPs2BU
ImSpax ImSpax
llx2p llx2p
7Q zI 7Q
o3refHnx4qioqHztqMYE o3refHnx4qioqHztqMYE
hVfqebryM4wN hVfqebryM4wN
A67f A67f
vJxAK1LaHyuu4yFNeul vJxAK1LaHyuu4yFNeul
FGQD6P jvdVvQ
61 61
a5oWSrhkZ1i f
HwQeXpOEZHQ3s HwQeXpOEZHQ3s
cYPTdnJWL cYPTdnJWL
2AR73oQdnbYqnDCGMFS 2AR73oQdnbYqnDCGMFS
KtvQaJqCJTRpXM8ZI KtvQaJqCJTRpXM8ZI
KTvdjgP8tvhZu1m M1PxrOPSNUVpc
