0 68 18 132 179 168 183 143 175 134 142 151 146 197 165 171 174 193 131 162 186 159 154 135 176 137 133 18 20 68 0 
26
18 130 136 138 139 140 141 144 145 147 148 149 150 152 153 155 156 157 158 160 161 163 164
131 131
132 132
133 133
134 134
135 135
137 137
142 142
143 143
146 146
151 151
154 154
159 159
162 162
165 165
20 166 167 169 170 172 173 177 178 180 181 182 184 185 187 188 189 190 191 192 194 195 196 198 199
168 168
171 171
174 174
175 175
176 176
179 179
183 183
186 186
193 193
197 197
