2 179 49 11 16 199 161 29 131 27 35 63 75 109 175 110 115 183 171 196 95 39 10 105 99 151 7 87 124 165 26 119 34 38 117 82 42 111 133 154 155 154 129 185 25 185 3 47 107 167 21 157 83 164 197 135 113 195 55 33 97 43 85 145 103 61 23 77 1 147 1 149 72 4 177 193 142 37 166 121 45 189 66 93 31 181 169 9 2 
75
1 1 51
3 3
155 5 155
7 7
9 9
11 11 139
147 13 147 153
95 15 95
131 17 131
55 19 55
21 21
23 23
25 25 173
27 27
29 29
31 31
33 33 101
35 35
37 37
39 39
164 41
43 43
45 45
47 47
49 49 73
121 53 121
75 57 75
109 59 109
61 61 89
63 63 141
77 65 77 187
34 67
135 69 135
195 71 195
157 79 157
72 81 125
83 83
85 85
87 87
181 91 181
93 93
97 97
99 99
103 103
105 105
107 107
111 111 163
113 113
115 115
117 117
119 119
124 123
4 127
129 129
133 133 137
142 143
145 145
149 149
151 151
154 159
161 161
165 165
167 167
169 169
171 171
175 175
177 177
179 179
183 183
185 185
189 189
82 191
193 193
197 197
199 199
