S 3M 3Bf 3Ba 3M 3Da 3M 3Ca 3Cb 3Cc 3Cb 3Ca 3M 3Ea 3Ec 3Ea 3M 3Af 3Ag 3Af 3Ab 3Aa 3M S 2M 2Bf 2Ba 2M 2Da 2M 2Ea 2Ec 2Ea 2M 2Ca 2Cb 2Cc 2Cb 2Ca 2M 2Af 2Ag 2Af 2Ab 2Aa 2M S 4M 4Af 4Ag 4Af 4Ab 4Aa 4M 4Ca 4Cb 4Cc 4Cb 4Ca 4M 4Ba 4Bf 4M 4Da 4M 4Ea 4Ec 4Ea 4M S 1M 1Ba 1Bf 1M 1Ca 1Cb 1Cc 1Cb 1Ca 1M 1Ea 1Ec 1Ea 1M 1Da 1M 1Aa 1Ab 1Af 1Ag 1Af 1M S 
48
1Aa 1Aa
1Ab 1Ab 1Ac 1Ad 1Ae
1Ag 1Ag 1Ah 1Ai 1Aj
1Ba 1Bb
1Bf 1Bf 1Bi 1Bj
1Ca 1Ca
1Cb 1Cb
1Cc 1Cc 1Cd
1Da 1Dd 1De
1Ea 1Ee 1Ek
1Ec 1Eh 1Ei
1M 1Fe
2Aa 2Aa
2Ab 2Ab 2Ac 2Ad 2Ae
2Ag 2Ag 2Ah 2Ai 2Aj
2Ba 2Bb
2Bf 2Bf 2Bi 2Bj
2Ca 2Ca
2Cb 2Cb
2Cc 2Cc 2Cd
2Da 2Dd 2De
2Ea 2Ee 2Ek
2Ec 2Eh 2Ei
2M 2Fe
3Aa 3Aa
3Ab 3Ab 3Ac 3Ad 3Ae
3Ag 3Ag 3Ah 3Ai 3Aj
3Ba 3Bb
3Bf 3Bf 3Bi 3Bj
3Ca 3Ca
3Cb 3Cb
3Cc 3Cc 3Cd
3Da 3Dd 3De
3Ea 3Ee 3Ek
3Ec 3Eh 3Ei
3M 3Fe
4Aa 4Aa
4Ab 4Ab 4Ac 4Ad 4Ae
4Ag 4Ag 4Ah 4Ai 4Aj
4Ba 4Bb
4Bf 4Bf 4Bi 4Bj
4Ca 4Ca
4Cb 4Cb
4Cc 4Cc 4Cd
4Da 4Dd 4De
4Ea 4Ee 4Ek
4Ec 4Eh 4Ei
4M 4Fe
