0 198 197 196 191 192 186 181 176 171 166 167 161 164 161 163 162 156 151 146 141 136 131 126 130 129 126 128 127 121 116 111 112 106 101 104 105 101 103 102 101 96 91 95 94 91 93 92 86 87 81 76 71 66 61 56 60 59 56 58 57 51 52 53 51 46 41 42 36 37 31 35 31 33 32 26 29 30 26 21 24 25 21 16 11 13 12 11 6 1 0 
65
58 58
24 24
41 44
131 135
71 73 72 75 74
96 100 99 98 97
6 7
21 22
35 35 34
86 90
16 17 19
136 137 139 140 138
61 63 65 64 62
163 163
76 78 79 80
105 105
192 192
151 155 152 153
164 164 165
11 14
106 109 107 108
60 60
186 189 187
46 48 47
111 114 113
42 42
116 118
181 183 184 185
95 95
141 144 143 145 142
191 193 195
53 53
81 83 84 82
103 103
52 52
37 38
25 25
176 180 179
30 30
94 94
102 102
130 130
112 112
33 33
121 122
166 169 170
66 70 68
1 3
127 127
26 27
162 162
93 93
13 13
12 12
32 32
87 87
171 173
29 29
59 59
36 39
129 129
156 159
128 128
146 149
104 104
