yqRn7pcv i4M5A6hw fsgAjhrq hC2ZPbzA cbK8BQiu Wvomb2LC 2XMfF8YA lRFv66dO uzY67sfN hcJG54h4 6XOrbPEm 5Zo9R33z gGaSBUDY rJm7nPd7 mB6fiF0u LQU5lyru o5fxSomz mmiVeCrf XlaUIvCb zcy1X765 ne5PzSYX xaYYL0Xr RKTqv0lO mpBvpan0 yqRn7pcv 
22
mB6fiF0u 7xyYvlir mB6fiF0u
hC2ZPbzA hC2ZPbzA
lRFv66dO lRFv66dO
ne5PzSYX ne5PzSYX
5Zo9R33z 5Zo9R33z
fsgAjhrq fsgAjhrq 1JmiRMy2
2XMfF8YA 2XMfF8YA
RKTqv0lO RKTqv0lO
6XOrbPEm 6XOrbPEm
zcy1X765 zcy1X765
yqRn7pcv yqRn7pcv
i4M5A6hw i4M5A6hw
o5fxSomz o5fxSomz
mmiVeCrf mmiVeCrf
cbK8BQiu Tv0Ngo2a
XlaUIvCb XlaUIvCb
hcJG54h4 hcJG54h4
LQU5lyru rKjRBwvM LQU5lyru
rJm7nPd7 rJm7nPd7
xaYYL0Xr xaYYL0Xr
uzY67sfN uzY67sfN
Wvomb2LC Wvomb2LC
