93 62 18 94 80 46 146 70 174 143 165 77 113 75 130 74 129 131 115 119 1 109 36 95 61 79 54 125 141 81 2 73 161 137 49 117 164 87 14 99 11 66 65 126 98 107 24 4 76 136 177 53 39 108 170 64 171 41 22 56 34 90 176 147 26 19 154 47 91 110 40 116 128 84 163 63 82 151 52 23 152 57 132 104 124 172 101 105 13 155 169 20 71 93 
81
1 1
2 2
4 4
14 14
18 18 157
19 19
20 20
24 24
26 26
129 27 129
34 34
36 36
131 38 131
39 39
40 40
165 43 165
46 46
47 47
49 49
110 51 72 110
52 52
53 53
56 56 122
57 57
61 61
62 62
63 63
64 64 140
65 65
66 66
132 67
70 70
73 73
74 74
75 75
76 76
77 77
79 79
80 80
81 81
82 82
84 84
119 86 119
87 87
90 90
91 91
95 95
98 98
99 99
101 101
113 102
105 105
108 108
109 109
23 111
115 115
116 116
117 117
176 121 176
124 124
125 125
130 130
136 136
137 137
94 138
141 141
143 143
146 146
147 147
151 151
154 154
155 155
161 161
163 163
164 168
169 169
170 170
171 171
172 172
174 174
177 177
