Dannemora Fire Goshen Flanders Frankfort DeRuyter Fairmount Dexter Germantown Deferiet Fishers Forest Odessa Hannibal Gardiner Falconer Gasport Oceanside Freeport Ghent Depauville Fredonia Harbor Fayetteville Herkimer Hicksville Depew Geneva Fairview Mills Fishkill Galeville Delevan Dansville Delanson Deer Florida Farnham Freeville Delhi Frewsburg Farmingville Highland Firthcliffe Earlville Deposit Hempstead Fonda Fleischmanns Hamburg Dannemora 
41
Dansville Dansville Franklinville
Fishkill Davis Fishkill
Deer Deer
Deferiet Deferiet
Delanson Delanson
Delevan Delevan
Delhi Delhi Franklin
Germantown Delmar Germantown
Depauville Depauville
Depew Depew
Deposit Deposit
DeRuyter DeRuyter
Dexter Dexter
Frewsburg Dunkirk Frewsburg
Earlville Earlville
Mills Fabius
Oceanside Fair
Fairmount Fairmount
Geneva Fairport Geneva
Fairview Fairview
Falconer Falconer
Farmingville Farmingville
Farnham Farnham
Fayetteville Fayetteville
Fire Fire
Firthcliffe Firthcliffe
Fishers Fishers
Flanders Flanders
Fleischmanns Fleischmanns
Florida Florida
Hamburg Flower
Fonda Fonda
Forest Forest
Freeport Forestville Freeport
Frankfort Frankfort
Fredonia Fredonia
Freeville Freeville
Gardiner Friendship Fulton Gardiner
Galeville Galeville
Gasport Gasport
Ghent Ghent
