Acadia Guadalupe Sequoia Wrangell Denali Teddy Haleakala Indiana Crater Badlands Basin Gunnison Glacier Brycecanyon Isle Lassen Channel Cuyahoga Congaree Everglades Caverns Rocky Biscayne Acadia 
20
Sequoia Arches
Badlands Badlands
Gunnison Bend Gunnison
Biscayne Biscayne
Brycecanyon Brycecanyon Canyonlands
Acadia Capitol Tortugas
Caverns Caverns
Channel Channel
Congaree Congaree
Crater Crater
Cuyahoga Cuyahoga
Denali Denali
Everglades Everglades
Glacier Gateway Glacier
Isle Teton Isle
Basin Basin
Lassen Smoky
Guadalupe Guadalupe
Haleakala Haleakala
Indiana Indiana
