6 13 12 13 20 19 20 27 25 27 34 33 34 41 48 47 48 55 53 55 62 69 76 83 90 97 96 97 104 103 104 111 109 111 118 116 118 125 124 125 132 131 132 139 137 139 146 145 146 153 152 153 160 158 160 167 165 167 174 172 174 181 188 186 188 195 193 195 6 
47
6 6 2 1
12 10 12
13 11
19 19 17
20 18
27 27
25 25 22
33 31 30
34 32
41 38 41 39
47 44 47
48 43
53 50 53
55 51
62 61 60 62
69 64 69 65
76 76 74 75
83 83 77 80
90 90 87 88
96 96 94
97 91
103 101 100 103
111 110
109 106 105
116 116 112
118 115
124 124 122
125 120
131 128 129
132 126
139 136
137 134 133
146 140
145 145 142
152 150 149
153 148
158 155 154
160 160
165 165 161
167 166
174 174
172 172 169
181 179 177 181
186 182 186
188 184
195 194
193 189 190
