0 11 12 22 13 3 4 15 6 17 8 19 28 27 26 36 35 24 33 43 54 55 45 46 47 57 56 66 76 77 87 88 89 108 119 129 139 149 159 158 148 138 137 147 156 157 167 168 178 188 196 186 185 175 184 174 173 183 193 192 180 171 172 162 161 150 151 132 143 124 135 126 115 105 104 114 123 112 111 90 80 91 92 82 73 84 94 95 85 75 64 63 62 52 51 40 31 30 20 0 
95
3 3
4 4
6 6
8 8
11 11
12 12
13 13
15 15
17 17
19 19
20 20
22 22
24 24
26 26
27 27
28 28
30 30
31 31
33 33
35 35
36 36
40 40
43 43
45 45
46 46
47 47 58
51 51
52 52
54 54
55 55
56 56
57 57
62 62
63 63
64 64
66 66
73 73
75 75
76 76
77 77
80 80
82 82
84 84
85 85
87 87
89 89
90 90
91 91
92 92
94 94
95 95
104 104
105 105
108 107
111 111
112 112
114 114
115 115
119 119
123 123
124 124
126 126
132 132
135 135
137 137
138 138
139 139
143 143
147 147
148 148
149 149
150 150
151 151
156 155 156
157 157
158 158
159 159
161 161
162 162
167 167
168 168
171 171
172 172
173 173
174 174
175 175
178 178
180 180
184 184
185 185
186 186
188 188
192 192
193 193
196 196
