Loc1 Loc10 Loc100 Loc156 Loc192 Loc157 Loc103 Loc179 Loc77 Loc113 Loc151 Loc59 Loc151 Loc113 Loc36 Loc88 Loc7 Loc131 Loc76 Loc49 Loc46 Loc199 Loc14 Loc187 Loc99 Loc120 Loc101 Loc84 Loc159 Loc191 Loc6 Loc146 Loc33 Loc174 Loc118 Loc126 Loc11 Loc164 Loc133 Loc185 Loc8 Loc150 Loc183 Loc53 Loc22 Loc3 Loc29 Loc167 Loc96 Loc186 Loc122 Loc158 Loc197 Loc58 Loc50 Loc98 Loc85 Loc135 Loc75 Loc166 Loc111 Loc128 Loc91 Loc194 Loc27 Loc178 Loc147 Loc136 Loc112 Loc160 Loc165 Loc177 Loc56 Loc188 Loc66 Loc134 Loc106 Loc70 Loc95 Loc23 Loc124 Loc69 Loc51 Loc155 Loc163 Loc47 Loc168 Loc89 Loc9 Loc108 Loc17 Loc162 Loc37 Loc121 Loc5 Loc12 Loc154 Loc48 Loc172 Loc64 Loc71 Loc42 Loc16 Loc1 
82
Loc69 Loc0
Loc3 Loc3
Loc5 Loc5
Loc6 Loc6
Loc7 Loc7
Loc8 Loc8
Loc9 Loc9
Loc11 Loc11
Loc42 Loc13
Loc14 Loc14
Loc12 Loc15
Loc16 Loc16
Loc17 Loc17
Loc88 Loc18
Loc165 Loc19 Loc110
Loc158 Loc20 Loc132 Loc140
Loc23 Loc23
Loc146 Loc25 Loc97 Loc145 Loc175
Loc27 Loc27
Loc1 Loc30
Loc47 Loc31 Loc83 Loc176
Loc70 Loc32
Loc33 Loc33
Loc37 Loc37
Loc157 Loc38
Loc179 Loc39 Loc52
Loc197 Loc44 Loc197
Loc46 Loc46
Loc50 Loc50
Loc51 Loc51
Loc53 Loc53
Loc162 Loc54 Loc144
Loc108 Loc57
Loc174 Loc60
Loc155 Loc61 Loc109
Loc167 Loc62 Loc167
Loc136 Loc65
Loc10 Loc67 Loc107 Loc137 Loc143
Loc71 Loc71
Loc36 Loc74
Loc75 Loc75
Loc76 Loc76
Loc77 Loc77
Loc85 Loc85
Loc91 Loc91
Loc194 Loc94
Loc95 Loc95
Loc96 Loc96
Loc99 Loc99
Loc100 Loc100
Loc101 Loc101
Loc103 Loc103
Loc106 Loc106
Loc111 Loc111
Loc118 Loc118
Loc122 Loc122
Loc124 Loc124
Loc128 Loc128
Loc58 Loc129
Loc133 Loc133
Loc126 Loc141
Loc147 Loc147
Loc135 Loc149
Loc150 Loc153
Loc154 Loc154
Loc159 Loc159
Loc160 Loc160
Loc163 Loc163
Loc168 Loc168
Loc112 Loc170
Loc164 Loc171
Loc172 Loc172
Loc177 Loc177
Loc56 Loc180 Loc195
Loc187 Loc182
Loc183 Loc183
Loc188 Loc188
Loc121 Loc189
Loc134 Loc190
Loc192 Loc192
Loc151 Loc151
Loc59 Loc59 Loc123
