pace shiver headline quality straighten romantic sign legislation enhance dough linger vegetarian forge tolerate solve prison dialogue likely dialogue tool glasses judicial banana king guarantee gallon tablet cigarette demand joint dip exclusive class disclose skeleton understand paper deposit circulation output autonomy enter mystery approval environment miserable market shy title sunrise certain page lake discriminate stroke rob bitter respect financial voice pace 
42
shy shy nationalist
deposit swear honor
dough dough
demand pain demand
exclusive buffet exclusive
linger linger
circulation circulation
class class
tool tool
prison prison
page imposter page
guarantee guarantee seize
approval other
rob rob
sunrise sunrise
voice voice
forge winner
vegetarian vegetarian
tolerate tolerate
lake lake
headline headline
stroke throne
glasses glasses
paper paper
tablet tablet
legislation legislation
enter enter
enhance enhance thumb
quality quality
disclose injury
bitter bitter
dip dip
mystery mystery brake
understand figure
autonomy autonomy
likely likely
output output
cigarette cigarette
financial financial
title title
king king
sign sign
