pace other likely viable atmosphere rent swear tool liver ignore shiver blonde virgin winner assignment expression tolerate injury flag home dialogue rage bitter coffin attraction pound imposter tablet note deter terms hospitality quiet feature write lake thirsty dough greeting decisive linger vegetarian exclusive dip opposed dramatic exempt buffet election lifestyle cotton paper terminal forge confrontation development native widen error interactive pier bleed curriculum chew drawer smile bleed environment interface electronics swop nationalist brake profound view dive coincide identity gate shy single country throne respect chair mixture mercy financial injection desk enemy ask quadruple other pace 
76
exclusive exclusive
identity identity straighten
injection injection
vegetarian market exile pardon
nationalist acceptance page
exempt exempt
coffin coffin
lake begin
hospitality teacher
paper autonomy
development development skeleton
drawer drawer
enemy control stress illusion enemy
swop swop
ignore audience due ignore
injury injury
deter deter
environment environment
virgin virgin
tablet tablet
single output
dip dip
terms thumb
throne structure throne boom
buffet buffet
viable viable
dough dough
assignment assignment
coincide coincide
atmosphere atmosphere
cotton cotton
country triple knot country
native mature native
pier pig
desk spoil
profound profound coast
curriculum curriculum
widen widen driver
dive dive
shiver shiver
smile smile headline
note note
flag flag
linger physics
tool railcar tool
mercy mercy
error error
decisive decisive
dialogue candle
feature rob feature
brake scheme bowel
chew offset
likely comfortable likely
rent rent
attraction guarantee attraction excuse
interface interface
electronics electronics
other other
confrontation confrontation
pace pace
ask ask
imposter imposter
quadruple quadruple
liver liver
home home
financial financial
lifestyle lifestyle
interactive interactive
respect respect
swear swear
chair chair
greeting greeting
forge forge
rage rage
election election
blonde pipe
