9iIwk jASvw oqPYQ jASvw 9iIwk h2rea 0mah3 ChXAd 0mah3 rrNj1 Esl6u fS0W8 k64Ok BnAjj ZgtaX veOJ7 ZgtaX pXCjI k6V9L vrNke 5ioW1 Be0ab XZKtP 5ioW1 YH6mk Y7IDR WJNpN AgYPL WJNpN 1uRw3 Ri2t4 1uRw3 knY3U vE0Pj WGJpQ aHGHb RhUVQ QVYVG LZomt Ew56P jYfXn MA43U ZzWHp Mj2eQ 1xmtC qkJ6b jT5CK 6EWVx 9iIwk 
33
WJNpN 5VT1H
jT5CK jT5CK 5BDPJ
XZKtP bXinH XZKtP dw7aX
qkJ6b qkJ6b
Y7IDR Y7IDR 4a0W8
AgYPL AgYPL tnjfN
1xmtC XYzcU 1xmtC
vE0Pj vE0Pj
9iIwk 5R5Xa 9iIwk
ZzWHp iEXNY ZzWHp
WGJpQ WGJpQ
1uRw3 1uRw3 1pxZM
ChXAd 1eRkH ChXAd
veOJ7 veOJ7 iCgvV
YH6mk YH6mk
knY3U jAwQw
Ri2t4 Ri2t4 y89SK
jYfXn jYfXn
Mj2eQ Mj2eQ
h2rea h2rea
jASvw jASvw
5ioW1 5ioW1
Ew56P SgDk6
ZgtaX JgjFI Vake4 ZgtaX
oqPYQ 0GdkR oqPYQ
fS0W8 fS0W8 p9vQm
Be0ab Be0ab
LZomt LZomt
aHGHb kmzhT aHGHb
pXCjI pXCjI
BnAjj BnAjj
QVYVG 7G74f
RhUVQ RhUVQ
