HAZtD 4Eg1F wnnBN Cg1yP J0OP0 iKwe0 F7CZj z82fM EyMEe vfAR8 bW6Ms RN9nS CXkxa ED9em CXkxa 3NU9e aWuHk mJExt XbFfE O8CwF DaieK p3gJd cpzS8 p3gJd cC0Rg gpbSj u60s4 9cp56 0F8yg 4PSW9 zcuSA jyRQW Xqwfz jcSDd 7kY28 URrao 7kY28 IOpdQ BaYb3 1VA1I BaYb3 SxklZ rVnMc OWqP4 6owsT GDCfm NV1GL lqKR5 iimZq GUEko 0moVI HAKlt 6sv9O ejBhY iPRoT Q8lcd Jbr8u GaZ4O H1xt8 o2JtM DuU0x e7SjH E6pda xKTIz RkCLD SfSL1 bMhFI CHx6u rmW0U GrnJ7 iIQll Vg6Sz 4jcrD DmTRc tgL8p 0FMEI RWE9G 0FMEI R6NzB VJX0I SE1WY fWz4T EgumV UQeyk kjZGl kNG2j AwFdf 2zHfe fExZu v7hOX fExZu wVSYr WVEjT Agb0E VG4na tkVif Ia6ul kvy7i Q5zY0 69WZh zrVPv 69WZh jesVt 4AhmX 93R2m 4AhmX Qz8Ub rH3nx 1gvq4 Q9Dex lJnz7 GxQg8 X2hjX UqGfS kPB79 6gp0A HAZtD 
74
Xqwfz pLg86
iIQll p4kTx iIQll
kNG2j kNG2j
aWuHk aWuHk
DaieK uPUO1 DaieK
4AhmX 4AhmX
bMhFI bMhFI lF8gH
7kY28 7kY28
rmW0U HOuAL 9tf0w
1VA1I Zok18 1VA1I
u60s4 Zxvdf u60s4
93R2m cu5FB aegld
0moVI 0moVI
VG4na VG4na
UqGfS UqGfS NqBQW Ssao4
xKTIz xKTIz
z82fM z82fM
OWqP4 OWqP4
URrao URrao fiXIW
DuU0x DuU0x BIY9X
zrVPv zrVPv wedr3
WVEjT WVEjT
RN9nS RN9nS
R6NzB R6NzB
SE1WY TzGS5 iHR3J
HAKlt Pk19A HAKlt
kPB79 4Tt2a 4PXv9
ED9em 5h4rt ED9em
v7hOX SEkfX v7hOX
4jcrD 4jcrD
cC0Rg cC0Rg
vfAR8 vfAR8
GrnJ7 gNinx UbqWX v9joy iaaYU
Q8lcd Q8lcd
GxQg8 GxQg8
e7SjH 2LhKB
fExZu fExZu
jesVt jesVt
O8CwF O8CwF TlJnt
CHx6u CHx6u
fWz4T fWz4T
H1xt8 H1xt8
1gvq4 1gvq4
J0OP0 J0OP0
bW6Ms bW6Ms
lJnz7 lJnz7
69WZh mdIe6 ox9Gx 69WZh
X2hjX X2hjX
SxklZ SxklZ VESmp
AwFdf AwFdf
Ia6ul eVDVP Ia6ul
iKwe0 iKwe0
p3gJd p3gJd
E6pda E6pda
0F8yg 0F8yg
cpzS8 acHTt cpzS8
iimZq iimZq
6owsT 6owsT
wnnBN wnnBN
Vg6Sz Vg6Sz
9cp56 5EAEu
zcuSA zcuSA
IOpdQ IOpdQ
CXkxa Lusir
mJExt iqOI4
BaYb3 BaYb3
EgumV EgumV
rH3nx rH3nx
iPRoT 8Qx0C
gpbSj gpbSj
DmTRc DmTRc
RWE9G 2GCiD
Agb0E Agb0E
Cg1yP Cg1yP
