location1 location2 location3 location10 location11 location14 location81 location80 location83 location55 location56 location59 location62 location63 location66 location69 location72 location71 location169 location166 location163 location162 location165 location168 location171 location87 location88 location91 location92 location95 location96 location97 location100 location103 location106 location109 location110 location111 location114 location115 location118 location121 location124 location127 location128 location131 location134 location135 location138 location139 location140 location143 location146 location149 location150 location153 location154 location151 location49 location48 location47 location45 location42 location39 location36 location33 location30 location27 location24 location25 location22 location19 location51 location177 location176 location179 location180 location1 
70
location1 location1 location101
location3 location3
location2 location5
location10 location7 location9 location13
location11 location11
location14 location15 location17
location19 location19
location24 location21 location23
location25 location25
location27 location27
location30 location29
location124 location31 location123 location125
location33 location33
location36 location35 location37
location39 location39
location42 location41 location43
location45 location45
location47 location47
location49 location49
location51 location51
location56 location53 location57
location55 location55
location59 location59
location62 location61 location65
location63 location63
location66 location67
location69 location69
location71 location71
location72 location73 location75
location80 location77 location79
location81 location81
location83 location83
location88 location85 location89
location87 location87
location91 location91
location92 location93
location95 location95
location97 location97
location96 location99
location103 location103
location106 location105 location107
location109 location109
location111 location111
location110 location113
location115 location115
location114 location117
location118 location119
location121 location121
location127 location127
location128 location129
location131 location131
location134 location133 location137
location135 location135
location139 location139
location138 location141
location143 location143
location146 location145 location147
location149 location149
location151 location151
location153 location153
location154 location155 location157
location162 location159 location161
location163 location163
location165 location165
location166 location167
location169 location169
location171 location171
location176 location173 location175
location177 location177
location179 location179
