Abbey Isabella Beatrice Alexia Riley Vivian Tanya Kayley Lilia Jamiya Avni Nora Liberty Sophia Dana Kiera Helen Karma Eden Harley Ayanna Marisol Rebecca Ruth Presley Shannon Lisa Kristina Haven Matilda Maeve Carlee Lana Yoselin Tara Rayna Kimberly Lillie Mckinley Mira Jordin Abbey 
40
Alexia Alexia
Avni Avni
Ayanna Ayanna
Beatrice Beatrice
Carlee Carlee
Dana Dana
Eden Eden
Harley Harley
Haven Haven
Helen Helen
Isabella Isabella
Jamiya Jamiya
Jordin Jordin
Karma Karma
Kayley Kayley
Kiera Kiera
Kimberly Kimberly
Kristina Kristina
Lana Lana
Liberty Liberty
Lilia Lilia
Lillie Lillie
Lisa Lisa
Maeve Maeve
Marisol Marisol
Matilda Matilda
Mckinley Mckinley
Mira Mira
Nora Nora
Presley Presley
Rayna Rayna
Rebecca Rebecca
Riley Riley
Ruth Ruth
Shannon Shannon
Sophia Sophia
Tanya Tanya
Tara Tara
Vivian Vivian
Yoselin Yoselin
