Taozhuang Chharra Jackson Rosedale Tupelo Esperanza Bang Gudermes Aytos Esmeraldas Bourbonnais Strathfield Waverly Nonsan Villa Cibinong Boo Donggongon Somma Kallio Alatyr Memmingen New Artur Hechingen Azrou Ramla Sarandi Southsea Freetown Ulu Rutherglen Oulmes Fort Uran Jingzhou Vernon Norco Longgang Bhit Taozhuang 
40
Rutherglen Gauting Rutherglen
Nonsan Nonsan
Jackson Jackson
Kallio Kallio
Ulu Ulu
Sarandi Sarandi
Bhit Middle Durazno Camayenne
Donggongon Donggongon
Strathfield Strathfield
Cibinong Cibinong
Jingzhou Jingzhou
New New
Somma Somma
Azrou Azrou
Fort Fort
Esperanza Esperanza
Longgang Longgang
Norco Udumalaippettai
Boo Boo
Villa Villa Rafiganj
Vernon Severodvinsk Caravaca
Chharra Ilesa Besuki Wesseling Sicklerville
Gudermes Gudermes
Southsea Calauan
Taozhuang Taozhuang
Rosedale Rosedale
Aytos Aytos
Tupelo Tupelo
Alatyr Alatyr
Artur Artur
Bang Bang
Ramla Ramla
Freetown Freetown
Waverly Waverly
Bourbonnais Bourbonnais
Memmingen Memmingen
Hechingen Hechingen
Uran Jinotepe Pottstown Uran
Esmeraldas Esmeraldas
Oulmes Oulmes
