Ilesa Resplendor Great Ada Aistala DehiwalaMount Tupiza Malden Landshut Bon An Bobigny Sillanwali Sishui Talipparamba Marburg Palm Oberhausen Sorsogon Perth Jashpurnagar Magomeni Calauan Rhosllanerchrugog Milagro Azrou Uran Alfenas Aleshtar Hermsdorf Sceaux Valletta Itacoatiara Sirsi Ponta MitryMory Claremont Valday Bogovinje Mouscron Jagna Aurora Barracas Ventimiglia Viewpark Palafrugell Villaquilambre Stupino Milledgeville PortVila Alexandria American Puducherry Tupelo Memmingen WaltonontheNaze Polohy Bavly Gariadhar Bensheim Oulmes Mexborough Meizhou Toledo Davis Jiangyan Brunswick Belper Zaozhuang Rutland Stuttgart Aklera Foshan Ilesa 
73
Jagna Jagna
Sishui Sishui
Milagro Milagro
Claremont Claremont
Palm Palm
Talipparamba Talipparamba
Aklera Aklera
Sillanwali Sillanwali
Milledgeville Milledgeville Puerto
Ada Ada
Great Tyoply Great
Bavly Bavly
Mexborough Mexborough
Sceaux Sceaux
Foshan Foshan
Valletta Valletta
Resplendor Resplendor
Brunswick Brunswick
Stuttgart Stuttgart
Stupino Stupino
Bensheim Bensheim Campobasso Ramla Bang PointeClaire Kyzylorda
Alexandria Alexandria
Sirsi Sirsi
Belper New Chacabuco Skalica Guli LonsleSaunier
Malden Malden
Azrou Azrou
Perth Perth UlanUde Tak Shaowu Niort Brzeg Clermont
Bogovinje Bogovinje
Oberhausen Oberhausen
Palafrugell Palafrugell
Polohy Polohy
Ventimiglia Yingkou Ventimiglia
Zaozhuang Zaozhuang
Ilesa Ilesa
Calauan Calauan Shagamu Onex Paredes
MitryMory Tiruppuvanam MitryMory Lodwar Copperas Dahlem
Gariadhar Gariadhar
Aurora Aurora
Landshut Landshut
Tupelo Tupelo
Davis Davis
Barracas Barracas
An An
Bobigny Bobigny
Toledo Toledo
Rhosllanerchrugog Rhosllanerchrugog
PortVila PortVila
Meizhou Meizhou
Memmingen Memmingen
Itacoatiara Itacoatiara
Viewpark Viewpark
Rutland Rutland
Mouscron Mouscron
Tupiza Tupiza
Marburg Lille Marburg
Magomeni Magomeni
Sorsogon Sorsogon
Valday Valday
American American
DehiwalaMount DehiwalaMount
Hermsdorf Hermsdorf
Aleshtar Aleshtar
Villaquilambre Villaquilambre
Jiangyan Jiangyan
Jashpurnagar Jashpurnagar
Alfenas Alfenas
Bon Bon
Uran Uran
Ponta Ponta
Oulmes Oulmes
Aistala Tharu GernikaLumo
Puducherry Puducherry
WaltonontheNaze WaltonontheNaze
