Lesnoy Visitacion Glogovac Andijon Yangambi Zgorzelec Brentwood Hueytown Pingyi Malaut Sungurlu Winsford Sun Rutherglen Franceville Hudiksvall Blackpool Meerut Gisborne Ishim Stade Portogruaro Artur Beveren GatesNorth Lesnoy 
24
Hudiksvall Hudiksvall
Rutherglen Rutherglen
Gisborne Dharmapuri Gisborne
Artur Artur
Meerut Meerut
Beveren Kundla
Visitacion Visitacion
Sun Sun
Zgorzelec Zgorzelec
Ishim Ishim
Malaut Malaut
Pingyi Pingyi
Hueytown Hueytown
Stade Stade
Sungurlu Sungurlu
Glogovac Glogovac
GatesNorth GatesNorth
Blackpool Blackpool
Lesnoy Lesnoy
Winsford Winsford
Portogruaro Portogruaro
Franceville Franceville
Brentwood Brentwood
Yangambi Yangambi
