108 66 21 158 63 133 107 38 31 190 49 170 54 78 109 59 157 179 150 75 110 77 119 95 68 85 23 6 48 34 178 130 43 140 83 84 196 92 197 137 118 182 148 191 117 25 142 114 24 165 181 167 156 184 113 136 127 26 5 35 188 174 81 132 53 90 96 57 71 73 193 39 177 189 56 151 128 55 64 112 126 8 61 17 67 120 138 13 79 46 32 101 51 7 69 108 
81
188 188 153
7 7
39 39
67 67
182 99 182
48 48
54 54
114 114
23 129 23
53 37 53
148 176 148
57 57
174 19 174
95 95
26 26
108 121
191 100
142 142
184 184
137 137
46 46
63 63
64 64
35 14 35
126 126
177 186 177
24 24
117 117
151 151
118 118
193 11
181 181 28
61 61
78 78 146
81 81
66 66
69 69
13 44 13
34 34
132 144
110 110
68 68
156 187
128 128
136 136
157 157 15
107 107
73 134 73
17 17
79 79 36
138 138
127 45
119 1
83 83
49 49
190 190
75 75
56 56
197 197
150 150
92 65 92
77 77
140 140
71 82 71
109 109
31 31
133 133
38 38
5 5
43 43
179 179
96 96
120 120
84 84
130 130
167 167
85 85
55 143
170 170
101 101
32 32
