1 62 12 35 72 11 24 40 10 16 34 52 70 28 58 76 94 136 106 64 22 4 46 88 130 100 142 124 82 112 118 125 126 113 6 41 54 17 66 44 60 95 96 74 120 110 108 143 84 14 1 
50
1 2 23 26 38 47 50 59 71 83 86 98 107 119 122 131 134
4 4
10 5 8 10 20 29 32 53 56 65 68 77 80 89 92 101 104 116 128 137 140
6 6
11 11
12 12
14 14
16 16
17 17
125 18 30 42 78 90 102 114 125 138
22 22
24 24
28 28
34 34
35 35
62 36 48 62 132 144
40 40
41 41
44 44
46 46
52 52
54 54
58 58
60 60
64 64
66 66
70 70
72 72
74 74
76 76
82 82
84 84
88 88
94 94
95 95
96 96
100 100
106 106
108 108
110 110
112 112
113 113
118 118
120 120
124 124
126 126
130 130
136 136
142 142
143 143
