loc0 loc12 loc62 loc36 loc82 loc18 loc52 loc96 loc54 loc72 loc39 loc86 loc78 loc26 loc84 loc88 loc42 loc70 loc51 loc40 loc24 loc46 loc30 loc44 loc90 loc20 loc48 loc4 loc60 loc28 loc63 loc92 loc99 loc58 loc27 loc38 loc0 
35
loc0 loc0 loc2 loc66
loc4 loc4
loc90 loc6 loc90
loc42 loc8 loc42
loc48 loc10 loc32 loc48 loc50
loc12 loc12
loc18 loc14 loc18 loc80
loc99 loc16
loc20 loc20
loc78 loc22 loc34 loc78
loc24 loc24 loc56
loc26 loc26
loc28 loc28
loc30 loc30
loc36 loc36 loc68
loc38 loc38
loc40 loc40
loc44 loc44
loc46 loc46
loc52 loc52
loc54 loc54
loc58 loc58
loc60 loc60
loc62 loc62
loc39 loc64 loc94
loc70 loc70
loc72 loc72
loc63 loc74 loc98
loc51 loc76
loc82 loc82
loc84 loc84
loc86 loc86
loc88 loc88
loc92 loc92
loc96 loc96
