loc0 loc12 loc146 loc150 loc102 loc36 loc196 loc132 loc124 loc27 loc58 loc99 loc92 loc111 loc28 loc63 loc60 loc126 loc128 loc165 loc106 loc105 loc50 loc48 loc148 loc144 loc170 loc21 loc104 loc90 loc134 loc6 loc45 loc182 loc180 loc162 loc44 loc198 loc174 loc190 loc24 loc114 loc152 loc123 loc40 loc51 loc130 loc168 loc70 loc42 loc88 loc84 loc188 loc147 loc26 loc78 loc186 loc22 loc189 loc82 loc117 loc94 loc177 loc54 loc72 loc140 loc96 loc112 loc15 loc184 loc159 loc80 loc192 loc18 loc14 loc108 loc155 loc66 loc120 loc0 
74
loc0 loc0
loc132 loc2 loc38 loc62 loc74 loc132
loc165 loc4
loc6 loc6
loc147 loc8 loc176
loc48 loc10 loc48
loc12 loc12
loc14 loc14
loc111 loc16
loc18 loc18 loc100 loc172 loc178
loc144 loc20 loc32 loc144
loc22 loc22
loc24 loc24 loc46
loc26 loc26
loc28 loc28
loc162 loc30 loc162
loc186 loc34 loc186
loc36 loc36 loc68 loc160
loc40 loc40
loc42 loc42 loc166
loc44 loc44
loc50 loc50
loc159 loc52
loc54 loc54
loc174 loc56 loc174
loc58 loc58
loc60 loc60
loc177 loc64 loc86 loc142
loc66 loc66
loc70 loc70
loc72 loc72
loc51 loc76
loc78 loc78
loc80 loc80
loc82 loc82
loc84 loc84
loc88 loc88
loc90 loc90
loc92 loc92
loc94 loc94
loc96 loc96
loc63 loc98
loc102 loc102
loc104 loc104
loc106 loc106
loc108 loc108
loc123 loc110
loc112 loc112
loc114 loc114
loc27 loc116
loc168 loc118 loc168
loc120 loc120
loc192 loc122 loc192
loc124 loc124
loc126 loc126
loc128 loc128
loc130 loc130
loc134 loc134
loc117 loc136 loc154 loc158 loc194
loc152 loc138 loc152
loc140 loc140
loc146 loc146
loc148 loc148
loc150 loc150
loc155 loc156
loc45 loc164
loc170 loc170
loc180 loc180
loc182 loc182
loc184 loc184
loc188 loc188
loc190 loc190
loc196 loc196
loc198 loc198
