start g3 g4 g1 g5 g2 g6 g7 g9 g12 g16 g13 g17 g21 g25 g21 g24 g20 g15 g19 g23 g19 g14 g11 g10 g8 start b16 b17 b18 b19 b20 b21 b20 b19 b18 b17 b16 b10 b9 b8 b9 b10 b11 b12 b13 b12 b11 b10 b16 start e1 e19 e2 e20 e3 e4 e6 e8 e22 e10 e23 e12 e24 e15 e17 start d3 d4 d2 d1 start h1 h11 h10 h9 h8 h2 h26 h3 h25 h4 start c6 c7 c24 c23 c30 c29 c27 c31 c35 c36 c20 c11 c12 c13 c10 c9 c8 c3 start f11 f12 f13 f5 f15 f16 f17 f7 f14 f10 f20 f10 f14 start a2 a5 a4 a3 a1 start 
67
g1 g1
g2 g2
g3 g3
g4 g4
g5 g5
g6 g6
g7 g7
g8 g8
g9 g9
g10 g10
g11 g11
g12 g12
g13 g13
g14 g14
g15 g15
g16 g16
g17 g17
g23 g18 g23
g19 g19
g20 g20
g21 g21
g25 g22 g25
g24 g24
f11 f11
f12 f12
f13 f13
f14 f14
f15 f15
f16 f16
f17 f17
f10 f18
f20 f19 f20
b8 b1 b2
b11 b3
b12 b4
b13 b5 b6
b21 b15 b25
b20 b24
b18 b26
c3 c1
c6 c5
c10 c10
c13 c13 c15
c20 c17
c23 c21 c23
c27 c26 c27
c31 c31 c33
d1 d1
d4 d4 d5
a1 a1
a2 a2
a3 a3
a4 a4
a5 a5
e19 e19
e20 e20
e4 e21
e22 e22
e23 e23
e24 e24
e15 e25
h9 h9
h11 h13
h25 h17 h24
start h18
h4 h22
h26 h26
