BU HF DP HJ BE AP EC FS GH DU FF DV DL CT FB DE GO AD CS CI HC EG CD BA DS GT EO FU FL BQ CX EQ AR CQ DT CN CZ CE AE EL DA FI BK FR ES CO CA CY AI DI GA AM EH AX HK HA ET EY HP HM BZ AN AV EK GQ HO CM AT FP AF GE DK DM CR AO DX CV FD BH BM HI FN CW GY BG EX GP DD GG DQ HH EV BF BY BU 
86
DV DV
EC EC
AN AN
EY DR EY
HI BW HG
FD FD
CX CX
DK DK
EO EO
CE GN
FN FN EN
BU BU
GA FG GA
DE FW CK AQ DE FY
BK BK
HC HC
CT CT
EL EL
DQ DQ
DS DS
HJ HJ
BF BF
CM CM
CY CY
EG EG
CQ CQ DZ
CD CD
CV CV
DA DJ
AM GK
FF FF
AE AE
BZ BZ ER
EH EH
HM HM
GY GY
DI DI
CI CI
EK EK
DM DM
GP GP
FR FR
CS CS
CZ CZ
FL FL
GQ GQ
AF AF
ET ET
DP DP
EQ EQ
BE BE GM
DL DL
BY BY
BM BM
FB AY FB
CO CO
AV AV
AT AT
AP AP
HF HF
BH BH
CR BN CR
FP FP
CA CA
FS FS
FI GS FI
DT DT
GO GO
GH GH
GT GT
DX DX
HP HP
HH HH
AX AX
FU FU
EV EV
BA BA
CW CW
ES ES
GE GE
BQ BQ
DD DD
AR AR
DU DU
HA HA
BG BG
