Qatar Tajikistan Mali Tunisia Montenegro RussianFederation Tanzania UnitedKingdom Armenia Mongolia Sweden Mozambique Peru Kosovo Liberia SanMarino Estonia Belgium Singapore SaintLucia DemofChina Egypt Morocco Uzbekistan Georgia Macedonia Belarus Danzig CostaRica Angola Senegal Gabon Australia CzechRepublic Guyana VaticanCity SierraLeone Andorra Nicaragua Albania France Malta Lebanon UAE Kyrgyzstan Tuvalu GuineaBissau Burundi Qatar 
48
Belarus Belarus
Peru Peru
Nicaragua Nicaragua
Gabon Gabon
Qatar Haiti Netherlands America
Tajikistan Tajikistan
Mongolia Mongolia
Danzig Danzig
Morocco Morocco
Liberia Liberia
UAE UAE
Armenia Armenia
Australia Australia
Estonia Estonia
Sweden Sweden
Montenegro Montenegro
RussianFederation RussianFederation
Egypt Egypt
France France
CostaRica CostaRica
Senegal Senegal
SierraLeone SierraLeone
DemofChina DemofChina
Kosovo Kosovo
UnitedKingdom UnitedKingdom
Macedonia Macedonia
Singapore Singapore
Mozambique Mozambique
Belgium Belgium
Angola Angola
Guyana Guyana
Tanzania Tanzania
Uzbekistan Uzbekistan
Mali Mali
SanMarino SanMarino
GuineaBissau GuineaBissau
Tunisia Tunisia
VaticanCity VaticanCity
Malta Malta
Lebanon Lebanon
Tuvalu Tuvalu
Albania Albania
Kyrgyzstan Kyrgyzstan
Burundi Burundi
Andorra Andorra
SaintLucia SaintLucia
Georgia Georgia
CzechRepublic CzechRepublic
