Albania Estonia Latvia Rwanda Pakistan Andorra Cambodia Australia CapeVerde RussianFederation NorthKorea Guatemala Peru Kosovo Algeria SolomonIslands SierraLeone CentralAfricanRep Dominica SriLanka America BosHerzegovina Danzig Ukraine Hungary Belarus Mongolia Seychelles Tanzania Portugal Eritrea Suriname Lithuania Nepal Grenada Greece TheGambia Philippines UnitedKingdom Jamaica Lesotho Serbia Panama EquatorGuinea Poland Mali Cuba Japan Brazil Laos Switzerland Bhutan Thailand Bahamas Finland France Germany Cyprus Kiribati Mauritania Mauritius Djibouti Liechtenstein SaoTomPrincipe Chile Maldives Italy Kazakhstan NewZealand Rome Newfoundland UAE Niger Bulgaria IvoryCoast Tunisia Romania Argentina Togo Yemen PapuaNewGuinea Slovenia MountAthos SaintLucia Burkina Paraguay Vanuatu Luxembourg Qatar Malaysia SaudiArabia Norway Fiji Ethiopia Comoros Israel Burma Venezuela VaticanCity Gabon Albania 
100
Bahamas Bahamas
Malaysia Malaysia
Rome Rome
Burkina Burkina
SolomonIslands SolomonIslands
IvoryCoast IvoryCoast
BosHerzegovina BosHerzegovina
Andorra Andorra
VaticanCity VaticanCity
EquatorGuinea EquatorGuinea
Djibouti Djibouti
Mauritania Mauritania
Pakistan Pakistan
Bulgaria Bulgaria
Thailand Thailand
Nepal Nepal
Estonia Estonia
Italy Italy
Comoros Comoros
Kosovo Kosovo
Norway Norway
Algeria Algeria
Panama Panama
Eritrea Eritrea
Mongolia Mongolia
UnitedKingdom UnitedKingdom
Peru Peru
Mauritius Mauritius
Laos Laos
Luxembourg Luxembourg
Belarus Belarus
Paraguay Paraguay
America America
Brazil Brazil
MountAthos MountAthos
Dominica Dominica
Philippines Philippines
CapeVerde CapeVerde
Niger Niger
Latvia Latvia
Cyprus Cyprus
Burma Burma
SierraLeone SierraLeone
Kazakhstan Kazakhstan
Cambodia Cambodia
Japan Japan
Portugal Portugal
Danzig Danzig
Jamaica Jamaica
Tunisia Tunisia
Qatar Qatar
Argentina Argentina
Chile Chile
Tanzania Tanzania
Kiribati Kiribati
Germany Germany
Ukraine Ukraine
Australia Australia
Yemen Yemen
France France
Newfoundland Newfoundland
Slovenia Slovenia
Lesotho Lesotho
CentralAfricanRep CentralAfricanRep
Romania Romania
Bhutan Bhutan
Ethiopia Ethiopia
NorthKorea NorthKorea
SaintLucia SaintLucia
Gabon Gabon
Hungary Hungary
Albania SaintKitts
Vanuatu Vanuatu
SaudiArabia SaudiArabia
Grenada Grenada
SaoTomPrincipe SaoTomPrincipe
Rwanda Rwanda
RussianFederation RussianFederation
Guatemala Guatemala
UAE UAE
SriLanka SriLanka
Cuba Cuba
Togo Togo
Poland Poland
Israel Israel
Switzerland Switzerland
Seychelles Seychelles
Venezuela Venezuela
NewZealand NewZealand
PapuaNewGuinea PapuaNewGuinea
Finland Finland
Mali Mali
TheGambia TheGambia
Greece Greece
Suriname Suriname
Liechtenstein Liechtenstein
Lithuania Lithuania
Serbia Serbia
Maldives Maldives
Fiji Fiji
