Nepal SaintLucia VaticanCity TheGambia Suriname BosHerzegovina NewZealand Slovakia Tajikistan Kuwait SouthAfrica Botswana Fiji Afghanistan Vietnam Niger Serbia UAE Estonia Ecuador Belarus Argentina Liechtenstein Tanzania Georgia Nepal 
23
Ecuador Azerbaijan
Tajikistan Tajikistan
VaticanCity VaticanCity
Estonia Estonia
Botswana Botswana
UAE UAE
Serbia Serbia
NewZealand NewZealand
Belarus Belarus
Tanzania Tanzania
Georgia Georgia
SouthAfrica Panama
Suriname Suriname
Fiji Fiji Palau
Argentina Argentina
Vietnam Vietnam
Niger Niger Mauritius
TheGambia MarshallIslands
Afghanistan Afghanistan
Slovakia Slovakia
Liechtenstein Liechtenstein
Kuwait Kuwait
SaintLucia SaintLucia
