l0 h3 h2 h74 h89 h83 h1 h0 h92 h47 l23 h6 h58 h84 h77 h23 h22 l66 l95 h51 h45 h76 h29 h7 h85 l7 h16 h15 l87 h17 h28 h80 h50 l35 h71 h14 h42 h88 h65 h99 h13 h97 l80 l72 h27 l31 h63 h8 l88 h40 h9 l63 l20 l18 h49 h48 h31 l15 l39 h98 h79 l73 h35 l17 l28 l10 h94 h57 h93 h90 h39 h75 l59 h66 h55 h54 h96 h10 l26 h52 h53 h4 h18 l64 h86 h64 h82 l97 h61 h59 l42 h81 h73 l1 l0 
84
h0 h0
h1 h1
h2 h2
h3 h3 h91
h4 h4 h5
h6 h6
h7 h7
h8 h8
h9 h9 h95
h10 h10
h66 h11 h66 h72
h13 h12 h13
h14 h14
h15 h15
h16 h16
h17 h17
h18 h18
h88 h19 h88
h57 h20 h57
l28 h21
h22 h22
h23 h23
h92 h24 h92
h81 h25 h81
l31 h26
h27 h27
h28 h28
h29 h29
l15 h30 h68
h31 h31 h69 h78
h79 h32 h79
l73 h33
l17 h34
h35 h35
l88 h36
l18 h37
l59 h38
h39 h39
h40 h40
l20 h41
h42 h42
l7 h43
l95 h44
h45 h45
l23 h46
h47 h47
h48 h48
h49 h49
h50 h50
h51 h51
h52 h52
h53 h53
h54 h54 h67
h55 h55
h94 h56 h94
h58 h58
h59 h59
l97 h60
h61 h61
l72 h62
h63 h63
h64 h64
h65 h65
l35 h70
h71 h71
h73 h73
h74 h74
h75 h75
h76 h76
h77 h77
h80 h80
h82 h82
h83 h83
h84 h84
h85 h85
h86 h86
l63 h87
h89 h89
h90 h90
h93 h93
h96 h96
h97 h97
h98 h98
h99 h99
