55 91 21 115 48 63 106 158 29 113 15 122 179 62 42 181 146 90 56 85 75 185 131 17 14 118 168 11 161 20 149 171 188 86 80 88 26 174 66 43 140 58 133 10 163 184 153 78 77 69 107 74 175 109 97 40 53 8 172 28 114 67 76 134 116 9 54 127 148 41 49 150 32 160 170 27 164 126 30 152 119 59 159 186 33 83 137 111 189 16 84 45 177 173 101 182 57 55 
88
40 40
11 11
140 140
33 33
159 159
97 97
146 146
149 149
84 12
170 170 105
63 63
119 119
184 184
172 172
118 81 118
17 17
32 32
91 91
21 61
26 26
27 27
148 148
188 188
78 78
101 101
62 62
45 45 151
76 76
111 111
133 133
152 152
88 88
185 185
90 90
177 162 177
182 182
49 49
59 59
58 58 166
107 107
186 186
189 189 71
181 181
74 74
67 67
15 15 135 13
29 29
83 83
53 53
41 41
14 36
171 171
134 134
54 54
175 175
43 43
116 116
106 106
179 179
86 86
158 158
163 163
66 66
131 131
56 56
115 115
57 57
160 160
137 137
8 8
109 109
126 126
150 150
42 42
16 16
122 122
85 85
113 113
20 20
153 153
80 80
77 77
173 173
9 9
30 30
48 48
168 168
114 114
