x61 x5 x46 x39 x95 x91 x28 x7 x57 x40 x23 x69 x4 x90 x87 x90 x81 x76 x0 x18 x71 x8 x96 x65 x94 x48 x2 x73 x55 x99 x93 x50 x31 x88 x12 x1 x20 x3 x49 x59 x13 x79 x44 x61 
37
x50 x89 x98 x21
x18 x18
x23 x34 x23
x2 x2
x81 x43 x81
x7 x7 x32
x31 x31
x12 x12
x94 x94
x99 x99
x49 x49
x91 x37 x91
x20 x58
x1 x30 x1
x44 x42
x40 x40
x3 x3 x80 x26
x95 x95
x46 x46
x79 x79
x96 x96
x13 x13
x59 x59
x87 x87 x53
x8 x8
x88 x88
x65 x68 x97
x28 x28
x39 x39
x90 x90
x48 x66 x52
x93 x93
x55 x54 x55
x5 x5
x61 x61
x0 x0
x71 x71
