x182 x11 x192 x106 x66 x153 x100 x99 x8 x160 x187 x127 x79 x27 x186 x59 x32 x59 x117 x82 x194 x144 x84 x86 x3 x42 x98 x104 x17 x21 x76 x158 x143 x158 x141 x138 x26 x184 x46 x61 x7 x20 x71 x77 x14 x94 x56 x176 x45 x119 x23 x136 x9 x146 x196 x92 x53 x102 x113 x38 x109 x116 x89 x177 x28 x55 x133 x191 x31 x161 x195 x4 x48 x64 x137 x125 x72 x147 x93 x74 x93 x50 x10 x139 x198 x182 
74
x74 x74 x185
x21 x21 x172 x118 x164
x86 x86 x87
x20 x20 x166
x42 x42
x45 x45
x31 x6 x80 x31
x147 x147
x10 x10
x192 x192
x196 x69
x79 x79
x64 x88 x64 x156
x14 x14
x72 x72
x146 x128 x146
x3 x3
x141 x43 x141
x48 x48
x176 x189
x137 x137
x133 x133
x138 x138
x59 x59
x119 x151 x119
x186 x186
x143 x143
x161 x161
x93 x2
x17 x17
x153 x153
x76 x114 x76
x9 x18 x19 x95
x104 x104
x8 x8
x100 x159 x100
x144 x179
x109 x109 x163
x53 x53
x99 x99
x125 x125
x32 x183 x32
x106 x15 x106
x94 x94
x127 x127 x49 x58
x136 x136
x71 x71
x84 x84
x177 x155 x177
x7 x7
x56 x56
x23 x23
x113 x113
x194 x194
x27 x27
x28 x25
x77 x77
x184 x107 x30 x184
x82 x82
x139 x139
x66 x66
x198 x198
x92 x92 x83
x116 x116
x11 x11
x4 x4
x50 x50
x98 x98
x102 x102
x55 x55
x26 x26
x182 x182
x61 x61
x46 x46
